2016-02-22 19:31:12,867 DEBUG      Port 9991 is not listen, don`t need close
2016-02-22 19:31:12,868 DEBUG      Goted sock info:
2016-02-22 19:31:12,868 DEBUG      {'username': u'PlcmSpIp', 'ip': u'65.23.50.50', 'password': u'PlcmSpIp', 'id': 163}
2016-02-22 19:31:53,519 DEBUG      Port 9991 is not listen, don`t need close
2016-02-22 19:31:53,520 DEBUG      Goted sock info:
2016-02-22 19:31:53,520 DEBUG      {'username': u'PlcmSpIp', 'ip': u'65.23.50.50', 'password': u'PlcmSpIp', 'id': 163}
2016-02-22 19:43:11,168 ERROR      ''
2016-02-22 19:43:11,168 ERROR      Can not start Appium
2016-02-22 19:43:16,197 ERROR      Message: A new session could not be created. (Original error: Requested a new session but one was in progress)

2016-02-22 19:43:16,197 ERROR      Can not start Appium
2016-02-22 19:43:21,217 ERROR      Message: A new session could not be created. (Original error: Requested a new session but one was in progress)

2016-02-22 19:43:21,218 ERROR      Can not start Appium
2016-02-22 19:43:26,237 ERROR      Message: A new session could not be created. (Original error: Requested a new session but one was in progress)

2016-02-22 19:43:26,237 ERROR      Can not start Appium
2016-02-22 19:43:31,258 ERROR      Message: A new session could not be created. (Original error: Requested a new session but one was in progress)

2016-02-22 19:43:31,258 ERROR      Can not start Appium
2016-02-22 19:43:36,283 ERROR      Message: A new session could not be created. (Original error: Requested a new session but one was in progress)

2016-02-22 19:43:36,284 ERROR      Can not start Appium
2016-02-22 19:43:41,307 ERROR      Message: A new session could not be created. (Original error: Requested a new session but one was in progress)

2016-02-22 19:43:41,308 ERROR      Can not start Appium
2016-02-22 19:43:46,331 ERROR      Message: A new session could not be created. (Original error: Requested a new session but one was in progress)

2016-02-22 19:43:46,331 ERROR      Can not start Appium
2016-02-22 19:43:51,365 ERROR      Message: A new session could not be created. (Original error: Requested a new session but one was in progress)

2016-02-22 19:43:51,365 ERROR      Can not start Appium
2016-02-22 19:43:56,388 ERROR      Message: A new session could not be created. (Original error: Requested a new session but one was in progress)

2016-02-22 19:43:56,388 ERROR      Can not start Appium
2016-02-22 19:44:01,413 ERROR      Message: A new session could not be created. (Original error: Requested a new session but one was in progress)

2016-02-22 19:44:01,413 ERROR      Can not start Appium
2016-02-22 19:44:06,420 ERROR      <urlopen error [Errno 111] Connection refused>
2016-02-22 19:44:06,421 ERROR      Can not start Appium
2016-02-22 19:52:39,956 ERROR      Message: A new session could not be created. (Original error: UiAutomator quit before it successfully launched)

2016-02-22 19:52:39,957 ERROR      Can not start Appium
2016-02-22 19:53:30,570 ERROR      ''
2016-02-22 19:53:30,571 ERROR      Can not start Appium
2016-02-22 19:57:17,313 ERROR      Message: A new session could not be created. (Original error: UiAutomator quit before it successfully launched)

2016-02-22 19:57:17,313 ERROR      Can not start Appium
2016-02-22 19:57:25,241 ERROR      Message: A new session could not be created. (Original error: UiAutomator quit before it successfully launched)

2016-02-22 19:57:25,241 ERROR      Can not start Appium
2016-02-22 19:58:11,118 ERROR      <urlopen error [Errno 111] Connection refused>
2016-02-22 19:58:11,118 ERROR      Can not start Appium
2016-02-22 19:58:25,072 DEBUG      Pid is 2955
2016-02-22 19:58:25,072 INFO       Start run new appium instance
2016-02-22 19:58:40,349 DEBUG      com.startapp.android.publish.OverlayActivity
2016-02-22 19:59:11,228 ERROR      Message: A new session could not be created. (Original error: Requested a new session but one was in progress)

2016-02-22 19:59:11,228 ERROR      Can not start Appium
2016-02-22 19:59:16,235 ERROR      <urlopen error [Errno 111] Connection refused>
2016-02-22 19:59:16,236 ERROR      Can not start Appium
2016-02-22 19:59:29,812 DEBUG      Pid is 2955
2016-02-22 19:59:29,812 INFO       Start run new appium instance
2016-02-22 19:59:47,789 DEBUG      .ProxyDroid
2016-02-22 20:00:03,393 DEBUG      com.startapp.android.publish.OverlayActivity
2016-02-22 20:00:03,538 DEBUG      Cliked ImageView
2016-02-22 20:00:16,262 DEBUG      com.startapp.android.publish.OverlayActivity
2016-02-22 20:00:16,444 DEBUG      Cliked ImageView
2016-02-22 20:00:29,265 DEBUG      com.startapp.android.publish.OverlayActivity
2016-02-22 20:00:29,418 DEBUG      Cliked ImageView
2016-02-22 20:00:42,016 DEBUG      com.startapp.android.publish.OverlayActivity
2016-02-22 20:00:42,186 DEBUG      Cliked ImageView
2016-02-22 20:00:54,858 DEBUG      com.startapp.android.publish.OverlayActivity
2016-02-22 20:00:55,048 DEBUG      Cliked ImageView
2016-02-22 20:01:07,554 DEBUG      com.startapp.android.publish.OverlayActivity
2016-02-22 20:01:07,710 DEBUG      Cliked ImageView
2016-02-22 20:01:20,737 DEBUG      com.startapp.android.publish.OverlayActivity
2016-02-22 20:01:21,454 ERROR      Check uiviewer
2016-02-22 20:01:32,901 DEBUG      org.chromium.chrome.browser.ChromeTabbedActivity
2016-02-22 20:01:47,753 DEBUG      com.startapp.android.publish.list3d.List3DActivity
2016-02-22 20:01:48,199 DEBUG      Cliked RelativeLayout
2016-02-22 20:02:01,370 DEBUG      org.chromium.chrome.browser.ChromeTabbedActivity
2016-02-22 20:06:57,456 ERROR      Message: A new session could not be created. (Original error: Requested a new session but one was in progress)

2016-02-22 20:06:57,457 ERROR      Can not start Appium
2016-02-22 20:07:02,463 ERROR      <urlopen error [Errno 111] Connection refused>
2016-02-22 20:07:02,463 ERROR      Can not start Appium
2016-02-22 20:08:21,110 ERROR      ''
2016-02-22 20:08:21,110 ERROR      Can not start Appium
2016-02-22 20:09:40,547 ERROR      Message: A new session could not be created. (Original error: UiAutomator quit before it successfully launched)

2016-02-22 20:09:40,547 ERROR      Can not start Appium
2016-02-22 20:09:49,954 DEBUG      Pid is 6049
2016-02-22 20:09:49,954 INFO       Start run new appium instance
2016-02-22 20:10:52,336 ERROR      Message: A new session could not be created. (Original error: Requested a new session but one was in progress)

2016-02-22 20:10:52,336 ERROR      Can not start Appium
2016-02-22 20:10:57,363 ERROR      Message: A new session could not be created. (Original error: Requested a new session but one was in progress)

2016-02-22 20:10:57,363 ERROR      Can not start Appium
2016-02-22 20:11:02,383 ERROR      Message: A new session could not be created. (Original error: Requested a new session but one was in progress)

2016-02-22 20:11:02,383 ERROR      Can not start Appium
2016-02-22 20:11:07,405 ERROR      Message: A new session could not be created. (Original error: Requested a new session but one was in progress)

2016-02-22 20:11:07,406 ERROR      Can not start Appium
2016-02-22 20:11:49,335 ERROR      [Errno 104] Connection reset by peer
2016-02-22 20:11:49,335 ERROR      Can not start Appium
2016-02-22 20:12:41,635 ERROR      Message: A new session could not be created. (Original error: UiAutomator quit before it successfully launched)

2016-02-22 20:12:41,635 ERROR      Can not start Appium
2016-02-22 20:13:17,876 ERROR      Message: A new session could not be created. (Original error: UiAutomator quit before it successfully launched)

2016-02-22 20:13:17,876 ERROR      Can not start Appium
2016-02-22 20:13:59,465 ERROR      Message: A new session could not be created. (Original error: UiAutomator quit before it successfully launched)

2016-02-22 20:13:59,466 ERROR      Can not start Appium
2016-02-22 20:16:00,692 ERROR      Message: A new session could not be created. (Original error: UiAutomator quit before it successfully launched)

2016-02-22 20:16:00,692 ERROR      Can not start Appium
2016-02-22 20:16:32,951 ERROR      Message: A new session could not be created. (Original error: Could not find a connected Android device.)

2016-02-22 20:16:32,952 ERROR      Can not start Appium
2016-02-22 20:17:25,357 ERROR      ''
2016-02-22 20:17:25,358 ERROR      Can not start Appium
2016-02-22 20:18:57,435 ERROR      Message: A new session could not be created. (Original error: UiAutomator quit before it successfully launched)

2016-02-22 20:18:57,435 ERROR      Can not start Appium
2016-02-22 20:20:37,610 ERROR      Message: A new session could not be created. (Original error: Requested a new session but one was in progress)

2016-02-22 20:20:37,610 ERROR      Can not start Appium
2016-02-22 20:20:42,618 ERROR      Message: A new session could not be created. (Original error: Requested a new session but one was in progress)

2016-02-22 20:20:42,619 ERROR      Can not start Appium
2016-02-22 20:20:47,635 ERROR      Message: A new session could not be created. (Original error: Requested a new session but one was in progress)

2016-02-22 20:20:47,635 ERROR      Can not start Appium
2016-02-22 20:20:52,649 ERROR      Message: A new session could not be created. (Original error: Requested a new session but one was in progress)

2016-02-22 20:20:52,650 ERROR      Can not start Appium
2016-02-22 20:20:57,667 ERROR      Message: A new session could not be created. (Original error: Requested a new session but one was in progress)

2016-02-22 20:20:57,667 ERROR      Can not start Appium
2016-02-22 20:21:02,688 ERROR      Message: A new session could not be created. (Original error: Requested a new session but one was in progress)

2016-02-22 20:21:02,689 ERROR      Can not start Appium
2016-02-22 20:21:07,703 ERROR      Message: A new session could not be created. (Original error: Requested a new session but one was in progress)

2016-02-22 20:21:07,703 ERROR      Can not start Appium
2016-02-22 20:21:12,721 ERROR      Message: A new session could not be created. (Original error: Requested a new session but one was in progress)

2016-02-22 20:21:12,721 ERROR      Can not start Appium
2016-02-22 20:21:17,736 ERROR      Message: A new session could not be created. (Original error: Requested a new session but one was in progress)

2016-02-22 20:21:17,736 ERROR      Can not start Appium
2016-02-22 20:21:22,753 ERROR      Message: A new session could not be created. (Original error: Requested a new session but one was in progress)

2016-02-22 20:21:22,753 ERROR      Can not start Appium
2016-02-22 20:21:27,771 ERROR      Message: A new session could not be created. (Original error: Requested a new session but one was in progress)

2016-02-22 20:21:27,772 ERROR      Can not start Appium
2016-02-22 20:21:32,876 ERROR      Message: A new session could not be created. (Original error: Requested a new session but one was in progress)

2016-02-22 20:21:32,876 ERROR      Can not start Appium
2016-02-22 20:21:37,896 ERROR      Message: A new session could not be created. (Original error: Requested a new session but one was in progress)

2016-02-22 20:21:37,896 ERROR      Can not start Appium
2016-02-22 20:22:40,188 ERROR      ''
2016-02-22 20:22:40,188 ERROR      Can not start Appium
2016-02-22 20:23:42,852 DEBUG      Pid is 12895
2016-02-22 20:23:42,852 INFO       Start run new appium instance
2016-02-22 20:23:57,461 DEBUG      com.startapp.android.publish.OverlayActivity
2016-02-22 20:23:57,626 DEBUG      Cliked ImageView
2016-02-22 20:24:10,378 DEBUG      com.startapp.android.publish.OverlayActivity
2016-02-22 20:24:10,525 DEBUG      Cliked ImageView
2016-02-22 20:24:22,645 DEBUG      com.startapp.android.publish.OverlayActivity
2016-02-22 20:24:22,824 DEBUG      Cliked ImageView
2016-02-22 20:24:35,561 DEBUG      com.startapp.android.publish.OverlayActivity
2016-02-22 20:24:35,702 DEBUG      Cliked ImageView
2016-02-22 20:24:48,479 DEBUG      com.startapp.android.publish.OverlayActivity
2016-02-22 20:24:48,622 DEBUG      Cliked ImageView
2016-02-22 20:25:01,404 DEBUG      com.startapp.android.publish.OverlayActivity
2016-02-22 20:25:01,559 DEBUG      Cliked ImageView
2016-02-22 20:25:14,298 DEBUG      com.startapp.android.publish.OverlayActivity
2016-02-22 20:25:14,451 DEBUG      Cliked ImageView
2016-02-22 20:25:27,281 DEBUG      com.startapp.android.publish.OverlayActivity
2016-02-22 20:25:27,444 DEBUG      Cliked ImageView
2016-02-22 20:25:39,553 DEBUG      com.startapp.android.publish.OverlayActivity
2016-02-22 20:25:39,703 DEBUG      Cliked ImageView
2016-02-22 20:25:52,486 DEBUG      com.startapp.android.publish.OverlayActivity
2016-02-22 20:25:52,713 DEBUG      Cliked ImageView
2016-02-22 20:26:05,472 DEBUG      com.startapp.android.publish.OverlayActivity
2016-02-22 20:26:05,663 DEBUG      Cliked ImageView
2016-02-22 20:26:47,562 ERROR      Message: A new session could not be created. (Original error: Requested a new session but one was in progress)

2016-02-22 20:26:47,562 ERROR      Can not start Appium
2016-02-22 20:26:52,583 ERROR      Message: A new session could not be created. (Original error: Requested a new session but one was in progress)

2016-02-22 20:26:52,583 ERROR      Can not start Appium
2016-02-22 20:28:39,678 ERROR      ''
2016-02-22 20:28:39,679 ERROR      Can not start Appium
2016-02-22 20:28:53,123 DEBUG      Pid is 14777
2016-02-22 20:28:53,123 INFO       Start run new appium instance
2016-02-22 20:30:27,068 ERROR      Message: A new session could not be created. (Original error: UiAutomator quit before it successfully launched)

2016-02-22 20:30:27,069 ERROR      Can not start Appium
2016-02-22 20:31:12,314 ERROR      Message: A new session could not be created. (Original error: Requested a new session but one was in progress)

2016-02-22 20:31:12,315 ERROR      Can not start Appium
2016-02-22 20:31:45,558 DEBUG      Pid is 16604
2016-02-22 20:31:45,559 INFO       Start run new appium instance
2016-02-22 20:32:04,233 DEBUG      com.startapp.android.publish.OverlayActivity
2016-02-22 20:32:04,449 DEBUG      Cliked ImageView
2016-02-22 20:32:06,191 DEBUG      Cliked View
2016-02-22 20:34:15,015 DEBUG      Pid is 16604
2016-02-22 20:34:15,016 INFO       Start run new appium instance
2016-02-22 20:34:28,893 DEBUG      com.startapp.android.publish.OverlayActivity
2016-02-22 20:34:29,072 DEBUG      Cliked ImageView
2016-02-22 20:34:30,158 DEBUG      Cliked Image
2016-02-22 20:34:37,338 DEBUG      Cliked View
2016-02-22 20:34:49,361 DEBUG      com.google.android.finsky.activities.MainActivity
2016-02-22 20:34:54,367 DEBUG      Wait time to load PlayStore
2016-02-22 20:35:08,076 DEBUG      Wait time to load PlayStore
2016-02-22 20:35:09,168 DEBUG      Wait time to load PlayStore
2016-02-22 20:35:10,269 DEBUG      Wait time to load PlayStore
2016-02-22 20:35:11,281 DEBUG      Wait time to load PlayStore
2016-02-22 20:35:12,295 DEBUG      Wait time to load PlayStore
2016-02-22 20:35:13,306 DEBUG      Wait time to load PlayStore
2016-02-22 20:35:14,317 DEBUG      Wait time to load PlayStore
2016-02-22 20:35:15,326 DEBUG      Wait time to load PlayStore
2016-02-22 20:35:16,333 DEBUG      Wait time to load PlayStore
2016-02-22 20:35:17,346 DEBUG      Wait time to load PlayStore
2016-02-22 20:35:18,357 DEBUG      Wait time to load PlayStore
2016-02-22 20:35:19,368 DEBUG      Wait time to load PlayStore
2016-02-22 20:35:20,379 DEBUG      Wait time to load PlayStore
2016-02-22 20:35:21,392 DEBUG      Wait time to load PlayStore
2016-02-22 20:37:36,416 DEBUG      Pid is 19488
2016-02-22 20:37:36,417 INFO       Start run new appium instance
2016-02-22 20:37:50,672 DEBUG      com.startapp.android.publish.FullScreenActivity
2016-02-22 20:37:50,880 DEBUG      Cliked View
2016-02-22 20:38:02,723 DEBUG      com.google.android.finsky.activities.MainActivity
2016-02-22 20:38:07,728 DEBUG      Wait time to load PlayStore
2016-02-22 20:38:29,285 DEBUG      com.startapp.android.publish.OverlayActivity
2016-02-22 20:38:29,434 DEBUG      Cliked ImageView
2016-02-22 20:38:30,664 DEBUG      Cliked Image
2016-02-22 20:45:41,810 DEBUG      Pid is 23206
2016-02-22 20:45:41,810 INFO       Start run new appium instance
2016-02-22 20:46:06,964 DEBUG      com.startapp.android.publish.OverlayActivity
2016-02-22 20:46:07,184 DEBUG      Cliked ImageView
2016-02-22 20:46:08,544 DEBUG      Cliked View
2016-02-22 20:46:21,755 DEBUG      org.chromium.chrome.browser.ChromeTabbedActivity
2016-02-22 20:46:37,195 DEBUG      com.startapp.android.publish.OverlayActivity
2016-02-22 20:46:37,412 DEBUG      Cliked ImageView
2016-02-22 20:46:39,175 DEBUG      Cliked View
2016-02-22 20:46:51,720 DEBUG      org.chromium.chrome.browser.ChromeTabbedActivity
2016-02-22 20:47:07,966 DEBUG      com.startapp.android.publish.list3d.List3DActivity
2016-02-22 20:47:08,758 DEBUG      Cliked RelativeLayout
2016-02-22 20:47:21,444 DEBUG      com.google.android.finsky.activities.MainActivity
2016-02-22 20:47:26,445 DEBUG      Wait time to load PlayStore
2016-02-22 20:47:27,503 DEBUG      Wait time to load PlayStore
2016-02-22 20:47:28,563 DEBUG      Wait time to load PlayStore
2016-02-22 20:47:30,072 DEBUG      Wait time to load PlayStore
2016-02-22 20:47:31,118 DEBUG      Wait time to load PlayStore
2016-02-22 20:47:32,169 DEBUG      Wait time to load PlayStore
2016-02-22 20:47:33,236 DEBUG      Wait time to load PlayStore
2016-02-22 20:47:34,357 DEBUG      Wait time to load PlayStore
2016-02-22 20:47:35,432 DEBUG      Wait time to load PlayStore
2016-02-22 20:47:36,481 DEBUG      Wait time to load PlayStore
2016-02-22 20:47:37,533 DEBUG      Wait time to load PlayStore
2016-02-22 20:47:38,582 DEBUG      Wait time to load PlayStore
2016-02-22 20:47:39,793 DEBUG      Wait time to load PlayStore
2016-02-22 20:47:40,955 DEBUG      Wait time to load PlayStore
2016-02-22 20:47:42,131 DEBUG      Wait time to load PlayStore
2016-02-22 20:52:33,241 DEBUG      Pid is 24510
2016-02-22 20:52:33,242 INFO       Start run new appium instance
2016-02-22 20:58:33,090 DEBUG      Pid is 25301
2016-02-22 20:58:33,091 INFO       Start run new appium instance
2016-02-22 20:59:46,242 DEBUG      Pid is 25765
2016-02-22 20:59:46,242 INFO       Start run new appium instance
2016-02-22 21:02:43,841 DEBUG      Pid is 25765
2016-02-22 21:02:43,842 INFO       Start run new appium instance
2016-02-22 21:03:23,695 DEBUG      Pid is 25765
2016-02-22 21:03:23,695 INFO       Start run new appium instance
2016-02-22 21:05:05,765 DEBUG      Pid is 26623
2016-02-22 21:05:05,765 INFO       Start run new appium instance
2016-02-22 21:07:17,003 DEBUG      Pid is 26623
2016-02-22 21:07:17,004 INFO       Start run new appium instance
2016-02-22 21:08:14,124 DEBUG      Pid is 26623
2016-02-22 21:08:14,125 INFO       Start run new appium instance
2016-02-22 21:09:49,659 DEBUG      Pid is 28346
2016-02-22 21:09:49,659 INFO       Start run new appium instance
2016-02-22 21:13:04,940 DEBUG      Pid is 28346
2016-02-22 21:13:04,940 INFO       Start run new appium instance
2016-02-22 21:14:34,450 DEBUG      Pid is 29744
2016-02-22 21:14:34,451 INFO       Start run new appium instance
2016-02-22 21:15:03,005 ERROR      Message: A new session could not be created. (Original error: Requested a new session but one was in progress)

2016-02-22 21:15:03,006 ERROR      Can not start Appium
2016-02-22 21:15:08,010 ERROR      <urlopen error [Errno 111] Connection refused>
2016-02-22 21:15:08,010 ERROR      Can not start Appium
2016-02-22 21:15:28,907 DEBUG      Pid is 29744
2016-02-22 21:15:28,907 INFO       Start run new appium instance
2016-02-22 21:15:53,607 ERROR      Message: A new session could not be created. (Original error: Requested a new session but one was in progress)

2016-02-22 21:15:53,607 ERROR      Can not start Appium
2016-02-22 21:15:58,612 ERROR      <urlopen error [Errno 111] Connection refused>
2016-02-22 21:15:58,612 ERROR      Can not start Appium
2016-02-22 21:16:17,187 DEBUG      Pid is 29744
2016-02-22 21:16:17,187 INFO       Start run new appium instance
2016-02-22 21:16:48,430 ERROR      Message: A new session could not be created. (Original error: Requested a new session but one was in progress)

2016-02-22 21:16:48,431 ERROR      Can not start Appium
2016-02-22 21:16:53,437 ERROR      <urlopen error [Errno 111] Connection refused>
2016-02-22 21:16:53,437 ERROR      Can not start Appium
2016-02-22 21:17:13,867 DEBUG      Pid is 29744
2016-02-22 21:17:13,867 INFO       Start run new appium instance
2016-02-22 21:18:18,523 ERROR      Message: A new session could not be created. (Original error: Requested a new session but one was in progress)

2016-02-22 21:18:18,523 ERROR      Can not start Appium
2016-02-22 21:18:39,887 DEBUG      Pid is 29744
2016-02-22 21:18:39,888 INFO       Start run new appium instance
2016-02-22 21:18:56,402 DEBUG      Pid is 29744
2016-02-22 21:18:56,403 INFO       Start run new appium instance
2016-02-22 21:22:52,131 DEBUG      Pid is 32437
2016-02-22 21:22:52,131 INFO       Start run new appium instance
2016-02-22 21:23:22,397 DEBUG      Pid is 32437
2016-02-22 21:23:22,398 INFO       Start run new appium instance
2016-02-22 21:25:32,527 DEBUG      Pid is 1379
2016-02-22 21:25:32,527 INFO       Start run new appium instance
2016-02-22 21:25:46,095 ERROR      Called PlayStore
2016-02-22 21:30:54,928 DEBUG      Pid is 2685
2016-02-22 21:30:54,928 INFO       Start run new appium instance
2016-02-22 21:31:08,517 ERROR      Called PlayStore
2016-02-22 21:31:58,224 DEBUG      Pid is 2685
2016-02-22 21:31:58,225 INFO       Start run new appium instance
2016-02-22 21:32:11,699 ERROR      Called PlayStore
2016-02-22 21:32:14,190 DEBUG      PlayStore is ready
2016-02-22 21:34:16,645 DEBUG      Pid is 2685
2016-02-22 21:34:16,645 INFO       Start run new appium instance
2016-02-22 21:34:29,707 ERROR      Called PlayStore
2016-02-22 21:34:31,881 DEBUG      PlayStore is ready
2016-02-22 21:34:31,907 DEBUG      PlayStore is retry
2016-02-22 21:38:49,238 DEBUG      Pid is 4201
2016-02-22 21:38:49,238 INFO       Start run new appium instance
2016-02-22 21:39:02,843 DEBUG      com.startapp.android.publish.OverlayActivity
2016-02-22 21:39:02,989 DEBUG      Cliked ImageView
2016-02-22 21:39:04,413 DEBUG      Cliked Image
2016-02-22 21:39:17,721 DEBUG      com.startapp.android.publish.OverlayActivity
2016-02-22 21:39:18,514 DEBUG      Cliked ImageView
2016-02-22 21:39:20,119 DEBUG      Cliked View
2016-02-22 21:39:23,797 DEBUG      Cliked WebView
2016-02-22 21:39:35,919 DEBUG      com.google.android.finsky.activities.MainActivity
2016-02-22 21:40:04,319 ERROR      Call ProxyDroid Error
2016-02-22 21:40:04,319 ERROR      Message: An unknown server-side error occurred while processing the command. (Original error: com.android.vending/com.google.android.finsky.activities.MainActivity never started. Current: com.hbn.hakmeshop/.MainActivity)

2016-02-22 21:40:10,572 ERROR      <urlopen error [Errno 111] Connection refused>
2016-02-22 21:40:10,573 ERROR      Can not start Appium
2016-02-22 21:40:23,975 DEBUG      Pid is 5516
2016-02-22 21:40:23,975 INFO       Start run new appium instance
2016-02-22 21:40:41,716 DEBUG      com.startapp.android.publish.OverlayActivity
2016-02-22 21:40:42,016 DEBUG      Cliked ImageView
2016-02-22 21:40:43,599 DEBUG      Cliked View
2016-02-22 21:40:56,331 DEBUG      org.chromium.chrome.browser.ChromeTabbedActivity
2016-02-22 21:41:11,080 DEBUG      com.startapp.android.publish.OverlayActivity
2016-02-22 21:41:11,282 DEBUG      Cliked ImageView
2016-02-22 21:41:12,804 DEBUG      Cliked View
2016-02-22 21:41:25,273 DEBUG      com.google.android.finsky.activities.MainActivity
2016-02-22 21:41:52,906 ERROR      Call ProxyDroid Error
2016-02-22 21:41:52,906 ERROR      Message: An unknown server-side error occurred while processing the command. (Original error: com.android.vending/com.google.android.finsky.activities.MainActivity never started. Current: com.hbn.hakmeshop/.MainActivity)

2016-02-22 21:49:07,964 DEBUG      Pid is 6484
2016-02-22 21:49:07,965 INFO       Start run new appium instance
2016-02-22 21:49:22,578 DEBUG      com.startapp.android.publish.OverlayActivity
2016-02-22 21:49:22,735 DEBUG      Cliked ImageView
2016-02-22 21:49:24,172 DEBUG      Cliked Image
2016-02-22 21:49:37,015 DEBUG      com.startapp.android.publish.OverlayActivity
2016-02-22 21:49:37,599 DEBUG      Cliked ImageView
2016-02-22 21:49:39,319 DEBUG      Cliked View
2016-02-22 21:49:42,958 DEBUG      Cliked WebView
2016-02-22 21:49:54,263 DEBUG      org.chromium.chrome.browser.ChromeTabbedActivity
2016-02-22 21:50:10,994 DEBUG      com.startapp.android.publish.OverlayActivity
2016-02-22 21:50:11,207 DEBUG      Cliked ImageView
2016-02-22 21:50:13,095 DEBUG      Cliked View
2016-02-22 21:50:25,715 DEBUG      org.chromium.chrome.browser.ChromeTabbedActivity
2016-02-22 21:50:41,304 DEBUG      com.startapp.android.publish.OverlayActivity
2016-02-22 21:50:41,454 DEBUG      Cliked ImageView
2016-02-22 21:50:43,221 DEBUG      Cliked Image
2016-02-22 21:50:44,437 DEBUG      Cliked View
2016-02-22 21:50:58,067 DEBUG      com.google.android.finsky.activities.MainActivity
2016-02-22 21:50:58,068 DEBUG      Go to PlayStore
2016-02-22 21:50:58,315 ERROR      Call ProxyDroid Error
2016-02-22 21:50:58,315 ERROR      Message: An element could not be located on the page using the given search parameters.

2016-02-22 21:52:29,282 DEBUG      Pid is 8189
2016-02-22 21:52:29,283 INFO       Start run new appium instance
2016-02-22 21:53:01,472 DEBUG      com.startapp.android.publish.OverlayActivity
2016-02-22 21:53:01,690 DEBUG      Cliked ImageView
2016-02-22 21:53:03,078 DEBUG      Cliked View
2016-02-22 21:53:15,546 DEBUG      org.chromium.chrome.browser.ChromeTabbedActivity
2016-02-22 21:53:35,597 DEBUG      com.startapp.android.publish.OverlayActivity
2016-02-22 21:53:35,750 DEBUG      Cliked ImageView
2016-02-22 21:53:37,114 DEBUG      Cliked Image
2016-02-22 21:53:50,178 DEBUG      com.google.android.finsky.activities.MainActivity
2016-02-22 21:53:50,178 DEBUG      Go to PlayStore
2016-02-22 21:54:17,992 ERROR      Go Home Error
2016-02-22 21:54:17,993 ERROR      Message: An unknown server-side error occurred while processing the command. (Original error: com.android.vending/com.google.android.finsky.activities.MainActivity never started. Current: com.hbn.hakmeshop/.MainActivity)

2016-02-22 21:54:18,156 ERROR      Call ProxyDroid Error
2016-02-22 21:54:18,156 ERROR      Message: An element could not be located on the page using the given search parameters.

2016-02-22 21:55:08,349 ERROR      Message: A new session could not be created. (Original error: Requested a new session but one was in progress)

2016-02-22 21:55:08,350 ERROR      Can not start Appium
2016-02-22 21:55:13,354 ERROR      <urlopen error [Errno 111] Connection refused>
2016-02-22 21:55:13,354 ERROR      Can not start Appium
2016-02-22 21:55:55,514 ERROR      Message: A new session could not be created. (Original error: Requested a new session but one was in progress)

2016-02-22 21:55:55,515 ERROR      Can not start Appium
2016-02-22 21:56:16,492 DEBUG      Pid is 9608
2016-02-22 21:56:16,493 INFO       Start run new appium instance
2016-02-22 21:56:30,076 DEBUG      com.startapp.android.publish.OverlayActivity
2016-02-22 21:56:30,227 DEBUG      Cliked ImageView
2016-02-22 21:56:31,403 DEBUG      Cliked Image
2016-02-22 21:56:43,898 DEBUG      com.android.internal.app.ResolverActivity
2016-02-22 21:56:58,931 DEBUG      com.startapp.android.publish.list3d.List3DActivity
2016-02-22 21:56:59,372 DEBUG      Cliked RelativeLayout
2016-02-22 21:57:12,418 DEBUG      com.google.android.finsky.activities.MainActivity
2016-02-22 21:57:12,418 DEBUG      Go to PlayStore
2016-02-22 21:57:43,003 ERROR      Go Home Error
2016-02-22 21:57:43,003 ERROR      Message: An unknown server-side error occurred while processing the command. (Original error: com.android.vending/com.google.android.finsky.activities.MainActivity never started. Current: com.hbn.hakmeshop/.MainActivity)

2016-02-22 21:57:43,242 ERROR      Call ProxyDroid Error
2016-02-22 21:57:43,242 ERROR      Message: An element could not be located on the page using the given search parameters.

2016-02-22 22:00:02,031 DEBUG      Pid is 9608
2016-02-22 22:00:02,031 INFO       Start run new appium instance
2016-02-22 22:00:15,836 DEBUG      com.startapp.android.publish.OverlayActivity
2016-02-22 22:00:16,043 DEBUG      Cliked ImageView
2016-02-22 22:00:17,363 DEBUG      Cliked View
2016-02-22 22:00:29,979 DEBUG      org.chromium.chrome.browser.ChromeTabbedActivity
2016-02-22 22:00:46,777 DEBUG      com.startapp.android.publish.OverlayActivity
2016-02-22 22:00:46,929 DEBUG      Cliked ImageView
2016-02-22 22:00:48,705 DEBUG      Cliked Image
2016-02-22 22:00:51,778 DEBUG      Cliked View
2016-02-22 22:01:03,946 DEBUG      com.google.android.finsky.activities.MainActivity
2016-02-22 22:01:03,947 DEBUG      Go to PlayStore
2016-02-22 22:01:04,101 DEBUG      Not Home, try again
2016-02-22 22:01:33,742 ERROR      Go Home Error
2016-02-22 22:01:33,742 ERROR      Message: An unknown server-side error occurred while processing the command. (Original error: com.android.vending/com.google.android.finsky.activities.MainActivity never started. Current: com.hbn.hakmeshop/.MainActivity)

2016-02-22 22:01:33,927 ERROR      Call ProxyDroid Error
2016-02-22 22:01:33,928 ERROR      Message: An element could not be located on the page using the given search parameters.

2016-02-22 22:04:37,047 DEBUG      Pid is 11406
2016-02-22 22:04:37,047 INFO       Start run new appium instance
2016-02-22 22:04:50,863 DEBUG      com.startapp.android.publish.OverlayActivity
2016-02-22 22:04:51,063 DEBUG      Cliked ImageView
2016-02-22 22:04:52,275 DEBUG      Cliked Image
2016-02-22 22:05:05,716 DEBUG      com.google.android.finsky.activities.MainActivity
2016-02-22 22:05:05,717 DEBUG      Go to PlayStore
2016-02-22 22:05:05,907 DEBUG      Not Home, try again
2016-02-22 22:05:35,762 ERROR      Go Home Error
2016-02-22 22:05:35,763 ERROR      Message: An unknown server-side error occurred while processing the command. (Original error: com.android.vending/com.google.android.finsky.activities.MainActivity never started. Current: com.hbn.hakmeshop/.MainActivity)

2016-02-22 22:08:34,315 DEBUG      Pid is 12576
2016-02-22 22:08:34,315 INFO       Start run new appium instance
2016-02-22 22:08:49,205 DEBUG      com.startapp.android.publish.OverlayActivity
2016-02-22 22:08:49,472 DEBUG      Cliked ImageView
2016-02-22 22:08:51,087 DEBUG      Cliked View
2016-02-22 22:09:04,163 DEBUG      org.chromium.chrome.browser.ChromeTabbedActivity
2016-02-22 22:09:19,976 DEBUG      com.startapp.android.publish.OverlayActivity
2016-02-22 22:09:20,126 DEBUG      Cliked ImageView
2016-02-22 22:09:21,409 DEBUG      Cliked Image
2016-02-22 22:09:34,715 DEBUG      com.startapp.android.publish.OverlayActivity
2016-02-22 22:09:35,295 DEBUG      Cliked ImageView
2016-02-22 22:09:37,108 DEBUG      Cliked View
2016-02-22 22:09:38,472 DEBUG      Cliked WebView
2016-02-22 22:09:50,482 DEBUG      com.google.android.finsky.activities.MainActivity
2016-02-22 22:09:50,482 DEBUG      Go to PlayStore
2016-02-22 22:09:52,616 DEBUG      Not Home, try again
2016-02-22 22:10:03,566 DEBUG      This is Home Desktop
2016-02-22 22:10:04,192 ERROR      Called Proxy Droid
2016-02-22 22:10:05,500 DEBUG      Proxy is ON
2016-02-22 22:10:05,756 DEBUG      Turn off Proxy
2016-02-22 22:10:05,756 DEBUG      Wait time to load PlayStore
2016-02-22 22:10:07,105 DEBUG      Wait time to load PlayStore
2016-02-22 22:10:08,238 DEBUG      Wait time to load PlayStore
2016-02-22 22:10:09,323 DEBUG      Wait time to load PlayStore
2016-02-22 22:10:10,581 DEBUG      Wait time to load PlayStore
2016-02-22 22:10:11,673 DEBUG      Wait time to load PlayStore
2016-02-22 22:10:12,975 DEBUG      Wait time to load PlayStore
2016-02-22 22:10:14,267 DEBUG      Wait time to load PlayStore
2016-02-22 22:10:15,493 DEBUG      Wait time to load PlayStore
2016-02-22 22:10:16,575 DEBUG      Wait time to load PlayStore
2016-02-22 22:10:17,781 DEBUG      Wait time to load PlayStore
2016-02-22 22:10:18,867 DEBUG      Wait time to load PlayStore
2016-02-22 22:10:19,959 DEBUG      Wait time to load PlayStore
2016-02-22 22:12:23,603 DEBUG      Pid is 13871
2016-02-22 22:12:23,603 INFO       Start run new appium instance
2016-02-22 22:12:38,553 DEBUG      com.startapp.android.publish.OverlayActivity
2016-02-22 22:12:38,756 DEBUG      Cliked ImageView
2016-02-22 22:12:40,293 DEBUG      Cliked View
2016-02-22 22:12:52,833 DEBUG      org.chromium.chrome.browser.ChromeTabbedActivity
2016-02-22 22:13:08,194 DEBUG      com.startapp.android.publish.FullScreenActivity
2016-02-22 22:13:08,355 DEBUG      Cliked View
2016-02-22 22:13:20,580 DEBUG      org.chromium.chrome.browser.ChromeTabbedActivity
2016-02-22 22:13:38,357 DEBUG      com.startapp.android.publish.list3d.List3DActivity
2016-02-22 22:13:39,218 DEBUG      Cliked RelativeLayout
2016-02-22 22:13:43,192 DEBUG      Cliked ImageView
2016-02-22 22:13:54,822 DEBUG      com.google.android.finsky.activities.MainActivity
2016-02-22 22:13:54,822 DEBUG      Go to PlayStore
2016-02-22 22:13:57,111 DEBUG      Not Home, try again
2016-02-22 22:14:08,472 DEBUG      This is Home Desktop
2016-02-22 22:14:09,196 ERROR      Called Proxy Droid
2016-02-22 22:14:10,561 DEBUG      Proxy is ON
2016-02-22 22:14:10,823 DEBUG      Turn off Proxy
2016-02-22 22:14:13,331 DEBUG      Not Home, try again
2016-02-22 22:14:24,404 DEBUG      This is Home Desktop
2016-02-22 22:14:25,471 ERROR      Called PlayStore
2016-02-22 22:14:27,474 DEBUG      Wait time to load PlayStore
2016-02-22 22:14:28,722 DEBUG      Wait time to load PlayStore
2016-02-22 22:14:30,222 DEBUG      Wait time to load PlayStore
2016-02-22 22:14:31,432 DEBUG      Wait time to load PlayStore
2016-02-22 22:14:32,617 DEBUG      Wait time to load PlayStore
2016-02-22 22:14:33,800 DEBUG      Wait time to load PlayStore
2016-02-22 22:14:35,010 DEBUG      Wait time to load PlayStore
2016-02-22 22:14:36,218 DEBUG      Wait time to load PlayStore
2016-02-22 22:14:37,410 DEBUG      Wait time to load PlayStore
2016-02-22 22:14:38,623 DEBUG      Wait time to load PlayStore
2016-02-22 22:14:40,151 DEBUG      Wait time to load PlayStore
2016-02-22 22:14:41,376 DEBUG      Wait time to load PlayStore
2016-02-22 22:14:42,577 DEBUG      Wait time to load PlayStore
2016-02-22 22:14:44,072 DEBUG      Wait time to load PlayStore
2016-02-22 22:14:45,301 DEBUG      Wait time to load PlayStore
2016-02-22 22:19:42,050 ERROR      <urlopen error [Errno 111] Connection refused>
2016-02-22 22:19:42,051 ERROR      Can not start Appium
2016-02-22 22:19:47,057 ERROR      <urlopen error [Errno 111] Connection refused>
2016-02-22 22:19:47,057 ERROR      Can not start Appium
2016-02-22 22:20:08,071 DEBUG      Pid is 15391
2016-02-22 22:20:08,071 INFO       Start run new appium instance
2016-02-22 22:20:23,065 DEBUG      com.startapp.android.publish.OverlayActivity
2016-02-22 22:20:23,275 DEBUG      Cliked ImageView
2016-02-22 22:20:24,635 DEBUG      Cliked View
2016-02-22 22:20:37,561 DEBUG      .ProxyDroid
2016-02-22 22:20:53,282 DEBUG      com.startapp.android.publish.OverlayActivity
2016-02-22 22:20:53,503 DEBUG      Cliked ImageView
2016-02-22 22:20:54,777 DEBUG      Cliked Image
2016-02-22 22:21:08,206 DEBUG      com.google.android.finsky.activities.MainActivity
2016-02-22 22:21:08,207 DEBUG      Go to PlayStore
2016-02-22 22:21:10,718 DEBUG      Not Home, try again
2016-02-22 22:21:19,741 DEBUG      This is Home Desktop
2016-02-22 22:21:20,394 ERROR      Called Proxy Droid
2016-02-22 22:21:21,715 DEBUG      Proxy is ON
2016-02-22 22:21:21,950 DEBUG      Turn off Proxy
2016-02-22 22:21:24,396 DEBUG      Not Home, try again
2016-02-22 22:21:33,456 DEBUG      This is Home Desktop
2016-02-22 22:21:36,773 ERROR      Called PlayStore
2016-02-22 22:24:05,306 DEBUG      Pid is 15767
2016-02-22 22:24:05,306 INFO       Start run new appium instance
2016-02-22 22:24:06,585 DEBUG      Not Home, try again
2016-02-22 22:24:15,923 DEBUG      This is Home Desktop
2016-02-22 22:24:16,570 ERROR      Called Proxy Droid
2016-02-22 22:24:17,799 DEBUG      Proxy is OFF
2016-02-22 22:24:18,037 DEBUG      Turn on Proxy
2016-02-22 22:24:32,494 DEBUG      com.startapp.android.publish.OverlayActivity
2016-02-22 22:24:32,665 DEBUG      Cliked ImageView
2016-02-22 22:24:33,882 DEBUG      Cliked Image
2016-02-22 22:24:47,052 DEBUG      org.chromium.chrome.browser.ChromeTabbedActivity
2016-02-22 22:25:02,715 DEBUG      com.startapp.android.publish.OverlayActivity
2016-02-22 22:25:03,000 DEBUG      Cliked ImageView
2016-02-22 22:25:04,557 DEBUG      Cliked Image
2016-02-22 22:25:05,649 DEBUG      Cliked View
2016-02-22 22:25:18,827 DEBUG      com.google.android.finsky.activities.MainActivity
2016-02-22 22:25:18,827 DEBUG      Go to PlayStore
2016-02-22 22:25:20,916 DEBUG      Not Home, try again
2016-02-22 22:25:30,222 DEBUG      This is Home Desktop
2016-02-22 22:25:30,931 ERROR      Called Proxy Droid
2016-02-22 22:25:32,296 DEBUG      Proxy is ON
2016-02-22 22:25:32,561 DEBUG      Turn off Proxy
2016-02-22 22:25:34,920 DEBUG      Not Home, try again
2016-02-22 22:25:43,969 DEBUG      This is Home Desktop
2016-02-22 22:25:45,164 ERROR      Called PlayStore
2016-02-22 22:25:47,217 DEBUG      PlayStore is Home
2016-02-22 22:25:47,218 DEBUG      Play Store Home, don`t need install
2016-02-22 22:25:49,396 DEBUG      Not Home, try again
2016-02-22 22:25:58,421 DEBUG      This is Home Desktop
2016-02-22 22:25:59,073 ERROR      Called Proxy Droid
2016-02-22 22:26:00,963 DEBUG      Proxy is OFF
2016-02-22 22:26:01,229 DEBUG      Turn on Proxy
2016-02-22 22:26:18,027 DEBUG      com.startapp.android.publish.OverlayActivity
2016-02-22 22:26:18,272 DEBUG      Cliked ImageView
2016-02-22 22:26:19,477 DEBUG      Cliked View
2016-02-22 22:26:32,799 DEBUG      org.chromium.chrome.browser.ChromeTabbedActivity
2016-02-22 22:26:49,681 DEBUG      com.startapp.android.publish.list3d.List3DActivity
2016-02-22 22:26:50,190 DEBUG      Cliked RelativeLayout
2016-02-22 22:27:02,543 DEBUG      org.chromium.chrome.browser.ChromeTabbedActivity
2016-02-22 22:27:18,097 DEBUG      com.startapp.android.publish.OverlayActivity
2016-02-22 22:27:18,329 DEBUG      Cliked ImageView
2016-02-22 22:27:20,071 DEBUG      Cliked View
2016-02-22 22:27:32,454 DEBUG      org.chromium.chrome.browser.ChromeTabbedActivity
2016-02-22 22:28:31,918 DEBUG      com.startapp.android.publish.list3d.List3DActivity
2016-02-22 22:28:32,332 DEBUG      Cliked RelativeLayout
2016-02-22 22:28:44,641 DEBUG      org.chromium.chrome.browser.ChromeTabbedActivity
2016-02-22 22:28:59,384 DEBUG      com.startapp.android.publish.list3d.List3DActivity
2016-02-22 22:29:00,236 DEBUG      Cliked RelativeLayout
2016-02-22 22:29:01,494 DEBUG      Cliked ImageView
2016-02-22 22:29:13,717 DEBUG      com.google.android.finsky.activities.MainActivity
2016-02-22 22:29:13,718 DEBUG      Go to PlayStore
2016-02-22 22:29:16,122 DEBUG      Not Home, try again
2016-02-22 22:29:25,088 DEBUG      This is Home Desktop
2016-02-22 22:29:25,721 ERROR      Called Proxy Droid
2016-02-22 22:29:27,088 DEBUG      Proxy is ON
2016-02-22 22:29:27,351 DEBUG      Turn off Proxy
2016-02-22 22:29:29,786 DEBUG      Not Home, try again
2016-02-22 22:29:38,916 DEBUG      This is Home Desktop
2016-02-22 22:29:39,605 ERROR      Called PlayStore
2016-02-22 22:29:41,669 DEBUG      PlayStore is Home
2016-02-22 22:29:41,670 DEBUG      Play Store Home, don`t need install
2016-02-22 22:29:43,930 DEBUG      Not Home, try again
2016-02-22 22:29:53,160 DEBUG      This is Home Desktop
2016-02-22 22:29:53,874 ERROR      Called Proxy Droid
2016-02-22 22:29:55,147 DEBUG      Proxy is OFF
2016-02-22 22:29:55,402 DEBUG      Turn on Proxy
2016-02-22 22:30:13,080 DEBUG      com.startapp.android.publish.OverlayActivity
2016-02-22 22:30:13,229 DEBUG      Cliked ImageView
2016-02-22 22:30:14,530 DEBUG      Cliked Image
2016-02-22 22:30:27,756 DEBUG      com.startapp.android.publish.OverlayActivity
2016-02-22 22:30:28,860 DEBUG      Cliked ImageView
2016-02-22 22:30:29,773 DEBUG      Cliked View
2016-02-22 22:30:31,335 DEBUG      Cliked WebView
2016-02-22 22:30:43,300 DEBUG      com.google.android.finsky.activities.MainActivity
2016-02-22 22:30:43,300 DEBUG      Go to PlayStore
2016-02-22 22:30:45,578 DEBUG      Not Home, try again
2016-02-22 22:30:54,575 DEBUG      This is Home Desktop
2016-02-22 22:30:55,247 ERROR      Called Proxy Droid
2016-02-22 22:30:56,555 DEBUG      Proxy is ON
2016-02-22 22:30:56,851 DEBUG      Turn off Proxy
2016-02-22 22:30:59,156 DEBUG      Not Home, try again
2016-02-22 22:31:08,649 DEBUG      This is Home Desktop
2016-02-22 22:31:11,959 ERROR      Called PlayStore
2016-02-22 22:31:14,312 DEBUG      PlayStore is not ready
2016-02-22 22:31:14,312 DEBUG      Wait time to load PlayStore
2016-02-22 22:31:34,953 DEBUG      Not Home, try again
2016-02-22 22:31:34,954 ERROR      Go Home Error
2016-02-22 22:31:34,955 ERROR      <urlopen error [Errno 111] Connection refused>
2016-02-22 22:40:13,291 ERROR      <urlopen error [Errno 111] Connection refused>
2016-02-22 22:40:13,291 ERROR      Can not start Appium
2016-02-22 22:40:18,298 ERROR      <urlopen error [Errno 111] Connection refused>
2016-02-22 22:40:18,299 ERROR      Can not start Appium
2016-02-22 22:40:23,310 ERROR      <urlopen error [Errno 111] Connection refused>
2016-02-22 22:40:23,310 ERROR      Can not start Appium
2016-02-22 22:40:34,376 DEBUG      Pid is 20156
2016-02-22 22:40:34,377 INFO       Start run new appium instance
2016-02-22 22:40:34,902 DEBUG      Not Home, try again
2016-02-22 22:40:43,940 DEBUG      This is Home Desktop
2016-02-22 22:40:45,466 ERROR      Called Proxy Droid
2016-02-22 22:40:46,251 DEBUG      Proxy is OFF
2016-02-22 22:40:46,504 DEBUG      Turn on Proxy
2016-02-22 22:41:02,812 DEBUG      com.startapp.android.publish.FullScreenActivity
2016-02-22 22:41:02,985 DEBUG      Cliked View
2016-02-22 22:41:14,999 DEBUG      com.google.android.finsky.activities.MainActivity
2016-02-22 22:41:14,999 DEBUG      Go to PlayStore
2016-02-22 22:41:17,098 DEBUG      Not Home, try again
2016-02-22 22:41:26,440 DEBUG      This is Home Desktop
2016-02-22 22:41:27,207 ERROR      Called Proxy Droid
2016-02-22 22:41:28,502 DEBUG      Proxy is ON
2016-02-22 22:41:28,782 DEBUG      Turn off Proxy
2016-02-22 22:41:31,170 DEBUG      Not Home, try again
2016-02-22 22:41:40,173 DEBUG      This is Home Desktop
2016-02-22 22:41:43,809 ERROR      Called PlayStore
2016-02-22 22:41:45,978 DEBUG      PlayStore is not ready
2016-02-22 22:41:45,978 DEBUG      Wait time to load PlayStore
2016-02-22 22:41:55,129 DEBUG      PlayStore is not ready
2016-02-22 22:41:55,129 DEBUG      Wait app installed
2016-02-22 22:42:05,439 DEBUG      PlayStore is not ready
2016-02-22 22:42:05,439 DEBUG      Wait app installed
2016-02-22 22:42:15,483 DEBUG      PlayStore is Home
2016-02-22 22:42:48,716 DEBUG      Wait time to load PlayStore
2016-02-22 22:42:49,764 DEBUG      Wait time to load PlayStore
2016-02-22 22:42:50,908 DEBUG      Wait time to load PlayStore
2016-02-22 22:42:51,956 DEBUG      Wait time to load PlayStore
2016-02-22 22:42:53,003 DEBUG      Wait time to load PlayStore
2016-02-22 22:42:54,043 DEBUG      Wait time to load PlayStore
2016-02-22 22:42:55,142 DEBUG      Wait time to load PlayStore
2016-02-22 22:42:56,194 DEBUG      Wait time to load PlayStore
2016-02-22 22:42:57,238 DEBUG      Wait time to load PlayStore
2016-02-22 22:42:58,374 DEBUG      Wait time to load PlayStore
2016-02-22 22:42:59,418 DEBUG      Wait time to load PlayStore
2016-02-22 22:43:00,526 DEBUG      Wait time to load PlayStore
2016-02-22 22:43:01,572 DEBUG      Wait time to load PlayStore
2016-02-22 22:43:02,730 DEBUG      Wait time to load PlayStore
2016-02-22 22:43:06,428 DEBUG      Not Home, try again
2016-02-22 22:43:15,339 DEBUG      This is Home Desktop
2016-02-22 22:43:16,352 ERROR      Called Proxy Droid
2016-02-22 22:43:17,633 DEBUG      Proxy is OFF
2016-02-22 22:43:17,917 DEBUG      Turn on Proxy
2016-02-22 22:43:35,569 DEBUG      com.startapp.android.publish.OverlayActivity
2016-02-22 22:43:35,860 DEBUG      Cliked ImageView
2016-02-22 22:43:37,784 DEBUG      Cliked View
2016-02-22 22:43:51,091 DEBUG      com.google.android.finsky.activities.MainActivity
2016-02-22 22:43:51,092 DEBUG      Go to PlayStore
2016-02-22 22:43:53,382 DEBUG      Not Home, try again
2016-02-22 22:44:02,101 DEBUG      This is Home Desktop
2016-02-22 22:44:03,192 ERROR      Called Proxy Droid
2016-02-22 22:44:04,508 DEBUG      Proxy is ON
2016-02-22 22:44:04,782 DEBUG      Turn off Proxy
2016-02-22 22:44:07,251 DEBUG      Not Home, try again
2016-02-22 22:44:16,983 DEBUG      This is Home Desktop
2016-02-22 22:44:20,367 ERROR      Called PlayStore
2016-02-22 22:44:22,496 DEBUG      PlayStore is not ready
2016-02-22 22:44:22,497 DEBUG      Wait time to load PlayStore
2016-02-22 22:44:23,604 DEBUG      Wait time to load PlayStore
2016-02-22 22:44:24,714 DEBUG      Wait time to load PlayStore
2016-02-22 22:44:26,052 DEBUG      Wait time to load PlayStore
2016-02-22 22:44:27,159 DEBUG      Wait time to load PlayStore
2016-02-22 22:44:28,279 DEBUG      Wait time to load PlayStore
2016-02-22 22:44:29,381 DEBUG      Wait time to load PlayStore
2016-02-22 22:44:30,729 DEBUG      Wait time to load PlayStore
2016-02-22 22:44:31,841 DEBUG      Wait time to load PlayStore
2016-02-22 22:44:32,852 DEBUG      Wait time to load PlayStore
2016-02-22 22:44:33,861 DEBUG      Wait time to load PlayStore
2016-02-22 22:44:34,870 DEBUG      Wait time to load PlayStore
2016-02-22 22:44:35,881 DEBUG      Wait time to load PlayStore
2016-02-22 22:44:36,884 DEBUG      Wait time to load PlayStore
2016-02-22 22:48:18,546 DEBUG      Pid is 22548
2016-02-22 22:48:18,547 INFO       Start run new appium instance
2016-02-22 22:48:19,809 DEBUG      Not Home, try again
2016-02-22 22:48:28,983 DEBUG      This is Home Desktop
2016-02-22 22:48:29,699 ERROR      Called Proxy Droid
2016-02-22 22:48:31,045 DEBUG      Proxy is OFF
2016-02-22 22:48:31,315 DEBUG      Turn on Proxy
2016-02-22 22:48:47,831 DEBUG      com.startapp.android.publish.OverlayActivity
2016-02-22 22:48:48,045 DEBUG      Cliked ImageView
2016-02-22 22:48:49,384 DEBUG      Cliked View
2016-02-22 22:49:02,354 DEBUG      org.chromium.chrome.browser.ChromeTabbedActivity
2016-02-22 22:49:19,186 DEBUG      com.startapp.android.publish.OverlayActivity
2016-02-22 22:49:19,339 DEBUG      Cliked ImageView
2016-02-22 22:49:20,678 DEBUG      Cliked Image
2016-02-22 22:49:33,871 DEBUG      com.startapp.android.publish.OverlayActivity
2016-02-22 22:49:35,112 DEBUG      Cliked ImageView
2016-02-22 22:49:36,022 DEBUG      Cliked View
2016-02-22 22:49:39,717 DEBUG      Cliked WebView
2016-02-22 22:49:51,212 DEBUG      org.chromium.chrome.browser.ChromeTabbedActivity
2016-02-22 22:50:07,507 DEBUG      com.startapp.android.publish.list3d.List3DActivity
2016-02-22 22:50:08,074 DEBUG      Cliked RelativeLayout
2016-02-22 22:50:21,049 DEBUG      com.google.android.finsky.activities.MainActivity
2016-02-22 22:50:21,050 DEBUG      Go to PlayStore
2016-02-22 22:50:23,304 DEBUG      Not Home, try again
2016-02-22 22:50:32,208 DEBUG      This is Home Desktop
2016-02-22 22:50:33,246 ERROR      Called Proxy Droid
2016-02-22 22:50:34,579 DEBUG      Proxy is ON
2016-02-22 22:50:34,821 DEBUG      Turn off Proxy
2016-02-22 22:50:37,337 DEBUG      Not Home, try again
2016-02-22 22:50:46,232 DEBUG      This is Home Desktop
2016-02-22 22:50:49,901 ERROR      Called PlayStore
2016-02-22 22:50:52,104 DEBUG      PlayStore is not ready
2016-02-22 22:50:52,170 DEBUG      Wait time to load PlayStore
2016-02-22 22:50:53,370 DEBUG      Wait time to load PlayStore
2016-02-22 22:50:54,609 DEBUG      Wait time to load PlayStore
2016-02-22 22:50:55,675 DEBUG      Wait time to load PlayStore
2016-02-22 22:50:56,723 DEBUG      Wait time to load PlayStore
2016-02-22 22:50:57,831 DEBUG      Wait time to load PlayStore
2016-02-22 22:50:58,870 DEBUG      Wait time to load PlayStore
2016-02-22 22:50:59,928 DEBUG      Wait time to load PlayStore
2016-02-22 22:51:00,986 DEBUG      Wait time to load PlayStore
2016-02-22 22:51:02,053 DEBUG      Wait time to load PlayStore
2016-02-22 22:51:03,162 DEBUG      Wait time to load PlayStore
2016-02-22 22:51:04,363 DEBUG      Wait time to load PlayStore
2016-02-22 22:51:05,411 DEBUG      Wait time to load PlayStore
2016-02-22 22:51:06,528 DEBUG      Wait time to load PlayStore
2016-02-22 22:51:07,576 DEBUG      Wait time to load PlayStore
2016-02-22 22:51:11,025 DEBUG      Not Home, try again
2016-02-22 22:51:20,245 DEBUG      This is Home Desktop
2016-02-22 22:51:21,326 ERROR      Called Proxy Droid
2016-02-22 22:51:22,647 DEBUG      Proxy is OFF
2016-02-22 22:51:22,923 DEBUG      Turn on Proxy
2016-02-22 22:51:40,427 DEBUG      com.startapp.android.publish.OverlayActivity
2016-02-22 22:51:40,654 DEBUG      Cliked ImageView
2016-02-22 22:51:41,974 DEBUG      Cliked View
2016-02-22 22:51:54,816 DEBUG      com.google.android.finsky.activities.MainActivity
2016-02-22 22:51:54,817 DEBUG      Go to PlayStore
2016-02-22 22:51:57,335 DEBUG      Not Home, try again
2016-02-22 22:52:06,901 DEBUG      This is Home Desktop
2016-02-22 22:52:08,433 ERROR      Called Proxy Droid
2016-02-22 22:52:08,564 DEBUG      Proxy is ON
2016-02-22 22:52:09,226 DEBUG      Turn off Proxy
2016-02-22 22:52:11,932 DEBUG      Not Home, try again
2016-02-22 22:52:21,688 DEBUG      This is Home Desktop
2016-02-22 22:52:25,045 ERROR      Called PlayStore
2016-02-22 22:52:27,091 DEBUG      PlayStore is not ready
2016-02-22 22:52:27,222 DEBUG      Wait time to load PlayStore
2016-02-22 22:52:28,351 DEBUG      Wait time to load PlayStore
2016-02-22 22:52:29,400 DEBUG      Wait time to load PlayStore
2016-02-22 22:52:30,525 DEBUG      Wait time to load PlayStore
2016-02-22 22:52:31,733 DEBUG      Wait time to load PlayStore
2016-02-22 22:52:32,803 DEBUG      Wait time to load PlayStore
2016-02-22 22:52:34,006 DEBUG      Wait time to load PlayStore
2016-02-22 22:52:35,091 DEBUG      Wait time to load PlayStore
2016-02-22 22:52:36,212 DEBUG      Wait time to load PlayStore
2016-02-22 22:52:37,310 DEBUG      Wait time to load PlayStore
2016-02-22 22:52:38,349 DEBUG      Wait time to load PlayStore
2016-02-22 22:52:39,458 DEBUG      Wait time to load PlayStore
2016-02-22 22:52:40,502 DEBUG      Wait time to load PlayStore
2016-02-22 22:52:41,552 DEBUG      Wait time to load PlayStore
2016-02-22 22:52:42,697 DEBUG      Wait time to load PlayStore
2016-02-22 22:52:46,047 DEBUG      Not Home, try again
2016-02-22 22:52:56,014 DEBUG      This is Home Desktop
2016-02-22 22:52:56,843 ERROR      Called Proxy Droid
2016-02-22 22:52:58,212 DEBUG      Proxy is OFF
2016-02-22 22:52:58,522 DEBUG      Turn on Proxy
2016-02-22 22:53:15,536 DEBUG      com.startapp.android.publish.OverlayActivity
2016-02-22 22:53:15,904 DEBUG      Cliked ImageView
2016-02-22 22:53:17,394 DEBUG      Cliked View
2016-02-22 22:53:29,911 DEBUG      org.chromium.chrome.browser.ChromeTabbedActivity
2016-02-22 22:53:45,669 DEBUG      com.startapp.android.publish.list3d.List3DActivity
2016-02-22 22:53:46,177 DEBUG      Cliked RelativeLayout
2016-02-22 22:53:58,659 DEBUG      org.chromium.chrome.browser.ChromeTabbedActivity
2016-02-22 22:54:32,621 DEBUG      com.startapp.android.publish.OverlayActivity
2016-02-22 22:54:32,837 DEBUG      Cliked ImageView
2016-02-22 22:54:34,572 DEBUG      Cliked View
2016-02-22 22:54:47,635 DEBUG      com.google.android.finsky.activities.MainActivity
2016-02-22 22:54:47,636 DEBUG      Go to PlayStore
2016-02-22 22:54:49,774 DEBUG      Not Home, try again
2016-02-22 22:54:59,716 DEBUG      This is Home Desktop
2016-02-22 22:55:01,023 ERROR      Called Proxy Droid
2016-02-22 22:55:01,649 DEBUG      Proxy is ON
2016-02-22 22:55:01,943 DEBUG      Turn off Proxy
2016-02-22 22:55:04,840 DEBUG      Not Home, try again
2016-02-22 22:55:14,327 DEBUG      This is Home Desktop
2016-02-22 22:55:18,003 ERROR      Called PlayStore
2016-02-22 22:55:20,055 DEBUG      PlayStore is not ready
2016-02-22 22:55:20,171 DEBUG      Wait time to load PlayStore
2016-02-22 22:55:21,234 DEBUG      Wait time to load PlayStore
2016-02-22 22:55:22,348 DEBUG      Wait time to load PlayStore
2016-02-22 22:55:23,400 DEBUG      Wait time to load PlayStore
2016-02-22 22:55:24,441 DEBUG      Wait time to load PlayStore
2016-02-22 22:55:25,493 DEBUG      Wait time to load PlayStore
2016-02-22 22:55:26,616 DEBUG      Wait time to load PlayStore
2016-02-22 22:55:27,660 DEBUG      Wait time to load PlayStore
2016-02-22 22:55:28,711 DEBUG      Wait time to load PlayStore
2016-02-22 22:55:29,793 DEBUG      Wait time to load PlayStore
2016-02-22 22:55:30,882 DEBUG      Wait time to load PlayStore
2016-02-22 22:55:32,044 DEBUG      Wait time to load PlayStore
2016-02-22 22:55:33,090 DEBUG      Wait time to load PlayStore
2016-02-22 22:55:34,141 DEBUG      Wait time to load PlayStore
2016-02-22 22:55:35,265 DEBUG      Wait time to load PlayStore
2016-02-22 22:55:38,782 DEBUG      Not Home, try again
2016-02-22 22:55:48,692 DEBUG      This is Home Desktop
2016-02-22 22:55:49,693 ERROR      Called Proxy Droid
2016-02-22 22:55:50,300 DEBUG      Proxy is OFF
2016-02-22 22:55:50,615 DEBUG      Turn on Proxy
2016-02-22 22:56:09,027 DEBUG      com.startapp.android.publish.OverlayActivity
2016-02-22 22:56:09,230 DEBUG      Cliked ImageView
2016-02-22 22:56:11,207 DEBUG      Cliked View
2016-02-22 22:56:23,650 DEBUG      com.google.android.finsky.activities.MainActivity
2016-02-22 22:56:23,650 DEBUG      Go to PlayStore
2016-02-22 22:56:26,265 DEBUG      Not Home, try again
2016-02-22 22:56:36,072 DEBUG      This is Home Desktop
2016-02-22 22:56:37,898 ERROR      Called Proxy Droid
2016-02-22 22:56:38,532 DEBUG      Proxy is ON
2016-02-22 22:56:38,832 DEBUG      Turn off Proxy
2016-02-22 22:56:41,708 DEBUG      Not Home, try again
2016-02-22 22:56:51,245 DEBUG      This is Home Desktop
2016-02-22 22:56:54,873 ERROR      Called PlayStore
2016-02-22 22:56:56,913 DEBUG      PlayStore is not ready
2016-02-22 22:56:56,945 DEBUG      Wait time to load PlayStore
2016-02-22 22:56:57,995 DEBUG      Wait time to load PlayStore
2016-02-22 22:56:59,055 DEBUG      Wait time to load PlayStore
2016-02-22 22:57:00,264 DEBUG      Wait time to load PlayStore
2016-02-22 22:57:01,312 DEBUG      Wait time to load PlayStore
2016-02-22 22:57:02,370 DEBUG      Wait time to load PlayStore
2016-02-22 22:57:03,427 DEBUG      Wait time to load PlayStore
2016-02-22 22:57:04,543 DEBUG      Wait time to load PlayStore
2016-02-22 22:57:05,551 DEBUG      Wait time to load PlayStore
2016-02-22 22:57:06,562 DEBUG      Wait time to load PlayStore
2016-02-22 22:57:07,570 DEBUG      Wait time to load PlayStore
2016-02-22 22:57:08,578 DEBUG      Wait time to load PlayStore
2016-02-22 22:57:09,586 DEBUG      Wait time to load PlayStore
2016-02-22 22:57:10,594 DEBUG      Wait time to load PlayStore
2016-02-22 22:57:11,603 DEBUG      Wait time to load PlayStore
2016-02-22 23:00:12,690 DEBUG      Pid is 25700
2016-02-22 23:00:12,690 INFO       Start run new appium instance
2016-02-22 23:00:14,141 DEBUG      Not Home, try again
2016-02-22 23:00:23,502 DEBUG      This is Home Desktop
2016-02-22 23:00:24,995 ERROR      Called Proxy Droid
2016-02-22 23:00:25,847 DEBUG      Proxy is OFF
2016-02-22 23:00:26,134 DEBUG      Turn on Proxy
2016-02-22 23:00:42,536 DEBUG      com.startapp.android.publish.OverlayActivity
2016-02-22 23:00:42,693 DEBUG      Cliked ImageView
2016-02-22 23:00:43,961 DEBUG      Cliked Image
2016-02-22 23:00:56,416 DEBUG      com.google.android.finsky.activities.MainActivity
2016-02-22 23:00:56,416 DEBUG      Go to PlayStore
2016-02-22 23:00:58,727 DEBUG      Not Home, try again
2016-02-22 23:01:08,065 DEBUG      This is Home Desktop
2016-02-22 23:01:09,631 ERROR      Called Proxy Droid
2016-02-22 23:01:10,279 DEBUG      Proxy is ON
2016-02-22 23:01:10,544 DEBUG      Turn off Proxy
2016-02-22 23:01:13,133 DEBUG      Not Home, try again
2016-02-22 23:01:22,834 DEBUG      This is Home Desktop
2016-02-22 23:01:26,442 ERROR      Called PlayStore
2016-02-22 23:01:28,548 DEBUG      PlayStore is Home
2016-02-22 23:01:28,548 DEBUG      Play Store Home, don`t need install
2016-02-22 23:01:31,404 DEBUG      Not Home, try again
2016-02-22 23:01:40,934 DEBUG      This is Home Desktop
2016-02-22 23:01:42,545 ERROR      Called Proxy Droid
2016-02-22 23:01:43,204 DEBUG      Proxy is OFF
2016-02-22 23:01:43,486 DEBUG      Turn on Proxy
2016-02-22 23:02:01,287 DEBUG      com.startapp.android.publish.OverlayActivity
2016-02-22 23:02:01,524 DEBUG      Cliked ImageView
2016-02-22 23:02:02,893 DEBUG      Cliked View
2016-02-22 23:02:16,484 DEBUG      org.chromium.chrome.browser.ChromeTabbedActivity
2016-02-22 23:02:31,694 DEBUG      com.startapp.android.publish.list3d.List3DActivity
2016-02-22 23:02:32,710 DEBUG      Cliked RelativeLayout
2016-02-22 23:02:36,837 DEBUG      Cliked ImageView
2016-02-22 23:02:48,468 DEBUG      com.google.android.finsky.activities.MainActivity
2016-02-22 23:02:48,468 DEBUG      Go to PlayStore
2016-02-22 23:02:50,919 DEBUG      Not Home, try again
2016-02-22 23:03:00,447 DEBUG      This is Home Desktop
2016-02-22 23:03:02,045 ERROR      Called Proxy Droid
2016-02-22 23:03:02,690 DEBUG      Proxy is ON
2016-02-22 23:03:02,997 DEBUG      Turn off Proxy
2016-02-22 23:03:06,089 DEBUG      Not Home, try again
2016-02-22 23:03:15,403 DEBUG      This is Home Desktop
2016-02-22 23:03:18,946 ERROR      Called PlayStore
2016-02-22 23:03:21,149 DEBUG      PlayStore is not ready
2016-02-22 23:03:21,279 DEBUG      PlayStore is ready
2016-02-22 23:03:21,279 DEBUG      Wait time to load PlayStore
2016-02-22 23:03:22,334 DEBUG      Wait time to load PlayStore
2016-02-22 23:03:23,620 DEBUG      Wait time to load PlayStore
2016-02-22 23:03:24,762 DEBUG      Wait time to load PlayStore
2016-02-22 23:03:25,817 DEBUG      Wait time to load PlayStore
2016-02-22 23:03:26,894 DEBUG      Wait time to load PlayStore
2016-02-22 23:03:28,094 DEBUG      Wait time to load PlayStore
2016-02-22 23:03:29,296 DEBUG      Wait time to load PlayStore
2016-02-22 23:03:30,362 DEBUG      Wait time to load PlayStore
2016-02-22 23:03:31,518 DEBUG      Wait time to load PlayStore
2016-02-22 23:03:32,577 DEBUG      Wait time to load PlayStore
2016-02-22 23:03:33,667 DEBUG      Wait time to load PlayStore
2016-02-22 23:03:34,834 DEBUG      Wait time to load PlayStore
2016-02-22 23:03:36,007 DEBUG      Wait time to load PlayStore
2016-02-22 23:03:37,061 DEBUG      Wait time to load PlayStore
2016-02-22 23:03:40,960 DEBUG      Not Home, try again
2016-02-22 23:03:50,618 DEBUG      This is Home Desktop
2016-02-22 23:03:52,182 ERROR      Called Proxy Droid
2016-02-22 23:03:52,882 DEBUG      Proxy is OFF
2016-02-22 23:03:53,142 DEBUG      Turn on Proxy
2016-02-22 23:04:10,438 DEBUG      com.startapp.android.publish.OverlayActivity
2016-02-22 23:04:10,581 DEBUG      Cliked ImageView
2016-02-22 23:04:12,011 DEBUG      Cliked Image
2016-02-22 23:04:24,906 DEBUG      com.google.android.finsky.activities.MainActivity
2016-02-22 23:04:24,907 DEBUG      Go to PlayStore
2016-02-22 23:04:27,339 DEBUG      Not Home, try again
2016-02-22 23:04:37,214 DEBUG      This is Home Desktop
2016-02-22 23:04:38,951 ERROR      Called Proxy Droid
2016-02-22 23:04:39,540 DEBUG      Proxy is ON
2016-02-22 23:04:39,743 DEBUG      Turn off Proxy
2016-02-22 23:04:42,752 DEBUG      Not Home, try again
2016-02-22 23:04:52,728 DEBUG      This is Home Desktop
2016-02-22 23:04:56,285 ERROR      Called PlayStore
2016-02-22 23:04:58,389 DEBUG      PlayStore is not ready
2016-02-22 23:04:58,696 DEBUG      PlayStore is ready
2016-02-22 23:04:58,697 DEBUG      Wait time to load PlayStore
2016-02-22 23:04:59,811 DEBUG      Wait time to load PlayStore
2016-02-22 23:05:00,955 DEBUG      Wait time to load PlayStore
2016-02-22 23:05:02,010 DEBUG      Wait time to load PlayStore
2016-02-22 23:05:03,158 DEBUG      Wait time to load PlayStore
2016-02-22 23:05:04,324 DEBUG      Wait time to load PlayStore
2016-02-22 23:05:05,409 DEBUG      Wait time to load PlayStore
2016-02-22 23:05:06,462 DEBUG      Wait time to load PlayStore
2016-02-22 23:05:07,673 DEBUG      Wait time to load PlayStore
2016-02-22 23:05:08,722 DEBUG      Wait time to load PlayStore
2016-02-22 23:05:09,785 DEBUG      Wait time to load PlayStore
2016-02-22 23:05:10,851 DEBUG      Wait time to load PlayStore
2016-02-22 23:05:12,025 DEBUG      Wait time to load PlayStore
2016-02-22 23:05:13,084 DEBUG      Wait time to load PlayStore
2016-02-22 23:05:14,251 DEBUG      Wait time to load PlayStore
2016-02-22 23:05:18,289 DEBUG      Not Home, try again
2016-02-22 23:05:27,960 DEBUG      This is Home Desktop
2016-02-22 23:05:29,632 ERROR      Called Proxy Droid
2016-02-22 23:05:30,272 DEBUG      Proxy is ON
2016-02-22 23:05:30,272 DEBUG      Proxy is on, don`t need on
2016-02-22 23:05:47,527 DEBUG      com.startapp.android.publish.OverlayActivity
2016-02-22 23:05:47,744 DEBUG      Cliked ImageView
2016-02-22 23:05:49,647 DEBUG      Cliked View
2016-02-22 23:06:02,871 DEBUG      org.chromium.chrome.browser.ChromeTabbedActivity
2016-02-22 23:06:19,181 DEBUG      com.startapp.android.publish.OverlayActivity
2016-02-22 23:06:19,384 DEBUG      Cliked ImageView
2016-02-22 23:06:21,234 DEBUG      Cliked View
2016-02-22 23:06:34,212 DEBUG      org.chromium.chrome.browser.ChromeTabbedActivity
2016-02-22 23:06:50,002 DEBUG      com.startapp.android.publish.OverlayActivity
2016-02-22 23:06:50,189 DEBUG      Cliked ImageView
2016-02-22 23:06:51,628 DEBUG      Cliked Image
2016-02-22 23:07:04,293 DEBUG      com.google.android.finsky.activities.MainActivity
2016-02-22 23:07:04,293 DEBUG      Go to PlayStore
2016-02-22 23:07:06,843 DEBUG      Not Home, try again
2016-02-22 23:07:15,985 DEBUG      This is Home Desktop
2016-02-22 23:07:17,673 ERROR      Called Proxy Droid
2016-02-22 23:07:17,816 DEBUG      Proxy is ON
2016-02-22 23:07:19,368 DEBUG      Turn off Proxy
2016-02-22 23:07:22,439 DEBUG      Not Home, try again
2016-02-22 23:07:32,607 DEBUG      This is Home Desktop
2016-02-22 23:07:36,261 ERROR      Called PlayStore
2016-02-22 23:07:38,428 DEBUG      PlayStore is not ready
2016-02-22 23:07:38,636 DEBUG      PlayStore is ready
2016-02-22 23:07:38,636 DEBUG      Wait time to load PlayStore
2016-02-22 23:07:39,700 DEBUG      Wait time to load PlayStore
2016-02-22 23:07:40,777 DEBUG      Wait time to load PlayStore
2016-02-22 23:07:41,924 DEBUG      Wait time to load PlayStore
2016-02-22 23:07:43,076 DEBUG      Wait time to load PlayStore
2016-02-22 23:07:44,125 DEBUG      Wait time to load PlayStore
2016-02-22 23:07:45,281 DEBUG      Wait time to load PlayStore
2016-02-22 23:07:46,365 DEBUG      Wait time to load PlayStore
2016-02-22 23:07:47,437 DEBUG      Wait time to load PlayStore
2016-02-22 23:07:48,594 DEBUG      Wait time to load PlayStore
2016-02-22 23:07:49,686 DEBUG      Wait time to load PlayStore
2016-02-22 23:07:50,845 DEBUG      Wait time to load PlayStore
2016-02-22 23:07:52,017 DEBUG      Wait time to load PlayStore
2016-02-22 23:07:53,098 DEBUG      Wait time to load PlayStore
2016-02-22 23:07:54,245 DEBUG      Wait time to load PlayStore
2016-02-22 23:07:58,182 DEBUG      Not Home, try again
2016-02-22 23:08:08,097 DEBUG      This is Home Desktop
2016-02-22 23:08:09,654 ERROR      Called Proxy Droid
2016-02-22 23:08:10,264 DEBUG      Proxy is OFF
2016-02-22 23:08:10,535 DEBUG      Turn on Proxy
2016-02-22 23:08:28,822 DEBUG      com.startapp.android.publish.OverlayActivity
2016-02-22 23:08:29,075 DEBUG      Cliked ImageView
2016-02-22 23:08:31,365 DEBUG      Cliked View
2016-02-22 23:08:44,081 DEBUG      com.google.android.finsky.activities.MainActivity
2016-02-22 23:08:44,081 DEBUG      Go to PlayStore
2016-02-22 23:08:46,608 DEBUG      Not Home, try again
2016-02-22 23:08:56,351 DEBUG      This is Home Desktop
2016-02-22 23:08:57,854 ERROR      Called Proxy Droid
2016-02-22 23:08:58,524 DEBUG      Proxy is ON
2016-02-22 23:08:58,780 DEBUG      Turn off Proxy
2016-02-22 23:09:01,445 DEBUG      Not Home, try again
2016-02-22 23:09:11,234 DEBUG      This is Home Desktop
2016-02-22 23:09:14,799 ERROR      Called PlayStore
2016-02-22 23:09:16,914 DEBUG      PlayStore is not ready
2016-02-22 23:09:17,141 DEBUG      PlayStore is ready
2016-02-22 23:09:17,141 DEBUG      Wait time to load PlayStore
2016-02-22 23:09:18,417 DEBUG      Wait time to load PlayStore
2016-02-22 23:09:19,465 DEBUG      Wait time to load PlayStore
2016-02-22 23:09:20,630 DEBUG      Wait time to load PlayStore
2016-02-22 23:09:21,887 DEBUG      Wait time to load PlayStore
2016-02-22 23:09:22,941 DEBUG      Wait time to load PlayStore
2016-02-22 23:09:24,010 DEBUG      Wait time to load PlayStore
2016-02-22 23:09:25,066 DEBUG      Wait time to load PlayStore
2016-02-22 23:09:26,204 DEBUG      Wait time to load PlayStore
2016-02-22 23:09:27,383 DEBUG      Wait time to load PlayStore
2016-02-22 23:09:28,554 DEBUG      Wait time to load PlayStore
2016-02-22 23:09:29,612 DEBUG      Wait time to load PlayStore
2016-02-22 23:09:30,777 DEBUG      Wait time to load PlayStore
2016-02-22 23:09:31,837 DEBUG      Wait time to load PlayStore
2016-02-22 23:09:32,997 DEBUG      Wait time to load PlayStore
2016-02-22 23:09:36,964 DEBUG      Not Home, try again
2016-02-22 23:09:47,093 DEBUG      This is Home Desktop
2016-02-22 23:09:48,669 ERROR      Called Proxy Droid
2016-02-22 23:09:49,336 DEBUG      Proxy is ON
2016-02-22 23:09:49,336 DEBUG      Proxy is on, don`t need on
2016-02-22 23:10:10,584 DEBUG      com.startapp.android.publish.list3d.List3DActivity
2016-02-22 23:10:11,143 DEBUG      Cliked RelativeLayout
2016-02-22 23:10:23,652 DEBUG      org.chromium.chrome.browser.ChromeTabbedActivity
2016-02-22 23:10:42,979 DEBUG      com.startapp.android.publish.OverlayActivity
2016-02-22 23:10:43,174 DEBUG      Cliked ImageView
2016-02-22 23:10:44,483 DEBUG      Cliked View
2016-02-22 23:10:56,802 DEBUG      org.chromium.chrome.browser.ChromeTabbedActivity
2016-02-22 23:11:46,593 DEBUG      Port 9991 is not listen, don`t need close
2016-02-22 23:11:46,594 DEBUG      Goted sock info:
2016-02-22 23:11:46,594 DEBUG      {'username': u'operator', 'ip': u'62.84.172.165', 'password': u'operator', 'id': 285}
2016-02-22 23:11:56,774 ERROR      Error, can not open new sock
2016-02-22 23:11:56,783 DEBUG      Updated socks id 285 staus to  False
2016-02-22 23:11:56,784 DEBUG      Updated socks id 285 lastcheck to  1456157516.78
2016-02-22 23:13:12,422 DEBUG      com.startapp.android.publish.OverlayActivity
2016-02-22 23:13:12,626 DEBUG      Cliked ImageView
2016-02-22 23:13:14,204 DEBUG      Cliked View
2016-02-22 23:13:27,457 DEBUG      org.chromium.chrome.browser.ChromeTabbedActivity
2016-02-22 23:13:56,496 DEBUG      com.startapp.android.publish.list3d.List3DActivity
2016-02-22 23:14:01,157 DEBUG      Cliked RelativeLayout
2016-02-22 23:14:05,350 DEBUG      Cliked ImageView
2016-02-22 23:14:17,237 DEBUG      com.google.android.finsky.activities.MainActivity
2016-02-22 23:14:17,237 DEBUG      Go to PlayStore
2016-02-22 23:14:19,700 DEBUG      Not Home, try again
2016-02-22 23:14:29,706 DEBUG      This is Home Desktop
2016-02-22 23:14:31,452 ERROR      Called Proxy Droid
2016-02-22 23:14:32,169 DEBUG      Proxy is ON
2016-02-22 23:14:32,435 DEBUG      Turn off Proxy
2016-02-22 23:14:35,291 DEBUG      Not Home, try again
2016-02-22 23:14:45,467 DEBUG      This is Home Desktop
2016-02-22 23:14:47,081 ERROR      Called PlayStore
2016-02-22 23:14:49,142 DEBUG      PlayStore is Home
2016-02-22 23:14:49,142 DEBUG      Play Store Home, don`t need install
2016-02-22 23:14:52,095 DEBUG      Not Home, try again
2016-02-22 23:15:02,222 DEBUG      This is Home Desktop
2016-02-22 23:15:03,860 ERROR      Called Proxy Droid
2016-02-22 23:15:04,492 DEBUG      Proxy is OFF
2016-02-22 23:15:04,750 DEBUG      Turn on Proxy
2016-02-22 23:15:23,315 DEBUG      com.startapp.android.publish.OverlayActivity
2016-02-22 23:15:23,611 DEBUG      Cliked ImageView
2016-02-22 23:15:25,763 DEBUG      Cliked View
2016-02-22 23:15:38,697 DEBUG      com.google.android.finsky.activities.MainActivity
2016-02-22 23:15:38,698 DEBUG      Go to PlayStore
2016-02-22 23:15:41,166 DEBUG      Not Home, try again
2016-02-22 23:15:51,047 DEBUG      This is Home Desktop
2016-02-22 23:15:52,619 ERROR      Called Proxy Droid
2016-02-22 23:15:53,362 DEBUG      Proxy is ON
2016-02-22 23:15:53,638 DEBUG      Turn off Proxy
2016-02-22 23:15:56,415 DEBUG      Not Home, try again
2016-02-22 23:16:06,577 DEBUG      This is Home Desktop
2016-02-22 23:16:10,182 ERROR      Called PlayStore
2016-02-22 23:16:12,248 DEBUG      PlayStore is not ready
2016-02-22 23:16:12,458 DEBUG      PlayStore is ready
2016-02-22 23:16:12,458 DEBUG      Wait time to load PlayStore
2016-02-22 23:16:13,629 DEBUG      Wait time to load PlayStore
2016-02-22 23:16:14,684 DEBUG      Wait time to load PlayStore
2016-02-22 23:16:15,835 DEBUG      Wait time to load PlayStore
2016-02-22 23:16:16,933 DEBUG      Wait time to load PlayStore
2016-02-22 23:16:18,131 DEBUG      Wait time to load PlayStore
2016-02-22 23:16:19,213 DEBUG      Wait time to load PlayStore
2016-02-22 23:16:20,418 DEBUG      Wait time to load PlayStore
2016-02-22 23:16:21,572 DEBUG      Wait time to load PlayStore
2016-02-22 23:16:22,723 DEBUG      Wait time to load PlayStore
2016-02-22 23:16:23,881 DEBUG      Wait time to load PlayStore
2016-02-22 23:16:25,042 DEBUG      Wait time to load PlayStore
2016-02-22 23:16:26,186 DEBUG      Wait time to load PlayStore
2016-02-22 23:16:27,261 DEBUG      Wait time to load PlayStore
2016-02-22 23:16:28,306 DEBUG      Wait time to load PlayStore
2016-02-22 23:16:32,371 DEBUG      Not Home, try again
2016-02-22 23:16:42,487 DEBUG      This is Home Desktop
2016-02-22 23:16:43,769 ERROR      Called Proxy Droid
2016-02-22 23:16:44,484 DEBUG      Proxy is OFF
2016-02-22 23:16:44,788 DEBUG      Turn on Proxy
2016-02-22 23:17:02,874 DEBUG      com.startapp.android.publish.OverlayActivity
2016-02-22 23:17:03,083 DEBUG      Cliked ImageView
2016-02-22 23:17:04,491 DEBUG      Cliked View
2016-02-22 23:17:17,699 DEBUG      org.chromium.chrome.browser.ChromeTabbedActivity
2016-02-22 23:17:33,067 DEBUG      com.startapp.android.publish.list3d.List3DActivity
2016-02-22 23:17:33,613 DEBUG      Cliked RelativeLayout
2016-02-22 23:17:46,589 DEBUG      org.chromium.chrome.browser.ChromeTabbedActivity
2016-02-22 23:18:01,629 DEBUG      com.startapp.android.publish.OverlayActivity
2016-02-22 23:18:01,808 DEBUG      Cliked ImageView
2016-02-22 23:18:03,159 DEBUG      Cliked View
2016-02-22 23:18:16,619 DEBUG      org.chromium.chrome.browser.ChromeTabbedActivity
2016-02-22 23:18:36,387 DEBUG      com.startapp.android.publish.list3d.List3DActivity
2016-02-22 23:18:38,463 DEBUG      Cliked RelativeLayout
2016-02-22 23:18:51,321 DEBUG      org.chromium.chrome.browser.ChromeTabbedActivity
