2016-02-21 11:33:18,940 DEBUG      Port 9991 is not listen, don`t need close
2016-02-21 11:33:18,942 DEBUG      Goted sock info:
2016-02-21 11:33:18,942 DEBUG      {'username': u'support', 'ip': u'68.69.45.145', 'password': u'support', 'id': 7}
2016-02-21 11:33:24,029 DEBUG      Pid is 9759
2016-02-21 11:33:24,044 DEBUG      Pid is 9759
2016-02-21 11:33:24,044 INFO       Open new sock with PID: 9759
2016-02-21 11:33:27,142 DEBUG      Request time of id 7 :  3.09013605118
2016-02-21 11:33:27,143 DEBUG      Sock PID 9759 access Internet OK
2016-02-21 11:33:27,143 DEBUG      Updated socks id 7 lastcheck to  1456029207.14
2016-02-21 11:33:27,164 DEBUG      Pid is 9759
2016-02-21 11:33:28,177 DEBUG      Killed process 9759
2016-02-21 11:33:28,178 DEBUG      Goted sock info:
2016-02-21 11:33:28,178 DEBUG      {'username': u'm', 'ip': u'199.9.62.214', 'password': u'm', 'id': 21}
2016-02-21 11:33:30,212 DEBUG      Pid is 9831
2016-02-21 11:33:30,230 DEBUG      Pid is 9831
2016-02-21 11:33:30,230 INFO       Open new sock with PID: 9831
2016-02-21 11:33:31,169 DEBUG      Request time of id 21 :  0.930123090744
2016-02-21 11:33:31,170 DEBUG      Sock PID 9831 access Internet OK
2016-02-21 11:33:31,171 DEBUG      Updated socks id 21 lastcheck to  1456029211.17
2016-02-21 11:33:31,192 DEBUG      Pid is 9831
2016-02-21 11:33:32,203 DEBUG      Killed process 9831
2016-02-21 11:33:32,203 DEBUG      Goted sock info:
2016-02-21 11:33:32,204 DEBUG      {'username': u'sales', 'ip': u'12.154.134.36', 'password': u'sales', 'id': 31}
2016-02-21 11:33:36,272 DEBUG      Pid is 9911
2016-02-21 11:33:36,289 DEBUG      Pid is 9911
2016-02-21 11:33:36,289 INFO       Open new sock with PID: 9911
2016-02-21 11:33:37,033 DEBUG      Request time of id 31 :  0.73782491684
2016-02-21 11:33:37,033 DEBUG      Sock PID 9911 access Internet OK
2016-02-21 11:33:37,035 DEBUG      Updated socks id 31 lastcheck to  1456029217.03
2016-02-21 11:33:37,055 DEBUG      Pid is 9911
2016-02-21 11:38:55,821 ERROR      global name 'webdriver' is not defined
2016-02-21 11:38:55,821 ERROR      Can not start Appium
2016-02-21 11:43:22,823 DEBUG      Pid is 11591
2016-02-21 11:43:22,824 INFO       Start run new appium instance
2016-02-21 11:43:50,830 DEBUG      com.startapp.android.publish.OverlayActivity
2016-02-21 11:43:51,109 DEBUG      Cliked ImageView
2016-02-21 11:43:54,354 DEBUG      Cliked View
2016-02-21 11:43:58,245 ERROR      Check uiviewer
2016-02-21 11:44:15,397 DEBUG      com.google.android.finsky.activities.MainActivity
2016-02-21 11:44:20,403 DEBUG      Wait time to load PlayStore
2016-02-21 11:48:56,057 DEBUG      Pid is 11591
2016-02-21 11:48:56,057 INFO       Start run new appium instance
2016-02-21 11:49:23,501 DEBUG      com.startapp.android.publish.OverlayActivity
2016-02-21 11:49:23,651 DEBUG      Cliked ImageView
2016-02-21 11:49:25,998 DEBUG      Cliked Image
2016-02-21 11:49:28,137 ERROR      Check uiviewer
2016-02-21 11:49:44,448 DEBUG      com.google.android.apps.chrome.ChromeTabbedActivity
2016-02-21 11:50:27,342 ERROR      Message: A new session could not be created. (Original error: Requested a new session but one was in progress)

2016-02-21 11:50:27,342 ERROR      Can not start Appium
2016-02-21 11:51:35,900 DEBUG      Pid is 11591
2016-02-21 11:51:35,900 INFO       Start run new appium instance
2016-02-21 11:52:04,335 DEBUG      com.startapp.android.publish.FullScreenActivity
2016-02-21 11:52:05,029 DEBUG      Cliked View
2016-02-21 11:55:23,549 DEBUG      Pid is 11591
2016-02-21 11:55:23,549 INFO       Start run new appium instance
2016-02-21 11:56:17,737 ERROR      Message: A new session could not be created. (Original error: Requested a new session but one was in progress)

2016-02-21 11:56:17,737 ERROR      Can not start Appium
2016-02-21 11:57:59,258 ERROR      Message: A new session could not be created. (Original error: Requested a new session but one was in progress)

2016-02-21 11:57:59,258 ERROR      Can not start Appium
2016-02-21 12:00:00,758 ERROR      Message: A new session could not be created. (Original error: Requested a new session but one was in progress)

2016-02-21 12:00:00,759 ERROR      Can not start Appium
2016-02-21 12:00:05,776 ERROR      Message: A new session could not be created. (Original error: Requested a new session but one was in progress)

2016-02-21 12:00:05,776 ERROR      Can not start Appium
2016-02-21 12:00:10,797 ERROR      Message: A new session could not be created. (Original error: Requested a new session but one was in progress)

2016-02-21 12:00:10,798 ERROR      Can not start Appium
2016-02-21 12:00:15,817 ERROR      Message: A new session could not be created. (Original error: Requested a new session but one was in progress)

2016-02-21 12:00:15,817 ERROR      Can not start Appium
2016-02-21 12:00:39,511 ERROR      Message: A new session could not be created. (Original error: Requested a new session but one was in progress)

2016-02-21 12:00:39,511 ERROR      Can not start Appium
2016-02-21 12:00:44,536 ERROR      Message: A new session could not be created. (Original error: Requested a new session but one was in progress)

2016-02-21 12:00:44,537 ERROR      Can not start Appium
2016-02-21 12:00:49,561 ERROR      Message: A new session could not be created. (Original error: Requested a new session but one was in progress)

2016-02-21 12:00:49,561 ERROR      Can not start Appium
2016-02-21 12:00:54,584 ERROR      Message: A new session could not be created. (Original error: Requested a new session but one was in progress)

2016-02-21 12:00:54,585 ERROR      Can not start Appium
2016-02-21 12:00:59,633 ERROR      Message: A new session could not be created. (Original error: Requested a new session but one was in progress)

2016-02-21 12:00:59,634 ERROR      Can not start Appium
2016-02-21 12:01:04,654 ERROR      Message: A new session could not be created. (Original error: Requested a new session but one was in progress)

2016-02-21 12:01:04,654 ERROR      Can not start Appium
2016-02-21 12:01:09,674 ERROR      Message: A new session could not be created. (Original error: Requested a new session but one was in progress)

2016-02-21 12:01:09,675 ERROR      Can not start Appium
2016-02-21 12:01:13,838 ERROR      Message: A new session could not be created. (Original error: Requested a new session but one was in progress)

2016-02-21 12:01:13,838 ERROR      Can not start Appium
2016-02-21 12:01:18,850 ERROR      Message: A new session could not be created. (Original error: Requested a new session but one was in progress)

2016-02-21 12:01:18,850 ERROR      Can not start Appium
2016-02-21 12:01:25,028 ERROR      Message: A new session could not be created. (Original error: Requested a new session but one was in progress)

2016-02-21 12:01:25,028 ERROR      Can not start Appium
2016-02-21 12:01:30,039 ERROR      Message: A new session could not be created. (Original error: Requested a new session but one was in progress)

2016-02-21 12:01:30,039 ERROR      Can not start Appium
2016-02-21 12:01:51,148 ERROR      Message: A new session could not be created. (Original error: Requested a new session but one was in progress)

2016-02-21 12:01:51,148 ERROR      Can not start Appium
2016-02-21 12:05:35,223 ERROR      Message: A new session could not be created. (Original error: Requested a new session but one was in progress)

2016-02-21 12:05:35,223 ERROR      Can not start Appium
2016-02-21 12:05:40,229 ERROR      <urlopen error [Errno 111] Connection refused>
2016-02-21 12:05:40,229 ERROR      Can not start Appium
2016-02-21 12:05:55,599 DEBUG      Pid is 17791
2016-02-21 12:05:55,600 INFO       Start run new appium instance
2016-02-21 12:06:24,567 DEBUG      com.startapp.android.publish.OverlayActivity
2016-02-21 12:06:24,976 DEBUG      Cliked ImageView
2016-02-21 12:06:27,699 DEBUG      Cliked Image
2016-02-21 12:07:15,921 DEBUG      Pid is 17791
2016-02-21 12:07:15,922 INFO       Start run new appium instance
2016-02-21 12:07:43,326 DEBUG      com.startapp.android.publish.list3d.List3DActivity
2016-02-21 12:07:43,748 DEBUG      Cliked RelativeLayout
2016-02-21 12:08:02,552 DEBUG      com.google.android.finsky.activities.MainActivity
2016-02-21 12:08:07,558 DEBUG      Wait time to load PlayStore
2016-02-21 12:10:27,636 DEBUG      Pid is 17791
2016-02-21 12:10:27,636 INFO       Start run new appium instance
2016-02-21 12:52:59,231 ERROR      Not found ProxyDroid Switch
2016-02-21 12:53:51,609 ERROR      Not found ProxyDroid Switch
2016-02-21 12:53:51,628 DEBUG      Pid is 17791
2016-02-21 12:53:51,628 INFO       Start run new appium instance
2016-02-21 12:55:09,613 ERROR      Message: 

2016-02-21 12:55:09,614 ERROR      Can not start Appium
2016-02-21 12:55:21,349 ERROR      Message: 

2016-02-21 12:55:21,349 ERROR      Can not start Appium
2016-02-21 12:55:33,060 ERROR      Message: 

2016-02-21 12:55:33,061 ERROR      Can not start Appium
2016-02-21 12:57:38,767 ERROR      Message: A new session could not be created. (Original error: No app set; either start appium with --app or pass in an 'app' value in desired capabilities, or set androidPackage to launch pre-existing app on device)

2016-02-21 12:57:38,767 ERROR      Can not start Appium
2016-02-21 12:57:43,774 ERROR      <urlopen error [Errno 111] Connection refused>
2016-02-21 12:57:43,775 ERROR      Can not start Appium
2016-02-21 12:57:48,839 ERROR      Message: A new session could not be created. (Original error: No app set; either start appium with --app or pass in an 'app' value in desired capabilities, or set androidPackage to launch pre-existing app on device)

2016-02-21 12:57:48,839 ERROR      Can not start Appium
2016-02-21 12:57:53,869 ERROR      Message: A new session could not be created. (Original error: No app set; either start appium with --app or pass in an 'app' value in desired capabilities, or set androidPackage to launch pre-existing app on device)

2016-02-21 12:57:53,870 ERROR      Can not start Appium
2016-02-21 12:57:58,898 ERROR      Message: A new session could not be created. (Original error: No app set; either start appium with --app or pass in an 'app' value in desired capabilities, or set androidPackage to launch pre-existing app on device)

2016-02-21 12:57:58,899 ERROR      Can not start Appium
2016-02-21 12:58:03,959 ERROR      Message: A new session could not be created. (Original error: No app set; either start appium with --app or pass in an 'app' value in desired capabilities, or set androidPackage to launch pre-existing app on device)

2016-02-21 12:58:03,959 ERROR      Can not start Appium
2016-02-21 12:58:08,972 ERROR      <urlopen error [Errno 111] Connection refused>
2016-02-21 12:58:08,972 ERROR      Can not start Appium
2016-02-21 12:58:56,625 ERROR      Not found ProxyDroid Switch
2016-02-21 12:58:56,649 DEBUG      Pid is 17791
2016-02-21 12:58:56,650 INFO       Start run new appium instance
2016-02-21 13:00:09,178 ERROR      Not found ProxyDroid Switch
2016-02-21 13:00:11,076 DEBUG      Pid is 17791
2016-02-21 13:00:11,076 INFO       Start run new appium instance
2016-02-21 13:00:59,847 ERROR      <urlopen error [Errno 111] Connection refused>
2016-02-21 13:00:59,847 ERROR      Can not start Appium
2016-02-21 13:01:20,915 ERROR      Not found ProxyDroid Switch
2016-02-21 13:09:17,119 DEBUG      Turn on Proxy
2016-02-21 13:09:33,499 DEBUG      Turn on Proxy
2016-02-21 13:10:59,453 DEBUG      Turn on Proxy
2016-02-21 13:11:37,516 DEBUG      Turn on Proxy
2016-02-21 13:12:08,097 DEBUG      Turn on Proxy
2016-02-21 13:12:39,319 DEBUG      Proxy is off, don`t need off
2016-02-21 13:18:30,423 ERROR      Not found ProxyDroid Switch
2016-02-21 13:18:57,679 ERROR      Not found ProxyDroid Switch
2016-02-21 13:20:46,604 DEBUG      Turn on Proxy
2016-02-21 13:21:06,746 DEBUG      Turn on Proxy
