2016-02-24 19:19:02,613 DEBUG      Pid is 4606
2016-02-24 19:19:02,613 INFO       Start run new appium instance
2016-02-24 19:19:03,303 DEBUG      Not Home, try again
2016-02-24 19:19:11,700 DEBUG      This is Home Desktop
2016-02-24 19:19:13,259 ERROR      Called Proxy Droid
2016-02-24 19:19:13,956 DEBUG      Proxy is OFF
2016-02-24 19:19:14,188 DEBUG      Turn on Proxy
2016-02-24 19:19:15,916 DEBUG      Pid is 4606
2016-02-24 19:19:17,483 DEBUG      Pid is 4606
2016-02-24 19:19:18,296 DEBUG      Pid is 4606
2016-02-24 19:19:19,159 DEBUG      Pid is 4606
2016-02-24 19:19:30,985 DEBUG      com.startapp.android.publish.OverlayActivity
2016-02-24 19:19:31,225 DEBUG      Cliked ImageView
2016-02-24 19:19:32,811 DEBUG      Cliked View
2016-02-24 19:19:34,348 DEBUG      Pid is 4606
2016-02-24 19:19:45,609 DEBUG      com.android.internal.app.ResolverActivity
2016-02-24 19:19:45,739 DEBUG      Chrome chose default browser popup
2016-02-24 19:19:45,765 ERROR      Select Chrome error
2016-02-24 19:19:45,765 ERROR      Message: An element could not be located on the page using the given search parameters.

2016-02-24 19:19:47,233 DEBUG      Pid is 4606
2016-02-24 19:19:48,084 DEBUG      Pid is 4606
2016-02-24 19:19:48,890 DEBUG      Pid is 4606
2016-02-24 19:19:49,619 DEBUG      Pid is 4606
2016-02-24 19:20:01,336 DEBUG      com.startapp.android.publish.OverlayActivity
2016-02-24 19:20:01,571 DEBUG      Cliked ImageView
2016-02-24 19:20:03,537 DEBUG      Cliked View
2016-02-24 19:20:04,674 DEBUG      Pid is 4606
2016-02-24 19:20:16,551 DEBUG      com.android.internal.app.ResolverActivity
2016-02-24 19:20:16,684 DEBUG      Chrome chose default browser popup
2016-02-24 19:20:16,720 ERROR      Select Chrome error
2016-02-24 19:20:16,720 ERROR      Message: An element could not be located on the page using the given search parameters.

2016-02-24 19:20:18,160 DEBUG      Pid is 4606
2016-02-24 19:20:19,142 DEBUG      Pid is 4606
2016-02-24 19:20:19,962 DEBUG      Pid is 4606
2016-02-24 19:20:32,421 DEBUG      com.startapp.android.publish.OverlayActivity
2016-02-24 19:20:32,667 DEBUG      Cliked ImageView
2016-02-24 19:20:34,381 DEBUG      Cliked View
2016-02-24 19:20:35,524 DEBUG      Pid is 4606
2016-02-24 19:20:46,742 DEBUG      com.android.internal.app.ResolverActivity
2016-02-24 19:20:46,903 DEBUG      Chrome chose default browser popup
2016-02-24 19:20:46,925 ERROR      Select Chrome error
2016-02-24 19:20:46,925 ERROR      Message: An element could not be located on the page using the given search parameters.

2016-02-24 19:20:48,237 DEBUG      Pid is 4606
2016-02-24 19:20:49,219 DEBUG      Pid is 4606
2016-02-24 19:20:49,996 DEBUG      Pid is 4606
2016-02-24 19:21:03,809 DEBUG      .ProxyDroid
2016-02-24 19:21:06,010 DEBUG      Pid is 4606
2016-02-24 19:21:06,814 DEBUG      Pid is 4606
2016-02-24 19:21:07,652 DEBUG      Pid is 4606
2016-02-24 19:21:08,785 DEBUG      Pid is 4606
2016-02-24 19:21:09,845 DEBUG      Pid is 4606
2016-02-24 19:21:10,893 DEBUG      Pid is 4606
2016-02-24 19:21:12,066 DEBUG      Pid is 4606
2016-02-24 19:21:24,167 DEBUG      com.startapp.android.publish.list3d.List3DActivity
2016-02-24 19:21:24,805 DEBUG      Cliked RelativeLayout
2016-02-24 19:21:25,861 DEBUG      Pid is 4606
2016-02-24 19:21:37,903 DEBUG      com.android.internal.app.ResolverActivity
2016-02-24 19:21:38,028 DEBUG      Chrome chose default browser popup
2016-02-24 19:21:38,060 ERROR      Select Chrome error
2016-02-24 19:21:38,060 ERROR      Message: An element could not be located on the page using the given search parameters.

2016-02-24 19:21:39,511 DEBUG      Pid is 4606
2016-02-24 19:21:40,511 DEBUG      Pid is 4606
2016-02-24 19:21:41,292 DEBUG      Pid is 4606
2016-02-24 19:21:42,355 DEBUG      Pid is 4606
2016-02-24 19:21:55,144 DEBUG      com.startapp.android.publish.list3d.List3DActivity
2016-02-24 19:21:56,339 DEBUG      Cliked RelativeLayout
2016-02-24 19:21:57,484 DEBUG      Pid is 4606
2016-02-24 19:22:08,897 DEBUG      com.android.internal.app.ResolverActivity
2016-02-24 19:22:09,015 DEBUG      Chrome chose default browser popup
2016-02-24 19:22:09,043 ERROR      Select Chrome error
2016-02-24 19:22:09,043 ERROR      Message: An element could not be located on the page using the given search parameters.

2016-02-24 19:22:10,425 DEBUG      Pid is 4606
2016-02-24 19:22:11,423 DEBUG      Pid is 4606
2016-02-24 19:22:12,141 DEBUG      Pid is 4606
2016-02-24 19:22:25,179 DEBUG      com.startapp.android.publish.list3d.List3DActivity
2016-02-24 19:22:27,432 DEBUG      Cliked RelativeLayout
2016-02-24 19:22:28,723 DEBUG      Pid is 4606
2016-02-24 19:22:40,307 DEBUG      org.chromium.chrome.browser.ChromeTabbedActivity
2016-02-24 19:22:41,650 DEBUG      Pid is 4606
2016-02-24 19:22:42,436 DEBUG      Pid is 4606
2016-02-24 19:22:43,178 DEBUG      Pid is 4606
2016-02-24 19:22:55,112 DEBUG      com.startapp.android.publish.OverlayActivity
2016-02-24 19:22:55,348 DEBUG      Cliked ImageView
2016-02-24 19:22:56,541 DEBUG      Cliked View
2016-02-24 19:22:57,632 DEBUG      Pid is 4606
2016-02-24 19:23:09,220 DEBUG      com.google.android.finsky.activities.MainActivity
2016-02-24 19:23:09,404 DEBUG      Go to PlayStore
2016-02-24 19:23:14,601 DEBUG      Not Home, try again
2016-02-24 19:23:22,882 DEBUG      This is Home Desktop
2016-02-24 19:23:26,152 ERROR      Called PlayStore
2016-02-24 19:23:28,291 DEBUG      PlayStore is not ready
2016-02-24 19:23:28,762 DEBUG      PlayStore is ready
2016-02-24 19:23:28,763 DEBUG      Wait time to load PlayStore 0
2016-02-24 19:23:37,517 DEBUG      Wait app installed
2016-02-24 19:23:48,197 DEBUG      Wait app installed
2016-02-24 19:23:58,566 DEBUG      Wait app installed
2016-02-24 19:24:08,625 DEBUG      App installed OK
2016-02-24 19:24:08,695 DEBUG      App installed OK
2016-02-24 19:24:10,861 DEBUG      Not Home, try again
2016-02-24 19:24:19,385 DEBUG      This is Home Desktop
2016-02-24 19:24:19,990 ERROR      Called Proxy Droid
2016-02-24 19:24:21,368 DEBUG      Proxy is OFF
2016-02-24 19:24:21,683 DEBUG      Turn on Proxy
2016-02-24 19:24:24,625 DEBUG      Wait For new Sock
2016-02-24 19:25:24,702 DEBUG      Pid is 5709
2016-02-24 19:25:24,709 DEBUG      Appium wait too long!
2016-02-24 19:25:24,712 DEBUG      Delete session appium error
2016-02-24 19:25:36,997 DEBUG      Not Home, try again
2016-02-24 19:25:45,355 DEBUG      This is Home Desktop
2016-02-24 19:25:46,049 ERROR      Called Proxy Droid
2016-02-24 19:25:48,041 DEBUG      Proxy is ON
2016-02-24 19:25:48,041 DEBUG      Proxy is on, don`t need on
2016-02-24 19:25:49,288 DEBUG      Pid is 5709
2016-02-24 19:25:50,276 DEBUG      Pid is 5709
2016-02-24 19:25:51,018 DEBUG      Pid is 5709
2016-02-24 19:26:02,760 DEBUG      com.startapp.android.publish.OverlayActivity
2016-02-24 19:26:03,012 DEBUG      Cliked ImageView
2016-02-24 19:26:04,233 DEBUG      Cliked Image
2016-02-24 19:26:05,416 DEBUG      Pid is 5709
2016-02-24 19:26:17,354 DEBUG      com.google.android.finsky.activities.MainActivity
2016-02-24 19:26:17,574 DEBUG      Go to PlayStore
2016-02-24 19:26:22,694 DEBUG      Not Home, try again
2016-02-24 19:26:31,066 DEBUG      This is Home Desktop
2016-02-24 19:26:34,376 ERROR      Called PlayStore
2016-02-24 19:26:36,664 DEBUG      PlayStore is not ready
2016-02-24 19:26:36,921 DEBUG      PlayStore is ready
2016-02-24 19:26:36,922 DEBUG      Wait time to load PlayStore 0
2016-02-24 19:26:48,867 DEBUG      Wait app installed
2016-02-24 19:26:59,207 DEBUG      Wait app installed
2016-02-24 19:27:09,258 DEBUG      App installed OK
2016-02-24 19:27:09,304 DEBUG      App installed OK
2016-02-24 19:27:11,369 DEBUG      Not Home, try again
2016-02-24 19:27:19,647 DEBUG      This is Home Desktop
2016-02-24 19:27:20,270 ERROR      Called Proxy Droid
2016-02-24 19:27:21,607 DEBUG      Proxy is OFF
2016-02-24 19:27:21,832 DEBUG      Turn on Proxy
2016-02-24 19:27:24,653 DEBUG      Pid is 5709
2016-02-24 19:27:25,485 DEBUG      Pid is 5709
2016-02-24 19:27:26,271 DEBUG      Pid is 5709
2016-02-24 19:27:37,662 DEBUG      com.startapp.android.publish.OverlayActivity
2016-02-24 19:27:37,930 DEBUG      Cliked ImageView
2016-02-24 19:27:39,177 DEBUG      Cliked View
2016-02-24 19:27:43,022 DEBUG      Pid is 5709
2016-02-24 19:27:55,124 DEBUG      com.google.android.finsky.activities.MainActivity
2016-02-24 19:27:55,329 DEBUG      Go to PlayStore
2016-02-24 19:27:59,868 DEBUG      Not Home, try again
2016-02-24 19:28:08,352 DEBUG      This is Home Desktop
2016-02-24 19:28:11,629 ERROR      Called PlayStore
2016-02-24 19:28:13,946 DEBUG      PlayStore is not ready
2016-02-24 19:28:13,995 DEBUG      App not allow installed
2016-02-24 19:28:15,940 DEBUG      Not Home, try again
2016-02-24 19:28:24,512 DEBUG      This is Home Desktop
2016-02-24 19:28:25,101 ERROR      Called Proxy Droid
2016-02-24 19:28:27,068 DEBUG      Proxy is OFF
2016-02-24 19:28:27,313 DEBUG      Turn on Proxy
2016-02-24 19:28:30,372 DEBUG      Pid is 5709
2016-02-24 19:28:31,298 DEBUG      Pid is 5709
2016-02-24 19:28:32,004 DEBUG      Pid is 5709
2016-02-24 19:28:43,377 DEBUG      com.startapp.android.publish.OverlayActivity
2016-02-24 19:28:43,639 DEBUG      Cliked ImageView
2016-02-24 19:28:45,484 DEBUG      Cliked View
2016-02-24 19:28:47,950 DEBUG      Pid is 5709
2016-02-24 19:29:00,030 DEBUG      com.google.android.finsky.activities.MainActivity
2016-02-24 19:29:00,233 DEBUG      Go to PlayStore
2016-02-24 19:29:05,173 DEBUG      Not Home, try again
2016-02-24 19:29:13,690 DEBUG      This is Home Desktop
2016-02-24 19:29:16,967 ERROR      Called PlayStore
2016-02-24 19:29:19,102 DEBUG      PlayStore is not ready
2016-02-24 19:29:19,701 DEBUG      PlayStore is ready
2016-02-24 19:29:19,702 DEBUG      Wait time to load PlayStore 0
2016-02-24 19:29:29,377 DEBUG      Wait app installed
2016-02-24 19:29:39,451 DEBUG      App installed OK
2016-02-24 19:29:39,512 DEBUG      App installed OK
2016-02-24 19:29:41,685 DEBUG      Not Home, try again
2016-02-24 19:29:50,133 DEBUG      This is Home Desktop
2016-02-24 19:29:50,780 ERROR      Called Proxy Droid
2016-02-24 19:29:52,081 DEBUG      Proxy is OFF
2016-02-24 19:29:52,405 DEBUG      Turn on Proxy
2016-02-24 19:29:55,378 DEBUG      Pid is 5709
2016-02-24 19:29:56,372 DEBUG      Pid is 5709
2016-02-24 19:29:57,120 DEBUG      Pid is 5709
2016-02-24 19:30:08,801 DEBUG      com.startapp.android.publish.OverlayActivity
2016-02-24 19:30:09,068 DEBUG      Cliked ImageView
2016-02-24 19:30:10,364 DEBUG      Cliked View
2016-02-24 19:30:11,451 DEBUG      Wait For new Sock
2016-02-24 19:31:11,473 DEBUG      Pid is 9260
2016-02-24 19:31:11,481 DEBUG      Appium wait too long!
2016-02-24 19:31:11,486 DEBUG      Delete session appium error
2016-02-24 19:31:18,838 DEBUG      Not Home, try again
2016-02-24 19:31:27,294 DEBUG      This is Home Desktop
2016-02-24 19:31:27,958 ERROR      Called Proxy Droid
2016-02-24 19:31:29,283 DEBUG      Proxy is ON
2016-02-24 19:31:29,283 DEBUG      Proxy is on, don`t need on
2016-02-24 19:31:30,556 DEBUG      Pid is 9260
2016-02-24 19:31:31,465 DEBUG      Pid is 9260
2016-02-24 19:31:32,538 DEBUG      Pid is 9260
2016-02-24 19:31:43,790 DEBUG      com.startapp.android.publish.OverlayActivity
2016-02-24 19:31:44,075 DEBUG      Cliked ImageView
2016-02-24 19:31:45,607 DEBUG      Cliked View
2016-02-24 19:31:46,701 DEBUG      Pid is 9260
2016-02-24 19:31:58,156 DEBUG      com.google.android.finsky.activities.MainActivity
2016-02-24 19:31:58,371 DEBUG      Go to PlayStore
2016-02-24 19:32:03,781 DEBUG      Not Home, try again
2016-02-24 19:32:12,296 DEBUG      This is Home Desktop
2016-02-24 19:32:15,578 ERROR      Called PlayStore
2016-02-24 19:32:17,727 DEBUG      PlayStore is not ready
2016-02-24 19:32:18,303 DEBUG      PlayStore is ready
2016-02-24 19:32:18,303 DEBUG      Wait time to load PlayStore 0
2016-02-24 19:32:28,161 DEBUG      Wait app installed
2016-02-24 19:32:39,201 DEBUG      Wait app installed
2016-02-24 19:32:49,529 DEBUG      Wait app installed
2016-02-24 19:32:59,603 DEBUG      App installed OK
2016-02-24 19:32:59,652 DEBUG      App installed OK
2016-02-24 19:33:01,847 DEBUG      Not Home, try again
2016-02-24 19:33:10,173 DEBUG      This is Home Desktop
2016-02-24 19:33:10,807 ERROR      Called Proxy Droid
2016-02-24 19:33:12,210 DEBUG      Proxy is OFF
2016-02-24 19:33:12,461 DEBUG      Turn on Proxy
2016-02-24 19:33:15,239 DEBUG      Pid is 9260
2016-02-24 19:33:16,308 DEBUG      Pid is 9260
2016-02-24 19:33:17,416 DEBUG      Pid is 9260
2016-02-24 19:33:28,986 DEBUG      com.startapp.android.publish.OverlayActivity
2016-02-24 19:33:29,333 DEBUG      Cliked ImageView
2016-02-24 19:33:30,576 DEBUG      Cliked Image
2016-02-24 19:33:31,841 DEBUG      Pid is 9260
2016-02-24 19:33:43,633 DEBUG      org.chromium.chrome.browser.ChromeTabbedActivity
2016-02-24 19:33:45,192 DEBUG      Pid is 9260
2016-02-24 19:33:46,302 DEBUG      Pid is 9260
2016-02-24 19:33:47,212 DEBUG      Pid is 9260
2016-02-24 19:33:58,401 DEBUG      com.startapp.android.publish.OverlayActivity
2016-02-24 19:33:58,685 DEBUG      Cliked ImageView
2016-02-24 19:33:59,990 DEBUG      Cliked View
2016-02-24 19:34:01,592 DEBUG      Pid is 9260
2016-02-24 19:34:13,204 DEBUG      com.google.android.finsky.activities.MainActivity
2016-02-24 19:34:13,415 DEBUG      Go to PlayStore
2016-02-24 19:34:18,301 DEBUG      Not Home, try again
2016-02-24 19:34:26,629 DEBUG      This is Home Desktop
2016-02-24 19:34:29,918 ERROR      Called PlayStore
2016-02-24 19:34:32,252 DEBUG      PlayStore is not ready
2016-02-24 19:34:32,504 DEBUG      PlayStore is ready
2016-02-24 19:34:32,505 DEBUG      Wait time to load PlayStore 0
2016-02-24 19:34:42,021 DEBUG      Wait app installed
2016-02-24 19:34:52,170 DEBUG      Wait app installed
2016-02-24 19:35:02,227 DEBUG      App installed OK
2016-02-24 19:35:02,270 DEBUG      App installed OK
2016-02-24 19:35:04,286 DEBUG      Not Home, try again
2016-02-24 19:35:12,326 DEBUG      This is Home Desktop
2016-02-24 19:35:13,327 ERROR      Called Proxy Droid
2016-02-24 19:35:14,775 DEBUG      Proxy is OFF
2016-02-24 19:35:15,539 DEBUG      Turn on Proxy
2016-02-24 19:35:18,495 DEBUG      Pid is 9260
2016-02-24 19:35:19,619 DEBUG      Pid is 9260
2016-02-24 19:35:20,694 DEBUG      Pid is 9260
2016-02-24 19:35:32,772 DEBUG      com.startapp.android.publish.OverlayActivity
2016-02-24 19:35:32,952 DEBUG      Cliked ImageView
2016-02-24 19:35:34,124 DEBUG      Cliked Image
2016-02-24 19:35:41,437 DEBUG      Cliked View
2016-02-24 19:35:41,804 DEBUG      Pid is 9260
2016-02-24 19:35:53,851 DEBUG      com.google.android.finsky.activities.MainActivity
2016-02-24 19:35:54,055 DEBUG      Go to PlayStore
2016-02-24 19:35:59,611 DEBUG      Not Home, try again
2016-02-24 19:36:08,036 DEBUG      This is Home Desktop
2016-02-24 19:36:11,361 ERROR      Called PlayStore
2016-02-24 19:36:13,502 DEBUG      PlayStore is not ready
2016-02-24 19:36:14,019 DEBUG      PlayStore is ready
2016-02-24 19:36:14,020 DEBUG      Wait time to load PlayStore 0
2016-02-24 19:36:23,071 DEBUG      Wait app installed
2016-02-24 19:36:33,707 DEBUG      Wait app installed
2016-02-24 19:36:44,096 DEBUG      Wait app installed
2016-02-24 19:36:54,607 DEBUG      Wait app installed
2016-02-24 19:37:04,660 DEBUG      App installed OK
2016-02-24 19:37:04,716 DEBUG      App installed OK
2016-02-24 19:37:06,966 DEBUG      Not Home, try again
2016-02-24 19:37:15,446 DEBUG      This is Home Desktop
2016-02-24 19:37:16,147 ERROR      Called Proxy Droid
2016-02-24 19:37:17,541 DEBUG      Proxy is OFF
2016-02-24 19:37:17,820 DEBUG      Turn on Proxy
2016-02-24 19:37:20,705 DEBUG      Wait For new Sock
2016-02-24 19:38:20,725 DEBUG      Wait For new Sock
2016-02-24 19:39:20,747 DEBUG      Wait For new Sock
2016-02-24 19:40:20,821 DEBUG      Wait For new Sock
2016-02-24 19:41:20,901 DEBUG      Pid is 13090
2016-02-24 19:41:20,950 DEBUG      Appium wait too long!
2016-02-24 19:41:31,426 DEBUG      Not Home, try again
2016-02-24 19:41:39,813 DEBUG      This is Home Desktop
2016-02-24 19:41:40,590 ERROR      Called Proxy Droid
2016-02-24 19:41:41,939 DEBUG      Proxy is ON
2016-02-24 19:41:41,939 DEBUG      Proxy is on, don`t need on
2016-02-24 19:41:43,395 DEBUG      Pid is 13090
2016-02-24 19:41:44,496 DEBUG      Pid is 13090
2016-02-24 19:41:45,313 DEBUG      Pid is 13090
2016-02-24 19:41:57,366 DEBUG      com.startapp.android.publish.OverlayActivity
2016-02-24 19:41:57,565 DEBUG      Cliked ImageView
2016-02-24 19:41:58,737 DEBUG      Cliked Image
2016-02-24 19:41:59,894 DEBUG      Pid is 13090
2016-02-24 19:42:11,117 DEBUG      com.android.internal.app.ResolverActivity
2016-02-24 19:42:11,280 DEBUG      Chrome chose default browser popup
2016-02-24 19:42:11,314 ERROR      Select Chrome error
2016-02-24 19:42:11,314 ERROR      Message: An element could not be located on the page using the given search parameters.

2016-02-24 19:42:12,750 DEBUG      Pid is 13090
2016-02-24 19:42:13,729 DEBUG      Pid is 13090
2016-02-24 19:42:14,568 DEBUG      Pid is 13090
2016-02-24 19:42:25,733 DEBUG      com.startapp.android.publish.OverlayActivity
2016-02-24 19:42:25,929 DEBUG      Cliked ImageView
2016-02-24 19:42:27,078 DEBUG      Cliked Image
2016-02-24 19:42:28,231 DEBUG      Pid is 13090
2016-02-24 19:42:39,405 DEBUG      com.android.internal.app.ResolverActivity
2016-02-24 19:42:39,541 DEBUG      Chrome chose default browser popup
2016-02-24 19:42:39,571 ERROR      Select Chrome error
2016-02-24 19:42:39,571 ERROR      Message: An element could not be located on the page using the given search parameters.

2016-02-24 19:42:41,052 DEBUG      Pid is 13090
2016-02-24 19:42:42,229 DEBUG      Pid is 13090
2016-02-24 19:42:43,229 DEBUG      Pid is 13090
2016-02-24 19:42:54,527 DEBUG      com.startapp.android.publish.OverlayActivity
2016-02-24 19:42:54,734 DEBUG      Cliked ImageView
2016-02-24 19:42:55,884 DEBUG      Cliked Image
2016-02-24 19:42:57,151 DEBUG      Pid is 13090
2016-02-24 19:43:08,905 DEBUG      com.android.internal.app.ResolverActivity
2016-02-24 19:43:09,042 DEBUG      Chrome chose default browser popup
2016-02-24 19:43:09,076 ERROR      Select Chrome error
2016-02-24 19:43:09,076 ERROR      Message: An element could not be located on the page using the given search parameters.

2016-02-24 19:43:10,539 DEBUG      Pid is 13090
2016-02-24 19:43:11,616 DEBUG      Pid is 13090
2016-02-24 19:43:12,418 DEBUG      Pid is 13090
2016-02-24 19:43:23,842 DEBUG      com.startapp.android.publish.OverlayActivity
2016-02-24 19:43:24,033 DEBUG      Cliked ImageView
2016-02-24 19:43:25,172 DEBUG      Cliked Image
2016-02-24 19:43:26,404 DEBUG      Pid is 13090
2016-02-24 19:43:38,174 DEBUG      com.android.internal.app.ResolverActivity
2016-02-24 19:43:38,316 DEBUG      Chrome chose default browser popup
2016-02-24 19:43:38,349 ERROR      Select Chrome error
2016-02-24 19:43:38,349 ERROR      Message: An element could not be located on the page using the given search parameters.

2016-02-24 19:43:39,850 DEBUG      Pid is 13090
2016-02-24 19:43:40,946 DEBUG      Pid is 13090
2016-02-24 19:43:41,923 DEBUG      Pid is 13090
2016-02-24 19:43:53,060 DEBUG      com.startapp.android.publish.OverlayActivity
2016-02-24 19:43:53,282 DEBUG      Cliked ImageView
2016-02-24 19:43:54,552 DEBUG      Cliked Image
2016-02-24 19:43:55,785 DEBUG      Pid is 13090
2016-02-24 19:44:07,823 DEBUG      com.android.internal.app.ResolverActivity
2016-02-24 19:44:07,941 DEBUG      Chrome chose default browser popup
2016-02-24 19:44:07,976 ERROR      Select Chrome error
2016-02-24 19:44:07,976 ERROR      Message: An element could not be located on the page using the given search parameters.

2016-02-24 19:44:09,231 DEBUG      Pid is 13090
2016-02-24 19:44:10,176 DEBUG      Pid is 13090
2016-02-24 19:44:10,933 DEBUG      Pid is 13090
2016-02-24 19:44:22,220 DEBUG      com.startapp.android.publish.OverlayActivity
2016-02-24 19:44:22,449 DEBUG      Cliked ImageView
2016-02-24 19:44:23,605 DEBUG      Cliked Image
2016-02-24 19:44:24,783 DEBUG      Pid is 13090
2016-02-24 19:44:36,902 DEBUG      com.android.internal.app.ResolverActivity
2016-02-24 19:44:37,026 DEBUG      Chrome chose default browser popup
2016-02-24 19:44:37,065 ERROR      Select Chrome error
2016-02-24 19:44:37,065 ERROR      Message: An element could not be located on the page using the given search parameters.

2016-02-24 19:44:38,416 DEBUG      Pid is 13090
2016-02-24 19:44:39,573 DEBUG      Pid is 13090
2016-02-24 19:44:40,942 DEBUG      Pid is 13090
2016-02-24 19:44:52,040 DEBUG      com.startapp.android.publish.OverlayActivity
2016-02-24 19:44:52,254 DEBUG      Cliked ImageView
2016-02-24 19:44:53,533 DEBUG      Cliked Image
2016-02-24 19:44:54,743 DEBUG      Pid is 13090
2016-02-24 19:45:06,854 DEBUG      com.android.internal.app.ResolverActivity
2016-02-24 19:45:07,005 DEBUG      Chrome chose default browser popup
2016-02-24 19:45:07,043 ERROR      Select Chrome error
2016-02-24 19:45:07,043 ERROR      Message: An element could not be located on the page using the given search parameters.

2016-02-24 19:45:08,323 DEBUG      Pid is 13090
2016-02-24 19:45:09,359 DEBUG      Pid is 13090
2016-02-24 19:45:10,185 DEBUG      Pid is 13090
2016-02-24 19:45:21,745 DEBUG      com.startapp.android.publish.OverlayActivity
2016-02-24 19:45:21,969 DEBUG      Cliked ImageView
2016-02-24 19:45:23,138 DEBUG      Cliked Image
2016-02-24 19:45:24,366 DEBUG      Pid is 13090
2016-02-24 19:45:36,266 DEBUG      com.android.internal.app.ResolverActivity
2016-02-24 19:45:36,403 DEBUG      Chrome chose default browser popup
2016-02-24 19:45:36,433 ERROR      Select Chrome error
2016-02-24 19:45:36,434 ERROR      Message: An element could not be located on the page using the given search parameters.

2016-02-24 19:45:37,839 DEBUG      Pid is 13090
2016-02-24 19:45:38,835 DEBUG      Pid is 13090
2016-02-24 19:45:39,559 DEBUG      Pid is 13090
2016-02-24 19:45:50,929 DEBUG      com.startapp.android.publish.OverlayActivity
2016-02-24 19:45:51,124 DEBUG      Cliked ImageView
2016-02-24 19:45:52,307 DEBUG      Cliked Image
2016-02-24 19:45:53,434 DEBUG      Wait For new Sock
2016-02-24 19:46:53,517 DEBUG      Pid is 14368
2016-02-24 19:46:53,522 DEBUG      Appium wait too long!
2016-02-24 19:46:53,525 DEBUG      Delete session appium error
2016-02-24 19:53:03,336 ERROR      Message: 

2016-02-24 19:53:03,337 ERROR      Can not start Appium
2016-02-24 19:53:15,032 ERROR      Message: 

2016-02-24 19:53:15,032 ERROR      Can not start Appium
2016-02-24 19:53:26,868 ERROR      Message: 

2016-02-24 19:53:26,868 ERROR      Can not start Appium
2016-02-24 19:53:39,288 ERROR      Message: 

2016-02-24 19:53:39,288 ERROR      Can not start Appium
2016-02-24 19:53:51,067 ERROR      Message: 

2016-02-24 19:53:51,067 ERROR      Can not start Appium
2016-02-24 19:53:56,070 ERROR      <urlopen error [Errno 111] Connection refused>
2016-02-24 19:53:56,073 ERROR      Can not start Appium
2016-02-24 19:54:10,846 DEBUG      Pid is 14653
2016-02-24 19:54:10,846 INFO       Start run new appium instance
2016-02-24 19:54:24,692 ERROR      Message: A new session could not be created. (Original error: Requested a new session but one was in progress)

2016-02-24 19:54:24,692 ERROR      Can not start Appium
2016-02-24 19:54:29,713 ERROR      Message: A new session could not be created. (Original error: Requested a new session but one was in progress)

2016-02-24 19:54:29,714 ERROR      Can not start Appium
2016-02-24 19:54:34,721 ERROR      <urlopen error [Errno 111] Connection refused>
2016-02-24 19:54:34,721 ERROR      Can not start Appium
2016-02-24 19:54:51,406 DEBUG      Pid is 14653
2016-02-24 19:54:51,407 INFO       Start run new appium instance
2016-02-24 19:54:52,629 DEBUG      Not Home, try again
2016-02-24 19:55:01,018 DEBUG      This is Home Desktop
2016-02-24 19:55:02,608 ERROR      Called Proxy Droid
2016-02-24 19:55:03,401 DEBUG      Proxy is OFF
2016-02-24 19:55:03,758 DEBUG      Turn on Proxy
2016-02-24 19:55:05,479 DEBUG      Pid is 14653
2016-02-24 19:55:06,717 DEBUG      Pid is 14653
2016-02-24 19:55:07,653 DEBUG      Pid is 14653
2016-02-24 19:55:19,265 DEBUG      com.startapp.android.publish.OverlayActivity
2016-02-24 19:55:19,655 DEBUG      Cliked ImageView
2016-02-24 19:55:20,809 DEBUG      Cliked Image
2016-02-24 19:55:25,637 DEBUG      Pid is 14653
2016-02-24 19:55:37,218 DEBUG      com.google.android.finsky.activities.MainActivity
2016-02-24 19:55:37,421 DEBUG      Go to PlayStore
2016-02-24 19:55:42,386 DEBUG      Not Home, try again
2016-02-24 19:55:50,936 DEBUG      This is Home Desktop
2016-02-24 19:55:54,294 ERROR      Called PlayStore
2016-02-24 19:55:56,483 DEBUG      PlayStore is not ready
2016-02-24 19:55:57,005 DEBUG      PlayStore is ready
2016-02-24 19:55:57,005 DEBUG      Wait time to load PlayStore 0
2016-02-24 19:56:06,240 DEBUG      App installed OK
2016-02-24 19:56:06,318 DEBUG      App installed OK
2016-02-24 19:56:08,480 DEBUG      Not Home, try again
2016-02-24 19:56:17,000 DEBUG      This is Home Desktop
2016-02-24 19:56:17,703 ERROR      Called Proxy Droid
2016-02-24 19:56:18,991 DEBUG      Proxy is OFF
2016-02-24 19:56:19,292 DEBUG      Turn on Proxy
2016-02-24 19:56:22,333 DEBUG      Wait For new Sock
2016-02-24 19:57:22,407 DEBUG      Wait For new Sock
2016-02-24 19:58:22,467 DEBUG      Wait For new Sock
2016-02-24 19:59:22,500 DEBUG      Wait For new Sock
2016-02-24 20:02:49,372 DEBUG      Pid is 18957
2016-02-24 20:02:49,372 INFO       Start run new appium instance
2016-02-24 20:02:55,221 DEBUG      Not Home, try again
2016-02-24 20:03:03,517 DEBUG      This is Home Desktop
2016-02-24 20:03:04,180 ERROR      Called Proxy Droid
2016-02-24 20:03:05,620 DEBUG      Proxy is ON
2016-02-24 20:03:05,620 DEBUG      Proxy is on, don`t need on
2016-02-24 20:03:07,041 DEBUG      Pid is 18957
2016-02-24 20:03:07,990 DEBUG      Pid is 18957
2016-02-24 20:03:08,737 DEBUG      Pid is 18957
2016-02-24 20:03:20,349 DEBUG      com.startapp.android.publish.OverlayActivity
2016-02-24 20:03:20,683 DEBUG      Cliked ImageView
2016-02-24 20:03:21,940 DEBUG      Cliked Image
2016-02-24 20:03:23,302 DEBUG      Pid is 18957
2016-02-24 20:03:35,363 DEBUG      com.android.internal.app.ResolverActivity
2016-02-24 20:03:35,516 DEBUG      Chrome chose default browser popup
2016-02-24 20:03:35,549 ERROR      Select Chrome error
2016-02-24 20:03:35,549 ERROR      Message: An element could not be located on the page using the given search parameters.

2016-02-24 20:03:36,979 DEBUG      Pid is 18957
2016-02-24 20:03:37,715 DEBUG      Pid is 18957
2016-02-24 20:03:38,522 DEBUG      Pid is 18957
2016-02-24 20:03:49,975 DEBUG      com.startapp.android.publish.OverlayActivity
2016-02-24 20:03:50,243 DEBUG      Cliked ImageView
2016-02-24 20:03:51,473 DEBUG      Cliked Image
2016-02-24 20:03:52,637 DEBUG      Pid is 18957
2016-02-24 20:04:04,664 DEBUG      com.android.internal.app.ResolverActivity
2016-02-24 20:04:04,778 DEBUG      Chrome chose default browser popup
2016-02-24 20:04:04,818 ERROR      Select Chrome error
2016-02-24 20:04:04,818 ERROR      Message: An element could not be located on the page using the given search parameters.

2016-02-24 20:04:06,328 DEBUG      Pid is 18957
2016-02-24 20:04:07,315 DEBUG      Pid is 18957
2016-02-24 20:04:08,057 DEBUG      Pid is 18957
2016-02-24 20:04:08,877 DEBUG      Pid is 18957
2016-02-24 20:04:20,922 DEBUG      com.startapp.android.publish.OverlayActivity
2016-02-24 20:04:21,225 DEBUG      Cliked ImageView
2016-02-24 20:04:22,462 DEBUG      Cliked Image
2016-02-24 20:04:23,863 DEBUG      Pid is 18957
2016-02-24 20:04:36,012 DEBUG      com.android.internal.app.ResolverActivity
2016-02-24 20:04:36,169 DEBUG      Chrome chose default browser popup
2016-02-24 20:04:36,212 ERROR      Select Chrome error
2016-02-24 20:04:36,213 ERROR      Message: An element could not be located on the page using the given search parameters.

2016-02-24 20:04:37,726 DEBUG      Pid is 18957
2016-02-24 20:04:38,649 DEBUG      Pid is 18957
2016-02-24 20:04:39,427 DEBUG      Pid is 18957
2016-02-24 20:04:50,914 DEBUG      com.startapp.android.publish.OverlayActivity
2016-02-24 20:04:51,278 DEBUG      Cliked ImageView
2016-02-24 20:04:52,463 DEBUG      Cliked Image
2016-02-24 20:04:53,841 DEBUG      Pid is 18957
2016-02-24 20:05:05,743 DEBUG      com.android.internal.app.ResolverActivity
2016-02-24 20:05:05,906 DEBUG      Chrome chose default browser popup
2016-02-24 20:05:05,936 ERROR      Select Chrome error
2016-02-24 20:05:05,937 ERROR      Message: An element could not be located on the page using the given search parameters.

2016-02-24 20:05:07,425 DEBUG      Pid is 18957
2016-02-24 20:05:08,216 DEBUG      Pid is 18957
2016-02-24 20:05:08,978 DEBUG      Pid is 18957
2016-02-24 20:05:20,481 DEBUG      com.startapp.android.publish.OverlayActivity
2016-02-24 20:05:20,776 DEBUG      Cliked ImageView
2016-02-24 20:05:21,990 DEBUG      Cliked Image
2016-02-24 20:05:23,220 DEBUG      Pid is 18957
2016-02-24 20:05:34,328 DEBUG      com.android.internal.app.ResolverActivity
2016-02-24 20:05:34,457 DEBUG      Chrome chose default browser popup
2016-02-24 20:05:34,487 ERROR      Select Chrome error
2016-02-24 20:05:34,487 ERROR      Message: An element could not be located on the page using the given search parameters.

2016-02-24 20:05:35,948 DEBUG      Pid is 18957
2016-02-24 20:05:36,912 DEBUG      Pid is 18957
2016-02-24 20:05:37,694 DEBUG      Pid is 18957
2016-02-24 20:05:49,860 DEBUG      com.startapp.android.publish.OverlayActivity
2016-02-24 20:05:50,172 DEBUG      Cliked ImageView
2016-02-24 20:05:51,438 DEBUG      Cliked Image
2016-02-24 20:05:52,768 DEBUG      Pid is 18957
2016-02-24 20:06:07,228 DEBUG      org.chromium.chrome.browser.ChromeTabbedActivity
2016-02-24 20:06:08,551 DEBUG      Pid is 18957
2016-02-24 20:06:09,577 DEBUG      Pid is 18957
2016-02-24 20:06:10,328 DEBUG      Pid is 18957
2016-02-24 20:06:22,051 DEBUG      com.startapp.android.publish.OverlayActivity
2016-02-24 20:06:22,329 DEBUG      Cliked ImageView
2016-02-24 20:06:23,706 DEBUG      Cliked View
2016-02-24 20:06:24,829 DEBUG      Pid is 18957
2016-02-24 20:06:36,019 DEBUG      com.android.internal.app.ResolverActivity
2016-02-24 20:06:36,165 DEBUG      Chrome chose default browser popup
2016-02-24 20:06:36,199 ERROR      Select Chrome error
2016-02-24 20:06:36,200 ERROR      Message: An element could not be located on the page using the given search parameters.

2016-02-24 20:06:37,479 DEBUG      Pid is 18957
2016-02-24 20:06:38,505 DEBUG      Pid is 18957
2016-02-24 20:06:39,269 DEBUG      Pid is 18957
2016-02-24 20:06:40,019 DEBUG      Pid is 18957
2016-02-24 20:06:51,882 DEBUG      com.startapp.android.publish.OverlayActivity
2016-02-24 20:06:52,157 DEBUG      Cliked ImageView
2016-02-24 20:06:53,531 DEBUG      Cliked View
2016-02-24 20:06:54,601 DEBUG      Pid is 18957
2016-02-24 20:07:05,740 DEBUG      com.android.internal.app.ResolverActivity
2016-02-24 20:07:05,890 DEBUG      Chrome chose default browser popup
2016-02-24 20:07:05,917 ERROR      Select Chrome error
2016-02-24 20:07:05,917 ERROR      Message: An element could not be located on the page using the given search parameters.

2016-02-24 20:07:07,190 DEBUG      Pid is 18957
2016-02-24 20:07:08,013 DEBUG      Pid is 18957
2016-02-24 20:07:08,704 DEBUG      Pid is 18957
2016-02-24 20:07:20,635 DEBUG      com.startapp.android.publish.OverlayActivity
2016-02-24 20:07:20,897 DEBUG      Cliked ImageView
2016-02-24 20:07:22,229 DEBUG      Cliked View
2016-02-24 20:07:23,471 DEBUG      Pid is 18957
2016-02-24 20:07:35,239 DEBUG      com.android.internal.app.ResolverActivity
2016-02-24 20:07:35,383 DEBUG      Chrome chose default browser popup
2016-02-24 20:07:35,422 ERROR      Select Chrome error
2016-02-24 20:07:35,422 ERROR      Message: An element could not be located on the page using the given search parameters.

2016-02-24 20:07:36,713 DEBUG      Pid is 18957
2016-02-24 20:07:37,670 DEBUG      Pid is 18957
2016-02-24 20:07:38,672 DEBUG      Pid is 18957
2016-02-24 20:07:39,709 DEBUG      Pid is 18957
2016-02-24 20:07:40,799 DEBUG      Pid is 18957
2016-02-24 20:07:41,907 DEBUG      Pid is 18957
2016-02-24 20:07:42,971 DEBUG      Pid is 18957
2016-02-24 20:07:44,043 DEBUG      Pid is 18957
2016-02-24 20:07:45,117 DEBUG      Pid is 18957
2016-02-24 20:07:46,206 DEBUG      Pid is 18957
2016-02-24 20:07:47,293 DEBUG      Pid is 18957
2016-02-24 20:07:48,377 DEBUG      Pid is 18957
2016-02-24 20:07:49,450 DEBUG      Pid is 18957
2016-02-24 20:07:50,501 DEBUG      Wait For new Sock 0
2016-02-24 20:08:20,582 DEBUG      Wait For new Sock 1
2016-02-24 20:08:50,673 DEBUG      Wait For new Sock 2
2016-02-24 20:09:20,824 DEBUG      Wait For new Sock 3
2016-02-24 20:09:50,919 DEBUG      Wait For new Sock 4
2016-02-24 20:10:21,020 DEBUG      Pid is 21023
2016-02-24 20:10:24,083 DEBUG      Pid is 21023
2016-02-24 20:10:27,148 DEBUG      Pid is 21023
2016-02-24 20:10:30,201 DEBUG      Pid is 21023
2016-02-24 20:10:33,256 DEBUG      Pid is 21023
2016-02-24 20:10:36,315 DEBUG      Pid is 21023
2016-02-24 20:10:39,364 DEBUG      Pid is 21023
2016-02-24 20:10:42,421 DEBUG      Pid is 21023
2016-02-24 20:10:42,635 DEBUG      Pid is 21023
2016-02-24 20:10:43,391 DEBUG      Pid is 21023
2016-02-24 20:10:44,431 DEBUG      Pid is 21023
2016-02-24 20:10:45,453 DEBUG      Pid is 21023
2016-02-24 20:10:49,401 DEBUG      Pid is 21023
2016-02-24 20:10:52,453 DEBUG      Pid is 21023
2016-02-24 20:10:55,499 DEBUG      Pid is 21023
2016-02-24 20:10:58,554 DEBUG      Pid is 21023
2016-02-24 20:11:01,612 DEBUG      Pid is 21023
2016-02-24 20:11:04,668 DEBUG      Pid is 21023
2016-02-24 20:11:07,728 DEBUG      Pid is 21023
2016-02-24 20:11:10,780 DEBUG      Pid is 21023
2016-02-24 20:11:13,833 DEBUG      Pid is 21023
2016-02-24 20:11:16,895 DEBUG      Pid is 21023
2016-02-24 20:11:19,958 DEBUG      Pid is 21023
2016-02-24 20:11:23,057 DEBUG      Pid is 21023
2016-02-24 20:11:26,108 DEBUG      Pid is 21023
2016-02-24 20:11:29,155 DEBUG      Pid is 21023
2016-02-24 20:11:32,212 DEBUG      Pid is 21023
2016-02-24 20:11:35,270 DEBUG      Pid is 21023
2016-02-24 20:11:38,320 DEBUG      Pid is 21023
2016-02-24 20:11:41,377 DEBUG      Pid is 21023
2016-02-24 20:11:44,435 DEBUG      Pid is 21023
2016-02-24 20:11:47,481 DEBUG      Pid is 21023
2016-02-24 20:11:50,533 DEBUG      Pid is 21023
2016-02-24 20:11:53,593 DEBUG      Pid is 21023
2016-02-24 20:11:56,638 DEBUG      Pid is 21023
2016-02-24 20:11:59,694 DEBUG      Pid is 21023
2016-02-24 20:12:02,749 DEBUG      Pid is 21023
2016-02-24 20:12:05,798 DEBUG      Pid is 21023
2016-02-24 20:12:06,816 DEBUG      Killed process 21023
2016-02-24 20:12:06,817 DEBUG      Goted sock info:
2016-02-24 20:12:06,817 DEBUG      {'username': u'admin', 'ip': u'197.243.48.18', 'password': u'admin', 'id': 538}
2016-02-24 20:12:16,989 ERROR      Error, can not open new sock
2016-02-24 20:12:16,997 DEBUG      Updated socks id 538 staus to  False
2016-02-24 20:12:16,998 DEBUG      Updated socks id 538 lastcheck to  1456319537.0
2016-02-24 20:12:17,012 DEBUG      Wait For new Sock 5
2016-02-24 20:12:47,193 DEBUG      Wait For new Sock 6
2016-02-24 20:13:17,403 DEBUG      Wait For new Sock 7
2016-02-24 20:13:47,481 DEBUG      Wait For new Sock 8
2016-02-24 20:14:17,654 DEBUG      Wait For new Sock 9
2016-02-24 20:14:47,763 DEBUG      Wait For new Sock 10
2016-02-24 20:15:17,872 DEBUG      Pid is 22970
2016-02-24 20:15:20,935 DEBUG      Pid is 22970
2016-02-24 20:15:23,986 DEBUG      Pid is 22970
2016-02-24 20:15:27,037 DEBUG      Pid is 22970
2016-02-24 20:15:30,094 DEBUG      Pid is 22970
2016-02-24 20:15:33,154 DEBUG      Pid is 22970
2016-02-24 20:15:36,201 DEBUG      Pid is 22970
2016-02-24 20:15:39,249 DEBUG      Pid is 22970
2016-02-24 20:15:42,301 DEBUG      Pid is 22970
2016-02-24 20:15:45,345 DEBUG      Pid is 22970
2016-02-24 20:15:48,393 DEBUG      Pid is 22970
2016-02-24 20:15:51,454 DEBUG      Pid is 22970
2016-02-24 20:15:54,540 DEBUG      Pid is 22970
2016-02-24 20:15:57,588 DEBUG      Pid is 22970
2016-02-24 20:16:00,642 DEBUG      Pid is 22970
2016-02-24 20:16:03,694 DEBUG      Pid is 22970
2016-02-24 20:16:06,741 DEBUG      Pid is 22970
2016-02-24 20:16:09,799 DEBUG      Pid is 22970
2016-02-24 20:16:12,861 DEBUG      Pid is 22970
2016-02-24 20:16:15,920 DEBUG      Pid is 22970
2016-02-24 20:16:18,968 DEBUG      Pid is 22970
2016-02-24 20:16:22,017 DEBUG      Pid is 22970
2016-02-24 20:16:25,067 DEBUG      Pid is 22970
2016-02-24 20:16:26,196 DEBUG      Pid is 22970
2016-02-24 20:16:27,284 DEBUG      Pid is 22970
2016-02-24 20:16:28,070 DEBUG      Pid is 22970
2016-02-24 20:16:29,125 DEBUG      Pid is 22970
2016-02-24 20:16:40,707 DEBUG      com.startapp.android.publish.OverlayActivity
2016-02-24 20:16:40,946 DEBUG      Cliked ImageView
2016-02-24 20:16:42,495 DEBUG      Cliked View
2016-02-24 20:16:44,337 DEBUG      Pid is 22970
2016-02-24 20:16:55,881 DEBUG      com.google.android.finsky.activities.MainActivity
2016-02-24 20:16:55,956 DEBUG      Go to PlayStore
2016-02-24 20:17:00,905 DEBUG      Not Home, try again
2016-02-24 20:17:09,393 DEBUG      This is Home Desktop
2016-02-24 20:17:12,686 ERROR      Called PlayStore
2016-02-24 20:17:14,739 DEBUG      PlayStore is not ready
2016-02-24 20:17:14,943 DEBUG      PlayStore is ready
2016-02-24 20:17:14,943 DEBUG      Wait time to load PlayStore 0
2016-02-24 20:17:16,012 DEBUG      Wait time to load PlayStore 1
2016-02-24 20:17:17,213 DEBUG      Wait time to load PlayStore 2
2016-02-24 20:17:18,314 DEBUG      Wait time to load PlayStore 3
2016-02-24 20:17:19,426 DEBUG      Wait time to load PlayStore 4
2016-02-24 20:17:20,462 DEBUG      Wait time to load PlayStore 5
2016-02-24 20:17:21,540 DEBUG      Wait time to load PlayStore 6
2016-02-24 20:17:22,573 DEBUG      Wait time to load PlayStore 7
2016-02-24 20:17:23,659 DEBUG      Wait time to load PlayStore 8
2016-02-24 20:17:24,761 DEBUG      Wait time to load PlayStore 9
2016-02-24 20:17:25,809 DEBUG      Wait time to load PlayStore 10
2016-02-24 20:17:26,848 DEBUG      Wait time to load PlayStore 11
2016-02-24 20:17:27,903 DEBUG      Wait time to load PlayStore 12
2016-02-24 20:17:28,991 DEBUG      Wait time to load PlayStore 13
2016-02-24 20:17:30,031 DEBUG      Wait time to load PlayStore 14
2016-02-24 20:17:31,075 DEBUG      Wait time to load PlayStore 15
2016-02-24 20:17:32,199 DEBUG      Wait time to load PlayStore 16
2016-02-24 20:17:33,291 DEBUG      Wait time to load PlayStore 17
2016-02-24 20:17:34,377 DEBUG      Wait time to load PlayStore 18
2016-02-24 20:17:35,468 DEBUG      Wait time to load PlayStore 19
2016-02-24 20:17:36,525 DEBUG      Wait time to load PlayStore 20
2016-02-24 20:17:37,611 DEBUG      Wait time to load PlayStore 21
2016-02-24 20:17:38,685 DEBUG      Wait time to load PlayStore 22
2016-02-24 20:17:39,898 DEBUG      Wait time to load PlayStore 23
2016-02-24 20:17:40,987 DEBUG      Wait time to load PlayStore 24
2016-02-24 20:17:42,027 DEBUG      Wait time to load PlayStore 25
2016-02-24 20:17:43,067 DEBUG      Wait time to load PlayStore 26
2016-02-24 20:17:44,156 DEBUG      Wait time to load PlayStore 27
2016-02-24 20:17:45,204 DEBUG      Wait time to load PlayStore 28
2016-02-24 20:17:46,252 DEBUG      Wait time to load PlayStore 29
2016-02-24 20:17:47,348 ERROR      Can not install from PlayStore, back to main app
2016-02-24 20:17:50,201 DEBUG      Killed playstore
2016-02-24 20:17:52,570 DEBUG      Not Home, try again
2016-02-24 20:18:01,309 DEBUG      This is Home Desktop
2016-02-24 20:18:01,963 ERROR      Called Proxy Droid
2016-02-24 20:18:03,280 DEBUG      Proxy is OFF
2016-02-24 20:18:04,254 DEBUG      Turn on Proxy
2016-02-24 20:18:07,179 DEBUG      Pid is 22970
2016-02-24 20:18:08,147 DEBUG      Pid is 22970
2016-02-24 20:18:08,904 DEBUG      Pid is 22970
2016-02-24 20:18:09,609 DEBUG      Pid is 22970
2016-02-24 20:18:20,918 DEBUG      com.startapp.android.publish.OverlayActivity
2016-02-24 20:18:21,337 DEBUG      Cliked ImageView
2016-02-24 20:18:22,583 DEBUG      Cliked Image
2016-02-24 20:18:23,842 DEBUG      Pid is 22970
2016-02-24 20:18:35,474 DEBUG      com.startapp.android.publish.OverlayActivity
2016-02-24 20:18:35,938 DEBUG      Cliked ImageView
2016-02-24 20:18:37,521 DEBUG      Pid is 22970
2016-02-24 20:18:48,988 DEBUG      com.android.internal.app.ResolverActivity
2016-02-24 20:18:49,138 DEBUG      Chrome chose default browser popup
2016-02-24 20:18:49,171 ERROR      Select Chrome error
2016-02-24 20:18:49,172 ERROR      Message: An element could not be located on the page using the given search parameters.

2016-02-24 20:18:50,792 DEBUG      Pid is 22970
2016-02-24 20:18:51,795 DEBUG      Pid is 22970
2016-02-24 20:18:52,557 DEBUG      Pid is 22970
2016-02-24 20:18:53,367 DEBUG      Pid is 22970
2016-02-24 20:19:05,097 DEBUG      com.android.internal.app.ResolverActivity
2016-02-24 20:19:05,227 DEBUG      Chrome chose default browser popup
2016-02-24 20:19:05,251 ERROR      Select Chrome error
2016-02-24 20:19:05,251 ERROR      Message: An element could not be located on the page using the given search parameters.

2016-02-24 20:19:06,743 DEBUG      Pid is 22970
2016-02-24 20:19:07,702 DEBUG      Pid is 22970
2016-02-24 20:19:08,457 DEBUG      Pid is 22970
2016-02-24 20:19:19,763 DEBUG      com.startapp.android.publish.OverlayActivity
2016-02-24 20:19:19,977 DEBUG      Cliked ImageView
2016-02-24 20:19:21,374 DEBUG      Cliked Image
2016-02-24 20:19:22,521 DEBUG      Pid is 22970
2016-02-24 20:19:33,813 DEBUG      com.startapp.android.publish.OverlayActivity
2016-02-24 20:19:34,570 DEBUG      Cliked ImageView
2016-02-24 20:19:36,083 DEBUG      Pid is 22970
2016-02-24 20:19:48,018 DEBUG      com.android.internal.app.ResolverActivity
2016-02-24 20:19:48,171 DEBUG      Chrome chose default browser popup
2016-02-24 20:19:48,205 ERROR      Select Chrome error
2016-02-24 20:19:48,205 ERROR      Message: An element could not be located on the page using the given search parameters.

2016-02-24 20:19:49,511 DEBUG      Pid is 22970
2016-02-24 20:19:50,457 DEBUG      Pid is 22970
2016-02-24 20:19:51,231 DEBUG      Pid is 22970
2016-02-24 20:20:02,474 DEBUG      com.startapp.android.publish.OverlayActivity
2016-02-24 20:20:02,656 DEBUG      Cliked ImageView
2016-02-24 20:20:03,931 DEBUG      Cliked Image
2016-02-24 20:20:05,021 DEBUG      Pid is 22970
2016-02-24 20:20:17,092 DEBUG      com.google.android.finsky.activities.MainActivity
2016-02-24 20:20:17,305 DEBUG      Go to PlayStore
2016-02-24 20:20:22,982 DEBUG      Not Home, try again
2016-02-24 20:20:31,724 DEBUG      This is Home Desktop
2016-02-24 20:20:35,032 ERROR      Called PlayStore
2016-02-24 20:20:37,201 DEBUG      PlayStore is not ready
2016-02-24 20:20:37,246 DEBUG      App not allow installed
2016-02-24 20:20:39,389 DEBUG      Not Home, try again
2016-02-24 20:20:48,023 DEBUG      This is Home Desktop
2016-02-24 20:20:48,631 ERROR      Called Proxy Droid
2016-02-24 20:20:50,368 DEBUG      Proxy is OFF
2016-02-24 20:20:50,616 DEBUG      Turn on Proxy
2016-02-24 20:20:53,757 DEBUG      Pid is 24442
2016-02-24 20:20:54,768 DEBUG      Pid is 24442
2016-02-24 20:20:55,516 DEBUG      Pid is 24442
2016-02-24 20:20:56,234 DEBUG      Pid is 24442
2016-02-24 20:21:07,962 DEBUG      com.google.android.finsky.activities.MainActivity
2016-02-24 20:21:08,175 DEBUG      Go to PlayStore
2016-02-24 20:21:13,449 DEBUG      Not Home, try again
2016-02-24 20:21:22,282 DEBUG      This is Home Desktop
2016-02-24 20:21:25,549 ERROR      Called PlayStore
2016-02-24 20:21:27,766 DEBUG      PlayStore is not ready
2016-02-24 20:21:27,827 DEBUG      App not allow installed
2016-02-24 20:21:30,024 DEBUG      Not Home, try again
2016-02-24 20:21:38,855 DEBUG      This is Home Desktop
2016-02-24 20:21:39,401 ERROR      Called Proxy Droid
2016-02-24 20:21:40,840 DEBUG      Proxy is OFF
2016-02-24 20:21:41,035 DEBUG      Turn on Proxy
2016-02-24 20:21:43,988 DEBUG      Pid is 24442
2016-02-24 20:21:44,802 DEBUG      Pid is 24442
2016-02-24 20:21:46,171 DEBUG      Pid is 24442
2016-02-24 20:21:57,845 DEBUG      com.startapp.android.publish.OverlayActivity
2016-02-24 20:21:58,094 DEBUG      Cliked ImageView
2016-02-24 20:21:59,405 DEBUG      Cliked View
2016-02-24 20:22:01,491 DEBUG      Pid is 24442
2016-02-24 20:22:13,666 DEBUG      com.google.android.finsky.activities.MainActivity
2016-02-24 20:22:13,862 DEBUG      Go to PlayStore
2016-02-24 20:22:18,944 DEBUG      Not Home, try again
2016-02-24 20:22:27,505 DEBUG      This is Home Desktop
2016-02-24 20:22:30,774 ERROR      Called PlayStore
2016-02-24 20:22:32,982 DEBUG      PlayStore is not ready
2016-02-24 20:22:33,036 DEBUG      App not allow installed
2016-02-24 20:22:35,323 DEBUG      Not Home, try again
2016-02-24 20:22:44,093 DEBUG      This is Home Desktop
2016-02-24 20:22:44,702 ERROR      Called Proxy Droid
2016-02-24 20:22:46,578 DEBUG      Proxy is OFF
2016-02-24 20:22:46,831 DEBUG      Turn on Proxy
2016-02-24 20:22:50,056 DEBUG      Pid is 24442
2016-02-24 20:22:51,029 DEBUG      Pid is 24442
2016-02-24 20:22:51,875 DEBUG      Pid is 24442
2016-02-24 20:22:52,736 DEBUG      Pid is 24442
2016-02-24 20:23:04,733 DEBUG      com.startapp.android.publish.OverlayActivity
2016-02-24 20:23:05,090 DEBUG      Cliked ImageView
2016-02-24 20:23:07,478 DEBUG      Cliked View
2016-02-24 20:23:08,602 DEBUG      Pid is 24442
2016-02-24 20:23:20,024 DEBUG      org.chromium.chrome.browser.ChromeTabbedActivity
2016-02-24 20:23:21,535 DEBUG      Pid is 24442
2016-02-24 20:23:22,529 DEBUG      Pid is 24442
2016-02-24 20:23:23,347 DEBUG      Pid is 24442
2016-02-24 20:23:24,428 DEBUG      Pid is 24442
2016-02-24 20:23:25,507 DEBUG      Pid is 24442
2016-02-24 20:23:26,543 DEBUG      Pid is 24442
2016-02-24 20:23:27,693 DEBUG      Pid is 24442
2016-02-24 20:23:28,800 DEBUG      Pid is 24442
2016-02-24 20:23:29,879 DEBUG      Pid is 24442
2016-02-24 20:23:30,965 DEBUG      Pid is 24442
2016-02-24 20:23:32,058 DEBUG      Pid is 24442
2016-02-24 20:23:33,131 DEBUG      Pid is 24442
2016-02-24 20:23:34,249 DEBUG      Pid is 24442
2016-02-24 20:23:35,327 DEBUG      Pid is 24442
2016-02-24 20:23:36,416 DEBUG      Pid is 24442
2016-02-24 20:23:47,720 DEBUG      com.startapp.android.publish.OverlayActivity
2016-02-24 20:23:47,909 DEBUG      Cliked ImageView
2016-02-24 20:23:49,154 DEBUG      Cliked Image
2016-02-24 20:23:50,343 DEBUG      Pid is 24442
2016-02-24 20:24:01,493 DEBUG      com.startapp.android.publish.OverlayActivity
2016-02-24 20:24:01,990 DEBUG      Cliked ImageView
2016-02-24 20:24:03,498 DEBUG      Pid is 24442
2016-02-24 20:24:15,186 DEBUG      org.chromium.chrome.browser.ChromeTabbedActivity
2016-02-24 20:24:16,708 DEBUG      Pid is 24442
2016-02-24 20:24:17,716 DEBUG      Pid is 24442
2016-02-24 20:24:18,540 DEBUG      Pid is 24442
2016-02-24 20:24:19,652 DEBUG      Pid is 24442
2016-02-24 20:24:20,747 DEBUG      Pid is 24442
2016-02-24 20:24:21,854 DEBUG      Pid is 24442
2016-02-24 20:24:22,939 DEBUG      Pid is 24442
2016-02-24 20:24:23,982 DEBUG      Pid is 24442
2016-02-24 20:24:25,060 DEBUG      Pid is 24442
2016-02-24 20:24:26,145 DEBUG      Pid is 24442
2016-02-24 20:24:27,201 DEBUG      Pid is 24442
2016-02-24 20:24:28,273 DEBUG      Pid is 24442
2016-02-24 20:24:29,360 DEBUG      Pid is 24442
2016-02-24 20:24:30,427 DEBUG      Pid is 24442
2016-02-24 20:24:31,547 DEBUG      Pid is 24442
2016-02-24 20:24:32,590 DEBUG      Pid is 24442
2016-02-24 20:25:07,269 DEBUG      Pid is 24442
2016-02-24 20:25:07,270 INFO       Start run new appium instance
2016-02-24 20:25:11,842 DEBUG      Not Home, try again
2016-02-24 20:25:20,512 DEBUG      This is Home Desktop
2016-02-24 20:25:21,205 ERROR      Called Proxy Droid
2016-02-24 20:25:22,653 DEBUG      Proxy is ON
2016-02-24 20:25:22,653 DEBUG      Proxy is on, don`t need on
2016-02-24 20:25:24,107 DEBUG      Pid is 24442
2016-02-24 20:25:25,160 DEBUG      Pid is 24442
2016-02-24 20:25:25,972 DEBUG      Pid is 24442
2016-02-24 20:25:27,069 DEBUG      Pid is 24442
2016-02-24 20:25:28,153 DEBUG      Pid is 24442
2016-02-24 20:25:29,187 DEBUG      Wait For new Sock 0
2016-02-24 20:25:59,341 DEBUG      Pid is 26049
2016-02-24 20:25:59,536 DEBUG      Pid is 26049
2016-02-24 20:26:00,275 DEBUG      Pid is 26049
2016-02-24 20:26:01,307 DEBUG      Pid is 26049
2016-02-24 20:26:02,395 DEBUG      Pid is 26049
2016-02-24 20:26:03,502 DEBUG      Pid is 26049
2016-02-24 20:26:04,546 DEBUG      Pid is 26049
2016-02-24 20:26:05,664 DEBUG      Pid is 26049
2016-02-24 20:26:06,733 DEBUG      Pid is 26049
2016-02-24 20:26:07,808 DEBUG      Pid is 26049
2016-02-24 20:26:08,881 DEBUG      Pid is 26049
2016-02-24 20:26:09,965 DEBUG      Pid is 26049
2016-02-24 20:26:11,059 DEBUG      Pid is 26049
2016-02-24 20:26:12,141 DEBUG      Pid is 26049
2016-02-24 20:26:12,934 DEBUG      Pid is 26049
2016-02-24 20:26:14,004 DEBUG      Pid is 26049
2016-02-24 20:26:15,107 DEBUG      Pid is 26049
2016-02-24 20:26:16,190 DEBUG      Pid is 26049
2016-02-24 20:26:17,254 DEBUG      Pid is 26049
2016-02-24 20:26:18,340 DEBUG      Pid is 26049
2016-02-24 20:26:19,436 DEBUG      Pid is 26049
2016-02-24 20:26:20,516 DEBUG      Pid is 26049
2016-02-24 20:26:21,597 DEBUG      Pid is 26049
2016-02-24 20:26:22,678 DEBUG      Pid is 26049
2016-02-24 20:26:23,751 DEBUG      Pid is 26049
2016-02-24 20:26:24,850 DEBUG      Pid is 26049
2016-02-24 20:26:25,931 DEBUG      Pid is 26049
2016-02-24 20:26:27,019 DEBUG      Pid is 26049
2016-02-24 20:26:28,110 DEBUG      Pid is 26049
2016-02-24 20:26:29,172 DEBUG      Pid is 26049
2016-02-24 20:26:30,239 DEBUG      Pid is 26049
2016-02-24 20:26:31,362 DEBUG      Pid is 26049
2016-02-24 20:26:32,457 DEBUG      Pid is 26049
2016-02-24 20:26:33,529 DEBUG      Pid is 26049
2016-02-24 20:26:34,627 DEBUG      Pid is 26049
2016-02-24 20:26:35,672 DEBUG      Pid is 26049
2016-02-24 20:26:36,769 DEBUG      Pid is 26049
2016-02-24 20:26:37,834 DEBUG      Pid is 26049
2016-02-24 20:26:38,888 DEBUG      Pid is 26049
2016-02-24 20:26:39,955 DEBUG      Pid is 26049
2016-02-24 20:26:41,021 DEBUG      Pid is 26049
2016-02-24 20:26:42,110 DEBUG      Pid is 26049
2016-02-24 20:26:43,228 DEBUG      Pid is 26049
2016-02-24 20:26:44,331 DEBUG      Pid is 26049
2016-02-24 20:26:45,418 DEBUG      Pid is 26049
2016-02-24 20:26:46,476 DEBUG      Pid is 26049
2016-02-24 20:26:47,494 DEBUG      Killed process 26049
2016-02-24 20:26:47,496 DEBUG      Goted sock info:
2016-02-24 20:26:47,496 DEBUG      {'username': u'admin', 'ip': u'161.0.62.62', 'password': u'admin', 'id': 545}
2016-02-24 20:26:57,661 ERROR      Error, can not open new sock
2016-02-24 20:26:57,669 DEBUG      Updated socks id 545 staus to  False
2016-02-24 20:26:57,670 DEBUG      Updated socks id 545 lastcheck to  1456320417.67
2016-02-24 20:26:57,681 DEBUG      Wait For new Sock 1
2016-02-24 20:27:27,770 DEBUG      Wait For new Sock 2
2016-02-24 20:27:57,857 DEBUG      Wait For new Sock 3
2016-02-24 20:28:27,928 DEBUG      Wait For new Sock 4
2016-02-24 20:28:58,058 DEBUG      Wait For new Sock 5
2016-02-24 20:29:28,216 DEBUG      Wait For new Sock 6
2016-02-24 20:29:58,302 DEBUG      Wait For new Sock 7
2016-02-24 20:30:28,435 DEBUG      Wait For new Sock 8
2016-02-24 20:30:58,725 DEBUG      Wait For new Sock 9
2016-02-24 20:31:28,795 DEBUG      Wait For new Sock 10
2016-02-24 20:31:58,864 DEBUG      Pid is 28047
2016-02-24 20:31:59,063 DEBUG      Pid is 28047
2016-02-24 20:31:59,816 DEBUG      Pid is 28047
2016-02-24 20:32:00,921 DEBUG      Pid is 28047
2016-02-24 20:32:02,028 DEBUG      Pid is 28047
2016-02-24 20:32:03,129 DEBUG      Pid is 28047
2016-02-24 20:32:15,225 DEBUG      com.startapp.android.publish.OverlayActivity
2016-02-24 20:32:15,406 DEBUG      Cliked ImageView
2016-02-24 20:32:16,676 DEBUG      Cliked Image
2016-02-24 20:32:21,952 DEBUG      Cliked View
2016-02-24 20:32:22,015 DEBUG      Pid is 28047
2016-02-24 20:32:33,217 DEBUG      com.google.android.finsky.activities.MainActivity
2016-02-24 20:32:33,422 DEBUG      Go to PlayStore
2016-02-24 20:32:38,596 DEBUG      Not Home, try again
2016-02-24 20:32:47,569 DEBUG      This is Home Desktop
2016-02-24 20:32:48,070 ERROR      Called PlayStore
2016-02-24 20:32:50,261 DEBUG      PlayStore is not ready
2016-02-24 20:32:50,966 DEBUG      PlayStore is ready
2016-02-24 20:32:50,967 DEBUG      Wait time to load PlayStore 0
2016-02-24 20:32:59,426 DEBUG      Wait app installed
2016-02-24 20:33:10,262 DEBUG      Wait app installed
2016-02-24 20:33:22,013 DEBUG      Wait app installed
2016-02-24 20:33:32,327 DEBUG      Wait app installed
2016-02-24 20:33:42,710 DEBUG      Wait app installed
2016-02-24 20:33:52,765 DEBUG      App installed OK
2016-02-24 20:33:52,809 DEBUG      App installed OK
2016-02-24 20:33:55,106 DEBUG      Not Home, try again
2016-02-24 20:34:03,637 DEBUG      This is Home Desktop
2016-02-24 20:34:04,303 ERROR      Called Proxy Droid
2016-02-24 20:34:05,675 DEBUG      Proxy is OFF
2016-02-24 20:34:05,948 DEBUG      Turn on Proxy
2016-02-24 20:34:09,057 DEBUG      Pid is 28047
2016-02-24 20:34:10,095 DEBUG      Pid is 28047
2016-02-24 20:34:10,825 DEBUG      Pid is 28047
2016-02-24 20:34:22,198 DEBUG      com.startapp.android.publish.OverlayActivity
2016-02-24 20:34:22,391 DEBUG      Cliked ImageView
2016-02-24 20:34:23,485 DEBUG      Cliked Image
2016-02-24 20:34:24,775 DEBUG      Pid is 28047
2016-02-24 20:34:36,902 DEBUG      com.google.android.finsky.activities.MainActivity
2016-02-24 20:34:37,107 DEBUG      Go to PlayStore
2016-02-24 20:34:42,153 DEBUG      Not Home, try again
2016-02-24 20:34:51,022 DEBUG      This is Home Desktop
2016-02-24 20:34:54,291 ERROR      Called PlayStore
2016-02-24 20:34:56,440 DEBUG      PlayStore is not ready
2016-02-24 20:34:56,947 DEBUG      PlayStore is ready
2016-02-24 20:34:56,947 DEBUG      Wait time to load PlayStore 0
2016-02-24 20:35:07,085 DEBUG      Wait app installed
2016-02-24 20:35:18,057 DEBUG      Wait app installed
2016-02-24 20:35:28,191 DEBUG      Wait app installed
2016-02-24 20:35:38,284 DEBUG      App installed OK
2016-02-24 20:35:38,356 DEBUG      App installed OK
2016-02-24 20:35:40,461 DEBUG      Not Home, try again
2016-02-24 20:35:49,223 DEBUG      This is Home Desktop
2016-02-24 20:35:49,953 ERROR      Called Proxy Droid
2016-02-24 20:35:51,928 DEBUG      Proxy is OFF
2016-02-24 20:35:52,202 DEBUG      Turn on Proxy
2016-02-24 20:35:55,324 DEBUG      Pid is 28047
2016-02-24 20:35:56,393 DEBUG      Pid is 28047
2016-02-24 20:35:57,146 DEBUG      Pid is 28047
2016-02-24 20:36:09,333 DEBUG      com.startapp.android.publish.OverlayActivity
2016-02-24 20:36:09,624 DEBUG      Cliked ImageView
2016-02-24 20:36:10,872 DEBUG      Cliked Image
2016-02-24 20:36:12,319 DEBUG      Pid is 28047
2016-02-24 20:36:23,546 DEBUG      org.chromium.chrome.browser.ChromeTabbedActivity
2016-02-24 20:36:55,169 DEBUG      Wait For new Sock 0
2016-02-24 20:37:25,330 DEBUG      Pid is 29115
2016-02-24 20:37:25,523 DEBUG      Pid is 29115
2016-02-24 20:37:26,287 DEBUG      Pid is 29115
2016-02-24 20:37:37,561 DEBUG      com.startapp.android.publish.OverlayActivity
2016-02-24 20:37:37,750 DEBUG      Cliked ImageView
2016-02-24 20:37:38,993 DEBUG      Cliked Image
2016-02-24 20:37:40,166 DEBUG      Pid is 29115
2016-02-24 20:37:51,419 DEBUG      com.google.android.finsky.activities.MainActivity
2016-02-24 20:37:51,619 DEBUG      Go to PlayStore
2016-02-24 20:37:56,891 DEBUG      Not Home, try again
2016-02-24 20:38:05,895 DEBUG      This is Home Desktop
2016-02-24 20:38:09,164 ERROR      Called PlayStore
2016-02-24 20:38:11,294 DEBUG      PlayStore is not ready
2016-02-24 20:38:11,759 DEBUG      PlayStore is ready
2016-02-24 20:38:11,759 DEBUG      Wait time to load PlayStore 0
2016-02-24 20:38:22,111 DEBUG      Wait app installed
2016-02-24 20:38:32,175 DEBUG      App installed OK
2016-02-24 20:38:32,225 DEBUG      App installed OK
2016-02-24 20:38:34,300 DEBUG      Not Home, try again
2016-02-24 20:38:43,111 DEBUG      This is Home Desktop
2016-02-24 20:38:43,866 ERROR      Called Proxy Droid
2016-02-24 20:38:45,201 DEBUG      Proxy is OFF
2016-02-24 20:38:45,589 DEBUG      Turn on Proxy
2016-02-24 20:38:48,801 DEBUG      Pid is 29115
2016-02-24 20:38:49,798 DEBUG      Pid is 29115
2016-02-24 20:38:50,479 DEBUG      Pid is 29115
2016-02-24 20:39:02,105 DEBUG      com.startapp.android.publish.OverlayActivity
2016-02-24 20:39:02,388 DEBUG      Cliked ImageView
2016-02-24 20:39:03,683 DEBUG      Cliked View
2016-02-24 20:39:04,807 DEBUG      Pid is 29115
2016-02-24 20:39:16,903 DEBUG      org.chromium.chrome.browser.ChromeTabbedActivity
2016-02-24 20:39:48,256 DEBUG      Pid is 29115
2016-02-24 20:39:49,310 DEBUG      Pid is 29115
2016-02-24 20:39:50,066 DEBUG      Pid is 29115
2016-02-24 20:40:02,088 DEBUG      com.startapp.android.publish.OverlayActivity
2016-02-24 20:40:02,372 DEBUG      Cliked ImageView
2016-02-24 20:40:03,972 DEBUG      Cliked View
2016-02-24 20:40:05,081 DEBUG      Pid is 29115
2016-02-24 20:40:17,216 DEBUG      com.google.android.finsky.activities.MainActivity
2016-02-24 20:40:17,434 DEBUG      Go to PlayStore
2016-02-24 20:40:22,535 DEBUG      Not Home, try again
2016-02-24 20:40:31,129 DEBUG      This is Home Desktop
2016-02-24 20:40:34,754 ERROR      Called PlayStore
2016-02-24 20:40:36,900 DEBUG      PlayStore is not ready
2016-02-24 20:40:36,956 DEBUG      App not allow installed
2016-02-24 20:40:39,353 DEBUG      Not Home, try again
2016-02-24 20:40:48,275 DEBUG      This is Home Desktop
2016-02-24 20:40:48,949 ERROR      Called Proxy Droid
2016-02-24 20:40:51,030 DEBUG      Proxy is OFF
2016-02-24 20:40:51,294 DEBUG      Turn on Proxy
2016-02-24 20:40:54,487 DEBUG      Pid is 29115
2016-02-24 20:40:55,351 DEBUG      Pid is 29115
2016-02-24 20:40:56,098 DEBUG      Pid is 29115
2016-02-24 20:41:07,704 DEBUG      com.startapp.android.publish.OverlayActivity
2016-02-24 20:41:07,895 DEBUG      Cliked ImageView
2016-02-24 20:41:09,538 DEBUG      Cliked Image
2016-02-24 20:41:12,427 DEBUG      Cliked View
2016-02-24 20:41:13,247 DEBUG      Pid is 29115
2016-02-24 20:41:25,098 DEBUG      com.google.android.finsky.activities.MainActivity
2016-02-24 20:41:25,296 DEBUG      Go to PlayStore
2016-02-24 20:41:31,010 DEBUG      Not Home, try again
2016-02-24 20:41:40,184 DEBUG      This is Home Desktop
2016-02-24 20:41:43,521 ERROR      Called PlayStore
2016-02-24 20:41:45,636 DEBUG      PlayStore is not ready
2016-02-24 20:41:46,146 DEBUG      PlayStore is ready
2016-02-24 20:41:46,147 DEBUG      Wait time to load PlayStore 0
2016-02-24 20:41:55,717 DEBUG      Wait app installed
2016-02-24 20:42:06,822 DEBUG      Wait app installed
2016-02-24 20:42:17,906 DEBUG      Wait app installed
2016-02-24 20:42:28,141 DEBUG      App installed OK
2016-02-24 20:42:28,216 DEBUG      App installed OK
2016-02-24 20:42:30,650 DEBUG      Not Home, try again
2016-02-24 20:42:39,532 DEBUG      This is Home Desktop
2016-02-24 20:42:40,202 ERROR      Called Proxy Droid
2016-02-24 20:42:41,656 DEBUG      Proxy is OFF
2016-02-24 20:42:41,979 DEBUG      Turn on Proxy
2016-02-24 20:42:45,587 DEBUG      Pid is 29115
2016-02-24 20:42:46,551 DEBUG      Pid is 29115
2016-02-24 20:42:47,287 DEBUG      Pid is 29115
2016-02-24 20:42:48,109 DEBUG      Pid is 29115
2016-02-24 20:42:59,506 DEBUG      com.startapp.android.publish.OverlayActivity
2016-02-24 20:42:59,785 DEBUG      Cliked ImageView
2016-02-24 20:43:01,149 DEBUG      Cliked View
2016-02-24 20:43:02,240 DEBUG      Pid is 29115
2016-02-24 20:43:13,927 DEBUG      com.google.android.finsky.activities.MainActivity
2016-02-24 20:43:14,184 DEBUG      Go to PlayStore
2016-02-24 20:43:20,131 DEBUG      Not Home, try again
2016-02-24 20:43:29,440 DEBUG      This is Home Desktop
2016-02-24 20:43:32,768 ERROR      Called PlayStore
2016-02-24 20:43:34,906 DEBUG      PlayStore is not ready
2016-02-24 20:43:34,959 DEBUG      App not allow installed
2016-02-24 20:43:37,409 DEBUG      Not Home, try again
2016-02-24 20:43:46,671 DEBUG      This is Home Desktop
2016-02-24 20:43:47,404 ERROR      Called Proxy Droid
2016-02-24 20:43:48,841 DEBUG      Proxy is OFF
2016-02-24 20:43:49,146 DEBUG      Turn on Proxy
2016-02-24 20:43:52,881 DEBUG      Pid is 29115
2016-02-24 20:43:57,567 DEBUG      Pid is 29115
2016-02-24 20:43:58,393 DEBUG      Pid is 29115
2016-02-24 20:44:09,731 DEBUG      com.startapp.android.publish.OverlayActivity
2016-02-24 20:44:10,242 DEBUG      Cliked ImageView
2016-02-24 20:44:11,438 DEBUG      Cliked Image
2016-02-24 20:44:12,757 DEBUG      Pid is 29115
2016-02-24 20:44:24,559 DEBUG      com.startapp.android.publish.OverlayActivity
2016-02-24 20:44:25,485 DEBUG      Cliked ImageView
2016-02-24 20:44:27,035 DEBUG      Cliked View
2016-02-24 20:44:30,684 DEBUG      Cliked WebView
2016-02-24 20:44:30,708 DEBUG      Pid is 29115
2016-02-24 20:44:42,170 DEBUG      org.chromium.chrome.browser.ChromeTabbedActivity
2016-02-24 20:45:13,530 DEBUG      Pid is 29115
2016-02-24 20:45:14,513 DEBUG      Pid is 29115
2016-02-24 20:45:15,235 DEBUG      Pid is 29115
2016-02-24 20:45:26,647 DEBUG      com.startapp.android.publish.OverlayActivity
2016-02-24 20:45:26,924 DEBUG      Cliked ImageView
2016-02-24 20:45:28,068 DEBUG      Cliked Image
2016-02-24 20:45:29,305 DEBUG      Pid is 29115
2016-02-24 20:45:40,917 DEBUG      com.google.android.finsky.activities.MainActivity
2016-02-24 20:45:41,115 DEBUG      Go to PlayStore
2016-02-24 20:45:46,246 DEBUG      Not Home, try again
2016-02-24 20:45:55,176 DEBUG      This is Home Desktop
2016-02-24 20:45:58,502 ERROR      Called PlayStore
2016-02-24 20:46:00,639 DEBUG      PlayStore is not ready
2016-02-24 20:46:01,152 DEBUG      PlayStore is ready
2016-02-24 20:46:01,152 DEBUG      Wait time to load PlayStore 0
2016-02-24 20:46:10,372 DEBUG      Wait app installed
2016-02-24 20:46:20,703 DEBUG      Wait app installed
2016-02-24 20:46:30,848 DEBUG      Wait app installed
2016-02-24 20:46:40,966 DEBUG      Wait app installed
2016-02-24 20:46:51,009 DEBUG      App installed OK
2016-02-24 20:46:51,052 DEBUG      App installed OK
2016-02-24 20:46:53,039 DEBUG      Not Home, try again
2016-02-24 20:47:01,619 DEBUG      This is Home Desktop
2016-02-24 20:47:02,363 ERROR      Called Proxy Droid
2016-02-24 20:47:03,963 DEBUG      Proxy is OFF
2016-02-24 20:47:04,845 DEBUG      Turn on Proxy
2016-02-24 20:47:08,418 DEBUG      Pid is 29115
2016-02-24 20:47:13,279 DEBUG      Pid is 29115
2016-02-24 20:47:14,544 DEBUG      Pid is 29115
2016-02-24 20:47:26,428 DEBUG      com.startapp.android.publish.OverlayActivity
2016-02-24 20:47:26,775 DEBUG      Cliked ImageView
2016-02-24 20:47:28,464 DEBUG      Cliked View
2016-02-24 20:47:29,218 DEBUG      Pid is 29115
2016-02-24 20:47:41,108 DEBUG      com.google.android.finsky.activities.MainActivity
2016-02-24 20:47:41,357 DEBUG      Go to PlayStore
2016-02-24 20:47:47,135 DEBUG      Not Home, try again
2016-02-24 20:47:56,162 DEBUG      This is Home Desktop
2016-02-24 20:47:59,515 ERROR      Called PlayStore
2016-02-24 20:48:01,965 DEBUG      PlayStore is not ready
2016-02-24 20:48:02,324 DEBUG      PlayStore is ready
2016-02-24 20:48:02,324 DEBUG      Wait time to load PlayStore 0
2016-02-24 20:48:11,205 DEBUG      Wait app installed
2016-02-24 20:48:21,693 DEBUG      App installed OK
2016-02-24 20:48:22,097 DEBUG      App installed OK
2016-02-24 20:48:24,421 DEBUG      Not Home, try again
2016-02-24 20:48:33,358 DEBUG      This is Home Desktop
2016-02-24 20:48:34,116 ERROR      Called Proxy Droid
2016-02-24 20:48:35,633 DEBUG      Proxy is OFF
2016-02-24 20:48:35,809 DEBUG      Turn on Proxy
2016-02-24 20:48:38,776 DEBUG      Pid is 29115
2016-02-24 20:48:39,781 DEBUG      Pid is 29115
2016-02-24 20:48:40,608 DEBUG      Pid is 29115
2016-02-24 20:48:52,580 DEBUG      com.startapp.android.publish.OverlayActivity
2016-02-24 20:48:52,859 DEBUG      Cliked ImageView
2016-02-24 20:48:54,531 DEBUG      Cliked View
2016-02-24 20:49:01,352 DEBUG      Pid is 29115
2016-02-24 20:49:13,105 DEBUG      org.chromium.chrome.browser.ChromeTabbedActivity
2016-02-24 20:49:44,736 DEBUG      Pid is 29115
2016-02-24 20:49:49,569 DEBUG      Pid is 29115
2016-02-24 20:49:50,344 DEBUG      Pid is 29115
2016-02-24 20:50:02,398 DEBUG      com.startapp.android.publish.OverlayActivity
2016-02-24 20:50:02,589 DEBUG      Cliked ImageView
2016-02-24 20:50:04,027 DEBUG      Cliked Image
2016-02-24 20:50:05,200 DEBUG      Pid is 29115
2016-02-24 20:50:17,268 DEBUG      com.startapp.android.publish.OverlayActivity
2016-02-24 20:50:17,931 DEBUG      Cliked ImageView
2016-02-24 20:50:22,501 DEBUG      Cliked Image
2016-02-24 20:50:22,723 DEBUG      Cliked View
2016-02-24 20:50:23,505 DEBUG      Cliked WebView
2016-02-24 20:50:23,520 DEBUG      Wait For new Sock 0
2016-02-24 20:50:54,119 DEBUG      Pid is 21127
2016-02-24 20:51:06,164 DEBUG      org.chromium.chrome.browser.ChromeTabbedActivity
2016-02-24 20:51:37,789 DEBUG      Pid is 21127
2016-02-24 20:51:38,918 DEBUG      Pid is 21127
2016-02-24 20:51:39,664 DEBUG      Pid is 21127
2016-02-24 20:51:40,418 DEBUG      Pid is 21127
2016-02-24 20:51:52,049 DEBUG      com.startapp.android.publish.OverlayActivity
2016-02-24 20:51:52,232 DEBUG      Cliked ImageView
2016-02-24 20:51:53,657 DEBUG      Cliked Image
2016-02-24 20:51:54,868 DEBUG      Pid is 21127
2016-02-24 20:52:06,942 DEBUG      com.startapp.android.publish.OverlayActivity
2016-02-24 20:52:08,436 DEBUG      Cliked ImageView
2016-02-24 20:52:10,074 DEBUG      Cliked View
2016-02-24 20:52:13,777 DEBUG      Cliked WebView
2016-02-24 20:52:13,799 DEBUG      Pid is 21127
2016-02-24 20:52:25,537 DEBUG      org.chromium.chrome.browser.ChromeTabbedActivity
2016-02-24 20:52:56,935 DEBUG      Pid is 21127
2016-02-24 20:52:57,853 DEBUG      Pid is 21127
2016-02-24 20:52:58,596 DEBUG      Pid is 21127
2016-02-24 20:52:59,538 DEBUG      Pid is 21127
2016-02-24 20:53:11,515 DEBUG      com.startapp.android.publish.OverlayActivity
2016-02-24 20:53:11,801 DEBUG      Cliked ImageView
2016-02-24 20:53:13,172 DEBUG      Cliked View
2016-02-24 20:53:14,253 DEBUG      Pid is 21127
2016-02-24 20:53:25,956 DEBUG      org.chromium.chrome.browser.ChromeTabbedActivity
2016-02-24 20:53:57,451 DEBUG      Pid is 21127
2016-02-24 20:53:58,531 DEBUG      Pid is 21127
2016-02-24 20:53:59,262 DEBUG      Pid is 21127
2016-02-24 20:54:00,334 DEBUG      Pid is 21127
2016-02-24 20:54:01,404 DEBUG      Pid is 21127
2016-02-24 20:54:02,453 DEBUG      Pid is 21127
2016-02-24 20:54:17,846 DEBUG      com.startapp.android.publish.list3d.List3DActivity
2016-02-24 20:54:24,398 DEBUG      Cliked RelativeLayout
2016-02-24 20:54:25,545 DEBUG      Pid is 21127
2016-02-24 20:54:36,704 DEBUG      org.chromium.chrome.browser.ChromeTabbedActivity
2016-02-24 20:55:08,076 DEBUG      Pid is 21127
2016-02-24 20:55:09,099 DEBUG      Pid is 21127
2016-02-24 20:55:09,822 DEBUG      Pid is 21127
2016-02-24 20:55:10,940 DEBUG      Pid is 21127
2016-02-24 20:55:12,023 DEBUG      Pid is 21127
2016-02-24 20:55:13,070 DEBUG      Pid is 21127
2016-02-24 20:55:14,167 DEBUG      Pid is 21127
2016-02-24 20:55:15,242 DEBUG      Pid is 21127
2016-02-24 20:55:16,336 DEBUG      Pid is 21127
2016-02-24 20:55:17,423 DEBUG      Pid is 21127
2016-02-24 20:55:18,496 DEBUG      Pid is 21127
2016-02-24 20:55:19,590 DEBUG      Pid is 21127
2016-02-24 20:55:20,667 DEBUG      Pid is 21127
2016-02-24 20:55:21,779 DEBUG      Pid is 21127
2016-02-24 20:55:22,882 DEBUG      Pid is 21127
2016-02-24 20:55:23,965 DEBUG      Pid is 21127
2016-02-24 20:55:25,070 DEBUG      Pid is 21127
2016-02-24 20:55:26,161 DEBUG      Pid is 21127
2016-02-24 20:55:27,243 DEBUG      Pid is 21127
2016-02-24 20:55:28,305 DEBUG      Pid is 21127
2016-02-24 20:55:29,361 DEBUG      Pid is 21127
2016-02-24 20:55:30,417 DEBUG      Pid is 21127
2016-02-24 20:55:31,453 DEBUG      Pid is 21127
2016-02-24 20:55:32,536 DEBUG      Pid is 21127
2016-02-24 20:55:33,560 DEBUG      Pid is 21127
2016-02-24 20:55:34,623 DEBUG      Pid is 21127
2016-02-24 20:55:35,684 DEBUG      Pid is 21127
2016-02-24 20:55:36,736 DEBUG      Pid is 21127
2016-02-24 20:55:37,826 DEBUG      Pid is 21127
2016-02-24 20:55:38,943 DEBUG      Pid is 21127
2016-02-24 20:55:40,010 DEBUG      Pid is 21127
2016-02-24 20:55:41,093 DEBUG      Pid is 21127
2016-02-24 20:55:42,169 DEBUG      Pid is 21127
2016-02-24 20:55:43,247 DEBUG      Pid is 21127
2016-02-24 20:55:44,341 DEBUG      Pid is 21127
2016-02-24 20:55:45,376 DEBUG      Pid is 21127
2016-02-24 20:55:46,453 DEBUG      Pid is 21127
2016-02-24 20:55:47,539 DEBUG      Pid is 21127
2016-02-24 20:55:48,571 DEBUG      Pid is 21127
2016-02-24 20:55:49,623 DEBUG      Pid is 21127
2016-02-24 20:55:50,705 DEBUG      Pid is 21127
2016-02-24 20:55:51,750 DEBUG      Pid is 21127
2016-02-24 20:55:52,847 DEBUG      Pid is 21127
2016-02-24 20:55:53,926 DEBUG      Pid is 21127
2016-02-24 20:55:55,016 DEBUG      Pid is 21127
2016-02-24 20:55:56,106 DEBUG      Pid is 21127
2016-02-24 20:55:57,208 DEBUG      Pid is 21127
2016-02-24 20:55:58,302 DEBUG      Pid is 21127
2016-02-24 20:55:59,401 DEBUG      Pid is 21127
2016-02-24 20:56:00,416 DEBUG      Pid is 21127
2016-02-24 20:56:01,518 DEBUG      Pid is 21127
2016-02-24 20:56:02,534 DEBUG      Killed process 21127
2016-02-24 20:56:02,536 DEBUG      Goted sock info:
2016-02-24 20:56:02,537 DEBUG      {'username': u'admin', 'ip': u'50.75.76.218', 'password': u'default', 'id': 559}
2016-02-24 20:56:12,711 ERROR      Error, can not open new sock
2016-02-24 20:56:12,720 DEBUG      Updated socks id 559 staus to  False
2016-02-24 20:56:12,721 DEBUG      Updated socks id 559 lastcheck to  1456322172.72
2016-02-24 20:56:12,731 DEBUG      Wait For new Sock 0
2016-02-24 20:56:42,837 DEBUG      Pid is 32452
2016-02-24 20:56:43,028 DEBUG      Pid is 32452
2016-02-24 20:56:43,774 DEBUG      Pid is 32452
2016-02-24 20:56:44,825 DEBUG      Pid is 32452
2016-02-24 20:56:45,842 DEBUG      Pid is 32452
2016-02-24 20:56:46,925 DEBUG      Pid is 32452
2016-02-24 20:56:58,493 DEBUG      com.startapp.android.publish.OverlayActivity
2016-02-24 20:56:58,737 DEBUG      Cliked ImageView
2016-02-24 20:57:00,271 DEBUG      Cliked View
2016-02-24 20:57:01,380 DEBUG      Pid is 32452
2016-02-24 20:57:13,575 DEBUG      com.google.android.finsky.activities.MainActivity
2016-02-24 20:57:13,794 DEBUG      Go to PlayStore
2016-02-24 20:57:18,974 DEBUG      Not Home, try again
2016-02-24 20:57:27,721 DEBUG      This is Home Desktop
2016-02-24 20:57:31,084 ERROR      Called PlayStore
2016-02-24 20:57:33,230 DEBUG      PlayStore is not ready
2016-02-24 20:57:33,295 DEBUG      App not allow installed
2016-02-24 20:57:35,521 DEBUG      Not Home, try again
2016-02-24 20:57:44,249 DEBUG      This is Home Desktop
2016-02-24 20:57:44,970 ERROR      Called Proxy Droid
2016-02-24 20:57:46,668 DEBUG      Proxy is OFF
2016-02-24 20:57:46,937 DEBUG      Turn on Proxy
2016-02-24 20:57:50,018 DEBUG      Pid is 32452
2016-02-24 20:57:51,119 DEBUG      Pid is 32452
2016-02-24 20:57:51,973 DEBUG      Pid is 32452
2016-02-24 20:58:03,498 DEBUG      com.startapp.android.publish.OverlayActivity
2016-02-24 20:58:03,758 DEBUG      Cliked ImageView
2016-02-24 20:58:05,126 DEBUG      Cliked View
2016-02-24 20:58:06,248 DEBUG      Pid is 32452
2016-02-24 20:58:17,599 DEBUG      org.chromium.chrome.browser.ChromeTabbedActivity
2016-02-24 20:58:48,946 DEBUG      Pid is 32452
2016-02-24 20:58:49,832 DEBUG      Pid is 32452
2016-02-24 20:58:50,623 DEBUG      Pid is 32452
2016-02-24 20:59:01,806 DEBUG      com.startapp.android.publish.OverlayActivity
2016-02-24 20:59:02,061 DEBUG      Cliked ImageView
2016-02-24 20:59:03,437 DEBUG      Cliked View
2016-02-24 20:59:04,534 DEBUG      Pid is 32452
2016-02-24 20:59:16,407 DEBUG      com.google.android.finsky.activities.MainActivity
2016-02-24 20:59:16,633 DEBUG      Go to PlayStore
2016-02-24 20:59:21,796 DEBUG      Not Home, try again
2016-02-24 20:59:30,412 DEBUG      This is Home Desktop
2016-02-24 20:59:33,764 ERROR      Called PlayStore
2016-02-24 20:59:35,888 DEBUG      PlayStore is not ready
2016-02-24 20:59:36,469 DEBUG      PlayStore is ready
2016-02-24 20:59:36,469 DEBUG      Wait time to load PlayStore 0
2016-02-24 20:59:45,417 DEBUG      Wait app installed
2016-02-24 20:59:56,508 DEBUG      App installed OK
2016-02-24 20:59:56,587 DEBUG      App installed OK
2016-02-24 20:59:58,726 DEBUG      Not Home, try again
2016-02-24 21:00:07,548 DEBUG      This is Home Desktop
2016-02-24 21:00:08,272 ERROR      Called Proxy Droid
2016-02-24 21:00:09,563 DEBUG      Proxy is OFF
2016-02-24 21:00:09,915 DEBUG      Turn on Proxy
2016-02-24 21:00:13,054 DEBUG      Pid is 32452
2016-02-24 21:00:14,016 DEBUG      Pid is 32452
2016-02-24 21:00:14,729 DEBUG      Pid is 32452
2016-02-24 21:00:26,535 DEBUG      com.startapp.android.publish.OverlayActivity
2016-02-24 21:00:26,834 DEBUG      Cliked ImageView
2016-02-24 21:00:28,402 DEBUG      Cliked View
2016-02-24 21:00:29,517 DEBUG      Pid is 32452
2016-02-24 21:00:40,866 DEBUG      org.chromium.chrome.browser.ChromeTabbedActivity
2016-02-24 21:01:12,413 DEBUG      Pid is 32452
2016-02-24 21:01:13,380 DEBUG      Pid is 32452
2016-02-24 21:01:14,112 DEBUG      Pid is 32452
2016-02-24 21:01:26,404 DEBUG      com.startapp.android.publish.OverlayActivity
2016-02-24 21:01:26,702 DEBUG      Cliked ImageView
2016-02-24 21:01:28,402 DEBUG      Cliked View
2016-02-24 21:01:29,515 DEBUG      Pid is 32452
2016-02-24 21:01:41,321 DEBUG      org.chromium.chrome.browser.ChromeTabbedActivity
2016-02-24 21:02:12,699 DEBUG      Pid is 32452
2016-02-24 21:02:13,627 DEBUG      Pid is 32452
2016-02-24 21:02:14,431 DEBUG      Pid is 32452
2016-02-24 21:02:34,954 DEBUG      com.startapp.android.publish.list3d.List3DActivity
2016-02-24 21:02:37,186 DEBUG      Cliked RelativeLayout
2016-02-24 21:02:37,743 DEBUG      Pid is 32452
2016-02-24 21:02:49,258 DEBUG      com.google.android.finsky.activities.MainActivity
2016-02-24 21:02:49,465 DEBUG      Go to PlayStore
2016-02-24 21:02:54,418 DEBUG      Not Home, try again
2016-02-24 21:03:03,425 DEBUG      This is Home Desktop
2016-02-24 21:03:06,774 ERROR      Called PlayStore
2016-02-24 21:03:08,960 DEBUG      PlayStore is not ready
2016-02-24 21:03:09,579 DEBUG      PlayStore is ready
2016-02-24 21:03:09,580 DEBUG      Wait time to load PlayStore 0
2016-02-24 21:03:18,510 DEBUG      Wait app installed
2016-02-24 21:03:29,212 DEBUG      Wait app installed
2016-02-24 21:03:39,585 DEBUG      Wait app installed
2016-02-24 21:03:50,302 DEBUG      Wait app installed
2016-02-24 21:04:00,429 DEBUG      Wait app installed
2016-02-24 21:04:10,482 DEBUG      App installed OK
2016-02-24 21:04:10,552 DEBUG      App installed OK
2016-02-24 21:04:12,826 DEBUG      Not Home, try again
2016-02-24 21:04:21,642 DEBUG      This is Home Desktop
2016-02-24 21:04:22,329 ERROR      Called Proxy Droid
2016-02-24 21:04:23,709 DEBUG      Proxy is OFF
2016-02-24 21:04:23,981 DEBUG      Turn on Proxy
2016-02-24 21:04:27,354 DEBUG      Pid is 32452
2016-02-24 21:04:28,279 DEBUG      Pid is 32452
2016-02-24 21:04:29,039 DEBUG      Pid is 32452
2016-02-24 21:04:30,141 DEBUG      Pid is 32452
2016-02-24 21:04:41,269 DEBUG      com.google.android.finsky.activities.MainActivity
2016-02-24 21:04:41,492 DEBUG      Go to PlayStore
2016-02-24 21:04:46,992 DEBUG      Not Home, try again
2016-02-24 21:04:56,228 DEBUG      This is Home Desktop
2016-02-24 21:04:59,583 ERROR      Called PlayStore
2016-02-24 21:05:01,942 DEBUG      PlayStore is not ready
2016-02-24 21:05:02,211 DEBUG      PlayStore is ready
2016-02-24 21:05:02,211 DEBUG      Wait time to load PlayStore 0
2016-02-24 21:05:15,634 DEBUG      Wait app installed
2016-02-24 21:05:29,818 DEBUG      Wait app installed
2016-02-24 21:05:40,195 DEBUG      Wait app installed
2016-02-24 21:05:50,263 DEBUG      App installed OK
2016-02-24 21:05:50,352 DEBUG      App installed OK
2016-02-24 21:05:52,518 DEBUG      Not Home, try again
2016-02-24 21:06:01,449 DEBUG      This is Home Desktop
2016-02-24 21:06:02,166 ERROR      Called Proxy Droid
2016-02-24 21:06:03,601 DEBUG      Proxy is OFF
2016-02-24 21:06:03,938 DEBUG      Turn on Proxy
2016-02-24 21:06:07,600 DEBUG      Pid is 25855
2016-02-24 21:06:08,555 DEBUG      Pid is 25855
2016-02-24 21:06:09,272 DEBUG      Pid is 25855
2016-02-24 21:06:20,589 DEBUG      com.startapp.android.publish.OverlayActivity
2016-02-24 21:06:20,917 DEBUG      Cliked ImageView
2016-02-24 21:06:22,434 DEBUG      Cliked View
2016-02-24 21:06:23,706 DEBUG      Pid is 25855
2016-02-24 21:06:35,710 DEBUG      com.google.android.finsky.activities.MainActivity
2016-02-24 21:06:35,917 DEBUG      Go to PlayStore
2016-02-24 21:06:41,634 DEBUG      Not Home, try again
2016-02-24 21:06:50,818 DEBUG      This is Home Desktop
2016-02-24 21:06:54,188 ERROR      Called PlayStore
2016-02-24 21:06:56,402 DEBUG      PlayStore is not ready
2016-02-24 21:06:57,021 DEBUG      PlayStore is ready
2016-02-24 21:06:57,021 DEBUG      Wait time to load PlayStore 0
2016-02-24 21:07:09,445 DEBUG      Wait app installed
2016-02-24 21:07:20,155 DEBUG      Wait app installed
2016-02-24 21:07:30,312 DEBUG      Wait app installed
2016-02-24 21:07:40,507 DEBUG      Wait app installed
2016-02-24 21:07:50,575 DEBUG      App installed OK
2016-02-24 21:07:50,668 DEBUG      App installed OK
2016-02-24 21:07:52,832 DEBUG      Not Home, try again
2016-02-24 21:08:01,831 DEBUG      This is Home Desktop
2016-02-24 21:08:02,565 ERROR      Called Proxy Droid
2016-02-24 21:08:03,891 DEBUG      Proxy is OFF
2016-02-24 21:08:04,180 DEBUG      Turn on Proxy
2016-02-24 21:08:07,368 DEBUG      Pid is 25855
2016-02-24 21:08:08,351 DEBUG      Pid is 25855
2016-02-24 21:08:09,093 DEBUG      Pid is 25855
2016-02-24 21:08:20,228 DEBUG      com.startapp.android.publish.OverlayActivity
2016-02-24 21:08:20,574 DEBUG      Cliked ImageView
2016-02-24 21:08:21,940 DEBUG      Cliked View
2016-02-24 21:08:23,195 DEBUG      Pid is 25855
2016-02-24 21:08:34,405 DEBUG      com.google.android.finsky.activities.MainActivity
2016-02-24 21:08:34,671 DEBUG      Go to PlayStore
2016-02-24 21:08:40,758 DEBUG      Not Home, try again
2016-02-24 21:08:50,056 DEBUG      This is Home Desktop
2016-02-24 21:08:53,480 ERROR      Called PlayStore
2016-02-24 21:08:55,641 DEBUG      PlayStore is not ready
2016-02-24 21:08:56,251 DEBUG      PlayStore is ready
2016-02-24 21:08:56,251 DEBUG      Wait time to load PlayStore 0
2016-02-24 21:09:06,586 DEBUG      Wait app installed
2016-02-24 21:09:17,268 DEBUG      Wait app installed
2016-02-24 21:09:29,032 DEBUG      Wait app installed
2016-02-24 21:09:39,170 DEBUG      Wait app installed
2016-02-24 21:09:49,551 DEBUG      Wait app installed
2016-02-24 21:09:59,945 DEBUG      Wait app installed
2016-02-24 21:10:10,097 DEBUG      Wait app installed
2016-02-24 21:10:20,208 DEBUG      App installed OK
2016-02-24 21:10:20,279 DEBUG      App installed OK
2016-02-24 21:10:22,612 DEBUG      Not Home, try again
2016-02-24 21:10:31,650 DEBUG      This is Home Desktop
2016-02-24 21:10:32,308 ERROR      Called Proxy Droid
2016-02-24 21:10:33,753 DEBUG      Proxy is OFF
2016-02-24 21:10:34,173 DEBUG      Turn on Proxy
2016-02-24 21:10:37,912 DEBUG      Pid is 6909
2016-02-24 21:10:42,651 DEBUG      Pid is 6909
2016-02-24 21:10:43,384 DEBUG      Pid is 6909
2016-02-24 21:10:55,383 DEBUG      com.startapp.android.publish.OverlayActivity
2016-02-24 21:10:55,631 DEBUG      Cliked ImageView
2016-02-24 21:10:57,238 DEBUG      Cliked View
2016-02-24 21:10:58,369 DEBUG      Pid is 6909
2016-02-24 21:11:10,498 DEBUG      org.chromium.chrome.browser.ChromeTabbedActivity
2016-02-24 21:11:42,120 DEBUG      Pid is 6909
2016-02-24 21:11:43,185 DEBUG      Pid is 6909
2016-02-24 21:11:43,945 DEBUG      Pid is 6909
2016-02-24 21:11:55,306 DEBUG      com.startapp.android.publish.OverlayActivity
2016-02-24 21:11:55,494 DEBUG      Cliked ImageView
2016-02-24 21:11:56,973 DEBUG      Cliked Image
2016-02-24 21:11:58,184 DEBUG      Pid is 6909
2016-02-24 21:12:10,254 DEBUG      com.startapp.android.publish.OverlayActivity
2016-02-24 21:12:10,845 DEBUG      Cliked ImageView
2016-02-24 21:12:13,031 DEBUG      Cliked View
2016-02-24 21:12:15,498 DEBUG      Pid is 6909
2016-02-24 21:12:27,318 DEBUG      com.google.android.finsky.activities.MainActivity
2016-02-24 21:12:27,511 DEBUG      Go to PlayStore
2016-02-24 21:12:33,463 DEBUG      Not Home, try again
2016-02-24 21:12:42,692 DEBUG      This is Home Desktop
2016-02-24 21:12:46,077 ERROR      Called PlayStore
2016-02-24 21:12:48,236 DEBUG      PlayStore is not ready
2016-02-24 21:12:48,776 DEBUG      PlayStore is ready
2016-02-24 21:12:48,776 DEBUG      Wait time to load PlayStore 0
2016-02-24 21:12:57,683 DEBUG      Wait app installed
2016-02-24 21:13:07,965 DEBUG      Wait app installed
2016-02-24 21:13:19,412 DEBUG      App installed OK
2016-02-24 21:13:20,002 DEBUG      App installed OK
2016-02-24 21:13:22,388 DEBUG      Not Home, try again
2016-02-24 21:13:31,951 DEBUG      This is Home Desktop
2016-02-24 21:13:32,718 ERROR      Called Proxy Droid
2016-02-24 21:13:34,130 DEBUG      Proxy is OFF
2016-02-24 21:13:34,442 DEBUG      Turn on Proxy
2016-02-24 21:13:38,120 DEBUG      Pid is 8843
2016-02-24 21:13:42,585 DEBUG      Pid is 8843
2016-02-24 21:13:43,395 DEBUG      Pid is 8843
2016-02-24 21:13:54,636 DEBUG      com.startapp.android.publish.OverlayActivity
2016-02-24 21:13:54,819 DEBUG      Cliked ImageView
2016-02-24 21:13:56,090 DEBUG      Cliked Image
2016-02-24 21:13:57,312 DEBUG      Pid is 8843
2016-02-24 21:14:09,658 DEBUG      com.google.android.finsky.activities.MainActivity
2016-02-24 21:14:09,845 DEBUG      Go to PlayStore
2016-02-24 21:14:15,228 DEBUG      Not Home, try again
2016-02-24 21:14:24,362 DEBUG      This is Home Desktop
2016-02-24 21:14:27,765 ERROR      Called PlayStore
2016-02-24 21:14:30,119 DEBUG      PlayStore is not ready
2016-02-24 21:14:30,447 DEBUG      PlayStore is ready
2016-02-24 21:14:30,447 DEBUG      Wait time to load PlayStore 0
2016-02-24 21:14:39,367 DEBUG      Wait app installed
2016-02-24 21:14:49,729 DEBUG      Wait app installed
2016-02-24 21:14:59,801 DEBUG      App installed OK
2016-02-24 21:14:59,853 DEBUG      App installed OK
2016-02-24 21:15:02,201 DEBUG      Not Home, try again
2016-02-24 21:15:11,109 DEBUG      This is Home Desktop
2016-02-24 21:15:11,897 ERROR      Called Proxy Droid
2016-02-24 21:15:13,335 DEBUG      Proxy is OFF
2016-02-24 21:15:13,620 DEBUG      Turn on Proxy
2016-02-24 21:15:17,154 DEBUG      Pid is 8843
2016-02-24 21:15:18,429 DEBUG      Pid is 8843
2016-02-24 21:15:19,203 DEBUG      Pid is 8843
2016-02-24 21:15:20,216 DEBUG      Pid is 8843
2016-02-24 21:15:21,288 DEBUG      Pid is 8843
2016-02-24 21:15:22,374 DEBUG      Pid is 8843
2016-02-24 21:15:23,467 DEBUG      Pid is 8843
2016-02-24 21:15:24,568 DEBUG      Pid is 8843
2016-02-24 21:15:25,674 DEBUG      Pid is 8843
2016-02-24 21:15:26,784 DEBUG      Pid is 8843
2016-02-24 21:15:38,441 DEBUG      com.startapp.android.publish.list3d.List3DActivity
2016-02-24 21:15:39,079 DEBUG      Cliked RelativeLayout
2016-02-24 21:15:40,168 DEBUG      Pid is 8843
2016-02-24 21:15:52,002 DEBUG      com.google.android.finsky.activities.MainActivity
2016-02-24 21:15:52,168 DEBUG      Go to PlayStore
2016-02-24 21:15:57,393 DEBUG      Not Home, try again
2016-02-24 21:16:06,554 DEBUG      This is Home Desktop
2016-02-24 21:16:09,962 ERROR      Called PlayStore
2016-02-24 21:16:12,109 DEBUG      PlayStore is not ready
2016-02-24 21:16:12,651 DEBUG      PlayStore is ready
2016-02-24 21:16:12,651 DEBUG      Wait time to load PlayStore 0
2016-02-24 21:16:21,443 DEBUG      Wait app installed
2016-02-24 21:16:31,528 DEBUG      App installed OK
2016-02-24 21:16:31,575 DEBUG      App installed OK
2016-02-24 21:16:33,464 DEBUG      Not Home, try again
2016-02-24 21:16:42,783 DEBUG      This is Home Desktop
2016-02-24 21:16:43,586 ERROR      Called Proxy Droid
2016-02-24 21:16:45,042 DEBUG      Proxy is OFF
2016-02-24 21:16:45,352 DEBUG      Turn on Proxy
2016-02-24 21:16:49,023 DEBUG      Pid is 8843
2016-02-24 21:16:49,884 DEBUG      Pid is 8843
2016-02-24 21:16:50,608 DEBUG      Pid is 8843
2016-02-24 21:16:51,461 DEBUG      Pid is 8843
