2016-02-23 18:30:08,235 DEBUG      Change new sock
2016-02-23 18:30:08,243 DEBUG      Port 9991 is not listen, don`t need close
2016-02-23 18:30:08,244 DEBUG      Goted sock info:
2016-02-23 18:30:08,244 DEBUG      {'username': u'admin', 'ip': u'82.45.130.253', 'password': u'default', 'id': 342}
2016-02-23 18:30:12,313 DEBUG      Pid is 3505
2016-02-23 18:30:12,328 DEBUG      Pid is 3505
2016-02-23 18:30:12,328 INFO       Open new sock with PID: 3505
2016-02-23 18:30:14,349 ERROR      Sock PID 3505 can not access Internet
2016-02-23 18:30:14,354 DEBUG      Updated socks id 342 staus to  False
2016-02-23 18:30:14,356 DEBUG      Updated socks id 342 lastcheck to  1456227014.35
2016-02-23 18:30:14,356 DEBUG      Sock is not good, changed status. go to next sock
2016-02-23 18:30:14,372 DEBUG      Port 9991 is not listen, don`t need close
2016-02-23 18:30:14,373 DEBUG      Goted sock info:
2016-02-23 18:30:14,373 DEBUG      {'username': u'admin', 'ip': u'135.196.96.209', 'password': u'password', 'id': 343}
2016-02-23 18:30:24,522 ERROR      Error, can not open new sock
2016-02-23 18:30:24,526 DEBUG      Updated socks id 343 staus to  False
2016-02-23 18:30:24,526 DEBUG      Updated socks id 343 lastcheck to  1456227024.53
2016-02-23 18:30:24,527 DEBUG      Sock is not good, changed status. go to next sock
2016-02-23 18:30:24,533 DEBUG      Port 9991 is not listen, don`t need close
2016-02-23 18:30:24,534 DEBUG      Goted sock info:
2016-02-23 18:30:24,534 DEBUG      {'username': u'default', 'ip': u'194.176.199.90', 'password': u'default', 'id': 344}
2016-02-23 18:30:34,684 ERROR      Error, can not open new sock
2016-02-23 18:30:34,692 DEBUG      Updated socks id 344 staus to  False
2016-02-23 18:30:34,692 DEBUG      Updated socks id 344 lastcheck to  1456227034.69
2016-02-23 18:30:34,692 DEBUG      Sock is not good, changed status. go to next sock
2016-02-23 18:30:34,700 DEBUG      Port 9991 is not listen, don`t need close
2016-02-23 18:30:34,700 DEBUG      Goted sock info:
2016-02-23 18:30:34,700 DEBUG      {'username': u'steve', 'ip': u'31.222.189.141', 'password': u'steve123', 'id': 345}
2016-02-23 18:30:44,851 ERROR      Error, can not open new sock
2016-02-23 18:30:44,854 DEBUG      Updated socks id 345 staus to  False
2016-02-23 18:30:44,855 DEBUG      Updated socks id 345 lastcheck to  1456227044.85
2016-02-23 18:30:44,855 DEBUG      Sock is not good, changed status. go to next sock
2016-02-23 18:30:44,865 DEBUG      Port 9991 is not listen, don`t need close
2016-02-23 18:30:44,866 DEBUG      Goted sock info:
2016-02-23 18:30:44,866 DEBUG      {'username': u'guest', 'ip': u'62.50.24.243', 'password': u'guest', 'id': 346}
2016-02-23 18:30:55,005 ERROR      Error, can not open new sock
2016-02-23 18:30:55,009 DEBUG      Updated socks id 346 staus to  False
2016-02-23 18:30:55,010 DEBUG      Updated socks id 346 lastcheck to  1456227055.01
2016-02-23 18:30:55,010 DEBUG      Sock is not good, changed status. go to next sock
2016-02-23 18:30:55,018 DEBUG      Port 9991 is not listen, don`t need close
2016-02-23 18:30:55,019 DEBUG      Goted sock info:
2016-02-23 18:30:55,019 DEBUG      {'username': u'support', 'ip': u'62.244.190.133', 'password': u'support', 'id': 347}
2016-02-23 18:31:05,176 ERROR      Error, can not open new sock
2016-02-23 18:31:05,179 DEBUG      Updated socks id 347 staus to  False
2016-02-23 18:31:05,180 DEBUG      Updated socks id 347 lastcheck to  1456227065.18
2016-02-23 18:31:05,180 DEBUG      Sock is not good, changed status. go to next sock
2016-02-23 18:31:05,189 DEBUG      Port 9991 is not listen, don`t need close
2016-02-23 18:31:05,190 DEBUG      Goted sock info:
2016-02-23 18:31:05,190 DEBUG      {'username': u'admin', 'ip': u'87.236.251.237', 'password': u'default', 'id': 348}
2016-02-23 18:31:08,246 DEBUG      Pid is 4930
2016-02-23 18:31:08,261 DEBUG      Pid is 4930
2016-02-23 18:31:08,261 INFO       Open new sock with PID: 4930
2016-02-23 18:31:09,269 DEBUG      Request time of id 348 :  0.99964594841
2016-02-23 18:31:09,270 DEBUG      Sock PID 4930 access Internet OK
2016-02-23 18:31:09,272 DEBUG      Updated socks id 348 lastcheck to  1456227069.27
2016-02-23 18:36:09,372 DEBUG      Change new sock
2016-02-23 18:36:09,387 DEBUG      Pid is 4930
2016-02-23 18:36:10,404 DEBUG      Killed process 4930
2016-02-23 18:36:10,404 DEBUG      Goted sock info:
2016-02-23 18:36:10,404 DEBUG      {'username': u'admin', 'ip': u'37.1.153.206', 'password': u'password', 'id': 349}
2016-02-23 18:36:20,562 ERROR      Error, can not open new sock
2016-02-23 18:36:20,567 DEBUG      Updated socks id 349 staus to  False
2016-02-23 18:36:20,569 DEBUG      Updated socks id 349 lastcheck to  1456227380.57
2016-02-23 18:36:20,569 DEBUG      Sock is not good, changed status. go to next sock
2016-02-23 18:36:20,578 DEBUG      Port 9991 is not listen, don`t need close
2016-02-23 18:36:20,579 DEBUG      Goted sock info:
2016-02-23 18:36:20,579 DEBUG      {'username': u'operator', 'ip': u'62.84.172.169', 'password': u'operator', 'id': 350}
2016-02-23 18:36:30,729 ERROR      Error, can not open new sock
2016-02-23 18:36:30,732 DEBUG      Updated socks id 350 staus to  False
2016-02-23 18:36:30,733 DEBUG      Updated socks id 350 lastcheck to  1456227390.73
2016-02-23 18:36:30,733 DEBUG      Sock is not good, changed status. go to next sock
2016-02-23 18:36:30,741 DEBUG      Port 9991 is not listen, don`t need close
2016-02-23 18:36:30,741 DEBUG      Goted sock info:
2016-02-23 18:36:30,742 DEBUG      {'username': u'operator', 'ip': u'62.84.172.171', 'password': u'operator', 'id': 351}
2016-02-23 18:36:40,897 ERROR      Error, can not open new sock
2016-02-23 18:36:40,906 DEBUG      Updated socks id 351 staus to  False
2016-02-23 18:36:40,907 DEBUG      Updated socks id 351 lastcheck to  1456227400.91
2016-02-23 18:36:40,907 DEBUG      Sock is not good, changed status. go to next sock
2016-02-23 18:36:40,917 DEBUG      Port 9991 is not listen, don`t need close
2016-02-23 18:36:40,918 DEBUG      Goted sock info:
2016-02-23 18:36:40,918 DEBUG      {'username': u'admin', 'ip': u'135.196.39.233', 'password': u'password', 'id': 352}
2016-02-23 18:36:51,065 ERROR      Error, can not open new sock
2016-02-23 18:36:51,073 DEBUG      Updated socks id 352 staus to  False
2016-02-23 18:36:51,074 DEBUG      Updated socks id 352 lastcheck to  1456227411.07
2016-02-23 18:36:51,075 DEBUG      Sock is not good, changed status. go to next sock
2016-02-23 18:36:51,085 DEBUG      Port 9991 is not listen, don`t need close
2016-02-23 18:36:51,085 DEBUG      Goted sock info:
2016-02-23 18:36:51,085 DEBUG      {'username': u'user', 'ip': u'135.196.211.56', 'password': u'admin', 'id': 353}
2016-02-23 18:37:01,221 ERROR      Error, can not open new sock
2016-02-23 18:37:01,230 DEBUG      Updated socks id 353 staus to  False
2016-02-23 18:37:01,231 DEBUG      Updated socks id 353 lastcheck to  1456227421.23
2016-02-23 18:37:01,231 DEBUG      Sock is not good, changed status. go to next sock
2016-02-23 18:37:01,243 DEBUG      Port 9991 is not listen, don`t need close
2016-02-23 18:37:01,244 DEBUG      Goted sock info:
2016-02-23 18:37:01,245 DEBUG      {'username': u'user', 'ip': u'91.109.46.180', 'password': u'1234', 'id': 354}
2016-02-23 18:37:11,395 ERROR      Error, can not open new sock
2016-02-23 18:37:11,403 DEBUG      Updated socks id 354 staus to  False
2016-02-23 18:37:11,403 DEBUG      Updated socks id 354 lastcheck to  1456227431.4
2016-02-23 18:37:11,404 DEBUG      Sock is not good, changed status. go to next sock
2016-02-23 18:37:11,414 DEBUG      Port 9991 is not listen, don`t need close
2016-02-23 18:37:11,415 DEBUG      Goted sock info:
2016-02-23 18:37:11,415 DEBUG      {'username': u'sarah', 'ip': u'195.242.215.240', 'password': u'sarah', 'id': 355}
2016-02-23 18:37:21,558 ERROR      Error, can not open new sock
2016-02-23 18:37:21,567 DEBUG      Updated socks id 355 staus to  False
2016-02-23 18:37:21,568 DEBUG      Updated socks id 355 lastcheck to  1456227441.57
2016-02-23 18:37:21,568 DEBUG      Sock is not good, changed status. go to next sock
2016-02-23 18:37:21,578 DEBUG      Port 9991 is not listen, don`t need close
2016-02-23 18:37:21,578 DEBUG      Goted sock info:
2016-02-23 18:37:21,579 DEBUG      {'username': u'admin', 'ip': u'95.130.192.114', 'password': u'default', 'id': 356}
2016-02-23 18:37:31,731 ERROR      Error, can not open new sock
2016-02-23 18:37:31,736 DEBUG      Updated socks id 356 staus to  False
2016-02-23 18:37:31,737 DEBUG      Updated socks id 356 lastcheck to  1456227451.74
2016-02-23 18:37:31,737 DEBUG      Sock is not good, changed status. go to next sock
2016-02-23 18:37:31,748 DEBUG      Port 9991 is not listen, don`t need close
2016-02-23 18:37:31,748 DEBUG      Goted sock info:
2016-02-23 18:37:31,749 DEBUG      {'username': u'admin', 'ip': u'78.154.108.109', 'password': u'password', 'id': 357}
2016-02-23 18:37:41,914 ERROR      Error, can not open new sock
2016-02-23 18:37:41,922 DEBUG      Updated socks id 357 staus to  False
2016-02-23 18:37:41,923 DEBUG      Updated socks id 357 lastcheck to  1456227461.92
2016-02-23 18:37:41,923 DEBUG      Sock is not good, changed status. go to next sock
2016-02-23 18:37:41,932 DEBUG      Port 9991 is not listen, don`t need close
2016-02-23 18:37:41,932 DEBUG      Goted sock info:
2016-02-23 18:37:41,933 DEBUG      {'username': u'ftpuser', 'ip': u'80.150.230.140', 'password': u'asteriskftp', 'id': 358}
2016-02-23 18:37:52,093 ERROR      Error, can not open new sock
2016-02-23 18:37:52,101 DEBUG      Updated socks id 358 staus to  False
2016-02-23 18:37:52,102 DEBUG      Updated socks id 358 lastcheck to  1456227472.1
2016-02-23 18:37:52,103 DEBUG      Sock is not good, changed status. go to next sock
2016-02-23 18:37:52,112 DEBUG      Port 9991 is not listen, don`t need close
2016-02-23 18:37:52,113 DEBUG      Goted sock info:
2016-02-23 18:37:52,113 DEBUG      {'username': u'test', 'ip': u'213.165.69.171', 'password': u'123456', 'id': 359}
2016-02-23 18:38:02,259 ERROR      Error, can not open new sock
2016-02-23 18:38:02,267 DEBUG      Updated socks id 359 staus to  False
2016-02-23 18:38:02,268 DEBUG      Updated socks id 359 lastcheck to  1456227482.27
2016-02-23 18:38:02,268 DEBUG      Sock is not good, changed status. go to next sock
2016-02-23 18:38:02,277 DEBUG      Port 9991 is not listen, don`t need close
2016-02-23 18:38:02,279 DEBUG      Goted sock info:
2016-02-23 18:38:02,279 DEBUG      {'username': u'admin', 'ip': u'62.225.119.29', 'password': u'admin', 'id': 360}
2016-02-23 18:38:12,427 ERROR      Error, can not open new sock
2016-02-23 18:38:12,436 DEBUG      Updated socks id 360 staus to  False
2016-02-23 18:38:12,437 DEBUG      Updated socks id 360 lastcheck to  1456227492.44
2016-02-23 18:38:12,437 DEBUG      Sock is not good, changed status. go to next sock
2016-02-23 18:38:12,446 DEBUG      Port 9991 is not listen, don`t need close
2016-02-23 18:38:12,447 DEBUG      Goted sock info:
2016-02-23 18:38:12,447 DEBUG      {'username': u'temp', 'ip': u'5.61.37.4', 'password': u'temp', 'id': 361}
2016-02-23 18:38:22,605 ERROR      Error, can not open new sock
2016-02-23 18:38:22,613 DEBUG      Updated socks id 361 staus to  False
2016-02-23 18:38:22,614 DEBUG      Updated socks id 361 lastcheck to  1456227502.61
2016-02-23 18:38:22,614 DEBUG      Sock is not good, changed status. go to next sock
2016-02-23 18:38:22,625 DEBUG      Port 9991 is not listen, don`t need close
2016-02-23 18:38:22,626 DEBUG      Goted sock info:
2016-02-23 18:38:22,626 DEBUG      {'username': u'ftp', 'ip': u'217.110.178.202', 'password': u'123456', 'id': 362}
2016-02-23 18:38:32,771 ERROR      Error, can not open new sock
2016-02-23 18:38:32,778 DEBUG      Updated socks id 362 staus to  False
2016-02-23 18:38:32,779 DEBUG      Updated socks id 362 lastcheck to  1456227512.78
2016-02-23 18:38:32,779 DEBUG      Sock is not good, changed status. go to next sock
2016-02-23 18:38:32,788 DEBUG      Port 9991 is not listen, don`t need close
2016-02-23 18:38:32,789 DEBUG      Goted sock info:
2016-02-23 18:38:32,789 DEBUG      {'username': u'ftp', 'ip': u'88.198.59.141', 'password': u'ftp', 'id': 363}
2016-02-23 18:38:42,943 ERROR      Error, can not open new sock
2016-02-23 18:38:42,951 DEBUG      Updated socks id 363 staus to  False
2016-02-23 18:38:42,952 DEBUG      Updated socks id 363 lastcheck to  1456227522.95
2016-02-23 18:38:42,952 DEBUG      Sock is not good, changed status. go to next sock
2016-02-23 18:38:42,961 DEBUG      Port 9991 is not listen, don`t need close
2016-02-23 18:38:42,962 DEBUG      Goted sock info:
2016-02-23 18:38:42,962 DEBUG      {'username': u'admin', 'ip': u'94.249.139.178', 'password': u'admin', 'id': 364}
2016-02-23 18:38:53,105 ERROR      Error, can not open new sock
2016-02-23 18:38:53,113 DEBUG      Updated socks id 364 staus to  False
2016-02-23 18:38:53,115 DEBUG      Updated socks id 364 lastcheck to  1456227533.11
2016-02-23 18:38:53,115 DEBUG      Sock is not good, changed status. go to next sock
2016-02-23 18:38:53,126 DEBUG      Port 9991 is not listen, don`t need close
2016-02-23 18:38:53,127 DEBUG      Goted sock info:
2016-02-23 18:38:53,127 DEBUG      {'username': u'car', 'ip': u'217.6.213.219', 'password': u'car', 'id': 365}
2016-02-23 18:39:03,296 ERROR      Error, can not open new sock
2016-02-23 18:39:03,304 DEBUG      Updated socks id 365 staus to  False
2016-02-23 18:39:03,306 DEBUG      Updated socks id 365 lastcheck to  1456227543.31
2016-02-23 18:39:03,306 DEBUG      Sock is not good, changed status. go to next sock
2016-02-23 18:39:03,318 DEBUG      Port 9991 is not listen, don`t need close
2016-02-23 18:39:03,318 DEBUG      Goted sock info:
2016-02-23 18:39:03,319 DEBUG      {'username': u'demo', 'ip': u'217.160.109.85', 'password': u'demo', 'id': 366}
2016-02-23 18:39:09,406 DEBUG      Pid is 7611
2016-02-23 18:39:09,420 DEBUG      Pid is 7611
2016-02-23 18:39:09,420 INFO       Open new sock with PID: 7611
2016-02-23 18:39:11,232 ERROR      Sock PID 7611 can not access Internet
2016-02-23 18:39:11,236 DEBUG      Updated socks id 366 staus to  False
2016-02-23 18:39:11,237 DEBUG      Updated socks id 366 lastcheck to  1456227551.24
2016-02-23 18:39:11,237 DEBUG      Sock is not good, changed status. go to next sock
2016-02-23 18:39:11,246 DEBUG      Port 9991 is not listen, don`t need close
2016-02-23 18:39:11,247 DEBUG      Goted sock info:
2016-02-23 18:39:11,247 DEBUG      {'username': u'temp', 'ip': u'87.106.243.20', 'password': u'temp', 'id': 367}
2016-02-23 18:39:21,421 ERROR      Error, can not open new sock
2016-02-23 18:39:21,425 DEBUG      Updated socks id 367 staus to  False
2016-02-23 18:39:21,426 DEBUG      Updated socks id 367 lastcheck to  1456227561.43
2016-02-23 18:39:21,427 DEBUG      Sock is not good, changed status. go to next sock
2016-02-23 18:39:21,435 DEBUG      Port 9991 is not listen, don`t need close
2016-02-23 18:39:21,436 DEBUG      Goted sock info:
2016-02-23 18:39:21,436 DEBUG      {'username': u'test', 'ip': u'87.106.9.206', 'password': u'test', 'id': 368}
2016-02-23 18:39:31,594 ERROR      Error, can not open new sock
2016-02-23 18:39:31,599 DEBUG      Updated socks id 368 staus to  False
2016-02-23 18:39:31,600 DEBUG      Updated socks id 368 lastcheck to  1456227571.6
2016-02-23 18:39:31,600 DEBUG      Sock is not good, changed status. go to next sock
2016-02-23 18:39:31,612 DEBUG      Port 9991 is not listen, don`t need close
2016-02-23 18:39:31,613 DEBUG      Goted sock info:
2016-02-23 18:39:31,613 DEBUG      {'username': u'backup', 'ip': u'5.9.78.174', 'password': u'backup123', 'id': 369}
2016-02-23 18:39:41,766 ERROR      Error, can not open new sock
2016-02-23 18:39:41,775 DEBUG      Updated socks id 369 staus to  False
2016-02-23 18:39:41,776 DEBUG      Updated socks id 369 lastcheck to  1456227581.78
2016-02-23 18:39:41,777 DEBUG      Sock is not good, changed status. go to next sock
2016-02-23 18:39:41,786 DEBUG      Port 9991 is not listen, don`t need close
2016-02-23 18:39:41,787 DEBUG      Goted sock info:
2016-02-23 18:39:41,787 DEBUG      {'username': u'info', 'ip': u'62.157.241.238', 'password': u'info', 'id': 370}
2016-02-23 18:39:51,927 ERROR      Error, can not open new sock
2016-02-23 18:39:51,934 DEBUG      Updated socks id 370 staus to  False
2016-02-23 18:39:51,935 DEBUG      Updated socks id 370 lastcheck to  1456227591.94
2016-02-23 18:39:51,935 DEBUG      Sock is not good, changed status. go to next sock
2016-02-23 18:39:51,946 DEBUG      Port 9991 is not listen, don`t need close
2016-02-23 18:39:51,946 DEBUG      Goted sock info:
2016-02-23 18:39:51,947 DEBUG      {'username': u'ftpuser', 'ip': u'178.63.80.15', 'password': u'ftpuser', 'id': 371}
2016-02-23 18:40:02,106 ERROR      Error, can not open new sock
2016-02-23 18:40:02,114 DEBUG      Updated socks id 371 staus to  False
2016-02-23 18:40:02,116 DEBUG      Updated socks id 371 lastcheck to  1456227602.11
2016-02-23 18:40:02,116 DEBUG      Sock is not good, changed status. go to next sock
2016-02-23 18:40:02,127 DEBUG      Port 9991 is not listen, don`t need close
2016-02-23 18:40:02,128 DEBUG      Goted sock info:
2016-02-23 18:40:02,128 DEBUG      {'username': u'ftp', 'ip': u'176.9.150.84', 'password': u'123456', 'id': 372}
2016-02-23 18:40:12,282 ERROR      Error, can not open new sock
2016-02-23 18:40:12,290 DEBUG      Updated socks id 372 staus to  False
2016-02-23 18:40:12,291 DEBUG      Updated socks id 372 lastcheck to  1456227612.29
2016-02-23 18:40:12,292 DEBUG      Sock is not good, changed status. go to next sock
2016-02-23 18:40:12,302 DEBUG      Port 9991 is not listen, don`t need close
2016-02-23 18:40:12,302 DEBUG      Goted sock info:
2016-02-23 18:40:12,302 DEBUG      {'username': u'admin', 'ip': u'149.249.0.149', 'password': u'default', 'id': 373}
2016-02-23 18:40:22,458 ERROR      Error, can not open new sock
2016-02-23 18:40:22,466 DEBUG      Updated socks id 373 staus to  False
2016-02-23 18:40:22,467 DEBUG      Updated socks id 373 lastcheck to  1456227622.47
2016-02-23 18:40:22,467 DEBUG      Sock is not good, changed status. go to next sock
2016-02-23 18:40:22,478 DEBUG      Port 9991 is not listen, don`t need close
2016-02-23 18:40:22,479 DEBUG      Goted sock info:
2016-02-23 18:40:22,479 DEBUG      {'username': u'test', 'ip': u'87.106.178.108', 'password': u'123456', 'id': 374}
2016-02-23 18:40:32,632 ERROR      Error, can not open new sock
2016-02-23 18:40:32,640 DEBUG      Updated socks id 374 staus to  False
2016-02-23 18:40:32,641 DEBUG      Updated socks id 374 lastcheck to  1456227632.64
2016-02-23 18:40:32,642 DEBUG      Sock is not good, changed status. go to next sock
2016-02-23 18:40:32,652 DEBUG      Port 9991 is not listen, don`t need close
2016-02-23 18:40:32,653 DEBUG      Goted sock info:
2016-02-23 18:40:32,653 DEBUG      {'username': u'test', 'ip': u'88.198.49.91', 'password': u'test', 'id': 375}
2016-02-23 18:40:36,726 DEBUG      Pid is 8270
2016-02-23 18:40:36,741 DEBUG      Pid is 8270
2016-02-23 18:40:36,741 INFO       Open new sock with PID: 8270
2016-02-23 18:40:37,495 DEBUG      Request time of id 375 :  0.745070934296
2016-02-23 18:40:37,496 DEBUG      Sock PID 8270 access Internet OK
2016-02-23 18:40:37,498 DEBUG      Updated socks id 375 lastcheck to  1456227637.5
2016-02-23 18:45:37,576 DEBUG      Change new sock
2016-02-23 18:45:37,594 DEBUG      Pid is 8270
2016-02-23 18:45:38,611 DEBUG      Killed process 8270
2016-02-23 18:45:38,613 DEBUG      Goted sock info:
2016-02-23 18:45:38,613 DEBUG      {'username': u'admin', 'ip': u'46.19.56.10', 'password': u'default', 'id': 376}
2016-02-23 18:45:48,770 ERROR      Error, can not open new sock
2016-02-23 18:45:48,779 DEBUG      Updated socks id 376 staus to  False
2016-02-23 18:45:48,780 DEBUG      Updated socks id 376 lastcheck to  1456227948.78
2016-02-23 18:45:48,780 DEBUG      Sock is not good, changed status. go to next sock
2016-02-23 18:45:48,788 DEBUG      Port 9991 is not listen, don`t need close
2016-02-23 18:45:48,788 DEBUG      Goted sock info:
2016-02-23 18:45:48,788 DEBUG      {'username': u'ftpuser', 'ip': u'46.165.239.216', 'password': u'ftpuser', 'id': 377}
2016-02-23 18:45:58,953 ERROR      Error, can not open new sock
2016-02-23 18:45:58,961 DEBUG      Updated socks id 377 staus to  False
2016-02-23 18:45:58,962 DEBUG      Updated socks id 377 lastcheck to  1456227958.96
2016-02-23 18:45:58,962 DEBUG      Sock is not good, changed status. go to next sock
2016-02-23 18:45:58,977 DEBUG      Port 9991 is not listen, don`t need close
2016-02-23 18:45:58,979 DEBUG      Goted sock info:
2016-02-23 18:45:58,979 DEBUG      {'username': u'user', 'ip': u'5.9.200.55', 'password': u'user', 'id': 378}
2016-02-23 18:46:09,152 ERROR      Error, can not open new sock
2016-02-23 18:46:09,160 DEBUG      Updated socks id 378 staus to  False
2016-02-23 18:46:09,161 DEBUG      Updated socks id 378 lastcheck to  1456227969.16
2016-02-23 18:46:09,161 DEBUG      Sock is not good, changed status. go to next sock
2016-02-23 18:46:09,172 DEBUG      Port 9991 is not listen, don`t need close
2016-02-23 18:46:09,173 DEBUG      Goted sock info:
2016-02-23 18:46:09,173 DEBUG      {'username': u'ftp', 'ip': u'188.111.50.85', 'password': u'ftp', 'id': 379}
2016-02-23 18:46:19,342 ERROR      Error, can not open new sock
2016-02-23 18:46:19,349 DEBUG      Updated socks id 379 staus to  False
2016-02-23 18:46:19,350 DEBUG      Updated socks id 379 lastcheck to  1456227979.35
2016-02-23 18:46:19,350 DEBUG      Sock is not good, changed status. go to next sock
2016-02-23 18:46:19,360 DEBUG      Port 9991 is not listen, don`t need close
2016-02-23 18:46:19,361 DEBUG      Goted sock info:
2016-02-23 18:46:19,361 DEBUG      {'username': u'test', 'ip': u'87.106.178.10', 'password': u'123456', 'id': 380}
2016-02-23 18:46:29,528 DEBUG      Pid is 9540
2016-02-23 18:46:29,545 DEBUG      Pid is 9540
2016-02-23 18:46:29,545 INFO       Open new sock with PID: 9540
2016-02-23 18:46:32,555 ERROR      Sock PID 9540 can not access Internet
2016-02-23 18:46:32,559 DEBUG      Updated socks id 380 staus to  False
2016-02-23 18:46:32,560 DEBUG      Updated socks id 380 lastcheck to  1456227992.56
2016-02-23 18:46:32,560 DEBUG      Sock is not good, changed status. go to next sock
2016-02-23 18:46:32,571 DEBUG      Port 9991 is not listen, don`t need close
2016-02-23 18:46:32,572 DEBUG      Goted sock info:
2016-02-23 18:46:32,572 DEBUG      {'username': u'guest', 'ip': u'95.143.162.82', 'password': u'guest', 'id': 381}
2016-02-23 18:46:42,711 ERROR      Error, can not open new sock
2016-02-23 18:46:42,719 DEBUG      Updated socks id 381 staus to  False
2016-02-23 18:46:42,719 DEBUG      Updated socks id 381 lastcheck to  1456228002.72
2016-02-23 18:46:42,720 DEBUG      Sock is not good, changed status. go to next sock
2016-02-23 18:46:42,734 DEBUG      Port 9991 is not listen, don`t need close
2016-02-23 18:46:42,735 DEBUG      Goted sock info:
2016-02-23 18:46:42,735 DEBUG      {'username': u'admin', 'ip': u'77.232.231.170', 'password': u'default', 'id': 382}
2016-02-23 18:46:52,912 ERROR      Error, can not open new sock
2016-02-23 18:46:52,919 DEBUG      Updated socks id 382 staus to  False
2016-02-23 18:46:52,920 DEBUG      Updated socks id 382 lastcheck to  1456228012.92
2016-02-23 18:46:52,921 DEBUG      Sock is not good, changed status. go to next sock
2016-02-23 18:46:52,932 DEBUG      Port 9991 is not listen, don`t need close
2016-02-23 18:46:52,933 DEBUG      Goted sock info:
2016-02-23 18:46:52,933 DEBUG      {'username': u'admin', 'ip': u'213.240.184.194', 'password': u'admin', 'id': 383}
2016-02-23 18:47:03,080 ERROR      Error, can not open new sock
2016-02-23 18:47:03,088 DEBUG      Updated socks id 383 staus to  False
2016-02-23 18:47:03,088 DEBUG      Updated socks id 383 lastcheck to  1456228023.09
2016-02-23 18:47:03,088 DEBUG      Sock is not good, changed status. go to next sock
2016-02-23 18:47:03,097 DEBUG      Port 9991 is not listen, don`t need close
2016-02-23 18:47:03,097 DEBUG      Goted sock info:
2016-02-23 18:47:03,097 DEBUG      {'username': u'test', 'ip': u'50.7.159.13', 'password': u'test', 'id': 384}
2016-02-23 18:47:13,242 ERROR      Error, can not open new sock
2016-02-23 18:47:13,247 DEBUG      Updated socks id 384 staus to  False
2016-02-23 18:47:13,248 DEBUG      Updated socks id 384 lastcheck to  1456228033.25
2016-02-23 18:47:13,248 DEBUG      Sock is not good, changed status. go to next sock
2016-02-23 18:47:13,261 DEBUG      Port 9991 is not listen, don`t need close
2016-02-23 18:47:13,262 DEBUG      Goted sock info:
2016-02-23 18:47:13,262 DEBUG      {'username': u'test', 'ip': u'91.250.85.251', 'password': u'123456', 'id': 385}
2016-02-23 18:47:17,338 DEBUG      Pid is 10915
2016-02-23 18:47:17,355 DEBUG      Pid is 10915
2016-02-23 18:47:17,355 INFO       Open new sock with PID: 10915
2016-02-23 18:48:20,663 ERROR      Sock PID 10915 can not access Internet
2016-02-23 18:48:20,672 DEBUG      Updated socks id 385 staus to  False
2016-02-23 18:48:20,674 DEBUG      Updated socks id 385 lastcheck to  1456228100.67
2016-02-23 18:48:20,674 DEBUG      Sock is not good, changed status. go to next sock
2016-02-23 18:48:20,694 DEBUG      Pid is 10915
2016-02-23 18:48:21,710 DEBUG      Killed process 10915
2016-02-23 18:48:21,711 DEBUG      Goted sock info:
2016-02-23 18:48:21,711 DEBUG      {'username': u'admin', 'ip': u'212.202.251.34', 'password': u'default', 'id': 386}
2016-02-23 18:48:31,870 ERROR      Error, can not open new sock
2016-02-23 18:48:31,871 DEBUG      Updated socks id 386 staus to  False
2016-02-23 18:48:31,872 DEBUG      Updated socks id 386 lastcheck to  1456228111.87
2016-02-23 18:48:31,872 DEBUG      Sock is not good, changed status. go to next sock
2016-02-23 18:48:31,880 DEBUG      Port 9991 is not listen, don`t need close
2016-02-23 18:48:31,881 DEBUG      Goted sock info:
2016-02-23 18:48:31,881 DEBUG      {'username': u'temp', 'ip': u'5.61.35.249', 'password': u'temp', 'id': 387}
2016-02-23 18:48:42,040 ERROR      Error, can not open new sock
2016-02-23 18:48:42,044 DEBUG      Updated socks id 387 staus to  False
2016-02-23 18:48:42,045 DEBUG      Updated socks id 387 lastcheck to  1456228122.04
2016-02-23 18:48:42,045 DEBUG      Sock is not good, changed status. go to next sock
2016-02-23 18:48:42,056 DEBUG      Port 9991 is not listen, don`t need close
2016-02-23 18:48:42,057 DEBUG      Goted sock info:
2016-02-23 18:48:42,057 DEBUG      {'username': u'admin', 'ip': u'188.118.186.155', 'password': u'default', 'id': 388}
2016-02-23 18:48:52,222 ERROR      Error, can not open new sock
2016-02-23 18:48:52,226 DEBUG      Updated socks id 388 staus to  False
2016-02-23 18:48:52,227 DEBUG      Updated socks id 388 lastcheck to  1456228132.23
2016-02-23 18:48:52,227 DEBUG      Sock is not good, changed status. go to next sock
2016-02-23 18:48:52,234 DEBUG      Port 9991 is not listen, don`t need close
2016-02-23 18:48:52,235 DEBUG      Goted sock info:
2016-02-23 18:48:52,235 DEBUG      {'username': u'svn', 'ip': u'37.221.196.66', 'password': u'svn', 'id': 389}
2016-02-23 18:49:02,406 ERROR      Error, can not open new sock
2016-02-23 18:49:02,414 DEBUG      Updated socks id 389 staus to  False
2016-02-23 18:49:02,416 DEBUG      Updated socks id 389 lastcheck to  1456228142.42
2016-02-23 18:49:02,416 DEBUG      Sock is not good, changed status. go to next sock
2016-02-23 18:49:02,427 DEBUG      Port 9991 is not listen, don`t need close
2016-02-23 18:49:02,427 DEBUG      Goted sock info:
2016-02-23 18:49:02,428 DEBUG      {'username': u'iris', 'ip': u'83.137.67.181', 'password': u'iris', 'id': 390}
2016-02-23 18:49:12,602 ERROR      Error, can not open new sock
2016-02-23 18:49:12,611 DEBUG      Updated socks id 390 staus to  False
2016-02-23 18:49:12,612 DEBUG      Updated socks id 390 lastcheck to  1456228152.61
2016-02-23 18:49:12,612 DEBUG      Sock is not good, changed status. go to next sock
2016-02-23 18:49:12,623 DEBUG      Port 9991 is not listen, don`t need close
2016-02-23 18:49:12,623 DEBUG      Goted sock info:
2016-02-23 18:49:12,623 DEBUG      {'username': u'ftpuser', 'ip': u'94.249.139.178', 'password': u'asteriskftp', 'id': 391}
2016-02-23 18:49:22,773 ERROR      Error, can not open new sock
2016-02-23 18:49:22,785 DEBUG      Updated socks id 391 staus to  False
2016-02-23 18:49:22,786 DEBUG      Updated socks id 391 lastcheck to  1456228162.79
2016-02-23 18:49:22,786 DEBUG      Sock is not good, changed status. go to next sock
2016-02-23 18:49:22,798 DEBUG      Port 9991 is not listen, don`t need close
2016-02-23 18:49:22,798 DEBUG      Goted sock info:
2016-02-23 18:49:22,798 DEBUG      {'username': u'test', 'ip': u'82.165.140.254', 'password': u'12345', 'id': 392}
2016-02-23 18:49:32,969 ERROR      Error, can not open new sock
2016-02-23 18:49:32,977 DEBUG      Updated socks id 392 staus to  False
2016-02-23 18:49:32,978 DEBUG      Updated socks id 392 lastcheck to  1456228172.98
2016-02-23 18:49:32,978 DEBUG      Sock is not good, changed status. go to next sock
2016-02-23 18:49:32,988 DEBUG      Port 9991 is not listen, don`t need close
2016-02-23 18:49:32,988 DEBUG      Goted sock info:
2016-02-23 18:49:32,989 DEBUG      {'username': u'guest', 'ip': u'92.79.185.26', 'password': u'guest', 'id': 393}
2016-02-23 18:49:43,160 ERROR      Error, can not open new sock
2016-02-23 18:49:43,167 DEBUG      Updated socks id 393 staus to  False
2016-02-23 18:49:43,168 DEBUG      Updated socks id 393 lastcheck to  1456228183.17
2016-02-23 18:49:43,168 DEBUG      Sock is not good, changed status. go to next sock
2016-02-23 18:49:43,178 DEBUG      Port 9991 is not listen, don`t need close
2016-02-23 18:49:43,178 DEBUG      Goted sock info:
2016-02-23 18:49:43,178 DEBUG      {'username': u'test', 'ip': u'5.196.14.113', 'password': u'test', 'id': 394}
2016-02-23 18:49:53,340 ERROR      Error, can not open new sock
2016-02-23 18:49:53,348 DEBUG      Updated socks id 394 staus to  False
2016-02-23 18:49:53,348 DEBUG      Updated socks id 394 lastcheck to  1456228193.35
2016-02-23 18:49:53,349 DEBUG      Sock is not good, changed status. go to next sock
2016-02-23 18:49:53,360 DEBUG      Port 9991 is not listen, don`t need close
2016-02-23 18:49:53,361 DEBUG      Goted sock info:
2016-02-23 18:49:53,361 DEBUG      {'username': u'test', 'ip': u'212.65.27.110', 'password': u'test', 'id': 395}
2016-02-23 18:50:03,522 ERROR      Error, can not open new sock
2016-02-23 18:50:03,530 DEBUG      Updated socks id 395 staus to  False
2016-02-23 18:50:03,531 DEBUG      Updated socks id 395 lastcheck to  1456228203.53
2016-02-23 18:50:03,531 DEBUG      Sock is not good, changed status. go to next sock
2016-02-23 18:50:03,540 DEBUG      Port 9991 is not listen, don`t need close
2016-02-23 18:50:03,540 DEBUG      Goted sock info:
2016-02-23 18:50:03,541 DEBUG      {'username': u'guest', 'ip': u'217.92.40.154', 'password': u'guest', 'id': 396}
2016-02-23 18:50:13,713 ERROR      Error, can not open new sock
2016-02-23 18:50:13,722 DEBUG      Updated socks id 396 staus to  False
2016-02-23 18:50:13,723 DEBUG      Updated socks id 396 lastcheck to  1456228213.72
2016-02-23 18:50:13,723 DEBUG      Sock is not good, changed status. go to next sock
2016-02-23 18:50:13,734 DEBUG      Port 9991 is not listen, don`t need close
2016-02-23 18:50:13,735 DEBUG      Goted sock info:
2016-02-23 18:50:13,735 DEBUG      {'username': u'test', 'ip': u'87.106.136.71', 'password': u'123456', 'id': 397}
2016-02-23 18:50:23,891 ERROR      Error, can not open new sock
2016-02-23 18:50:23,899 DEBUG      Updated socks id 397 staus to  False
2016-02-23 18:50:23,900 DEBUG      Updated socks id 397 lastcheck to  1456228223.9
2016-02-23 18:50:23,900 DEBUG      Sock is not good, changed status. go to next sock
2016-02-23 18:50:23,910 DEBUG      Port 9991 is not listen, don`t need close
2016-02-23 18:50:23,912 DEBUG      Goted sock info:
2016-02-23 18:50:23,912 DEBUG      {'username': u'guest', 'ip': u'46.128.56.2', 'password': u'guest', 'id': 398}
2016-02-23 18:50:34,083 ERROR      Error, can not open new sock
2016-02-23 18:50:34,090 DEBUG      Updated socks id 398 staus to  False
2016-02-23 18:50:34,092 DEBUG      Updated socks id 398 lastcheck to  1456228234.09
2016-02-23 18:50:34,092 DEBUG      Sock is not good, changed status. go to next sock
2016-02-23 18:50:34,105 DEBUG      Port 9991 is not listen, don`t need close
2016-02-23 18:50:34,106 DEBUG      Goted sock info:
2016-02-23 18:50:34,106 DEBUG      {'username': u'ftp', 'ip': u'93.104.211.181', 'password': u'ftp', 'id': 399}
2016-02-23 18:50:44,262 ERROR      Error, can not open new sock
2016-02-23 18:50:44,269 DEBUG      Updated socks id 399 staus to  False
2016-02-23 18:50:44,270 DEBUG      Updated socks id 399 lastcheck to  1456228244.27
2016-02-23 18:50:44,271 DEBUG      Sock is not good, changed status. go to next sock
2016-02-23 18:50:44,281 DEBUG      Port 9991 is not listen, don`t need close
2016-02-23 18:50:44,282 DEBUG      Goted sock info:
2016-02-23 18:50:44,282 DEBUG      {'username': u'guest', 'ip': u'87.139.244.247', 'password': u'guest', 'id': 400}
2016-02-23 18:50:54,440 ERROR      Error, can not open new sock
2016-02-23 18:50:54,447 DEBUG      Updated socks id 400 staus to  False
2016-02-23 18:50:54,448 DEBUG      Updated socks id 400 lastcheck to  1456228254.45
2016-02-23 18:50:54,448 DEBUG      Sock is not good, changed status. go to next sock
2016-02-23 18:50:54,457 DEBUG      Port 9991 is not listen, don`t need close
2016-02-23 18:50:54,458 DEBUG      Goted sock info:
2016-02-23 18:50:54,458 DEBUG      {'username': u'guest', 'ip': u'94.124.209.96', 'password': u'guest', 'id': 401}
2016-02-23 18:50:59,538 DEBUG      Pid is 12995
2016-02-23 18:50:59,559 DEBUG      Pid is 12995
2016-02-23 18:50:59,559 INFO       Open new sock with PID: 12995
2016-02-23 18:51:00,458 DEBUG      Request time of id 401 :  0.890538930893
2016-02-23 18:51:00,458 DEBUG      Sock PID 12995 access Internet OK
2016-02-23 18:51:00,459 DEBUG      Updated socks id 401 lastcheck to  1456228260.46
2016-02-23 18:56:00,491 DEBUG      Change new sock
2016-02-23 18:56:00,512 DEBUG      Pid is 12995
2016-02-23 18:56:01,529 DEBUG      Killed process 12995
2016-02-23 18:56:01,530 DEBUG      Goted sock info:
2016-02-23 18:56:01,530 DEBUG      {'username': u'postgres', 'ip': u'89.244.130.158', 'password': u'postgres', 'id': 402}
2016-02-23 18:56:11,697 ERROR      Error, can not open new sock
2016-02-23 18:56:11,704 DEBUG      Updated socks id 402 staus to  False
2016-02-23 18:56:11,705 DEBUG      Updated socks id 402 lastcheck to  1456228571.7
2016-02-23 18:56:11,705 DEBUG      Sock is not good, changed status. go to next sock
2016-02-23 18:56:11,713 DEBUG      Port 9991 is not listen, don`t need close
2016-02-23 18:56:11,714 DEBUG      Goted sock info:
2016-02-23 18:56:11,714 DEBUG      {'username': u'admin', 'ip': u'94.249.139.179', 'password': u'admin', 'id': 403}
2016-02-23 18:56:21,869 ERROR      Error, can not open new sock
2016-02-23 18:56:21,878 DEBUG      Updated socks id 403 staus to  False
2016-02-23 18:56:21,880 DEBUG      Updated socks id 403 lastcheck to  1456228581.88
2016-02-23 18:56:21,880 DEBUG      Sock is not good, changed status. go to next sock
2016-02-23 18:56:21,890 DEBUG      Port 9991 is not listen, don`t need close
2016-02-23 18:56:21,890 DEBUG      Goted sock info:
2016-02-23 18:56:21,891 DEBUG      {'username': u'guest', 'ip': u'92.223.134.58', 'password': u'guest', 'id': 404}
2016-02-23 18:56:27,983 DEBUG      Pid is 13903
2016-02-23 18:56:28,000 DEBUG      Pid is 13903
2016-02-23 18:56:28,000 INFO       Open new sock with PID: 13903
2016-02-23 18:56:28,680 DEBUG      Request time of id 404 :  0.6707508564
2016-02-23 18:56:28,680 DEBUG      Sock PID 13903 access Internet OK
2016-02-23 18:56:28,681 DEBUG      Updated socks id 404 lastcheck to  1456228588.68
2016-02-23 18:58:54,300 DEBUG      Change new sock
2016-02-23 18:58:54,308 DEBUG      Port 9991 is not listen, don`t need close
2016-02-23 18:58:54,308 DEBUG      Goted sock info:
2016-02-23 18:58:54,309 DEBUG      {'username': u'test', 'ip': u'212.68.92.92', 'password': u'test', 'id': 405}
2016-02-23 18:59:04,469 ERROR      Error, can not open new sock
2016-02-23 18:59:04,478 DEBUG      Updated socks id 405 staus to  False
2016-02-23 18:59:04,479 DEBUG      Updated socks id 405 lastcheck to  1456228744.48
2016-02-23 18:59:04,479 DEBUG      Sock is not good, changed status. go to next sock
2016-02-23 18:59:04,489 DEBUG      Port 9991 is not listen, don`t need close
2016-02-23 18:59:04,489 DEBUG      Goted sock info:
2016-02-23 18:59:04,489 DEBUG      {'username': u'guest', 'ip': u'217.146.146.50', 'password': u'guest', 'id': 406}
2016-02-23 18:59:11,601 DEBUG      Pid is 14433
2016-02-23 18:59:11,621 DEBUG      Pid is 14433
2016-02-23 18:59:11,621 INFO       Open new sock with PID: 14433
2016-02-23 18:59:12,444 DEBUG      Request time of id 406 :  0.813467979431
2016-02-23 18:59:12,445 DEBUG      Sock PID 14433 access Internet OK
2016-02-23 18:59:12,446 DEBUG      Updated socks id 406 lastcheck to  1456228752.45
2016-02-23 19:04:12,495 DEBUG      Change new sock
2016-02-23 19:04:12,516 DEBUG      Pid is 14433
2016-02-23 19:04:13,535 DEBUG      Killed process 14433
2016-02-23 19:04:13,536 DEBUG      Goted sock info:
2016-02-23 19:04:13,536 DEBUG      {'username': u'demo', 'ip': u'188.138.110.7', 'password': u'demo', 'id': 407}
2016-02-23 19:04:23,697 ERROR      Error, can not open new sock
2016-02-23 19:04:23,701 DEBUG      Updated socks id 407 staus to  False
2016-02-23 19:04:23,702 DEBUG      Updated socks id 407 lastcheck to  1456229063.7
2016-02-23 19:04:23,702 DEBUG      Sock is not good, changed status. go to next sock
2016-02-23 19:04:23,712 DEBUG      Port 9991 is not listen, don`t need close
2016-02-23 19:04:23,712 DEBUG      Goted sock info:
2016-02-23 19:04:23,712 DEBUG      {'username': u'user', 'ip': u'213.182.158.66', 'password': u'user', 'id': 408}
2016-02-23 19:04:33,873 ERROR      Error, can not open new sock
2016-02-23 19:04:33,879 DEBUG      Updated socks id 408 staus to  False
2016-02-23 19:04:33,880 DEBUG      Updated socks id 408 lastcheck to  1456229073.88
2016-02-23 19:04:33,881 DEBUG      Sock is not good, changed status. go to next sock
2016-02-23 19:04:33,891 DEBUG      Port 9991 is not listen, don`t need close
2016-02-23 19:04:33,892 DEBUG      Goted sock info:
2016-02-23 19:04:33,892 DEBUG      {'username': u'admin', 'ip': u'213.247.100.6', 'password': u'password', 'id': 409}
2016-02-23 19:04:44,038 ERROR      Error, can not open new sock
2016-02-23 19:04:44,046 DEBUG      Updated socks id 409 staus to  False
2016-02-23 19:04:44,047 DEBUG      Updated socks id 409 lastcheck to  1456229084.05
2016-02-23 19:04:44,047 DEBUG      Sock is not good, changed status. go to next sock
2016-02-23 19:04:44,058 DEBUG      Port 9991 is not listen, don`t need close
2016-02-23 19:04:44,059 DEBUG      Goted sock info:
2016-02-23 19:04:44,059 DEBUG      {'username': u'admin', 'ip': u'92.66.96.163', 'password': u'default', 'id': 410}
2016-02-23 19:04:45,080 DEBUG      Pid is 16109
2016-02-23 19:04:45,099 DEBUG      Pid is 16109
2016-02-23 19:04:45,099 INFO       Open new sock with PID: 16109
2016-02-23 19:04:48,894 DEBUG      Request time of id 410 :  3.78592205048
2016-02-23 19:04:48,895 DEBUG      Sock PID 16109 access Internet OK
2016-02-23 19:04:48,896 DEBUG      Updated socks id 410 lastcheck to  1456229088.9
2016-02-23 19:09:48,997 DEBUG      Change new sock
2016-02-23 19:09:49,020 DEBUG      Pid is 16109
2016-02-23 19:09:50,040 DEBUG      Killed process 16109
2016-02-23 19:09:50,040 DEBUG      Goted sock info:
2016-02-23 19:09:50,041 DEBUG      {'username': u'admin', 'ip': u'193.79.172.157', 'password': u'default', 'id': 411}
2016-02-23 19:10:00,187 ERROR      Error, can not open new sock
2016-02-23 19:10:00,191 DEBUG      Updated socks id 411 staus to  False
2016-02-23 19:10:00,192 DEBUG      Updated socks id 411 lastcheck to  1456229400.19
2016-02-23 19:10:00,192 DEBUG      Sock is not good, changed status. go to next sock
2016-02-23 19:10:00,200 DEBUG      Port 9991 is not listen, don`t need close
2016-02-23 19:10:00,201 DEBUG      Goted sock info:
2016-02-23 19:10:00,201 DEBUG      {'username': u'mysql', 'ip': u'87.215.135.186', 'password': u'mysql', 'id': 412}
2016-02-23 19:10:10,367 ERROR      Error, can not open new sock
2016-02-23 19:10:10,376 DEBUG      Updated socks id 412 staus to  False
2016-02-23 19:10:10,377 DEBUG      Updated socks id 412 lastcheck to  1456229410.38
2016-02-23 19:10:10,377 DEBUG      Sock is not good, changed status. go to next sock
2016-02-23 19:10:10,387 DEBUG      Port 9991 is not listen, don`t need close
2016-02-23 19:10:10,387 DEBUG      Goted sock info:
2016-02-23 19:10:10,388 DEBUG      {'username': u'PlcmSpIp', 'ip': u'37.153.217.52', 'password': u'PlcmSpIp', 'id': 413}
2016-02-23 19:10:20,548 ERROR      Error, can not open new sock
2016-02-23 19:10:20,556 DEBUG      Updated socks id 413 staus to  False
2016-02-23 19:10:20,557 DEBUG      Updated socks id 413 lastcheck to  1456229420.56
2016-02-23 19:10:20,557 DEBUG      Sock is not good, changed status. go to next sock
2016-02-23 19:10:20,566 DEBUG      Port 9991 is not listen, don`t need close
2016-02-23 19:10:20,567 DEBUG      Goted sock info:
2016-02-23 19:10:20,567 DEBUG      {'username': u'guest', 'ip': u'37.153.194.130', 'password': u'guest', 'id': 414}
2016-02-23 19:10:30,727 ERROR      Error, can not open new sock
2016-02-23 19:10:30,735 DEBUG      Updated socks id 414 staus to  False
2016-02-23 19:10:30,736 DEBUG      Updated socks id 414 lastcheck to  1456229430.74
2016-02-23 19:10:30,736 DEBUG      Sock is not good, changed status. go to next sock
2016-02-23 19:10:30,748 DEBUG      Port 9991 is not listen, don`t need close
2016-02-23 19:10:30,749 DEBUG      Goted sock info:
2016-02-23 19:10:30,749 DEBUG      {'username': u'PlcmSpIp', 'ip': u'83.96.168.169', 'password': u'PlcmSpIp', 'id': 415}
2016-02-23 19:10:40,901 ERROR      Error, can not open new sock
2016-02-23 19:10:40,909 DEBUG      Updated socks id 415 staus to  False
2016-02-23 19:10:40,910 DEBUG      Updated socks id 415 lastcheck to  1456229440.91
2016-02-23 19:10:40,910 DEBUG      Sock is not good, changed status. go to next sock
2016-02-23 19:10:40,921 DEBUG      Port 9991 is not listen, don`t need close
2016-02-23 19:10:40,922 DEBUG      Goted sock info:
2016-02-23 19:10:40,922 DEBUG      {'username': u'ftp', 'ip': u'188.226.151.120', 'password': u'ftp', 'id': 416}
2016-02-23 19:10:51,082 ERROR      Error, can not open new sock
2016-02-23 19:10:51,090 DEBUG      Updated socks id 416 staus to  False
2016-02-23 19:10:51,091 DEBUG      Updated socks id 416 lastcheck to  1456229451.09
2016-02-23 19:10:51,091 DEBUG      Sock is not good, changed status. go to next sock
2016-02-23 19:10:51,102 DEBUG      Port 9991 is not listen, don`t need close
2016-02-23 19:10:51,103 DEBUG      Goted sock info:
2016-02-23 19:10:51,103 DEBUG      {'username': u'john', 'ip': u'188.226.160.147', 'password': u'john', 'id': 417}
2016-02-23 19:11:01,264 ERROR      Error, can not open new sock
2016-02-23 19:11:01,265 DEBUG      Updated socks id 417 staus to  False
2016-02-23 19:11:01,266 DEBUG      Updated socks id 417 lastcheck to  1456229461.27
2016-02-23 19:11:01,266 DEBUG      Sock is not good, changed status. go to next sock
2016-02-23 19:11:01,275 DEBUG      Port 9991 is not listen, don`t need close
2016-02-23 19:11:01,276 DEBUG      Goted sock info:
2016-02-23 19:11:01,276 DEBUG      {'username': u'PlcmSpIp', 'ip': u'185.2.241.209', 'password': u'PlcmSpIp', 'id': 418}
2016-02-23 19:11:11,447 ERROR      Error, can not open new sock
2016-02-23 19:11:11,451 DEBUG      Updated socks id 418 staus to  False
2016-02-23 19:11:11,453 DEBUG      Updated socks id 418 lastcheck to  1456229471.45
2016-02-23 19:11:11,453 DEBUG      Sock is not good, changed status. go to next sock
2016-02-23 19:11:11,472 DEBUG      Port 9991 is not listen, don`t need close
2016-02-23 19:11:11,473 DEBUG      Goted sock info:
2016-02-23 19:11:11,473 DEBUG      {'username': u'root', 'ip': u'89.255.4.52', 'password': u'987654321', 'id': 419}
2016-02-23 19:11:21,657 ERROR      Error, can not open new sock
2016-02-23 19:11:21,665 DEBUG      Updated socks id 419 staus to  False
2016-02-23 19:11:21,666 DEBUG      Updated socks id 419 lastcheck to  1456229481.67
2016-02-23 19:11:21,667 DEBUG      Sock is not good, changed status. go to next sock
2016-02-23 19:11:21,679 DEBUG      Port 9991 is not listen, don`t need close
2016-02-23 19:11:21,680 DEBUG      Goted sock info:
2016-02-23 19:11:21,680 DEBUG      {'username': u'guest', 'ip': u'37.17.216.41', 'password': u'guest', 'id': 420}
2016-02-23 19:11:31,837 ERROR      Error, can not open new sock
2016-02-23 19:11:31,844 DEBUG      Updated socks id 420 staus to  False
2016-02-23 19:11:31,844 DEBUG      Updated socks id 420 lastcheck to  1456229491.84
2016-02-23 19:11:31,844 DEBUG      Sock is not good, changed status. go to next sock
2016-02-23 19:11:31,853 DEBUG      Port 9991 is not listen, don`t need close
2016-02-23 19:11:31,854 DEBUG      Goted sock info:
2016-02-23 19:11:31,854 DEBUG      {'username': u'user', 'ip': u'188.203.161.180', 'password': u'user', 'id': 421}
2016-02-23 19:11:42,012 ERROR      Error, can not open new sock
2016-02-23 19:11:42,021 DEBUG      Updated socks id 421 staus to  False
2016-02-23 19:11:42,022 DEBUG      Updated socks id 421 lastcheck to  1456229502.02
2016-02-23 19:11:42,022 DEBUG      Sock is not good, changed status. go to next sock
2016-02-23 19:11:42,032 DEBUG      Port 9991 is not listen, don`t need close
2016-02-23 19:11:42,033 DEBUG      Goted sock info:
2016-02-23 19:11:42,033 DEBUG      {'username': u'PlcmSpIp', 'ip': u'188.201.9.225', 'password': u'PlcmSpIp', 'id': 422}
2016-02-23 19:11:43,056 DEBUG      Pid is 18499
2016-02-23 19:11:43,079 DEBUG      Pid is 18499
2016-02-23 19:11:43,080 INFO       Open new sock with PID: 18499
2016-02-23 19:11:46,484 ERROR      Sock PID 18499 can not access Internet
2016-02-23 19:11:46,493 DEBUG      Updated socks id 422 staus to  False
2016-02-23 19:11:46,495 DEBUG      Updated socks id 422 lastcheck to  1456229506.49
2016-02-23 19:11:46,495 DEBUG      Sock is not good, changed status. go to next sock
2016-02-23 19:11:46,515 DEBUG      Pid is 18499
2016-02-23 19:11:47,526 DEBUG      Killed process 18499
2016-02-23 19:11:47,527 DEBUG      Goted sock info:
2016-02-23 19:11:47,527 DEBUG      {'username': u'admin', 'ip': u'212.78.210.44', 'password': u'default', 'id': 423}
2016-02-23 19:11:57,691 ERROR      Error, can not open new sock
2016-02-23 19:11:57,695 DEBUG      Updated socks id 423 staus to  False
2016-02-23 19:11:57,696 DEBUG      Updated socks id 423 lastcheck to  1456229517.7
2016-02-23 19:11:57,697 DEBUG      Sock is not good, changed status. go to next sock
2016-02-23 19:11:57,709 DEBUG      Port 9991 is not listen, don`t need close
2016-02-23 19:11:57,710 DEBUG      Goted sock info:
2016-02-23 19:11:57,710 DEBUG      {'username': u'ftp', 'ip': u'85.17.248.39', 'password': u'ftpuser', 'id': 424}
2016-02-23 19:12:07,853 ERROR      Error, can not open new sock
2016-02-23 19:12:07,858 DEBUG      Updated socks id 424 staus to  False
2016-02-23 19:12:07,859 DEBUG      Updated socks id 424 lastcheck to  1456229527.86
2016-02-23 19:12:07,859 DEBUG      Sock is not good, changed status. go to next sock
2016-02-23 19:12:07,870 DEBUG      Port 9991 is not listen, don`t need close
2016-02-23 19:12:07,871 DEBUG      Goted sock info:
2016-02-23 19:12:07,871 DEBUG      {'username': u'support', 'ip': u'87.213.112.133', 'password': u'support', 'id': 425}
2016-02-23 19:12:11,934 DEBUG      Pid is 19646
2016-02-23 19:12:11,959 DEBUG      Pid is 19646
2016-02-23 19:12:11,959 INFO       Open new sock with PID: 19646
2016-02-23 19:12:13,031 DEBUG      Request time of id 425 :  1.06380701065
2016-02-23 19:12:13,031 DEBUG      Sock PID 19646 access Internet OK
2016-02-23 19:12:13,033 DEBUG      Updated socks id 425 lastcheck to  1456229533.03
2016-02-23 19:17:13,093 DEBUG      Change new sock
2016-02-23 19:17:13,117 DEBUG      Pid is 19646
2016-02-23 19:17:14,135 DEBUG      Killed process 19646
2016-02-23 19:17:14,135 DEBUG      Goted sock info:
2016-02-23 19:17:14,135 DEBUG      {'username': u'admin', 'ip': u'91.142.249.132', 'password': u'admin', 'id': 426}
2016-02-23 19:17:24,294 ERROR      Error, can not open new sock
2016-02-23 19:17:24,302 DEBUG      Updated socks id 426 staus to  False
2016-02-23 19:17:24,303 DEBUG      Updated socks id 426 lastcheck to  1456229844.3
2016-02-23 19:17:24,303 DEBUG      Sock is not good, changed status. go to next sock
2016-02-23 19:17:24,312 DEBUG      Port 9991 is not listen, don`t need close
2016-02-23 19:17:24,312 DEBUG      Goted sock info:
2016-02-23 19:17:24,312 DEBUG      {'username': u'ftp', 'ip': u'185.14.186.17', 'password': u'ftp', 'id': 427}
2016-02-23 19:17:34,470 ERROR      Error, can not open new sock
2016-02-23 19:17:34,478 DEBUG      Updated socks id 427 staus to  False
2016-02-23 19:17:34,479 DEBUG      Updated socks id 427 lastcheck to  1456229854.48
2016-02-23 19:17:34,479 DEBUG      Sock is not good, changed status. go to next sock
2016-02-23 19:17:34,490 DEBUG      Port 9991 is not listen, don`t need close
2016-02-23 19:17:34,491 DEBUG      Goted sock info:
2016-02-23 19:17:34,491 DEBUG      {'username': u'PlcmSpIp', 'ip': u'217.171.227.180', 'password': u'PlcmSpIp', 'id': 428}
2016-02-23 19:17:44,634 ERROR      Error, can not open new sock
2016-02-23 19:17:44,642 DEBUG      Updated socks id 428 staus to  False
2016-02-23 19:17:44,643 DEBUG      Updated socks id 428 lastcheck to  1456229864.64
2016-02-23 19:17:44,643 DEBUG      Sock is not good, changed status. go to next sock
2016-02-23 19:17:44,652 DEBUG      Port 9991 is not listen, don`t need close
2016-02-23 19:17:44,652 DEBUG      Goted sock info:
2016-02-23 19:17:44,653 DEBUG      {'username': u'adim', 'ip': u'37.220.33.77', 'password': u'admin', 'id': 429}
2016-02-23 19:17:45,680 DEBUG      Pid is 21160
2016-02-23 19:17:45,701 DEBUG      Pid is 21160
2016-02-23 19:17:45,701 INFO       Open new sock with PID: 21160
2016-02-23 19:17:47,253 DEBUG      Request time of id 429 :  1.54414796829
2016-02-23 19:17:47,253 DEBUG      Sock PID 21160 access Internet OK
2016-02-23 19:17:47,254 DEBUG      Updated socks id 429 lastcheck to  1456229867.25
2016-02-23 19:22:47,259 DEBUG      Change new sock
2016-02-23 19:22:47,280 DEBUG      Pid is 21160
2016-02-23 19:22:48,294 DEBUG      Killed process 21160
2016-02-23 19:22:48,295 DEBUG      Goted sock info:
2016-02-23 19:22:48,296 DEBUG      {'username': u'guest', 'ip': u'95.97.188.124', 'password': u'guest', 'id': 430}
2016-02-23 19:22:58,435 ERROR      Error, can not open new sock
2016-02-23 19:22:58,443 DEBUG      Updated socks id 430 staus to  False
2016-02-23 19:22:58,444 DEBUG      Updated socks id 430 lastcheck to  1456230178.44
2016-02-23 19:22:58,444 DEBUG      Sock is not good, changed status. go to next sock
2016-02-23 19:22:58,452 DEBUG      Port 9991 is not listen, don`t need close
2016-02-23 19:22:58,452 DEBUG      Goted sock info:
2016-02-23 19:22:58,452 DEBUG      {'username': u'user', 'ip': u'188.203.161.179', 'password': u'user', 'id': 431}
2016-02-23 19:23:08,598 ERROR      Error, can not open new sock
2016-02-23 19:23:08,606 DEBUG      Updated socks id 431 staus to  False
2016-02-23 19:23:08,607 DEBUG      Updated socks id 431 lastcheck to  1456230188.61
2016-02-23 19:23:08,607 DEBUG      Sock is not good, changed status. go to next sock
2016-02-23 19:23:08,619 DEBUG      Port 9991 is not listen, don`t need close
2016-02-23 19:23:08,620 DEBUG      Goted sock info:
2016-02-23 19:23:08,621 DEBUG      {'username': u'PlcmSpIp', 'ip': u'31.160.242.197', 'password': u'PlcmSpIp', 'id': 432}
2016-02-23 19:23:18,776 ERROR      Error, can not open new sock
2016-02-23 19:23:18,784 DEBUG      Updated socks id 432 staus to  False
2016-02-23 19:23:18,785 DEBUG      Updated socks id 432 lastcheck to  1456230198.78
2016-02-23 19:23:18,785 DEBUG      Sock is not good, changed status. go to next sock
2016-02-23 19:23:18,797 DEBUG      Port 9991 is not listen, don`t need close
2016-02-23 19:23:18,797 DEBUG      Goted sock info:
2016-02-23 19:23:18,798 DEBUG      {'username': u'PlcmSpIp', 'ip': u'31.160.242.196', 'password': u'PlcmSpIp', 'id': 433}
2016-02-23 19:23:28,952 ERROR      Error, can not open new sock
2016-02-23 19:23:28,960 DEBUG      Updated socks id 433 staus to  False
2016-02-23 19:23:28,962 DEBUG      Updated socks id 433 lastcheck to  1456230208.96
2016-02-23 19:23:28,962 DEBUG      Sock is not good, changed status. go to next sock
2016-02-23 19:23:28,973 DEBUG      Port 9991 is not listen, don`t need close
2016-02-23 19:23:28,974 DEBUG      Goted sock info:
2016-02-23 19:23:28,974 DEBUG      {'username': u'admin', 'ip': u'94.100.16.44', 'password': u'admin', 'id': 434}
2016-02-23 19:23:39,135 ERROR      Error, can not open new sock
2016-02-23 19:23:39,143 DEBUG      Updated socks id 434 staus to  False
2016-02-23 19:23:39,144 DEBUG      Updated socks id 434 lastcheck to  1456230219.14
2016-02-23 19:23:39,144 DEBUG      Sock is not good, changed status. go to next sock
2016-02-23 19:23:39,154 DEBUG      Port 9991 is not listen, don`t need close
2016-02-23 19:23:39,155 DEBUG      Goted sock info:
2016-02-23 19:23:39,155 DEBUG      {'username': u'pi', 'ip': u'89.98.232.39', 'password': u'raspberry', 'id': 435}
2016-02-23 19:23:49,318 ERROR      Error, can not open new sock
2016-02-23 19:23:49,327 DEBUG      Updated socks id 435 staus to  False
2016-02-23 19:23:49,328 DEBUG      Updated socks id 435 lastcheck to  1456230229.33
2016-02-23 19:23:49,328 DEBUG      Sock is not good, changed status. go to next sock
2016-02-23 19:23:49,338 DEBUG      Port 9991 is not listen, don`t need close
2016-02-23 19:23:49,338 DEBUG      Goted sock info:
2016-02-23 19:23:49,338 DEBUG      {'username': u'root', 'ip': u'91.142.249.132', 'password': u'987654321', 'id': 436}
2016-02-23 19:23:59,484 ERROR      Error, can not open new sock
2016-02-23 19:23:59,503 DEBUG      Updated socks id 436 staus to  False
2016-02-23 19:23:59,504 DEBUG      Updated socks id 436 lastcheck to  1456230239.5
2016-02-23 19:23:59,504 DEBUG      Sock is not good, changed status. go to next sock
2016-02-23 19:23:59,516 DEBUG      Port 9991 is not listen, don`t need close
2016-02-23 19:23:59,517 DEBUG      Goted sock info:
2016-02-23 19:23:59,517 DEBUG      {'username': u'support', 'ip': u'46.21.144.248', 'password': u'support', 'id': 437}
2016-02-23 19:24:09,679 ERROR      Error, can not open new sock
2016-02-23 19:24:09,688 DEBUG      Updated socks id 437 staus to  False
2016-02-23 19:24:09,689 DEBUG      Updated socks id 437 lastcheck to  1456230249.69
2016-02-23 19:24:09,689 DEBUG      Sock is not good, changed status. go to next sock
2016-02-23 19:24:09,701 DEBUG      Port 9991 is not listen, don`t need close
2016-02-23 19:24:09,702 DEBUG      Goted sock info:
2016-02-23 19:24:09,702 DEBUG      {'username': u'ftpuser', 'ip': u'109.201.141.177', 'password': u'asteriskftp', 'id': 438}
2016-02-23 19:24:19,854 ERROR      Error, can not open new sock
2016-02-23 19:24:19,862 DEBUG      Updated socks id 438 staus to  False
2016-02-23 19:24:19,864 DEBUG      Updated socks id 438 lastcheck to  1456230259.86
2016-02-23 19:24:19,864 DEBUG      Sock is not good, changed status. go to next sock
2016-02-23 19:24:19,877 DEBUG      Port 9991 is not listen, don`t need close
2016-02-23 19:24:19,878 DEBUG      Goted sock info:
2016-02-23 19:24:19,878 DEBUG      {'username': u'admin', 'ip': u'94.100.24.147', 'password': u'admin', 'id': 439}
2016-02-23 19:24:24,969 DEBUG      Pid is 24267
2016-02-23 19:24:24,987 DEBUG      Pid is 24267
2016-02-23 19:24:24,987 INFO       Open new sock with PID: 24267
2016-02-23 19:24:25,961 DEBUG      Request time of id 439 :  0.969914913177
2016-02-23 19:24:25,961 DEBUG      Sock PID 24267 access Internet OK
2016-02-23 19:24:25,963 DEBUG      Updated socks id 439 lastcheck to  1456230265.96
2016-02-23 19:29:26,055 DEBUG      Change new sock
2016-02-23 19:29:26,076 DEBUG      Pid is 24267
2016-02-23 19:29:27,095 DEBUG      Killed process 24267
2016-02-23 19:29:27,096 DEBUG      Goted sock info:
2016-02-23 19:29:27,096 DEBUG      {'username': u'admin', 'ip': u'5.151.203.84', 'password': u'admin', 'id': 440}
2016-02-23 19:29:37,254 ERROR      Error, can not open new sock
2016-02-23 19:29:37,263 DEBUG      Updated socks id 440 staus to  False
2016-02-23 19:29:37,264 DEBUG      Updated socks id 440 lastcheck to  1456230577.26
2016-02-23 19:29:37,264 DEBUG      Sock is not good, changed status. go to next sock
2016-02-23 19:29:37,274 DEBUG      Port 9991 is not listen, don`t need close
2016-02-23 19:29:37,275 DEBUG      Goted sock info:
2016-02-23 19:29:37,275 DEBUG      {'username': u'admin', 'ip': u'94.100.24.146', 'password': u'admin', 'id': 441}
2016-02-23 19:29:47,431 ERROR      Error, can not open new sock
2016-02-23 19:29:47,439 DEBUG      Updated socks id 441 staus to  False
2016-02-23 19:29:47,440 DEBUG      Updated socks id 441 lastcheck to  1456230587.44
2016-02-23 19:29:47,440 DEBUG      Sock is not good, changed status. go to next sock
2016-02-23 19:29:47,449 DEBUG      Port 9991 is not listen, don`t need close
2016-02-23 19:29:47,449 DEBUG      Goted sock info:
2016-02-23 19:29:47,449 DEBUG      {'username': u'Unknown', 'ip': u'77.243.229.75', 'password': u'Unknown', 'id': 442}
2016-02-23 19:29:57,604 ERROR      Error, can not open new sock
2016-02-23 19:29:57,612 DEBUG      Updated socks id 442 staus to  False
2016-02-23 19:29:57,613 DEBUG      Updated socks id 442 lastcheck to  1456230597.61
2016-02-23 19:29:57,613 DEBUG      Sock is not good, changed status. go to next sock
2016-02-23 19:29:57,623 DEBUG      Port 9991 is not listen, don`t need close
2016-02-23 19:29:57,623 DEBUG      Goted sock info:
2016-02-23 19:29:57,624 DEBUG      {'username': u'root', 'ip': u'93.95.144.48', 'password': u'root', 'id': 443}
2016-02-23 19:30:07,770 ERROR      Error, can not open new sock
2016-02-23 19:30:07,774 DEBUG      Updated socks id 443 staus to  False
2016-02-23 19:30:07,775 DEBUG      Updated socks id 443 lastcheck to  1456230607.77
2016-02-23 19:30:07,775 DEBUG      Sock is not good, changed status. go to next sock
2016-02-23 19:30:07,786 DEBUG      Port 9991 is not listen, don`t need close
2016-02-23 19:30:07,786 DEBUG      Goted sock info:
2016-02-23 19:30:07,786 DEBUG      {'username': u'root', 'ip': u'86.86.116.246', 'password': u'alpine', 'id': 444}
2016-02-23 19:30:17,939 ERROR      Error, can not open new sock
2016-02-23 19:30:17,951 DEBUG      Updated socks id 444 staus to  False
2016-02-23 19:30:17,953 DEBUG      Updated socks id 444 lastcheck to  1456230617.95
2016-02-23 19:30:17,953 DEBUG      Sock is not good, changed status. go to next sock
2016-02-23 19:30:17,963 DEBUG      Port 9991 is not listen, don`t need close
2016-02-23 19:30:17,964 DEBUG      Goted sock info:
2016-02-23 19:30:17,964 DEBUG      {'username': u'test', 'ip': u'5.45.77.230', 'password': u'test123', 'id': 445}
2016-02-23 19:30:28,107 ERROR      Error, can not open new sock
2016-02-23 19:30:28,116 DEBUG      Updated socks id 445 staus to  False
2016-02-23 19:30:28,117 DEBUG      Updated socks id 445 lastcheck to  1456230628.12
2016-02-23 19:30:28,117 DEBUG      Sock is not good, changed status. go to next sock
2016-02-23 19:30:28,128 DEBUG      Port 9991 is not listen, don`t need close
2016-02-23 19:30:28,129 DEBUG      Goted sock info:
2016-02-23 19:30:28,129 DEBUG      {'username': u'guest', 'ip': u'176.56.184.148', 'password': u'guest', 'id': 446}
2016-02-23 19:30:38,278 ERROR      Error, can not open new sock
2016-02-23 19:30:38,285 DEBUG      Updated socks id 446 staus to  False
2016-02-23 19:30:38,287 DEBUG      Updated socks id 446 lastcheck to  1456230638.29
2016-02-23 19:30:38,287 DEBUG      Sock is not good, changed status. go to next sock
2016-02-23 19:30:38,295 DEBUG      Port 9991 is not listen, don`t need close
2016-02-23 19:30:38,295 DEBUG      Goted sock info:
2016-02-23 19:30:38,295 DEBUG      {'username': u'guest', 'ip': u'212.78.203.106', 'password': u'guest', 'id': 447}
2016-02-23 19:30:48,458 ERROR      Error, can not open new sock
2016-02-23 19:30:48,467 DEBUG      Updated socks id 447 staus to  False
2016-02-23 19:30:48,468 DEBUG      Updated socks id 447 lastcheck to  1456230648.47
2016-02-23 19:30:48,468 DEBUG      Sock is not good, changed status. go to next sock
2016-02-23 19:30:48,481 DEBUG      Port 9991 is not listen, don`t need close
2016-02-23 19:30:48,481 DEBUG      Goted sock info:
2016-02-23 19:30:48,482 DEBUG      {'username': u'guest', 'ip': u'77.109.80.122', 'password': u'guest', 'id': 448}
2016-02-23 19:30:50,526 DEBUG      Pid is 25966
2016-02-23 19:30:50,549 DEBUG      Pid is 25966
2016-02-23 19:30:50,550 INFO       Open new sock with PID: 25966
2016-02-23 19:30:51,273 DEBUG      Request time of id 448 :  0.715313196182
2016-02-23 19:30:51,274 DEBUG      Sock PID 25966 access Internet OK
2016-02-23 19:30:51,275 DEBUG      Updated socks id 448 lastcheck to  1456230651.27
2016-02-23 19:35:51,286 DEBUG      Change new sock
2016-02-23 19:35:51,310 DEBUG      Pid is 25966
2016-02-23 19:35:52,329 DEBUG      Killed process 25966
2016-02-23 19:35:52,330 DEBUG      Goted sock info:
2016-02-23 19:35:52,330 DEBUG      {'username': u'guest', 'ip': u'37.17.216.49', 'password': u'guest', 'id': 449}
2016-02-23 19:36:02,492 ERROR      Error, can not open new sock
2016-02-23 19:36:02,501 DEBUG      Updated socks id 449 staus to  False
2016-02-23 19:36:02,502 DEBUG      Updated socks id 449 lastcheck to  1456230962.5
2016-02-23 19:36:02,503 DEBUG      Sock is not good, changed status. go to next sock
2016-02-23 19:36:02,514 DEBUG      Port 9991 is not listen, don`t need close
2016-02-23 19:36:02,515 DEBUG      Goted sock info:
2016-02-23 19:36:02,515 DEBUG      {'username': u'root', 'ip': u'212.83.247.194', 'password': u'abc123', 'id': 450}
2016-02-23 19:36:12,668 ERROR      Error, can not open new sock
2016-02-23 19:36:12,676 DEBUG      Updated socks id 450 staus to  False
2016-02-23 19:36:12,678 DEBUG      Updated socks id 450 lastcheck to  1456230972.68
2016-02-23 19:36:12,678 DEBUG      Sock is not good, changed status. go to next sock
2016-02-23 19:36:12,689 DEBUG      Port 9991 is not listen, don`t need close
2016-02-23 19:36:12,690 DEBUG      Goted sock info:
2016-02-23 19:36:12,690 DEBUG      {'username': u'user', 'ip': u'194.120.29.34', 'password': u'user', 'id': 451}
2016-02-23 19:36:22,841 ERROR      Error, can not open new sock
2016-02-23 19:36:22,850 DEBUG      Updated socks id 451 staus to  False
2016-02-23 19:36:22,851 DEBUG      Updated socks id 451 lastcheck to  1456230982.85
2016-02-23 19:36:22,851 DEBUG      Sock is not good, changed status. go to next sock
2016-02-23 19:36:22,861 DEBUG      Port 9991 is not listen, don`t need close
2016-02-23 19:36:22,861 DEBUG      Goted sock info:
2016-02-23 19:36:22,862 DEBUG      {'username': u'guest', 'ip': u'87.213.69.18', 'password': u'guest', 'id': 452}
2016-02-23 19:36:30,985 DEBUG      Pid is 26760
2016-02-23 19:36:31,006 DEBUG      Pid is 26760
2016-02-23 19:36:31,006 INFO       Open new sock with PID: 26760
2016-02-23 19:36:32,615 DEBUG      Request time of id 452 :  1.60097098351
2016-02-23 19:36:32,616 DEBUG      Sock PID 26760 access Internet OK
2016-02-23 19:36:32,616 DEBUG      Updated socks id 452 lastcheck to  1456230992.62
2016-02-23 19:41:32,690 DEBUG      Change new sock
2016-02-23 19:41:32,708 DEBUG      Pid is 26760
2016-02-23 19:41:33,723 DEBUG      Killed process 26760
2016-02-23 19:41:33,724 DEBUG      Goted sock info:
2016-02-23 19:41:33,725 DEBUG      {'username': u'PlcmSpIp', 'ip': u'31.160.242.194', 'password': u'PlcmSpIp', 'id': 453}
2016-02-23 19:41:43,878 ERROR      Error, can not open new sock
2016-02-23 19:41:43,881 DEBUG      Updated socks id 453 staus to  False
2016-02-23 19:41:43,882 DEBUG      Updated socks id 453 lastcheck to  1456231303.88
2016-02-23 19:41:43,883 DEBUG      Sock is not good, changed status. go to next sock
2016-02-23 19:41:43,892 DEBUG      Port 9991 is not listen, don`t need close
2016-02-23 19:41:43,893 DEBUG      Goted sock info:
2016-02-23 19:41:43,893 DEBUG      {'username': u'admin', 'ip': u'77.174.84.141', 'password': u'admin', 'id': 454}
2016-02-23 19:41:54,041 ERROR      Error, can not open new sock
2016-02-23 19:41:54,050 DEBUG      Updated socks id 454 staus to  False
2016-02-23 19:41:54,051 DEBUG      Updated socks id 454 lastcheck to  1456231314.05
2016-02-23 19:41:54,052 DEBUG      Sock is not good, changed status. go to next sock
2016-02-23 19:41:54,062 DEBUG      Port 9991 is not listen, don`t need close
2016-02-23 19:41:54,063 DEBUG      Goted sock info:
2016-02-23 19:41:54,063 DEBUG      {'username': u'admin', 'ip': u'213.17.1.189', 'password': u'admin', 'id': 455}
2016-02-23 19:42:04,217 ERROR      Error, can not open new sock
2016-02-23 19:42:04,224 DEBUG      Updated socks id 455 staus to  False
2016-02-23 19:42:04,225 DEBUG      Updated socks id 455 lastcheck to  1456231324.22
2016-02-23 19:42:04,225 DEBUG      Sock is not good, changed status. go to next sock
2016-02-23 19:42:04,236 DEBUG      Port 9991 is not listen, don`t need close
2016-02-23 19:42:04,237 DEBUG      Goted sock info:
2016-02-23 19:42:04,237 DEBUG      {'username': u'ftp', 'ip': u'213.125.176.29', 'password': u'ftp', 'id': 456}
2016-02-23 19:42:14,395 ERROR      Error, can not open new sock
2016-02-23 19:42:14,400 DEBUG      Updated socks id 456 staus to  False
2016-02-23 19:42:14,401 DEBUG      Updated socks id 456 lastcheck to  1456231334.4
2016-02-23 19:42:14,401 DEBUG      Sock is not good, changed status. go to next sock
2016-02-23 19:42:14,411 DEBUG      Port 9991 is not listen, don`t need close
2016-02-23 19:42:14,412 DEBUG      Goted sock info:
2016-02-23 19:42:14,412 DEBUG      {'username': u'user', 'ip': u'188.203.161.178', 'password': u'user', 'id': 457}
2016-02-23 19:42:24,571 ERROR      Error, can not open new sock
2016-02-23 19:42:24,579 DEBUG      Updated socks id 457 staus to  False
2016-02-23 19:42:24,580 DEBUG      Updated socks id 457 lastcheck to  1456231344.58
2016-02-23 19:42:24,580 DEBUG      Sock is not good, changed status. go to next sock
2016-02-23 19:42:24,589 DEBUG      Port 9991 is not listen, don`t need close
2016-02-23 19:42:24,590 DEBUG      Goted sock info:
2016-02-23 19:42:24,590 DEBUG      {'username': u'admin', 'ip': u'37.220.33.73', 'password': u'admin', 'id': 458}
2016-02-23 19:42:34,754 ERROR      Error, can not open new sock
2016-02-23 19:42:34,762 DEBUG      Updated socks id 458 staus to  False
2016-02-23 19:42:34,763 DEBUG      Updated socks id 458 lastcheck to  1456231354.76
2016-02-23 19:42:34,764 DEBUG      Sock is not good, changed status. go to next sock
2016-02-23 19:42:34,773 DEBUG      Port 9991 is not listen, don`t need close
2016-02-23 19:42:34,774 DEBUG      Goted sock info:
2016-02-23 19:42:34,774 DEBUG      {'username': u'adim', 'ip': u'37.220.33.73', 'password': u'admin', 'id': 459}
2016-02-23 19:42:44,931 ERROR      Error, can not open new sock
2016-02-23 19:42:44,938 DEBUG      Updated socks id 459 staus to  False
2016-02-23 19:42:44,939 DEBUG      Updated socks id 459 lastcheck to  1456231364.94
2016-02-23 19:42:44,940 DEBUG      Sock is not good, changed status. go to next sock
2016-02-23 19:42:44,951 DEBUG      Port 9991 is not listen, don`t need close
2016-02-23 19:42:44,952 DEBUG      Goted sock info:
2016-02-23 19:42:44,952 DEBUG      {'username': u'admin', 'ip': u'213.126.29.44', 'password': u'admin', 'id': 460}
2016-02-23 19:42:55,110 ERROR      Error, can not open new sock
2016-02-23 19:42:55,119 DEBUG      Updated socks id 460 staus to  False
2016-02-23 19:42:55,120 DEBUG      Updated socks id 460 lastcheck to  1456231375.12
2016-02-23 19:42:55,120 DEBUG      Sock is not good, changed status. go to next sock
2016-02-23 19:42:55,130 DEBUG      Port 9991 is not listen, don`t need close
2016-02-23 19:42:55,131 DEBUG      Goted sock info:
2016-02-23 19:42:55,131 DEBUG      {'username': u'root', 'ip': u'212.83.246.178', 'password': u'abc123', 'id': 461}
2016-02-23 19:43:05,277 ERROR      Error, can not open new sock
2016-02-23 19:43:05,285 DEBUG      Updated socks id 461 staus to  False
2016-02-23 19:43:05,287 DEBUG      Updated socks id 461 lastcheck to  1456231385.29
2016-02-23 19:43:05,287 DEBUG      Sock is not good, changed status. go to next sock
2016-02-23 19:43:05,297 DEBUG      Port 9991 is not listen, don`t need close
2016-02-23 19:43:05,298 DEBUG      Goted sock info:
2016-02-23 19:43:05,298 DEBUG      {'username': u'admin', 'ip': u'46.21.144.248', 'password': u'admin', 'id': 462}
2016-02-23 19:43:15,462 ERROR      Error, can not open new sock
2016-02-23 19:43:15,467 DEBUG      Updated socks id 462 staus to  False
2016-02-23 19:43:15,469 DEBUG      Updated socks id 462 lastcheck to  1456231395.47
2016-02-23 19:43:15,469 DEBUG      Sock is not good, changed status. go to next sock
2016-02-23 19:43:15,479 DEBUG      Port 9991 is not listen, don`t need close
2016-02-23 19:43:15,480 DEBUG      Goted sock info:
2016-02-23 19:43:15,480 DEBUG      {'username': u'admin', 'ip': u'62.58.199.66', 'password': u'password', 'id': 463}
2016-02-23 19:43:25,638 ERROR      Error, can not open new sock
2016-02-23 19:43:25,645 DEBUG      Updated socks id 463 staus to  False
2016-02-23 19:43:25,646 DEBUG      Updated socks id 463 lastcheck to  1456231405.65
2016-02-23 19:43:25,647 DEBUG      Sock is not good, changed status. go to next sock
2016-02-23 19:43:25,658 DEBUG      Port 9991 is not listen, don`t need close
2016-02-23 19:43:25,658 DEBUG      Goted sock info:
2016-02-23 19:43:25,658 DEBUG      {'username': u'root', 'ip': u'91.142.249.47', 'password': u'987654321', 'id': 464}
2016-02-23 19:43:35,823 ERROR      Error, can not open new sock
2016-02-23 19:43:35,830 DEBUG      Updated socks id 464 staus to  False
2016-02-23 19:43:35,831 DEBUG      Updated socks id 464 lastcheck to  1456231415.83
2016-02-23 19:43:35,831 DEBUG      Sock is not good, changed status. go to next sock
2016-02-23 19:43:35,842 DEBUG      Port 9991 is not listen, don`t need close
2016-02-23 19:43:35,843 DEBUG      Goted sock info:
2016-02-23 19:43:35,843 DEBUG      {'username': u'mysql', 'ip': u'87.215.135.186', 'password': u'password', 'id': 465}
2016-02-23 19:43:46,000 ERROR      Error, can not open new sock
2016-02-23 19:43:46,007 DEBUG      Updated socks id 465 staus to  False
2016-02-23 19:43:46,008 DEBUG      Updated socks id 465 lastcheck to  1456231426.01
2016-02-23 19:43:46,009 DEBUG      Sock is not good, changed status. go to next sock
2016-02-23 19:43:46,017 DEBUG      Port 9991 is not listen, don`t need close
2016-02-23 19:43:46,018 DEBUG      Goted sock info:
2016-02-23 19:43:46,018 DEBUG      {'username': u'PlcmSpIp', 'ip': u'94.100.16.44', 'password': u'PlcmSpIp', 'id': 466}
2016-02-23 19:43:56,183 ERROR      Error, can not open new sock
2016-02-23 19:43:56,191 DEBUG      Updated socks id 466 staus to  False
2016-02-23 19:43:56,192 DEBUG      Updated socks id 466 lastcheck to  1456231436.19
2016-02-23 19:43:56,192 DEBUG      Sock is not good, changed status. go to next sock
2016-02-23 19:43:56,202 DEBUG      Port 9991 is not listen, don`t need close
2016-02-23 19:43:56,203 DEBUG      Goted sock info:
2016-02-23 19:43:56,203 DEBUG      {'username': u'admin', 'ip': u'31.149.52.33', 'password': u'admin', 'id': 467}
2016-02-23 19:44:06,356 ERROR      Error, can not open new sock
2016-02-23 19:44:06,364 DEBUG      Updated socks id 467 staus to  False
2016-02-23 19:44:06,365 DEBUG      Updated socks id 467 lastcheck to  1456231446.36
2016-02-23 19:44:06,365 DEBUG      Sock is not good, changed status. go to next sock
2016-02-23 19:44:06,375 DEBUG      Port 9991 is not listen, don`t need close
2016-02-23 19:44:06,376 DEBUG      Goted sock info:
2016-02-23 19:44:06,376 DEBUG      {'username': u'PlcmSpIp', 'ip': u'31.160.242.195', 'password': u'PlcmSpIp', 'id': 468}
2016-02-23 19:44:16,534 ERROR      Error, can not open new sock
2016-02-23 19:44:16,542 DEBUG      Updated socks id 468 staus to  False
2016-02-23 19:44:16,543 DEBUG      Updated socks id 468 lastcheck to  1456231456.54
2016-02-23 19:44:16,543 DEBUG      Sock is not good, changed status. go to next sock
2016-02-23 19:44:16,552 DEBUG      Port 9991 is not listen, don`t need close
2016-02-23 19:44:16,553 DEBUG      Goted sock info:
2016-02-23 19:44:16,553 DEBUG      {'username': u'admin', 'ip': u'91.142.249.135', 'password': u'admin', 'id': 469}
2016-02-23 19:44:26,708 ERROR      Error, can not open new sock
2016-02-23 19:44:26,716 DEBUG      Updated socks id 469 staus to  False
2016-02-23 19:44:26,717 DEBUG      Updated socks id 469 lastcheck to  1456231466.72
2016-02-23 19:44:26,718 DEBUG      Sock is not good, changed status. go to next sock
2016-02-23 19:44:26,727 DEBUG      Port 9991 is not listen, don`t need close
2016-02-23 19:44:26,728 DEBUG      Goted sock info:
2016-02-23 19:44:26,728 DEBUG      {'username': u'root', 'ip': u'91.142.249.134', 'password': u'987654321', 'id': 470}
2016-02-23 19:44:30,800 DEBUG      Pid is 28894
2016-02-23 19:44:30,821 DEBUG      Pid is 28894
2016-02-23 19:44:30,822 INFO       Open new sock with PID: 28894
2016-02-23 19:44:32,184 DEBUG      Request time of id 470 :  1.35461497307
2016-02-23 19:44:32,185 DEBUG      Sock PID 28894 access Internet OK
2016-02-23 19:44:32,187 DEBUG      Updated socks id 470 lastcheck to  1456231472.19
2016-02-23 19:49:32,253 DEBUG      Change new sock
2016-02-23 19:49:32,268 DEBUG      Port 9991 is not listen, don`t need close
2016-02-23 19:49:32,268 DEBUG      Goted sock info:
2016-02-23 19:49:32,268 DEBUG      {'username': u'ftp', 'ip': u'204.15.185.22', 'password': u'ftp', 'id': 471}
2016-02-23 19:49:42,415 ERROR      Error, can not open new sock
2016-02-23 19:49:42,423 DEBUG      Updated socks id 471 staus to  False
2016-02-23 19:49:42,424 DEBUG      Updated socks id 471 lastcheck to  1456231782.42
2016-02-23 19:49:42,424 DEBUG      Sock is not good, changed status. go to next sock
2016-02-23 19:49:42,432 DEBUG      Port 9991 is not listen, don`t need close
2016-02-23 19:49:42,432 DEBUG      Goted sock info:
2016-02-23 19:49:42,432 DEBUG      {'username': u'admin', 'ip': u'207.194.56.218', 'password': u'default', 'id': 472}
2016-02-23 19:49:52,570 ERROR      Error, can not open new sock
2016-02-23 19:49:52,577 DEBUG      Updated socks id 472 staus to  False
2016-02-23 19:49:52,579 DEBUG      Updated socks id 472 lastcheck to  1456231792.58
2016-02-23 19:49:52,579 DEBUG      Sock is not good, changed status. go to next sock
2016-02-23 19:49:52,587 DEBUG      Port 9991 is not listen, don`t need close
2016-02-23 19:49:52,587 DEBUG      Goted sock info:
2016-02-23 19:49:52,588 DEBUG      {'username': u'PlcmSpIp', 'ip': u'207.134.96.236', 'password': u'PlcmSpIp', 'id': 473}
2016-02-23 19:50:02,733 ERROR      Error, can not open new sock
2016-02-23 19:50:02,741 DEBUG      Updated socks id 473 staus to  False
2016-02-23 19:50:02,743 DEBUG      Updated socks id 473 lastcheck to  1456231802.74
2016-02-23 19:50:02,743 DEBUG      Sock is not good, changed status. go to next sock
2016-02-23 19:50:02,751 DEBUG      Port 9991 is not listen, don`t need close
2016-02-23 19:50:02,752 DEBUG      Goted sock info:
2016-02-23 19:50:02,752 DEBUG      {'username': u'PlcmSpIp', 'ip': u'173.46.9.60', 'password': u'PlcmSpIp', 'id': 474}
2016-02-23 19:50:12,901 ERROR      Error, can not open new sock
2016-02-23 19:50:12,904 DEBUG      Updated socks id 474 staus to  False
2016-02-23 19:50:12,906 DEBUG      Updated socks id 474 lastcheck to  1456231812.9
2016-02-23 19:50:12,906 DEBUG      Sock is not good, changed status. go to next sock
2016-02-23 19:50:12,915 DEBUG      Port 9991 is not listen, don`t need close
2016-02-23 19:50:12,916 DEBUG      Goted sock info:
2016-02-23 19:50:12,916 DEBUG      {'username': u'admin', 'ip': u'207.148.135.148', 'password': u'default', 'id': 475}
2016-02-23 19:50:23,075 ERROR      Error, can not open new sock
2016-02-23 19:50:23,082 DEBUG      Updated socks id 475 staus to  False
2016-02-23 19:50:23,083 DEBUG      Updated socks id 475 lastcheck to  1456231823.08
2016-02-23 19:50:23,083 DEBUG      Sock is not good, changed status. go to next sock
2016-02-23 19:50:23,094 DEBUG      Port 9991 is not listen, don`t need close
2016-02-23 19:50:23,095 DEBUG      Goted sock info:
2016-02-23 19:50:23,095 DEBUG      {'username': u'PlcmSpIp', 'ip': u'207.245.30.81', 'password': u'PlcmSpIp', 'id': 476}
2016-02-23 19:50:33,245 ERROR      Error, can not open new sock
2016-02-23 19:50:33,250 DEBUG      Updated socks id 476 staus to  False
2016-02-23 19:50:33,251 DEBUG      Updated socks id 476 lastcheck to  1456231833.25
2016-02-23 19:50:33,251 DEBUG      Sock is not good, changed status. go to next sock
2016-02-23 19:50:33,260 DEBUG      Port 9991 is not listen, don`t need close
2016-02-23 19:50:33,261 DEBUG      Goted sock info:
2016-02-23 19:50:33,261 DEBUG      {'username': u'test1', 'ip': u'208.89.129.203', 'password': u'test1', 'id': 477}
2016-02-23 19:50:43,415 ERROR      Error, can not open new sock
2016-02-23 19:50:43,422 DEBUG      Updated socks id 477 staus to  False
2016-02-23 19:50:43,423 DEBUG      Updated socks id 477 lastcheck to  1456231843.42
2016-02-23 19:50:43,423 DEBUG      Sock is not good, changed status. go to next sock
2016-02-23 19:50:43,435 DEBUG      Port 9991 is not listen, don`t need close
2016-02-23 19:50:43,435 DEBUG      Goted sock info:
2016-02-23 19:50:43,436 DEBUG      {'username': u'admin', 'ip': u'216.254.159.146', 'password': u'default', 'id': 478}
2016-02-23 19:50:53,580 ERROR      Error, can not open new sock
2016-02-23 19:50:53,588 DEBUG      Updated socks id 478 staus to  False
2016-02-23 19:50:53,589 DEBUG      Updated socks id 478 lastcheck to  1456231853.59
2016-02-23 19:50:53,589 DEBUG      Sock is not good, changed status. go to next sock
2016-02-23 19:50:53,598 DEBUG      Port 9991 is not listen, don`t need close
2016-02-23 19:50:53,598 DEBUG      Goted sock info:
2016-02-23 19:50:53,598 DEBUG      {'username': u'ftpuser', 'ip': u'70.28.25.72', 'password': u'asteriskftp', 'id': 479}
2016-02-23 19:51:03,739 ERROR      Error, can not open new sock
2016-02-23 19:51:03,747 DEBUG      Updated socks id 479 staus to  False
2016-02-23 19:51:03,748 DEBUG      Updated socks id 479 lastcheck to  1456231863.75
2016-02-23 19:51:03,748 DEBUG      Sock is not good, changed status. go to next sock
2016-02-23 19:51:03,757 DEBUG      Port 9991 is not listen, don`t need close
2016-02-23 19:51:03,757 DEBUG      Goted sock info:
2016-02-23 19:51:03,757 DEBUG      {'username': u'admin', 'ip': u'68.144.36.248', 'password': u'admin', 'id': 480}
2016-02-23 19:51:09,860 DEBUG      Pid is 30475
2016-02-23 19:51:09,881 DEBUG      Pid is 30475
2016-02-23 19:51:09,881 INFO       Open new sock with PID: 30475
2016-02-23 19:51:11,175 DEBUG      Request time of id 480 :  1.28562784195
2016-02-23 19:51:11,175 DEBUG      Sock PID 30475 access Internet OK
2016-02-23 19:51:11,176 DEBUG      Updated socks id 480 lastcheck to  1456231871.18
2016-02-23 22:48:23,502 DEBUG      Change new sock
2016-02-23 22:48:23,510 DEBUG      Port 9991 is not listen, don`t need close
2016-02-23 22:48:23,511 DEBUG      Goted sock info:
2016-02-23 22:48:23,511 DEBUG      {'username': u'admin', 'ip': u'216.191.125.131', 'password': u'default', 'id': 481}
2016-02-23 22:48:33,678 ERROR      Error, can not open new sock
