2016-02-19 00:55:26,399 DEBUG      Port is not listen
2016-02-19 00:55:26,400 DEBUG      Goted sock info:
2016-02-19 00:55:26,400 DEBUG      {'username': u'anonymous', 'ip': u'65.103.47.249', 'password': u'anonymous', 'id': 57}
2016-02-19 00:55:36,440 DEBUG      Port is not listen
2016-02-19 00:55:36,440 ERROR      Error, can not open new sock
2016-02-19 00:55:36,448 DEBUG      Updated socks id 57 staus to  False
2016-02-19 00:55:36,449 DEBUG      Updated socks id 57 lastcheck to  1455818136.45
2016-02-19 00:55:36,470 DEBUG      Port is not listen
2016-02-19 00:55:36,471 DEBUG      Goted sock info:
2016-02-19 00:55:36,471 DEBUG      {'username': u'admin', 'ip': u'96.228.245.211', 'password': u'default', 'id': 58}
2016-02-19 00:55:46,507 DEBUG      Port is not listen
2016-02-19 00:55:46,507 ERROR      Error, can not open new sock
2016-02-19 00:55:46,515 DEBUG      Updated socks id 58 staus to  False
2016-02-19 00:55:46,516 DEBUG      Updated socks id 58 lastcheck to  1455818146.52
2016-02-19 00:55:46,543 DEBUG      Port is not listen
2016-02-19 00:55:46,544 DEBUG      Goted sock info:
2016-02-19 00:55:46,544 DEBUG      {'username': u'admin', 'ip': u'41.189.254.31', 'password': u'admin', 'id': 59}
2016-02-19 00:55:56,576 DEBUG      Pid is 2803
2016-02-19 00:55:56,577 INFO       Open new sock with PID: 2803
2016-02-19 00:56:01,438 DEBUG      Sock PID 2803 access Internet OK
2016-02-19 00:56:01,446 DEBUG      Updated socks id 59 lastcheck to  1455818161.44
2016-02-19 00:56:01,467 DEBUG      Port is not listen
2016-02-19 01:09:53,591 DEBUG      Pid is 2803
2016-02-19 01:09:54,625 DEBUG      Port is not listen
2016-02-19 01:09:54,626 DEBUG      Killed process 2803
2016-02-19 01:09:54,627 DEBUG      Goted sock info:
2016-02-19 01:09:54,627 DEBUG      {'username': u'Berwyn', 'ip': u'63.95.218.116', 'password': u'IL', 'id': 60}
2016-02-19 01:10:04,665 DEBUG      Port is not listen
2016-02-19 01:10:04,665 ERROR      Error, can not open new sock
2016-02-19 01:10:04,673 DEBUG      Updated socks id 60 staus to  False
2016-02-19 01:10:04,674 DEBUG      Updated socks id 60 lastcheck to  1455819004.67
2016-02-19 01:10:04,694 DEBUG      Port is not listen
2016-02-19 01:10:04,695 DEBUG      Goted sock info:
2016-02-19 01:10:04,695 DEBUG      {'username': u'admin', 'ip': u'50.197.235.25', 'password': u'admin', 'id': 61}
2016-02-19 01:10:14,728 DEBUG      Port is not listen
2016-02-19 01:10:14,728 ERROR      Error, can not open new sock
2016-02-19 01:10:14,737 DEBUG      Updated socks id 61 staus to  False
2016-02-19 01:10:14,738 DEBUG      Updated socks id 61 lastcheck to  1455819014.74
2016-02-19 01:10:14,768 DEBUG      Port is not listen
2016-02-19 01:10:14,768 DEBUG      Goted sock info:
2016-02-19 01:10:14,769 DEBUG      {'username': u'mysql', 'ip': u'69.74.202.95', 'password': u'mysql', 'id': 62}
2016-02-19 01:10:24,798 DEBUG      Port is not listen
2016-02-19 01:10:24,798 ERROR      Error, can not open new sock
2016-02-19 01:10:24,799 DEBUG      Updated socks id 62 staus to  False
2016-02-19 01:10:24,800 DEBUG      Updated socks id 62 lastcheck to  1455819024.8
2016-02-19 01:10:24,826 DEBUG      Port is not listen
2016-02-19 01:10:24,827 DEBUG      Goted sock info:
2016-02-19 01:10:24,827 DEBUG      {'username': u'user', 'ip': u'205.251.155.46', 'password': u'user', 'id': 63}
2016-02-19 01:10:34,862 DEBUG      Port is not listen
2016-02-19 01:10:34,863 ERROR      Error, can not open new sock
2016-02-19 01:10:34,870 DEBUG      Updated socks id 63 staus to  False
2016-02-19 01:10:34,871 DEBUG      Updated socks id 63 lastcheck to  1455819034.87
2016-02-19 01:10:34,894 DEBUG      Port is not listen
2016-02-19 01:10:34,895 DEBUG      Goted sock info:
2016-02-19 01:10:34,895 DEBUG      {'username': u'admin', 'ip': u'173.190.114.210', 'password': u'default', 'id': 64}
2016-02-19 01:10:44,935 DEBUG      Port is not listen
2016-02-19 01:10:44,935 ERROR      Error, can not open new sock
2016-02-19 01:10:44,938 DEBUG      Updated socks id 64 staus to  False
2016-02-19 01:10:44,939 DEBUG      Updated socks id 64 lastcheck to  1455819044.94
2016-02-19 01:10:44,981 DEBUG      Port is not listen
2016-02-19 01:10:44,982 DEBUG      Goted sock info:
2016-02-19 01:10:44,982 DEBUG      {'username': u'admin', 'ip': u'108.33.103.59', 'password': u'admin', 'id': 65}
2016-02-19 01:10:55,019 DEBUG      Pid is 5989
2016-02-19 01:10:55,019 INFO       Open new sock with PID: 5989
2016-02-19 01:10:55,819 DEBUG      Sock PID 5989 access Internet OK
2016-02-19 01:10:55,823 DEBUG      Updated socks id 65 lastcheck to  1455819055.82
2016-02-19 01:10:55,850 DEBUG      Port is not listen
2016-02-19 01:12:30,452 DEBUG      Pid is 5989
2016-02-19 01:12:31,481 DEBUG      Port is not listen
2016-02-19 01:12:31,482 DEBUG      Killed process 5989
2016-02-19 01:12:31,488 DEBUG      Goted sock info:
2016-02-19 01:12:31,488 DEBUG      {'username': u'user', 'ip': u'72.87.54.6', 'password': u'user', 'id': 66}
2016-02-19 01:12:41,521 DEBUG      Pid is 6288
2016-02-19 01:12:41,522 INFO       Open new sock with PID: 6288
2016-02-19 01:12:42,339 DEBUG      Sock PID 6288 access Internet OK
2016-02-19 01:12:42,347 DEBUG      Updated socks id 66 lastcheck to  1455819162.34
2016-02-19 01:13:01,896 DEBUG      Port is not listen
2016-02-19 01:13:35,472 DEBUG      Pid is 6288
2016-02-19 01:13:36,501 DEBUG      Port is not listen
2016-02-19 01:13:36,501 DEBUG      Killed process 6288
2016-02-19 01:13:36,502 DEBUG      Goted sock info:
2016-02-19 01:13:36,502 DEBUG      {'username': u'hscroot', 'ip': u'162.40.255.31', 'password': u'abc123', 'id': 67}
2016-02-19 01:13:46,538 DEBUG      Port is not listen
2016-02-19 01:13:46,539 ERROR      Error, can not open new sock
2016-02-19 01:13:46,543 DEBUG      Updated socks id 67 staus to  False
2016-02-19 01:13:46,544 DEBUG      Updated socks id 67 lastcheck to  1455819226.54
2016-02-19 01:13:46,573 DEBUG      Port is not listen
2016-02-19 01:13:46,574 DEBUG      Goted sock info:
2016-02-19 01:13:46,574 DEBUG      {'username': u'PlcmSpIp', 'ip': u'50.246.179.249', 'password': u'PlcmSpIp', 'id': 68}
2016-02-19 01:13:56,612 DEBUG      Port is not listen
2016-02-19 01:13:56,612 ERROR      Error, can not open new sock
2016-02-19 01:13:56,615 DEBUG      Updated socks id 68 staus to  False
2016-02-19 01:13:56,616 DEBUG      Updated socks id 68 lastcheck to  1455819236.62
2016-02-19 01:13:56,647 DEBUG      Port is not listen
2016-02-19 01:13:56,648 DEBUG      Goted sock info:
2016-02-19 01:13:56,648 DEBUG      {'username': u'support', 'ip': u'96.31.84.126', 'password': u'support', 'id': 69}
2016-02-19 01:14:06,681 DEBUG      Pid is 6678
2016-02-19 01:14:06,681 INFO       Open new sock with PID: 6678
2016-02-19 01:14:07,659 DEBUG      Sock PID 6678 access Internet OK
2016-02-19 01:14:07,668 DEBUG      Updated socks id 69 lastcheck to  1455819247.66
2016-02-19 01:14:13,077 DEBUG      Port is not listen
2016-02-19 01:18:03,196 DEBUG      Port is not listen
2016-02-19 01:18:03,197 DEBUG      Goted sock info:
2016-02-19 01:18:03,197 DEBUG      {'username': u'sales', 'ip': u'174.136.62.146', 'password': u'sales', 'id': 70}
2016-02-19 01:18:13,232 DEBUG      Port is not listen
2016-02-19 01:18:13,232 ERROR      Error, can not open new sock
2016-02-19 01:18:13,240 DEBUG      Updated socks id 70 staus to  False
2016-02-19 01:18:13,241 DEBUG      Updated socks id 70 lastcheck to  1455819493.24
2016-02-19 01:18:13,264 DEBUG      Port is not listen
2016-02-19 01:18:13,265 DEBUG      Goted sock info:
2016-02-19 01:18:13,265 DEBUG      {'username': u'admin', 'ip': u'100.38.47.189', 'password': u'default', 'id': 71}
2016-02-19 01:18:23,301 DEBUG      Port is not listen
2016-02-19 01:18:23,301 ERROR      Error, can not open new sock
2016-02-19 01:18:23,309 DEBUG      Updated socks id 71 staus to  False
2016-02-19 01:18:23,310 DEBUG      Updated socks id 71 lastcheck to  1455819503.31
2016-02-19 01:18:23,334 DEBUG      Port is not listen
2016-02-19 01:18:23,335 DEBUG      Goted sock info:
2016-02-19 01:18:23,335 DEBUG      {'username': u'admin', 'ip': u'108.61.159.121', 'password': u'admin', 'id': 72}
2016-02-19 01:18:33,374 DEBUG      Pid is 7496
2016-02-19 01:18:33,374 INFO       Open new sock with PID: 7496
2016-02-19 01:18:34,142 DEBUG      Sock PID 7496 access Internet OK
2016-02-19 01:18:34,151 DEBUG      Updated socks id 72 lastcheck to  1455819514.14
2016-02-19 01:18:40,523 DEBUG      Port is not listen
2016-02-19 01:19:47,143 DEBUG      Pid is 7496
2016-02-19 01:19:48,172 DEBUG      Port is not listen
2016-02-19 01:19:48,172 DEBUG      Killed process 7496
2016-02-19 01:19:48,173 DEBUG      Goted sock info:
2016-02-19 01:19:48,173 DEBUG      {'username': u'ftpuser', 'ip': u'66.119.59.218', 'password': u'asteriskftp', 'id': 73}
2016-02-19 01:19:58,206 DEBUG      Port is not listen
2016-02-19 01:19:58,206 ERROR      Error, can not open new sock
2016-02-19 01:19:58,211 DEBUG      Updated socks id 73 staus to  False
2016-02-19 01:19:58,212 DEBUG      Updated socks id 73 lastcheck to  1455819598.21
2016-02-19 01:19:58,232 DEBUG      Port is not listen
2016-02-19 01:19:58,233 DEBUG      Goted sock info:
2016-02-19 01:19:58,233 DEBUG      {'username': u'admin', 'ip': u'38.124.193.185', 'password': u'administrator', 'id': 74}
2016-02-19 01:20:08,265 DEBUG      Pid is 8193
2016-02-19 01:20:08,265 INFO       Open new sock with PID: 8193
2016-02-19 01:20:09,105 DEBUG      Sock PID 8193 access Internet OK
2016-02-19 01:20:09,118 DEBUG      Updated socks id 74 lastcheck to  1455819609.11
2016-02-19 01:20:22,301 DEBUG      Port is not listen
2016-02-19 01:20:37,068 DEBUG      Pid is 8193
2016-02-19 01:20:38,096 DEBUG      Port is not listen
2016-02-19 01:20:38,096 DEBUG      Killed process 8193
2016-02-19 01:20:38,097 DEBUG      Goted sock info:
2016-02-19 01:20:38,097 DEBUG      {'username': u'test', 'ip': u'97.88.31.157', 'password': u'test1234', 'id': 75}
2016-02-19 01:20:48,135 DEBUG      Pid is 8518
2016-02-19 01:20:48,135 INFO       Open new sock with PID: 8518
2016-02-19 01:20:48,917 DEBUG      Sock PID 8518 access Internet OK
2016-02-19 01:20:48,926 DEBUG      Updated socks id 75 lastcheck to  1455819648.92
2016-02-19 01:21:03,026 DEBUG      Pid is 8518
2016-02-19 01:21:04,053 DEBUG      Port is not listen
2016-02-19 01:21:04,053 DEBUG      Killed process 8518
2016-02-19 01:21:04,054 DEBUG      Goted sock info:
2016-02-19 01:21:04,054 DEBUG      {'username': u'sales', 'ip': u'50.192.195.225', 'password': u'sales', 'id': 76}
2016-02-19 01:21:14,093 DEBUG      Port is not listen
2016-02-19 01:21:14,093 ERROR      Error, can not open new sock
2016-02-19 01:21:14,101 DEBUG      Updated socks id 76 staus to  False
2016-02-19 01:21:14,102 DEBUG      Updated socks id 76 lastcheck to  1455819674.1
2016-02-19 01:21:14,126 DEBUG      Port is not listen
2016-02-19 01:21:14,126 DEBUG      Goted sock info:
2016-02-19 01:21:14,127 DEBUG      {'username': u'user', 'ip': u'204.210.173.4', 'password': u'user', 'id': 77}
2016-02-19 01:21:24,162 DEBUG      Pid is 8893
2016-02-19 01:21:24,162 INFO       Open new sock with PID: 8893
2016-02-19 01:21:49,706 DEBUG      Sock PID 8893 access Internet OK
2016-02-19 01:21:49,715 DEBUG      Updated socks id 77 lastcheck to  1455819709.71
2016-02-19 01:22:21,219 DEBUG      Port is not listen
2016-02-19 01:37:29,242 DEBUG      Pid is 8893
2016-02-19 01:37:30,268 DEBUG      Port is not listen
2016-02-19 01:37:30,269 DEBUG      Killed process 8893
2016-02-19 01:37:30,270 DEBUG      Goted sock info:
2016-02-19 01:37:30,270 DEBUG      {'username': u'admin', 'ip': u'75.90.251.115', 'password': u'default', 'id': 78}
2016-02-19 01:37:40,301 DEBUG      Port is not listen
2016-02-19 01:37:40,302 ERROR      Error, can not open new sock
2016-02-19 01:37:40,306 DEBUG      Updated socks id 78 staus to  False
2016-02-19 01:37:40,307 DEBUG      Updated socks id 78 lastcheck to  1455820660.31
2016-02-19 01:37:40,328 DEBUG      Port is not listen
2016-02-19 01:37:40,329 DEBUG      Goted sock info:
2016-02-19 01:37:40,329 DEBUG      {'username': u'ftpuser', 'ip': u'71.162.243.7', 'password': u'asteriskftp', 'id': 79}
2016-02-19 01:38:24,254 DEBUG      Port is not listen
2016-02-19 01:38:24,255 DEBUG      Goted sock info:
2016-02-19 01:38:24,255 DEBUG      {'username': u'ftpuser', 'ip': u'71.162.243.7', 'password': u'asteriskftp', 'id': 79}
2016-02-19 01:38:34,290 DEBUG      Port is not listen
2016-02-19 01:38:34,290 ERROR      Error, can not open new sock
2016-02-19 01:38:34,302 DEBUG      Updated socks id 79 staus to  False
2016-02-19 01:38:34,304 DEBUG      Updated socks id 79 lastcheck to  1455820714.3
2016-02-19 01:38:34,330 DEBUG      Port is not listen
2016-02-19 01:38:34,331 DEBUG      Goted sock info:
2016-02-19 01:38:34,331 DEBUG      {'username': u'ubnt', 'ip': u'73.155.194.173', 'password': u'ubnt', 'id': 80}
2016-02-19 01:38:44,371 DEBUG      Port is not listen
2016-02-19 01:38:44,371 ERROR      Error, can not open new sock
2016-02-19 01:38:44,379 DEBUG      Updated socks id 80 staus to  False
2016-02-19 01:38:44,380 DEBUG      Updated socks id 80 lastcheck to  1455820724.38
2016-02-19 01:38:44,398 DEBUG      Port is not listen
2016-02-19 01:38:44,398 DEBUG      Goted sock info:
2016-02-19 01:38:44,398 DEBUG      {'username': u'www', 'ip': u'162.249.127.48', 'password': u'www', 'id': 81}
2016-02-19 01:38:54,437 DEBUG      Port is not listen
2016-02-19 01:38:54,438 ERROR      Error, can not open new sock
2016-02-19 01:38:54,445 DEBUG      Updated socks id 81 staus to  False
2016-02-19 01:38:54,446 DEBUG      Updated socks id 81 lastcheck to  1455820734.45
2016-02-19 01:38:54,472 DEBUG      Port is not listen
2016-02-19 01:38:54,472 DEBUG      Goted sock info:
2016-02-19 01:38:54,473 DEBUG      {'username': u'admin', 'ip': u'64.183.93.156', 'password': u'default', 'id': 82}
2016-02-19 01:39:04,505 DEBUG      Port is not listen
2016-02-19 01:39:04,505 ERROR      Error, can not open new sock
2016-02-19 01:39:04,513 DEBUG      Updated socks id 82 staus to  False
2016-02-19 01:39:04,514 DEBUG      Updated socks id 82 lastcheck to  1455820744.51
2016-02-19 01:39:04,541 DEBUG      Port is not listen
2016-02-19 01:39:04,541 DEBUG      Goted sock info:
2016-02-19 01:39:04,541 DEBUG      {'username': u'admin', 'ip': u'8.29.20.7', 'password': u'default', 'id': 83}
2016-02-19 01:39:14,572 DEBUG      Pid is 12199
2016-02-19 01:39:14,572 INFO       Open new sock with PID: 12199
2016-02-19 01:39:15,371 DEBUG      Sock PID 12199 access Internet OK
2016-02-19 01:39:15,376 DEBUG      Updated socks id 83 lastcheck to  1455820755.37
2016-02-19 01:39:49,401 DEBUG      Port is not listen
2016-02-19 01:41:13,897 DEBUG      Pid is 12199
2016-02-19 01:41:14,922 DEBUG      Port is not listen
2016-02-19 01:41:14,923 DEBUG      Killed process 12199
2016-02-19 01:41:14,924 DEBUG      Goted sock info:
2016-02-19 01:41:14,924 DEBUG      {'username': u'admin', 'ip': u'50.193.136.219', 'password': u'admin', 'id': 84}
2016-02-19 01:41:24,956 DEBUG      Port is not listen
2016-02-19 01:41:24,956 ERROR      Error, can not open new sock
2016-02-19 01:41:24,964 DEBUG      Updated socks id 84 staus to  False
2016-02-19 01:41:24,965 DEBUG      Updated socks id 84 lastcheck to  1455820884.96
2016-02-19 01:41:24,985 DEBUG      Port is not listen
2016-02-19 01:41:24,985 DEBUG      Goted sock info:
2016-02-19 01:41:24,986 DEBUG      {'username': u'user', 'ip': u'166.136.142.227', 'password': u'user', 'id': 85}
2016-02-19 01:41:35,021 DEBUG      Port is not listen
2016-02-19 01:41:35,022 ERROR      Error, can not open new sock
2016-02-19 01:41:35,030 DEBUG      Updated socks id 85 staus to  False
2016-02-19 01:41:35,030 DEBUG      Updated socks id 85 lastcheck to  1455820895.03
2016-02-19 01:41:35,052 DEBUG      Port is not listen
2016-02-19 01:41:35,053 DEBUG      Goted sock info:
2016-02-19 01:41:35,053 DEBUG      {'username': u'admin', 'ip': u'64.1.17.221', 'password': u'default', 'id': 86}
2016-02-19 01:41:45,090 DEBUG      Port is not listen
2016-02-19 01:41:45,090 ERROR      Error, can not open new sock
2016-02-19 01:41:45,098 DEBUG      Updated socks id 86 staus to  False
2016-02-19 01:41:45,098 DEBUG      Updated socks id 86 lastcheck to  1455820905.1
2016-02-19 01:41:45,124 DEBUG      Port is not listen
2016-02-19 01:41:45,125 DEBUG      Goted sock info:
2016-02-19 01:41:45,125 DEBUG      {'username': u'admin', 'ip': u'168.215.104.233', 'password': u'default', 'id': 87}
2016-02-19 01:41:55,159 DEBUG      Port is not listen
2016-02-19 01:41:55,160 ERROR      Error, can not open new sock
2016-02-19 01:41:55,162 DEBUG      Updated socks id 87 staus to  False
2016-02-19 01:41:55,163 DEBUG      Updated socks id 87 lastcheck to  1455820915.16
2016-02-19 01:41:55,182 DEBUG      Port is not listen
2016-02-19 01:41:55,182 DEBUG      Goted sock info:
2016-02-19 01:41:55,183 DEBUG      {'username': u'PlcmSpIp', 'ip': u'66.153.72.40', 'password': u'PlcmSpIp', 'id': 88}
2016-02-19 01:42:05,215 DEBUG      Port is not listen
2016-02-19 01:42:05,215 ERROR      Error, can not open new sock
2016-02-19 01:42:05,222 DEBUG      Updated socks id 88 staus to  False
2016-02-19 01:42:05,223 DEBUG      Updated socks id 88 lastcheck to  1455820925.22
2016-02-19 01:42:05,244 DEBUG      Port is not listen
2016-02-19 01:42:05,245 DEBUG      Goted sock info:
2016-02-19 01:42:05,245 DEBUG      {'username': u'user', 'ip': u'98.103.145.59', 'password': u'user', 'id': 89}
2016-02-19 01:42:15,284 DEBUG      Pid is 12667
2016-02-19 01:42:15,284 INFO       Open new sock with PID: 12667
2016-02-19 01:42:16,199 DEBUG      Sock PID 12667 access Internet OK
2016-02-19 01:42:16,207 DEBUG      Updated socks id 89 lastcheck to  1455820936.2
2016-02-19 01:44:12,616 DEBUG      Port is not listen
2016-02-19 01:47:33,530 DEBUG      Pid is 12667
2016-02-19 01:47:34,554 DEBUG      Port is not listen
2016-02-19 01:47:34,554 DEBUG      Killed process 12667
2016-02-19 01:47:34,555 DEBUG      Goted sock info:
2016-02-19 01:47:34,555 DEBUG      {'username': u'admin', 'ip': u'173.187.164.226', 'password': u'default', 'id': 90}
2016-02-19 01:47:44,596 DEBUG      Pid is 13792
2016-02-19 01:47:44,596 INFO       Open new sock with PID: 13792
2016-02-19 01:47:46,205 DEBUG      Sock PID 13792 access Internet OK
2016-02-19 01:47:46,211 DEBUG      Updated socks id 90 lastcheck to  1455821266.21
2016-02-19 01:48:07,853 DEBUG      Port is not listen
2016-02-19 01:49:12,633 DEBUG      Pid is 13792
2016-02-19 01:49:13,662 DEBUG      Port is not listen
2016-02-19 01:49:13,662 DEBUG      Killed process 13792
2016-02-19 01:49:13,663 DEBUG      Goted sock info:
2016-02-19 01:49:13,663 DEBUG      {'username': u'admin', 'ip': u'97.77.22.61', 'password': u'default', 'id': 91}
2016-02-19 01:49:23,692 DEBUG      Port is not listen
2016-02-19 01:49:23,693 ERROR      Error, can not open new sock
2016-02-19 01:49:23,701 DEBUG      Updated socks id 91 staus to  False
2016-02-19 01:49:23,702 DEBUG      Updated socks id 91 lastcheck to  1455821363.7
2016-02-19 01:49:23,724 DEBUG      Port is not listen
2016-02-19 01:49:23,724 DEBUG      Goted sock info:
2016-02-19 01:49:23,724 DEBUG      {'username': u'scan', 'ip': u'67.130.135.15', 'password': u'scan', 'id': 92}
2016-02-19 01:49:33,762 DEBUG      Pid is 14145
2016-02-19 01:49:33,763 INFO       Open new sock with PID: 14145
2016-02-19 01:49:36,574 DEBUG      Sock PID 14145 access Internet OK
2016-02-19 01:49:36,581 DEBUG      Updated socks id 92 lastcheck to  1455821376.57
2016-02-19 01:49:59,320 DEBUG      Port is not listen
