2016-02-22 19:17:56,797 DEBUG      Port 9991 is not listen, don`t need close
2016-02-22 19:17:56,798 DEBUG      Goted sock info:
2016-02-22 19:17:56,798 DEBUG      {'username': u'support', 'ip': u'68.69.45.115', 'password': u'support', 'id': 53}
2016-02-22 19:18:01,870 DEBUG      Pid is 3927
2016-02-22 19:18:01,883 DEBUG      Pid is 3927
2016-02-22 19:18:01,884 INFO       Open new sock with PID: 3927
2016-02-22 19:18:06,025 DEBUG      Request time of id 53 :  4.13490605354
2016-02-22 19:18:06,026 DEBUG      Sock PID 3927 access Internet OK
2016-02-22 19:18:06,027 DEBUG      Updated socks id 53 lastcheck to  1456143486.03
2016-02-22 19:21:07,046 DEBUG      Pid is 3927
2016-02-22 19:21:08,065 DEBUG      Killed process 3927
2016-02-22 19:21:08,067 DEBUG      Goted sock info:
2016-02-22 19:21:08,067 DEBUG      {'username': u'user', 'ip': u'72.87.54.6', 'password': u'user', 'id': 66}
2016-02-22 19:21:11,118 DEBUG      Pid is 5280
2016-02-22 19:21:11,132 DEBUG      Pid is 5280
2016-02-22 19:21:11,132 INFO       Open new sock with PID: 5280
2016-02-22 19:21:11,965 DEBUG      Request time of id 66 :  0.823792934418
2016-02-22 19:21:11,965 DEBUG      Sock PID 5280 access Internet OK
2016-02-22 19:21:11,966 DEBUG      Updated socks id 66 lastcheck to  1456143671.97
2016-02-22 19:22:12,046 DEBUG      Pid is 5280
2016-02-22 19:22:13,058 DEBUG      Killed process 5280
2016-02-22 19:22:13,059 DEBUG      Goted sock info:
2016-02-22 19:22:13,059 DEBUG      {'username': u'support', 'ip': u'96.31.84.126', 'password': u'support', 'id': 69}
2016-02-22 19:22:18,134 DEBUG      Pid is 5471
2016-02-22 19:22:18,151 DEBUG      Pid is 5471
2016-02-22 19:22:18,151 INFO       Open new sock with PID: 5471
2016-02-22 19:22:19,381 DEBUG      Request time of id 69 :  1.22078490257
2016-02-22 19:22:19,381 DEBUG      Sock PID 5471 access Internet OK
2016-02-22 19:22:19,382 DEBUG      Updated socks id 69 lastcheck to  1456143739.38
2016-02-22 19:23:19,453 DEBUG      Port 9991 is not listen, don`t need close
2016-02-22 19:23:19,454 DEBUG      Goted sock info:
2016-02-22 19:23:19,454 DEBUG      {'username': u'admin', 'ip': u'108.61.159.121', 'password': u'admin', 'id': 72}
2016-02-22 19:23:22,497 DEBUG      Pid is 6002
2016-02-22 19:23:22,512 DEBUG      Pid is 6002
2016-02-22 19:23:22,512 INFO       Open new sock with PID: 6002
2016-02-22 19:23:23,221 DEBUG      Request time of id 72 :  0.703564167023
2016-02-22 19:23:23,221 DEBUG      Sock PID 6002 access Internet OK
2016-02-22 19:23:23,222 DEBUG      Updated socks id 72 lastcheck to  1456143803.22
2016-02-22 19:24:23,297 DEBUG      Pid is 6002
2016-02-22 19:24:24,313 DEBUG      Killed process 6002
2016-02-22 19:24:24,313 DEBUG      Goted sock info:
2016-02-22 19:24:24,314 DEBUG      {'username': u'test', 'ip': u'97.88.31.157', 'password': u'test1234', 'id': 75}
2016-02-22 19:24:27,353 DEBUG      Pid is 6513
2016-02-22 19:24:27,366 DEBUG      Pid is 6513
2016-02-22 19:24:27,366 INFO       Open new sock with PID: 6513
2016-02-22 19:24:28,199 DEBUG      Request time of id 75 :  0.824223995209
2016-02-22 19:24:28,199 DEBUG      Sock PID 6513 access Internet OK
2016-02-22 19:24:28,201 DEBUG      Updated socks id 75 lastcheck to  1456143868.2
2016-02-22 19:25:28,274 DEBUG      Pid is 6513
2016-02-22 19:25:29,291 DEBUG      Killed process 6513
2016-02-22 19:25:29,292 DEBUG      Goted sock info:
2016-02-22 19:25:29,292 DEBUG      {'username': u'PlcmSpIp', 'ip': u'65.23.50.50', 'password': u'PlcmSpIp', 'id': 163}
2016-02-22 19:25:33,357 DEBUG      Pid is 8865
2016-02-22 19:25:33,371 DEBUG      Pid is 8865
2016-02-22 19:25:33,372 INFO       Open new sock with PID: 8865
2016-02-22 19:33:20,899 DEBUG      Port 9991 is not listen, don`t need close
2016-02-22 19:33:20,899 DEBUG      Goted sock info:
2016-02-22 19:33:20,900 DEBUG      {'username': u'PlcmSpIp', 'ip': u'65.23.50.50', 'password': u'PlcmSpIp', 'id': 163}
2016-02-22 19:33:24,967 DEBUG      Pid is 11559
2016-02-22 19:33:24,983 DEBUG      Pid is 11559
2016-02-22 19:33:24,984 INFO       Open new sock with PID: 11559
2016-02-22 19:33:25,947 DEBUG      Request time of id 163 :  0.954648017883
2016-02-22 19:33:25,947 DEBUG      Sock PID 11559 access Internet OK
2016-02-22 19:33:25,949 DEBUG      Updated socks id 163 lastcheck to  1456144405.95
2016-02-22 19:46:08,573 DEBUG      Port 9991 is not listen, don`t need close
2016-02-22 19:46:08,573 DEBUG      Goted sock info:
2016-02-22 19:46:08,573 DEBUG      {'username': u'user', 'ip': u'204.185.225.88', 'password': u'user', 'id': 179}
2016-02-22 19:46:11,622 DEBUG      Pid is 14067
2016-02-22 19:46:11,637 DEBUG      Pid is 14067
2016-02-22 19:46:11,637 INFO       Open new sock with PID: 14067
2016-02-22 19:46:12,197 DEBUG      Request time of id 179 :  0.551519155502
2016-02-22 19:46:12,197 DEBUG      Sock PID 14067 access Internet OK
2016-02-22 19:46:12,198 DEBUG      Updated socks id 179 lastcheck to  1456145172.2
2016-02-22 19:50:19,707 DEBUG      Pid is 14067
2016-02-22 19:50:20,719 DEBUG      Killed process 14067
2016-02-22 19:50:20,721 DEBUG      Goted sock info:
2016-02-22 19:50:20,721 DEBUG      {'username': u'support', 'ip': u'67.208.225.47', 'password': u'support', 'id': 181}
2016-02-22 19:50:30,859 ERROR      Error, can not open new sock
2016-02-22 19:50:30,867 DEBUG      Updated socks id 181 staus to  False
2016-02-22 19:50:30,868 DEBUG      Updated socks id 181 lastcheck to  1456145430.87
2016-02-22 19:50:30,868 DEBUG      Sock is not good, changed status. go to next sock
2016-02-22 19:50:30,879 DEBUG      Port 9991 is not listen, don`t need close
2016-02-22 19:50:30,879 DEBUG      Goted sock info:
2016-02-22 19:50:30,880 DEBUG      {'username': u'support', 'ip': u'64.196.58.123', 'password': u'support', 'id': 217}
2016-02-22 19:50:34,947 DEBUG      Pid is 15964
2016-02-22 19:50:34,963 DEBUG      Pid is 15964
2016-02-22 19:50:34,963 INFO       Open new sock with PID: 15964
2016-02-22 19:50:38,236 DEBUG      Request time of id 217 :  3.26559495926
2016-02-22 19:50:38,237 DEBUG      Sock PID 15964 access Internet OK
2016-02-22 19:50:38,238 DEBUG      Updated socks id 217 lastcheck to  1456145438.24
2016-02-22 19:55:01,432 DEBUG      Port 9991 is not listen, don`t need close
2016-02-22 19:55:01,433 DEBUG      Goted sock info:
2016-02-22 19:55:01,433 DEBUG      {'username': u'admin', 'ip': u'64.185.2.130', 'password': u'admin', 'id': 224}
2016-02-22 19:55:07,479 DEBUG      Pid is 2955
2016-02-22 19:55:07,490 DEBUG      Pid is 2955
2016-02-22 19:55:07,490 INFO       Open new sock with PID: 2955
2016-02-22 19:55:10,416 DEBUG      Request time of id 224 :  2.92213821411
2016-02-22 19:55:10,417 DEBUG      Sock PID 2955 access Internet OK
2016-02-22 19:55:10,417 DEBUG      Updated socks id 224 lastcheck to  1456145710.42
2016-02-22 20:00:10,445 DEBUG      Pid is 2955
2016-02-22 20:00:11,459 DEBUG      Killed process 2955
2016-02-22 20:00:11,460 DEBUG      Goted sock info:
2016-02-22 20:00:11,460 DEBUG      {'username': u'test', 'ip': u'173.245.117.5', 'password': u'test123', 'id': 237}
2016-02-22 20:00:16,536 DEBUG      Pid is 5284
2016-02-22 20:00:16,549 DEBUG      Pid is 5284
2016-02-22 20:00:16,549 INFO       Open new sock with PID: 5284
2016-02-22 20:00:17,220 DEBUG      Request time of id 237 :  0.663678884506
2016-02-22 20:00:17,220 DEBUG      Sock PID 5284 access Internet OK
2016-02-22 20:00:17,221 DEBUG      Updated socks id 237 lastcheck to  1456146017.22
2016-02-22 20:05:17,229 DEBUG      Port 9991 is not listen, don`t need close
2016-02-22 20:05:17,229 DEBUG      Goted sock info:
2016-02-22 20:05:17,229 DEBUG      {'username': u'test', 'ip': u'50.186.66.157', 'password': u'test', 'id': 247}
2016-02-22 20:05:20,276 DEBUG      Pid is 6049
2016-02-22 20:05:20,292 DEBUG      Pid is 6049
2016-02-22 20:05:20,293 INFO       Open new sock with PID: 6049
2016-02-22 20:05:22,016 DEBUG      Request time of id 247 :  1.71461105347
2016-02-22 20:05:22,016 DEBUG      Sock PID 6049 access Internet OK
2016-02-22 20:05:22,017 DEBUG      Updated socks id 247 lastcheck to  1456146322.02
2016-02-22 20:10:22,137 DEBUG      Pid is 6049
2016-02-22 20:10:23,155 DEBUG      Killed process 6049
2016-02-22 20:10:23,156 DEBUG      Goted sock info:
2016-02-22 20:10:23,156 DEBUG      {'username': u'support', 'ip': u'68.69.45.145', 'password': u'support', 'id': 7}
2016-02-22 20:10:27,236 DEBUG      Pid is 8099
2016-02-22 20:10:27,252 DEBUG      Pid is 8099
2016-02-22 20:10:27,253 INFO       Open new sock with PID: 8099
2016-02-22 20:10:28,881 DEBUG      Request time of id 7 :  1.62289690971
2016-02-22 20:10:28,881 DEBUG      Sock PID 8099 access Internet OK
2016-02-22 20:10:28,883 DEBUG      Updated socks id 7 lastcheck to  1456146628.88
2016-02-22 20:15:29,002 DEBUG      Pid is 8099
2016-02-22 20:15:30,014 DEBUG      Killed process 8099
2016-02-22 20:15:30,014 DEBUG      Goted sock info:
2016-02-22 20:15:30,015 DEBUG      {'username': u'm', 'ip': u'199.9.62.214', 'password': u'm', 'id': 21}
2016-02-22 20:15:33,068 DEBUG      Pid is 10819
2016-02-22 20:15:33,085 DEBUG      Pid is 10819
2016-02-22 20:15:33,086 INFO       Open new sock with PID: 10819
2016-02-22 20:15:34,159 DEBUG      Request time of id 21 :  1.06911110878
2016-02-22 20:15:34,159 DEBUG      Sock PID 10819 access Internet OK
2016-02-22 20:15:34,161 DEBUG      Updated socks id 21 lastcheck to  1456146934.16
2016-02-22 20:20:34,283 DEBUG      Pid is 10819
2016-02-22 20:20:35,292 DEBUG      Killed process 10819
2016-02-22 20:20:35,293 DEBUG      Goted sock info:
2016-02-22 20:20:35,293 DEBUG      {'username': u'sales', 'ip': u'12.154.134.36', 'password': u'sales', 'id': 31}
2016-02-22 20:20:41,382 DEBUG      Pid is 12895
2016-02-22 20:20:41,400 DEBUG      Pid is 12895
2016-02-22 20:20:41,400 INFO       Open new sock with PID: 12895
2016-02-22 20:20:44,231 DEBUG      Request time of id 31 :  2.82235097885
2016-02-22 20:20:44,231 DEBUG      Sock PID 12895 access Internet OK
2016-02-22 20:20:44,232 DEBUG      Updated socks id 31 lastcheck to  1456147244.23
2016-02-22 20:25:44,313 DEBUG      Pid is 12895
2016-02-22 20:25:45,328 DEBUG      Killed process 12895
2016-02-22 20:25:45,329 DEBUG      Goted sock info:
2016-02-22 20:25:45,329 DEBUG      {'username': u'support', 'ip': u'68.69.45.115', 'password': u'support', 'id': 53}
2016-02-22 20:25:50,415 DEBUG      Pid is 14777
2016-02-22 20:25:50,433 DEBUG      Pid is 14777
2016-02-22 20:25:50,433 INFO       Open new sock with PID: 14777
2016-02-22 20:25:53,424 DEBUG      Request time of id 53 :  2.98295211792
2016-02-22 20:25:53,424 DEBUG      Sock PID 14777 access Internet OK
2016-02-22 20:25:53,425 DEBUG      Updated socks id 53 lastcheck to  1456147553.43
2016-02-22 20:30:53,494 DEBUG      Pid is 14777
2016-02-22 20:30:54,505 DEBUG      Killed process 14777
2016-02-22 20:30:54,505 DEBUG      Goted sock info:
2016-02-22 20:30:54,506 DEBUG      {'username': u'user', 'ip': u'72.87.54.6', 'password': u'user', 'id': 66}
2016-02-22 20:30:59,605 DEBUG      Pid is 16604
2016-02-22 20:30:59,623 DEBUG      Pid is 16604
2016-02-22 20:30:59,623 INFO       Open new sock with PID: 16604
2016-02-22 20:31:00,499 DEBUG      Request time of id 66 :  0.871953010559
2016-02-22 20:31:00,499 DEBUG      Sock PID 16604 access Internet OK
2016-02-22 20:31:00,500 DEBUG      Updated socks id 66 lastcheck to  1456147860.5
2016-02-22 20:36:00,621 DEBUG      Pid is 16604
2016-02-22 20:36:01,642 DEBUG      Killed process 16604
2016-02-22 20:36:01,643 DEBUG      Goted sock info:
2016-02-22 20:36:01,643 DEBUG      {'username': u'support', 'ip': u'96.31.84.126', 'password': u'support', 'id': 69}
2016-02-22 20:36:11,806 ERROR      Error, can not open new sock
2016-02-22 20:36:11,819 DEBUG      Updated socks id 69 staus to  False
2016-02-22 20:36:11,820 DEBUG      Updated socks id 69 lastcheck to  1456148171.82
2016-02-22 20:36:11,821 DEBUG      Sock is not good, changed status. go to next sock
2016-02-22 20:36:11,833 DEBUG      Port 9991 is not listen, don`t need close
2016-02-22 20:36:11,834 DEBUG      Goted sock info:
2016-02-22 20:36:11,834 DEBUG      {'username': u'admin', 'ip': u'108.61.159.121', 'password': u'admin', 'id': 72}
2016-02-22 20:36:15,909 DEBUG      Pid is 19488
2016-02-22 20:36:15,928 DEBUG      Pid is 19488
2016-02-22 20:36:15,928 INFO       Open new sock with PID: 19488
2016-02-22 20:36:17,999 DEBUG      Request time of id 72 :  2.06532406807
2016-02-22 20:36:17,999 DEBUG      Sock PID 19488 access Internet OK
2016-02-22 20:36:18,000 DEBUG      Updated socks id 72 lastcheck to  1456148178.0
2016-02-22 20:41:18,102 DEBUG      Pid is 19488
2016-02-22 20:41:19,116 DEBUG      Killed process 19488
2016-02-22 20:41:19,117 DEBUG      Goted sock info:
2016-02-22 20:41:19,117 DEBUG      {'username': u'test', 'ip': u'97.88.31.157', 'password': u'test1234', 'id': 75}
2016-02-22 20:41:23,194 DEBUG      Pid is 22272
2016-02-22 20:41:23,212 DEBUG      Pid is 22272
2016-02-22 20:41:23,213 INFO       Open new sock with PID: 22272
2016-02-22 20:41:24,202 DEBUG      Request time of id 75 :  0.980609893799
2016-02-22 20:41:24,202 DEBUG      Sock PID 22272 access Internet OK
2016-02-22 20:41:24,203 DEBUG      Updated socks id 75 lastcheck to  1456148484.2
2016-02-22 20:43:13,624 DEBUG      Change new sock
2016-02-22 20:43:13,638 DEBUG      Pid is 22272
2016-02-22 20:43:14,653 DEBUG      Killed process 22272
2016-02-22 20:43:14,654 DEBUG      Goted sock info:
2016-02-22 20:43:14,654 DEBUG      {'username': u'PlcmSpIp', 'ip': u'65.23.50.50', 'password': u'PlcmSpIp', 'id': 163}
2016-02-22 20:43:21,762 DEBUG      Pid is 23206
2016-02-22 20:43:21,781 DEBUG      Pid is 23206
2016-02-22 20:43:21,781 INFO       Open new sock with PID: 23206
2016-02-22 20:43:23,190 DEBUG      Request time of id 163 :  1.39545297623
2016-02-22 20:43:23,190 DEBUG      Sock PID 23206 access Internet OK
2016-02-22 20:43:23,191 DEBUG      Updated socks id 163 lastcheck to  1456148603.19
2016-02-22 20:48:23,291 DEBUG      Change new sock
2016-02-22 20:48:23,313 DEBUG      Pid is 23206
2016-02-22 20:48:24,326 DEBUG      Killed process 23206
2016-02-22 20:48:24,327 DEBUG      Goted sock info:
2016-02-22 20:48:24,327 DEBUG      {'username': u'user', 'ip': u'204.185.225.88', 'password': u'user', 'id': 179}
2016-02-22 20:48:30,427 DEBUG      Pid is 24510
2016-02-22 20:48:30,442 DEBUG      Pid is 24510
2016-02-22 20:48:30,443 INFO       Open new sock with PID: 24510
2016-02-22 20:48:31,998 DEBUG      Request time of id 179 :  1.54966211319
2016-02-22 20:48:31,999 DEBUG      Sock PID 24510 access Internet OK
2016-02-22 20:48:32,000 DEBUG      Updated socks id 179 lastcheck to  1456148912.0
2016-02-22 20:53:32,101 DEBUG      Change new sock
2016-02-22 20:53:32,121 DEBUG      Pid is 24510
2016-02-22 20:53:33,138 DEBUG      Killed process 24510
2016-02-22 20:53:33,139 DEBUG      Goted sock info:
2016-02-22 20:53:33,139 DEBUG      {'username': u'support', 'ip': u'64.196.58.123', 'password': u'support', 'id': 217}
2016-02-22 20:53:39,222 DEBUG      Pid is 25301
2016-02-22 20:53:39,239 DEBUG      Pid is 25301
2016-02-22 20:53:39,239 INFO       Open new sock with PID: 25301
2016-02-22 20:53:43,331 DEBUG      Request time of id 217 :  4.08703589439
2016-02-22 20:53:43,331 DEBUG      Sock PID 25301 access Internet OK
2016-02-22 20:53:43,333 DEBUG      Updated socks id 217 lastcheck to  1456149223.33
2016-02-22 20:58:43,405 DEBUG      Change new sock
2016-02-22 20:58:43,427 DEBUG      Pid is 25301
2016-02-22 20:58:44,447 DEBUG      Killed process 25301
2016-02-22 20:58:44,447 DEBUG      Goted sock info:
2016-02-22 20:58:44,447 DEBUG      {'username': u'admin', 'ip': u'64.185.2.130', 'password': u'admin', 'id': 224}
2016-02-22 20:58:53,579 DEBUG      Pid is 25765
2016-02-22 20:58:53,602 DEBUG      Pid is 25765
2016-02-22 20:58:53,602 INFO       Open new sock with PID: 25765
2016-02-22 20:58:55,914 DEBUG      Request time of id 224 :  2.3073618412
2016-02-22 20:58:55,914 DEBUG      Sock PID 25765 access Internet OK
2016-02-22 20:58:55,916 DEBUG      Updated socks id 224 lastcheck to  1456149535.91
2016-02-22 21:03:56,005 DEBUG      Change new sock
2016-02-22 21:03:56,026 DEBUG      Pid is 25765
2016-02-22 21:03:57,038 DEBUG      Killed process 25765
2016-02-22 21:03:57,039 DEBUG      Goted sock info:
2016-02-22 21:03:57,039 DEBUG      {'username': u'test', 'ip': u'173.245.117.5', 'password': u'test123', 'id': 237}
2016-02-22 21:04:04,172 DEBUG      Pid is 26623
2016-02-22 21:04:04,189 DEBUG      Pid is 26623
2016-02-22 21:04:04,189 INFO       Open new sock with PID: 26623
2016-02-22 21:04:04,864 DEBUG      Request time of id 237 :  0.669653892517
2016-02-22 21:04:04,865 DEBUG      Sock PID 26623 access Internet OK
2016-02-22 21:04:04,867 DEBUG      Updated socks id 237 lastcheck to  1456149844.87
2016-02-22 21:09:04,957 DEBUG      Change new sock
2016-02-22 21:09:04,979 DEBUG      Pid is 26623
2016-02-22 21:09:05,994 DEBUG      Killed process 26623
2016-02-22 21:09:05,994 DEBUG      Goted sock info:
2016-02-22 21:09:05,995 DEBUG      {'username': u'test', 'ip': u'50.186.66.157', 'password': u'test', 'id': 247}
2016-02-22 21:09:16,136 ERROR      Error, can not open new sock
2016-02-22 21:09:16,148 DEBUG      Updated socks id 247 staus to  False
2016-02-22 21:09:16,150 DEBUG      Updated socks id 247 lastcheck to  1456150156.15
2016-02-22 21:09:16,150 DEBUG      Sock is not good, changed status. go to next sock
2016-02-22 21:09:16,161 DEBUG      Port 9991 is not listen, don`t need close
2016-02-22 21:09:16,162 DEBUG      Goted sock info:
2016-02-22 21:09:16,163 DEBUG      {'username': u'support', 'ip': u'68.69.45.145', 'password': u'support', 'id': 7}
2016-02-22 21:09:18,207 DEBUG      Pid is 28346
2016-02-22 21:09:18,230 DEBUG      Pid is 28346
2016-02-22 21:09:18,231 INFO       Open new sock with PID: 28346
2016-02-22 21:09:22,089 DEBUG      Request time of id 7 :  3.85302996635
2016-02-22 21:09:22,090 DEBUG      Sock PID 28346 access Internet OK
2016-02-22 21:09:22,092 DEBUG      Updated socks id 7 lastcheck to  1456150162.09
2016-02-22 21:14:22,103 DEBUG      Change new sock
2016-02-22 21:14:22,123 DEBUG      Pid is 28346
2016-02-22 21:14:23,137 DEBUG      Killed process 28346
2016-02-22 21:14:23,138 DEBUG      Goted sock info:
2016-02-22 21:14:23,138 DEBUG      {'username': u'm', 'ip': u'199.9.62.214', 'password': u'm', 'id': 21}
2016-02-22 21:14:26,192 DEBUG      Pid is 29744
2016-02-22 21:14:26,211 DEBUG      Pid is 29744
2016-02-22 21:14:26,212 INFO       Open new sock with PID: 29744
2016-02-22 21:14:30,199 DEBUG      Request time of id 21 :  3.97823405266
2016-02-22 21:14:30,200 DEBUG      Sock PID 29744 access Internet OK
2016-02-22 21:14:30,201 DEBUG      Updated socks id 21 lastcheck to  1456150470.2
2016-02-22 21:19:30,242 DEBUG      Change new sock
2016-02-22 21:19:30,262 DEBUG      Pid is 29744
2016-02-22 21:19:31,283 DEBUG      Killed process 29744
2016-02-22 21:19:31,283 DEBUG      Goted sock info:
2016-02-22 21:19:31,283 DEBUG      {'username': u'sales', 'ip': u'12.154.134.36', 'password': u'sales', 'id': 31}
2016-02-22 21:19:36,370 DEBUG      Pid is 32437
2016-02-22 21:19:36,389 DEBUG      Pid is 32437
2016-02-22 21:19:36,389 INFO       Open new sock with PID: 32437
2016-02-22 21:19:37,572 DEBUG      Request time of id 31 :  1.17455291748
2016-02-22 21:19:37,572 DEBUG      Sock PID 32437 access Internet OK
2016-02-22 21:19:37,574 DEBUG      Updated socks id 31 lastcheck to  1456150777.57
2016-02-22 21:24:37,590 DEBUG      Change new sock
2016-02-22 21:24:37,607 DEBUG      Pid is 32437
2016-02-22 21:24:38,619 DEBUG      Killed process 32437
2016-02-22 21:24:38,620 DEBUG      Goted sock info:
2016-02-22 21:24:38,620 DEBUG      {'username': u'support', 'ip': u'68.69.45.115', 'password': u'support', 'id': 53}
2016-02-22 21:24:48,785 ERROR      Error, can not open new sock
2016-02-22 21:24:48,787 DEBUG      Updated socks id 53 staus to  False
2016-02-22 21:24:48,788 DEBUG      Updated socks id 53 lastcheck to  1456151088.79
2016-02-22 21:24:48,788 DEBUG      Sock is not good, changed status. go to next sock
2016-02-22 21:24:48,798 DEBUG      Port 9991 is not listen, don`t need close
2016-02-22 21:24:48,798 DEBUG      Goted sock info:
2016-02-22 21:24:48,798 DEBUG      {'username': u'user', 'ip': u'72.87.54.6', 'password': u'user', 'id': 66}
2016-02-22 21:24:51,862 DEBUG      Pid is 1379
2016-02-22 21:24:51,880 DEBUG      Pid is 1379
2016-02-22 21:24:51,880 INFO       Open new sock with PID: 1379
2016-02-22 21:24:53,158 DEBUG      Request time of id 66 :  1.2691180706
2016-02-22 21:24:53,158 DEBUG      Sock PID 1379 access Internet OK
2016-02-22 21:24:53,159 DEBUG      Updated socks id 66 lastcheck to  1456151093.16
2016-02-22 21:29:53,203 DEBUG      Change new sock
2016-02-22 21:29:53,223 DEBUG      Pid is 1379
2016-02-22 21:29:54,239 DEBUG      Killed process 1379
2016-02-22 21:29:54,239 DEBUG      Goted sock info:
2016-02-22 21:29:54,239 DEBUG      {'username': u'admin', 'ip': u'108.61.159.121', 'password': u'admin', 'id': 72}
2016-02-22 21:29:59,327 DEBUG      Pid is 2607
2016-02-22 21:29:59,352 DEBUG      Pid is 2607
2016-02-22 21:29:59,353 INFO       Open new sock with PID: 2607
2016-02-22 21:30:01,168 ERROR      Sock PID 2607 can not access Internet
2016-02-22 21:30:01,177 DEBUG      Updated socks id 72 staus to  False
2016-02-22 21:30:01,178 DEBUG      Updated socks id 72 lastcheck to  1456151401.18
2016-02-22 21:30:01,178 DEBUG      Sock is not good, changed status. go to next sock
2016-02-22 21:30:01,188 DEBUG      Port 9991 is not listen, don`t need close
2016-02-22 21:30:01,188 DEBUG      Goted sock info:
2016-02-22 21:30:01,189 DEBUG      {'username': u'test', 'ip': u'97.88.31.157', 'password': u'test1234', 'id': 75}
2016-02-22 21:30:04,244 DEBUG      Pid is 2685
2016-02-22 21:30:04,271 DEBUG      Pid is 2685
2016-02-22 21:30:04,271 INFO       Open new sock with PID: 2685
2016-02-22 21:30:07,468 DEBUG      Request time of id 75 :  3.18772506714
2016-02-22 21:30:07,468 DEBUG      Sock PID 2685 access Internet OK
2016-02-22 21:30:07,470 DEBUG      Updated socks id 75 lastcheck to  1456151407.47
2016-02-22 21:35:07,499 DEBUG      Change new sock
2016-02-22 21:35:07,524 DEBUG      Pid is 2685
2016-02-22 21:35:08,545 DEBUG      Killed process 2685
2016-02-22 21:35:08,546 DEBUG      Goted sock info:
2016-02-22 21:35:08,546 DEBUG      {'username': u'PlcmSpIp', 'ip': u'65.23.50.50', 'password': u'PlcmSpIp', 'id': 163}
2016-02-22 21:35:14,653 DEBUG      Pid is 4201
2016-02-22 21:35:14,673 DEBUG      Pid is 4201
2016-02-22 21:35:14,673 INFO       Open new sock with PID: 4201
2016-02-22 21:35:15,668 DEBUG      Request time of id 163 :  0.986779928207
2016-02-22 21:35:15,669 DEBUG      Sock PID 4201 access Internet OK
2016-02-22 21:35:15,670 DEBUG      Updated socks id 163 lastcheck to  1456151715.67
2016-02-22 21:40:15,769 DEBUG      Change new sock
2016-02-22 21:40:15,791 DEBUG      Pid is 4201
2016-02-22 21:40:16,811 DEBUG      Killed process 4201
2016-02-22 21:40:16,812 DEBUG      Goted sock info:
2016-02-22 21:40:16,812 DEBUG      {'username': u'user', 'ip': u'204.185.225.88', 'password': u'user', 'id': 179}
2016-02-22 21:40:22,921 DEBUG      Pid is 5516
2016-02-22 21:40:22,940 DEBUG      Pid is 5516
2016-02-22 21:40:22,941 INFO       Open new sock with PID: 5516
2016-02-22 21:40:24,163 DEBUG      Request time of id 179 :  1.21322798729
2016-02-22 21:40:24,163 DEBUG      Sock PID 5516 access Internet OK
2016-02-22 21:40:24,165 DEBUG      Updated socks id 179 lastcheck to  1456152024.16
2016-02-22 21:45:24,235 DEBUG      Change new sock
2016-02-22 21:45:24,260 DEBUG      Pid is 5516
2016-02-22 21:45:25,271 DEBUG      Killed process 5516
2016-02-22 21:45:25,272 DEBUG      Goted sock info:
2016-02-22 21:45:25,272 DEBUG      {'username': u'support', 'ip': u'64.196.58.123', 'password': u'support', 'id': 217}
2016-02-22 21:45:30,356 DEBUG      Pid is 6484
2016-02-22 21:45:30,373 DEBUG      Pid is 6484
2016-02-22 21:45:30,373 INFO       Open new sock with PID: 6484
2016-02-22 21:45:33,586 DEBUG      Request time of id 217 :  3.20491886139
2016-02-22 21:45:33,586 DEBUG      Sock PID 6484 access Internet OK
2016-02-22 21:45:33,587 DEBUG      Updated socks id 217 lastcheck to  1456152333.59
2016-02-22 21:50:33,669 DEBUG      Change new sock
2016-02-22 21:50:33,692 DEBUG      Pid is 6484
2016-02-22 21:50:34,706 DEBUG      Killed process 6484
2016-02-22 21:50:34,707 DEBUG      Goted sock info:
2016-02-22 21:50:34,707 DEBUG      {'username': u'admin', 'ip': u'64.185.2.130', 'password': u'admin', 'id': 224}
2016-02-22 21:50:39,796 DEBUG      Pid is 8189
2016-02-22 21:50:39,815 DEBUG      Pid is 8189
2016-02-22 21:50:39,815 INFO       Open new sock with PID: 8189
2016-02-22 21:50:41,555 DEBUG      Request time of id 224 :  1.7308549881
2016-02-22 21:50:41,555 DEBUG      Sock PID 8189 access Internet OK
2016-02-22 21:50:41,556 DEBUG      Updated socks id 224 lastcheck to  1456152641.56
2016-02-22 21:55:41,649 DEBUG      Change new sock
2016-02-22 21:55:41,672 DEBUG      Pid is 8189
2016-02-22 21:55:42,687 DEBUG      Killed process 8189
2016-02-22 21:55:42,687 DEBUG      Goted sock info:
2016-02-22 21:55:42,692 DEBUG      {'username': u'test', 'ip': u'173.245.117.5', 'password': u'test123', 'id': 237}
2016-02-22 21:55:46,776 DEBUG      Pid is 9608
2016-02-22 21:55:46,794 DEBUG      Pid is 9608
2016-02-22 21:55:46,794 INFO       Open new sock with PID: 9608
2016-02-22 21:55:48,046 DEBUG      Request time of id 237 :  1.2435529232
2016-02-22 21:55:48,047 DEBUG      Sock PID 9608 access Internet OK
2016-02-22 21:55:48,049 DEBUG      Updated socks id 237 lastcheck to  1456152948.05
2016-02-22 22:00:48,117 DEBUG      Change new sock
2016-02-22 22:00:48,145 DEBUG      Pid is 9608
2016-02-22 22:00:49,165 DEBUG      Killed process 9608
2016-02-22 22:00:49,165 DEBUG      Goted sock info:
2016-02-22 22:00:49,165 DEBUG      {'username': u'support', 'ip': u'68.69.45.145', 'password': u'support', 'id': 7}
2016-02-22 22:00:59,363 ERROR      Error, can not open new sock
2016-02-22 22:00:59,370 DEBUG      Updated socks id 7 staus to  False
2016-02-22 22:00:59,371 DEBUG      Updated socks id 7 lastcheck to  1456153259.37
2016-02-22 22:00:59,371 DEBUG      Sock is not good, changed status. go to next sock
2016-02-22 22:00:59,386 DEBUG      Port 9991 is not listen, don`t need close
2016-02-22 22:00:59,387 DEBUG      Goted sock info:
2016-02-22 22:00:59,387 DEBUG      {'username': u'm', 'ip': u'199.9.62.214', 'password': u'm', 'id': 21}
2016-02-22 22:01:02,447 DEBUG      Pid is 11406
2016-02-22 22:01:02,465 DEBUG      Pid is 11406
2016-02-22 22:01:02,465 INFO       Open new sock with PID: 11406
2016-02-22 22:01:04,518 DEBUG      Request time of id 21 :  2.04740810394
2016-02-22 22:01:04,518 DEBUG      Sock PID 11406 access Internet OK
2016-02-22 22:01:04,520 DEBUG      Updated socks id 21 lastcheck to  1456153264.52
2016-02-22 22:06:04,601 DEBUG      Change new sock
2016-02-22 22:06:04,636 DEBUG      Pid is 11406
2016-02-22 22:06:05,655 DEBUG      Killed process 11406
2016-02-22 22:06:05,656 DEBUG      Goted sock info:
2016-02-22 22:06:05,656 DEBUG      {'username': u'sales', 'ip': u'12.154.134.36', 'password': u'sales', 'id': 31}
2016-02-22 22:06:15,818 ERROR      Error, can not open new sock
2016-02-22 22:06:15,825 DEBUG      Updated socks id 31 staus to  False
2016-02-22 22:06:15,826 DEBUG      Updated socks id 31 lastcheck to  1456153575.83
2016-02-22 22:06:15,826 DEBUG      Sock is not good, changed status. go to next sock
2016-02-22 22:06:15,837 DEBUG      Port 9991 is not listen, don`t need close
2016-02-22 22:06:15,837 DEBUG      Goted sock info:
2016-02-22 22:06:15,837 DEBUG      {'username': u'user', 'ip': u'72.87.54.6', 'password': u'user', 'id': 66}
2016-02-22 22:06:16,867 DEBUG      Pid is 12576
2016-02-22 22:06:16,886 DEBUG      Pid is 12576
2016-02-22 22:06:16,886 INFO       Open new sock with PID: 12576
2016-02-22 22:06:18,294 DEBUG      Request time of id 66 :  1.39936280251
2016-02-22 22:06:18,295 DEBUG      Sock PID 12576 access Internet OK
2016-02-22 22:06:18,296 DEBUG      Updated socks id 66 lastcheck to  1456153578.3
2016-02-22 22:11:18,323 DEBUG      Change new sock
2016-02-22 22:11:18,345 DEBUG      Pid is 12576
2016-02-22 22:11:19,360 DEBUG      Killed process 12576
2016-02-22 22:11:19,360 DEBUG      Goted sock info:
2016-02-22 22:11:19,361 DEBUG      {'username': u'test', 'ip': u'97.88.31.157', 'password': u'test1234', 'id': 75}
2016-02-22 22:11:22,417 DEBUG      Pid is 13871
2016-02-22 22:11:22,438 DEBUG      Pid is 13871
2016-02-22 22:11:22,439 INFO       Open new sock with PID: 13871
2016-02-22 22:11:24,893 DEBUG      Request time of id 75 :  2.44237112999
2016-02-22 22:11:24,893 DEBUG      Sock PID 13871 access Internet OK
2016-02-22 22:11:24,894 DEBUG      Updated socks id 75 lastcheck to  1456153884.89
2016-02-22 22:16:24,985 DEBUG      Change new sock
2016-02-22 22:16:25,009 DEBUG      Pid is 13871
2016-02-22 22:16:26,023 DEBUG      Killed process 13871
2016-02-22 22:16:26,024 DEBUG      Goted sock info:
2016-02-22 22:16:26,024 DEBUG      {'username': u'PlcmSpIp', 'ip': u'65.23.50.50', 'password': u'PlcmSpIp', 'id': 163}
2016-02-22 22:16:32,120 DEBUG      Pid is 15391
2016-02-22 22:16:32,141 DEBUG      Pid is 15391
2016-02-22 22:16:32,141 INFO       Open new sock with PID: 15391
2016-02-22 22:16:33,550 DEBUG      Request time of id 163 :  1.39905405045
2016-02-22 22:16:33,550 DEBUG      Sock PID 15391 access Internet OK
2016-02-22 22:16:33,551 DEBUG      Updated socks id 163 lastcheck to  1456154193.55
2016-02-22 22:21:33,630 DEBUG      Change new sock
2016-02-22 22:21:33,647 DEBUG      Pid is 15391
2016-02-22 22:21:34,666 DEBUG      Killed process 15391
2016-02-22 22:21:34,666 DEBUG      Goted sock info:
2016-02-22 22:21:34,666 DEBUG      {'username': u'user', 'ip': u'204.185.225.88', 'password': u'user', 'id': 179}
2016-02-22 22:21:38,744 DEBUG      Pid is 15767
2016-02-22 22:21:38,766 DEBUG      Pid is 15767
2016-02-22 22:21:38,766 INFO       Open new sock with PID: 15767
2016-02-22 22:21:40,771 DEBUG      Request time of id 179 :  1.99347305298
2016-02-22 22:21:40,772 DEBUG      Sock PID 15767 access Internet OK
2016-02-22 22:21:40,773 DEBUG      Updated socks id 179 lastcheck to  1456154500.77
2016-02-22 22:26:40,874 DEBUG      Change new sock
2016-02-22 22:26:40,902 DEBUG      Pid is 15767
2016-02-22 22:26:41,918 DEBUG      Killed process 15767
2016-02-22 22:26:41,918 DEBUG      Goted sock info:
2016-02-22 22:26:41,919 DEBUG      {'username': u'support', 'ip': u'64.196.58.123', 'password': u'support', 'id': 217}
2016-02-22 22:26:52,101 ERROR      Error, can not open new sock
2016-02-22 22:26:52,115 DEBUG      Updated socks id 217 staus to  False
2016-02-22 22:26:52,117 DEBUG      Updated socks id 217 lastcheck to  1456154812.12
2016-02-22 22:26:52,117 DEBUG      Sock is not good, changed status. go to next sock
2016-02-22 22:26:52,132 DEBUG      Port 9991 is not listen, don`t need close
2016-02-22 22:26:52,132 DEBUG      Goted sock info:
2016-02-22 22:26:52,132 DEBUG      {'username': u'admin', 'ip': u'64.185.2.130', 'password': u'admin', 'id': 224}
2016-02-22 22:26:53,153 DEBUG      Pid is 16726
2016-02-22 22:26:53,172 DEBUG      Pid is 16726
2016-02-22 22:26:53,172 INFO       Open new sock with PID: 16726
2016-02-22 22:26:58,188 DEBUG      Request time of id 224 :  5.00767397881
2016-02-22 22:26:58,189 DEBUG      Sock PID 16726 access Internet OK
2016-02-22 22:26:58,190 DEBUG      Updated socks id 224 lastcheck to  1456154818.19
2016-02-22 22:31:58,291 DEBUG      Change new sock
2016-02-22 22:31:58,316 DEBUG      Pid is 16726
2016-02-22 22:31:59,327 DEBUG      Killed process 16726
2016-02-22 22:31:59,327 DEBUG      Goted sock info:
2016-02-22 22:31:59,327 DEBUG      {'username': u'test', 'ip': u'173.245.117.5', 'password': u'test123', 'id': 237}
2016-02-22 22:32:05,433 DEBUG      Pid is 19256
2016-02-22 22:32:05,452 DEBUG      Pid is 19256
2016-02-22 22:32:05,453 INFO       Open new sock with PID: 19256
2016-02-22 22:32:08,547 DEBUG      Request time of id 237 :  3.08634901047
2016-02-22 22:32:08,548 DEBUG      Sock PID 19256 access Internet OK
2016-02-22 22:32:08,548 DEBUG      Updated socks id 237 lastcheck to  1456155128.55
2016-02-22 22:37:08,628 DEBUG      Change new sock
2016-02-22 22:37:08,642 DEBUG      Port 9991 is not listen, don`t need close
2016-02-22 22:37:08,643 DEBUG      Goted sock info:
2016-02-22 22:37:08,643 DEBUG      {'username': u'm', 'ip': u'199.9.62.214', 'password': u'm', 'id': 21}
2016-02-22 22:37:13,725 DEBUG      Pid is 20156
2016-02-22 22:37:13,744 DEBUG      Pid is 20156
2016-02-22 22:37:13,744 INFO       Open new sock with PID: 20156
2016-02-22 22:37:15,100 DEBUG      Request time of id 21 :  1.34783387184
2016-02-22 22:37:15,100 DEBUG      Sock PID 20156 access Internet OK
2016-02-22 22:37:15,101 DEBUG      Updated socks id 21 lastcheck to  1456155435.1
2016-02-22 22:42:15,132 DEBUG      Change new sock
2016-02-22 22:42:15,154 DEBUG      Pid is 20156
2016-02-22 22:42:16,171 DEBUG      Killed process 20156
2016-02-22 22:42:16,172 DEBUG      Goted sock info:
2016-02-22 22:42:16,172 DEBUG      {'username': u'user', 'ip': u'72.87.54.6', 'password': u'user', 'id': 66}
2016-02-22 22:42:22,282 DEBUG      Pid is 21314
2016-02-22 22:42:22,299 DEBUG      Pid is 21314
2016-02-22 22:42:22,300 INFO       Open new sock with PID: 21314
2016-02-22 22:42:26,875 DEBUG      Request time of id 66 :  4.56675195694
2016-02-22 22:42:26,876 DEBUG      Sock PID 21314 access Internet OK
2016-02-22 22:42:26,877 DEBUG      Updated socks id 66 lastcheck to  1456155746.88
2016-02-22 22:47:26,970 DEBUG      Change new sock
2016-02-22 22:47:26,987 DEBUG      Pid is 21314
2016-02-22 22:47:28,004 DEBUG      Killed process 21314
2016-02-22 22:47:28,005 DEBUG      Goted sock info:
2016-02-22 22:47:28,005 DEBUG      {'username': u'test', 'ip': u'97.88.31.157', 'password': u'test1234', 'id': 75}
2016-02-22 22:47:34,092 DEBUG      Pid is 22548
2016-02-22 22:47:34,113 DEBUG      Pid is 22548
2016-02-22 22:47:34,113 INFO       Open new sock with PID: 22548
2016-02-22 22:47:35,145 DEBUG      Request time of id 75 :  1.02298092842
2016-02-22 22:47:35,146 DEBUG      Sock PID 22548 access Internet OK
2016-02-22 22:47:35,147 DEBUG      Updated socks id 75 lastcheck to  1456156055.15
2016-02-22 22:52:35,234 DEBUG      Change new sock
2016-02-22 22:52:35,253 DEBUG      Pid is 22548
2016-02-22 22:52:36,264 DEBUG      Killed process 22548
2016-02-22 22:52:36,265 DEBUG      Goted sock info:
2016-02-22 22:52:36,265 DEBUG      {'username': u'PlcmSpIp', 'ip': u'65.23.50.50', 'password': u'PlcmSpIp', 'id': 163}
2016-02-22 22:52:44,407 DEBUG      Pid is 23617
2016-02-22 22:52:44,427 DEBUG      Pid is 23617
2016-02-22 22:52:44,427 INFO       Open new sock with PID: 23617
2016-02-22 22:52:45,806 DEBUG      Request time of id 163 :  1.37013220787
2016-02-22 22:52:45,806 DEBUG      Sock PID 23617 access Internet OK
2016-02-22 22:52:45,807 DEBUG      Updated socks id 163 lastcheck to  1456156365.81
2016-02-22 22:57:45,908 DEBUG      Change new sock
2016-02-22 22:57:45,933 DEBUG      Pid is 23617
2016-02-22 22:57:46,952 DEBUG      Killed process 23617
2016-02-22 22:57:46,952 DEBUG      Goted sock info:
2016-02-22 22:57:46,953 DEBUG      {'username': u'user', 'ip': u'204.185.225.88', 'password': u'user', 'id': 179}
2016-02-22 22:57:55,088 DEBUG      Pid is 25700
2016-02-22 22:57:55,110 DEBUG      Pid is 25700
2016-02-22 22:57:55,110 INFO       Open new sock with PID: 25700
2016-02-22 22:57:57,554 DEBUG      Request time of id 179 :  2.43278598785
2016-02-22 22:57:57,554 DEBUG      Sock PID 25700 access Internet OK
2016-02-22 22:57:57,556 DEBUG      Updated socks id 179 lastcheck to  1456156677.56
2016-02-22 23:02:57,616 DEBUG      Change new sock
2016-02-22 23:02:57,637 DEBUG      Pid is 25700
2016-02-22 23:02:58,655 DEBUG      Killed process 25700
2016-02-22 23:02:58,656 DEBUG      Goted sock info:
2016-02-22 23:02:58,656 DEBUG      {'username': u'admin', 'ip': u'87.252.220.197', 'password': u'default', 'id': 263}
2016-02-22 23:03:08,831 ERROR      Error, can not open new sock
2016-02-22 23:03:08,838 DEBUG      Updated socks id 263 staus to  False
2016-02-22 23:03:08,839 DEBUG      Updated socks id 263 lastcheck to  1456156988.84
2016-02-22 23:03:08,839 DEBUG      Sock is not good, changed status. go to next sock
2016-02-22 23:03:08,848 DEBUG      Port 9991 is not listen, don`t need close
2016-02-22 23:03:08,849 DEBUG      Goted sock info:
2016-02-22 23:03:08,849 DEBUG      {'username': u'ftpuser', 'ip': u'78.143.212.244', 'password': u'asteriskftp', 'id': 264}
2016-02-22 23:03:19,013 ERROR      Error, can not open new sock
2016-02-22 23:03:19,018 DEBUG      Updated socks id 264 staus to  False
2016-02-22 23:03:19,018 DEBUG      Updated socks id 264 lastcheck to  1456156999.02
2016-02-22 23:03:19,019 DEBUG      Sock is not good, changed status. go to next sock
2016-02-22 23:03:19,028 DEBUG      Port 9991 is not listen, don`t need close
2016-02-22 23:03:19,029 DEBUG      Goted sock info:
2016-02-22 23:03:19,029 DEBUG      {'username': u'admin', 'ip': u'185.3.72.146', 'password': u'password', 'id': 265}
2016-02-22 23:03:29,206 ERROR      Error, can not open new sock
2016-02-22 23:03:29,214 DEBUG      Updated socks id 265 staus to  False
2016-02-22 23:03:29,215 DEBUG      Updated socks id 265 lastcheck to  1456157009.21
2016-02-22 23:03:29,215 DEBUG      Sock is not good, changed status. go to next sock
2016-02-22 23:03:29,225 DEBUG      Port 9991 is not listen, don`t need close
2016-02-22 23:03:29,226 DEBUG      Goted sock info:
2016-02-22 23:03:29,226 DEBUG      {'username': u'support', 'ip': u'176.35.239.116', 'password': u'support', 'id': 266}
2016-02-22 23:03:39,381 ERROR      Error, can not open new sock
2016-02-22 23:03:39,389 DEBUG      Updated socks id 266 staus to  False
2016-02-22 23:03:39,390 DEBUG      Updated socks id 266 lastcheck to  1456157019.39
2016-02-22 23:03:39,391 DEBUG      Sock is not good, changed status. go to next sock
2016-02-22 23:03:39,406 DEBUG      Port 9991 is not listen, don`t need close
2016-02-22 23:03:39,407 DEBUG      Goted sock info:
2016-02-22 23:03:39,407 DEBUG      {'username': u'ubnt', 'ip': u'37.153.72.39', 'password': u'ubnt', 'id': 267}
2016-02-22 23:03:49,570 ERROR      Error, can not open new sock
2016-02-22 23:03:49,578 DEBUG      Updated socks id 267 staus to  False
2016-02-22 23:03:49,579 DEBUG      Updated socks id 267 lastcheck to  1456157029.58
2016-02-22 23:03:49,579 DEBUG      Sock is not good, changed status. go to next sock
2016-02-22 23:03:49,589 DEBUG      Port 9991 is not listen, don`t need close
2016-02-22 23:03:49,590 DEBUG      Goted sock info:
2016-02-22 23:03:49,590 DEBUG      {'username': u'test', 'ip': u'109.228.24.178', 'password': u'test', 'id': 268}
2016-02-22 23:03:59,769 ERROR      Error, can not open new sock
2016-02-22 23:03:59,776 DEBUG      Updated socks id 268 staus to  False
2016-02-22 23:03:59,778 DEBUG      Updated socks id 268 lastcheck to  1456157039.78
2016-02-22 23:03:59,778 DEBUG      Sock is not good, changed status. go to next sock
2016-02-22 23:03:59,789 DEBUG      Port 9991 is not listen, don`t need close
2016-02-22 23:03:59,790 DEBUG      Goted sock info:
2016-02-22 23:03:59,790 DEBUG      {'username': u'admin', 'ip': u'217.20.17.253', 'password': u'default', 'id': 269}
2016-02-22 23:04:03,862 DEBUG      Pid is 28571
2016-02-22 23:04:03,882 DEBUG      Pid is 28571
2016-02-22 23:04:03,882 INFO       Open new sock with PID: 28571
2016-02-22 23:04:04,916 DEBUG      Request time of id 269 :  1.01562094688
2016-02-22 23:04:04,916 DEBUG      Sock PID 28571 access Internet OK
2016-02-22 23:04:04,917 DEBUG      Updated socks id 269 lastcheck to  1456157044.92
2016-02-22 23:09:05,018 DEBUG      Change new sock
2016-02-22 23:09:05,036 DEBUG      Pid is 28571
2016-02-22 23:09:06,051 DEBUG      Killed process 28571
2016-02-22 23:09:06,051 DEBUG      Goted sock info:
2016-02-22 23:09:06,052 DEBUG      {'username': u'admin', 'ip': u'217.20.19.86', 'password': u'default', 'id': 270}
2016-02-22 23:09:16,231 ERROR      Error, can not open new sock
2016-02-22 23:09:16,239 DEBUG      Updated socks id 270 staus to  False
2016-02-22 23:09:16,240 DEBUG      Updated socks id 270 lastcheck to  1456157356.24
2016-02-22 23:09:16,240 DEBUG      Sock is not good, changed status. go to next sock
2016-02-22 23:09:16,255 DEBUG      Port 9991 is not listen, don`t need close
2016-02-22 23:09:16,256 DEBUG      Goted sock info:
2016-02-22 23:09:16,256 DEBUG      {'username': u'admin', 'ip': u'217.40.96.193', 'password': u'admin', 'id': 271}
2016-02-22 23:09:26,422 ERROR      Error, can not open new sock
2016-02-22 23:09:26,430 DEBUG      Updated socks id 271 staus to  False
2016-02-22 23:09:26,431 DEBUG      Updated socks id 271 lastcheck to  1456157366.43
2016-02-22 23:09:26,431 DEBUG      Sock is not good, changed status. go to next sock
2016-02-22 23:09:26,441 DEBUG      Port 9991 is not listen, don`t need close
2016-02-22 23:09:26,442 DEBUG      Goted sock info:
2016-02-22 23:09:26,442 DEBUG      {'username': u'admin', 'ip': u'87.84.186.118', 'password': u'admin', 'id': 272}
2016-02-22 23:09:36,615 ERROR      Error, can not open new sock
2016-02-22 23:09:36,623 DEBUG      Updated socks id 272 staus to  False
2016-02-22 23:09:36,624 DEBUG      Updated socks id 272 lastcheck to  1456157376.62
2016-02-22 23:09:36,624 DEBUG      Sock is not good, changed status. go to next sock
2016-02-22 23:09:36,636 DEBUG      Port 9991 is not listen, don`t need close
2016-02-22 23:09:36,637 DEBUG      Goted sock info:
2016-02-22 23:09:36,637 DEBUG      {'username': u'test', 'ip': u'78.157.209.235', 'password': u'test123', 'id': 273}
2016-02-22 23:09:46,811 ERROR      Error, can not open new sock
2016-02-22 23:09:46,819 DEBUG      Updated socks id 273 staus to  False
2016-02-22 23:09:46,820 DEBUG      Updated socks id 273 lastcheck to  1456157386.82
2016-02-22 23:09:46,821 DEBUG      Sock is not good, changed status. go to next sock
2016-02-22 23:09:46,830 DEBUG      Port 9991 is not listen, don`t need close
2016-02-22 23:09:46,831 DEBUG      Goted sock info:
2016-02-22 23:09:46,832 DEBUG      {'username': u'test', 'ip': u'78.157.209.212', 'password': u'test123', 'id': 274}
2016-02-22 23:09:57,002 ERROR      Error, can not open new sock
2016-02-22 23:09:57,010 DEBUG      Updated socks id 274 staus to  False
2016-02-22 23:09:57,011 DEBUG      Updated socks id 274 lastcheck to  1456157397.01
2016-02-22 23:09:57,011 DEBUG      Sock is not good, changed status. go to next sock
2016-02-22 23:09:57,020 DEBUG      Port 9991 is not listen, don`t need close
2016-02-22 23:09:57,021 DEBUG      Goted sock info:
2016-02-22 23:09:57,021 DEBUG      {'username': u'test', 'ip': u'217.147.86.135', 'password': u'password', 'id': 275}
2016-02-22 23:10:07,195 ERROR      Error, can not open new sock
2016-02-22 23:10:07,203 DEBUG      Updated socks id 275 staus to  False
2016-02-22 23:10:07,204 DEBUG      Updated socks id 275 lastcheck to  1456157407.2
2016-02-22 23:10:07,204 DEBUG      Sock is not good, changed status. go to next sock
2016-02-22 23:10:07,214 DEBUG      Port 9991 is not listen, don`t need close
2016-02-22 23:10:07,215 DEBUG      Goted sock info:
2016-02-22 23:10:07,215 DEBUG      {'username': u'testuser', 'ip': u'62.254.204.212', 'password': u'testuser', 'id': 276}
2016-02-22 23:10:17,391 ERROR      Error, can not open new sock
2016-02-22 23:10:17,399 DEBUG      Updated socks id 276 staus to  False
2016-02-22 23:10:17,400 DEBUG      Updated socks id 276 lastcheck to  1456157417.4
2016-02-22 23:10:17,400 DEBUG      Sock is not good, changed status. go to next sock
2016-02-22 23:10:17,410 DEBUG      Port 9991 is not listen, don`t need close
2016-02-22 23:10:17,411 DEBUG      Goted sock info:
2016-02-22 23:10:17,411 DEBUG      {'username': u'monitor', 'ip': u'217.34.188.84', 'password': u'monitor', 'id': 277}
2016-02-22 23:10:27,590 ERROR      Error, can not open new sock
2016-02-22 23:10:27,599 DEBUG      Updated socks id 277 staus to  False
2016-02-22 23:10:27,600 DEBUG      Updated socks id 277 lastcheck to  1456157427.6
2016-02-22 23:10:27,600 DEBUG      Sock is not good, changed status. go to next sock
2016-02-22 23:10:27,613 DEBUG      Port 9991 is not listen, don`t need close
2016-02-22 23:10:27,614 DEBUG      Goted sock info:
2016-02-22 23:10:27,614 DEBUG      {'username': u'test', 'ip': u'217.37.120.10', 'password': u'test123', 'id': 278}
2016-02-22 23:10:37,800 ERROR      Error, can not open new sock
2016-02-22 23:10:37,809 DEBUG      Updated socks id 278 staus to  False
2016-02-22 23:10:37,810 DEBUG      Updated socks id 278 lastcheck to  1456157437.81
2016-02-22 23:10:37,811 DEBUG      Sock is not good, changed status. go to next sock
2016-02-22 23:10:37,826 DEBUG      Port 9991 is not listen, don`t need close
2016-02-22 23:10:37,827 DEBUG      Goted sock info:
2016-02-22 23:10:37,827 DEBUG      {'username': u'root', 'ip': u'95.129.20.84', 'password': u'admin', 'id': 279}
2016-02-22 23:10:47,999 ERROR      Error, can not open new sock
2016-02-22 23:10:48,008 DEBUG      Updated socks id 279 staus to  False
2016-02-22 23:10:48,009 DEBUG      Updated socks id 279 lastcheck to  1456157448.01
2016-02-22 23:10:48,009 DEBUG      Sock is not good, changed status. go to next sock
2016-02-22 23:10:48,021 DEBUG      Port 9991 is not listen, don`t need close
2016-02-22 23:10:48,022 DEBUG      Goted sock info:
2016-02-22 23:10:48,022 DEBUG      {'username': u'admin', 'ip': u'95.154.203.10', 'password': u'admin', 'id': 280}
2016-02-22 23:10:58,193 ERROR      Error, can not open new sock
2016-02-22 23:10:58,201 DEBUG      Updated socks id 280 staus to  False
2016-02-22 23:10:58,202 DEBUG      Updated socks id 280 lastcheck to  1456157458.2
2016-02-22 23:10:58,203 DEBUG      Sock is not good, changed status. go to next sock
2016-02-22 23:10:58,216 DEBUG      Port 9991 is not listen, don`t need close
2016-02-22 23:10:58,217 DEBUG      Goted sock info:
2016-02-22 23:10:58,217 DEBUG      {'username': u'operator', 'ip': u'62.84.172.147', 'password': u'operator', 'id': 281}
2016-02-22 23:11:08,401 ERROR      Error, can not open new sock
2016-02-22 23:11:08,409 DEBUG      Updated socks id 281 staus to  False
2016-02-22 23:11:08,410 DEBUG      Updated socks id 281 lastcheck to  1456157468.41
2016-02-22 23:11:08,411 DEBUG      Sock is not good, changed status. go to next sock
2016-02-22 23:11:08,426 DEBUG      Port 9991 is not listen, don`t need close
2016-02-22 23:11:08,426 DEBUG      Goted sock info:
2016-02-22 23:11:08,426 DEBUG      {'username': u'test', 'ip': u'83.98.6.71', 'password': u'test', 'id': 282}
2016-02-22 23:11:18,610 ERROR      Error, can not open new sock
2016-02-22 23:11:18,618 DEBUG      Updated socks id 282 staus to  False
2016-02-22 23:11:18,619 DEBUG      Updated socks id 282 lastcheck to  1456157478.62
2016-02-22 23:11:18,620 DEBUG      Sock is not good, changed status. go to next sock
2016-02-22 23:11:18,632 DEBUG      Port 9991 is not listen, don`t need close
2016-02-22 23:11:18,633 DEBUG      Goted sock info:
2016-02-22 23:11:18,633 DEBUG      {'username': u'user', 'ip': u'77.233.145.33', 'password': u'1234', 'id': 283}
2016-02-22 23:11:28,800 ERROR      Error, can not open new sock
2016-02-22 23:11:28,809 DEBUG      Updated socks id 283 staus to  False
2016-02-22 23:11:28,810 DEBUG      Updated socks id 283 lastcheck to  1456157488.81
2016-02-22 23:11:28,810 DEBUG      Sock is not good, changed status. go to next sock
2016-02-22 23:11:28,819 DEBUG      Port 9991 is not listen, don`t need close
2016-02-22 23:11:28,820 DEBUG      Goted sock info:
2016-02-22 23:11:28,820 DEBUG      {'username': u'test', 'ip': u'217.147.86.7', 'password': u'password', 'id': 284}
2016-02-22 23:11:38,975 ERROR      Error, can not open new sock
2016-02-22 23:11:38,983 DEBUG      Updated socks id 284 staus to  False
2016-02-22 23:11:38,984 DEBUG      Updated socks id 284 lastcheck to  1456157498.98
2016-02-22 23:11:38,984 DEBUG      Sock is not good, changed status. go to next sock
2016-02-22 23:11:38,996 DEBUG      Port 9991 is not listen, don`t need close
2016-02-22 23:11:38,997 DEBUG      Goted sock info:
2016-02-22 23:11:38,997 DEBUG      {'username': u'operator', 'ip': u'62.84.172.165', 'password': u'operator', 'id': 285}
2016-02-22 23:11:49,179 ERROR      Error, can not open new sock
2016-02-22 23:11:49,184 DEBUG      Updated socks id 285 staus to  False
2016-02-22 23:11:49,185 DEBUG      Updated socks id 285 lastcheck to  1456157509.18
2016-02-22 23:11:49,185 DEBUG      Sock is not good, changed status. go to next sock
2016-02-22 23:11:49,196 DEBUG      Port 9991 is not listen, don`t need close
2016-02-22 23:11:49,197 DEBUG      Goted sock info:
2016-02-22 23:11:49,197 DEBUG      {'username': u'operator', 'ip': u'62.84.172.155', 'password': u'operator', 'id': 286}
2016-02-22 23:11:59,363 ERROR      Error, can not open new sock
2016-02-22 23:11:59,371 DEBUG      Updated socks id 286 staus to  False
2016-02-22 23:11:59,372 DEBUG      Updated socks id 286 lastcheck to  1456157519.37
2016-02-22 23:11:59,372 DEBUG      Sock is not good, changed status. go to next sock
2016-02-22 23:11:59,382 DEBUG      Port 9991 is not listen, don`t need close
2016-02-22 23:11:59,383 DEBUG      Goted sock info:
2016-02-22 23:11:59,383 DEBUG      {'username': u'operator', 'ip': u'62.84.172.141', 'password': u'operator', 'id': 287}
2016-02-22 23:12:09,569 ERROR      Error, can not open new sock
2016-02-22 23:12:09,577 DEBUG      Updated socks id 287 staus to  False
2016-02-22 23:12:09,578 DEBUG      Updated socks id 287 lastcheck to  1456157529.58
2016-02-22 23:12:09,578 DEBUG      Sock is not good, changed status. go to next sock
2016-02-22 23:12:09,589 DEBUG      Port 9991 is not listen, don`t need close
2016-02-22 23:12:09,589 DEBUG      Goted sock info:
2016-02-22 23:12:09,590 DEBUG      {'username': u'operator', 'ip': u'62.84.172.149', 'password': u'operator', 'id': 288}
2016-02-22 23:12:19,753 ERROR      Error, can not open new sock
2016-02-22 23:12:19,761 DEBUG      Updated socks id 288 staus to  False
2016-02-22 23:12:19,762 DEBUG      Updated socks id 288 lastcheck to  1456157539.76
2016-02-22 23:12:19,763 DEBUG      Sock is not good, changed status. go to next sock
2016-02-22 23:12:19,772 DEBUG      Port 9991 is not listen, don`t need close
2016-02-22 23:12:19,773 DEBUG      Goted sock info:
2016-02-22 23:12:19,774 DEBUG      {'username': u'admin', 'ip': u'135.196.11.201', 'password': u'password', 'id': 289}
2016-02-22 23:12:29,938 ERROR      Error, can not open new sock
2016-02-22 23:12:29,947 DEBUG      Updated socks id 289 staus to  False
2016-02-22 23:12:29,948 DEBUG      Updated socks id 289 lastcheck to  1456157549.95
2016-02-22 23:12:29,948 DEBUG      Sock is not good, changed status. go to next sock
2016-02-22 23:12:29,959 DEBUG      Port 9991 is not listen, don`t need close
2016-02-22 23:12:29,960 DEBUG      Goted sock info:
2016-02-22 23:12:29,960 DEBUG      {'username': u'root', 'ip': u'195.242.215.240', 'password': u'root', 'id': 290}
2016-02-22 23:12:40,130 ERROR      Error, can not open new sock
2016-02-22 23:12:40,137 DEBUG      Updated socks id 290 staus to  False
2016-02-22 23:12:40,138 DEBUG      Updated socks id 290 lastcheck to  1456157560.14
2016-02-22 23:12:40,138 DEBUG      Sock is not good, changed status. go to next sock
2016-02-22 23:12:40,149 DEBUG      Port 9991 is not listen, don`t need close
2016-02-22 23:12:40,150 DEBUG      Goted sock info:
2016-02-22 23:12:40,150 DEBUG      {'username': u'admin', 'ip': u'193.19.88.131', 'password': u'default', 'id': 291}
2016-02-22 23:12:50,331 ERROR      Error, can not open new sock
2016-02-22 23:12:50,339 DEBUG      Updated socks id 291 staus to  False
2016-02-22 23:12:50,340 DEBUG      Updated socks id 291 lastcheck to  1456157570.34
2016-02-22 23:12:50,341 DEBUG      Sock is not good, changed status. go to next sock
2016-02-22 23:12:50,354 DEBUG      Port 9991 is not listen, don`t need close
2016-02-22 23:12:50,355 DEBUG      Goted sock info:
2016-02-22 23:12:50,355 DEBUG      {'username': u'admin', 'ip': u'188.95.135.36', 'password': u'default', 'id': 292}
2016-02-22 23:12:54,434 DEBUG      Pid is 1652
2016-02-22 23:12:54,453 DEBUG      Pid is 1652
2016-02-22 23:12:54,453 INFO       Open new sock with PID: 1652
2016-02-22 23:12:56,064 DEBUG      Request time of id 292 :  1.60563802719
2016-02-22 23:12:56,064 DEBUG      Sock PID 1652 access Internet OK
2016-02-22 23:12:56,065 DEBUG      Updated socks id 292 lastcheck to  1456157576.06
2016-02-22 23:17:56,165 DEBUG      Change new sock
2016-02-22 23:17:56,193 DEBUG      Pid is 1652
2016-02-22 23:17:57,215 DEBUG      Killed process 1652
2016-02-22 23:17:57,216 DEBUG      Goted sock info:
2016-02-22 23:17:57,216 DEBUG      {'username': u'test', 'ip': u'78.157.209.237', 'password': u'test123', 'id': 293}
2016-02-22 23:18:07,365 ERROR      Error, can not open new sock
2016-02-22 23:18:07,369 DEBUG      Updated socks id 293 staus to  False
2016-02-22 23:18:07,370 DEBUG      Updated socks id 293 lastcheck to  1456157887.37
2016-02-22 23:18:07,370 DEBUG      Sock is not good, changed status. go to next sock
2016-02-22 23:18:07,380 DEBUG      Port 9991 is not listen, don`t need close
2016-02-22 23:18:07,381 DEBUG      Goted sock info:
2016-02-22 23:18:07,381 DEBUG      {'username': u'PlcmSpIp', 'ip': u'195.59.157.157', 'password': u'PlcmSpIp', 'id': 294}
2016-02-22 23:18:10,439 DEBUG      Pid is 2675
2016-02-22 23:18:10,457 DEBUG      Pid is 2675
2016-02-22 23:18:10,457 INFO       Open new sock with PID: 2675
2016-02-22 23:18:12,751 ERROR      Sock PID 2675 can not access Internet
2016-02-22 23:18:12,759 DEBUG      Updated socks id 294 staus to  False
2016-02-22 23:18:12,760 DEBUG      Updated socks id 294 lastcheck to  1456157892.76
2016-02-22 23:18:12,760 DEBUG      Sock is not good, changed status. go to next sock
2016-02-22 23:18:12,777 DEBUG      Port 9991 is not listen, don`t need close
2016-02-22 23:18:12,778 DEBUG      Goted sock info:
2016-02-22 23:18:12,778 DEBUG      {'username': u'PlcmSpIp', 'ip': u'80.169.116.242', 'password': u'PlcmSpIp', 'id': 295}
2016-02-22 23:18:22,946 ERROR      Error, can not open new sock
2016-02-22 23:18:22,955 DEBUG      Updated socks id 295 staus to  False
2016-02-22 23:18:22,956 DEBUG      Updated socks id 295 lastcheck to  1456157902.96
2016-02-22 23:18:22,956 DEBUG      Sock is not good, changed status. go to next sock
2016-02-22 23:18:22,965 DEBUG      Port 9991 is not listen, don`t need close
2016-02-22 23:18:22,966 DEBUG      Goted sock info:
2016-02-22 23:18:22,966 DEBUG      {'username': u'admin', 'ip': u'194.42.243.46', 'password': u'password', 'id': 296}
2016-02-22 23:18:33,140 ERROR      Error, can not open new sock
2016-02-22 23:18:33,147 DEBUG      Updated socks id 296 staus to  False
2016-02-22 23:18:33,147 DEBUG      Updated socks id 296 lastcheck to  1456157913.15
2016-02-22 23:18:33,147 DEBUG      Sock is not good, changed status. go to next sock
2016-02-22 23:18:33,158 DEBUG      Port 9991 is not listen, don`t need close
2016-02-22 23:18:33,159 DEBUG      Goted sock info:
2016-02-22 23:18:33,159 DEBUG      {'username': u'test', 'ip': u'62.23.35.27', 'password': u'test', 'id': 297}
2016-02-22 23:18:43,342 ERROR      Error, can not open new sock
2016-02-22 23:18:43,349 DEBUG      Updated socks id 297 staus to  False
2016-02-22 23:18:43,350 DEBUG      Updated socks id 297 lastcheck to  1456157923.35
2016-02-22 23:18:43,350 DEBUG      Sock is not good, changed status. go to next sock
2016-02-22 23:18:43,361 DEBUG      Port 9991 is not listen, don`t need close
2016-02-22 23:18:43,361 DEBUG      Goted sock info:
2016-02-22 23:18:43,362 DEBUG      {'username': u'ftpuser', 'ip': u'109.236.171.177', 'password': u'asteriskftp', 'id': 298}
2016-02-22 23:18:53,520 ERROR      Error, can not open new sock
2016-02-22 23:18:53,528 DEBUG      Updated socks id 298 staus to  False
2016-02-22 23:18:53,529 DEBUG      Updated socks id 298 lastcheck to  1456157933.53
2016-02-22 23:18:53,529 DEBUG      Sock is not good, changed status. go to next sock
2016-02-22 23:18:53,541 DEBUG      Port 9991 is not listen, don`t need close
2016-02-22 23:18:53,542 DEBUG      Goted sock info:
2016-02-22 23:18:53,542 DEBUG      {'username': u'admin', 'ip': u'193.129.103.69', 'password': u'default', 'id': 299}
2016-02-22 23:18:56,611 DEBUG      Pid is 3465
2016-02-22 23:18:56,630 DEBUG      Pid is 3465
2016-02-22 23:18:56,630 INFO       Open new sock with PID: 3465
2016-02-22 23:18:58,003 DEBUG      Request time of id 299 :  1.36415505409
2016-02-22 23:18:58,003 DEBUG      Sock PID 3465 access Internet OK
2016-02-22 23:18:58,005 DEBUG      Updated socks id 299 lastcheck to  1456157938.0
2016-02-22 23:23:58,093 DEBUG      Change new sock
2016-02-22 23:23:58,117 DEBUG      Pid is 3465
2016-02-22 23:23:59,133 DEBUG      Killed process 3465
2016-02-22 23:23:59,134 DEBUG      Goted sock info:
2016-02-22 23:23:59,134 DEBUG      {'username': u'test', 'ip': u'78.157.209.234', 'password': u'test123', 'id': 300}
2016-02-22 23:24:09,305 ERROR      Error, can not open new sock
2016-02-22 23:24:09,314 DEBUG      Updated socks id 300 staus to  False
2016-02-22 23:24:09,315 DEBUG      Updated socks id 300 lastcheck to  1456158249.31
2016-02-22 23:24:09,316 DEBUG      Sock is not good, changed status. go to next sock
2016-02-22 23:24:09,326 DEBUG      Port 9991 is not listen, don`t need close
2016-02-22 23:24:09,327 DEBUG      Goted sock info:
2016-02-22 23:24:09,327 DEBUG      {'username': u'admin', 'ip': u'5.83.96.202', 'password': u'password', 'id': 301}
2016-02-22 23:24:19,484 ERROR      Error, can not open new sock
2016-02-22 23:24:19,492 DEBUG      Updated socks id 301 staus to  False
2016-02-22 23:24:19,493 DEBUG      Updated socks id 301 lastcheck to  1456158259.49
2016-02-22 23:24:19,493 DEBUG      Sock is not good, changed status. go to next sock
2016-02-22 23:24:19,504 DEBUG      Port 9991 is not listen, don`t need close
2016-02-22 23:24:19,505 DEBUG      Goted sock info:
2016-02-22 23:24:19,505 DEBUG      {'username': u'admin', 'ip': u'195.242.215.157', 'password': u'default', 'id': 302}
2016-02-22 23:24:29,678 ERROR      Error, can not open new sock
2016-02-22 23:24:29,685 DEBUG      Updated socks id 302 staus to  False
2016-02-22 23:24:29,686 DEBUG      Updated socks id 302 lastcheck to  1456158269.69
2016-02-22 23:24:29,686 DEBUG      Sock is not good, changed status. go to next sock
2016-02-22 23:24:29,696 DEBUG      Port 9991 is not listen, don`t need close
2016-02-22 23:24:29,697 DEBUG      Goted sock info:
2016-02-22 23:24:29,697 DEBUG      {'username': u'ftpuser', 'ip': u'81.133.99.233', 'password': u'asteriskftp', 'id': 303}
2016-02-22 23:24:39,869 ERROR      Error, can not open new sock
2016-02-22 23:24:39,877 DEBUG      Updated socks id 303 staus to  False
2016-02-22 23:24:39,878 DEBUG      Updated socks id 303 lastcheck to  1456158279.88
2016-02-22 23:24:39,878 DEBUG      Sock is not good, changed status. go to next sock
2016-02-22 23:24:39,889 DEBUG      Port 9991 is not listen, don`t need close
2016-02-22 23:24:39,889 DEBUG      Goted sock info:
2016-02-22 23:24:39,890 DEBUG      {'username': u'user', 'ip': u'77.44.2.165', 'password': u'1234', 'id': 304}
2016-02-22 23:24:50,027 ERROR      Error, can not open new sock
2016-02-22 23:24:50,034 DEBUG      Updated socks id 304 staus to  False
2016-02-22 23:24:50,035 DEBUG      Updated socks id 304 lastcheck to  1456158290.03
2016-02-22 23:24:50,035 DEBUG      Sock is not good, changed status. go to next sock
2016-02-22 23:24:50,045 DEBUG      Port 9991 is not listen, don`t need close
2016-02-22 23:24:50,046 DEBUG      Goted sock info:
2016-02-22 23:24:50,046 DEBUG      {'username': u'ftp', 'ip': u'31.222.182.206', 'password': u'ftp', 'id': 305}
2016-02-22 23:25:00,208 ERROR      Error, can not open new sock
2016-02-22 23:25:00,216 DEBUG      Updated socks id 305 staus to  False
2016-02-22 23:25:00,218 DEBUG      Updated socks id 305 lastcheck to  1456158300.22
2016-02-22 23:25:00,218 DEBUG      Sock is not good, changed status. go to next sock
2016-02-22 23:25:00,228 DEBUG      Port 9991 is not listen, don`t need close
2016-02-22 23:25:00,229 DEBUG      Goted sock info:
2016-02-22 23:25:00,229 DEBUG      {'username': u'ftpuser', 'ip': u'91.84.5.226', 'password': u'asteriskftp', 'id': 306}
2016-02-22 23:25:10,403 ERROR      Error, can not open new sock
2016-02-22 23:25:10,411 DEBUG      Updated socks id 306 staus to  False
2016-02-22 23:25:10,412 DEBUG      Updated socks id 306 lastcheck to  1456158310.41
2016-02-22 23:25:10,412 DEBUG      Sock is not good, changed status. go to next sock
2016-02-22 23:25:10,421 DEBUG      Port 9991 is not listen, don`t need close
2016-02-22 23:25:10,422 DEBUG      Goted sock info:
2016-02-22 23:25:10,422 DEBUG      {'username': u'test', 'ip': u'31.221.52.200', 'password': u'test', 'id': 307}
2016-02-22 23:25:20,595 ERROR      Error, can not open new sock
2016-02-22 23:25:20,603 DEBUG      Updated socks id 307 staus to  False
2016-02-22 23:25:20,604 DEBUG      Updated socks id 307 lastcheck to  1456158320.6
2016-02-22 23:25:20,604 DEBUG      Sock is not good, changed status. go to next sock
2016-02-22 23:25:20,616 DEBUG      Port 9991 is not listen, don`t need close
2016-02-22 23:25:20,617 DEBUG      Goted sock info:
2016-02-22 23:25:20,617 DEBUG      {'username': u'admin', 'ip': u'213.235.12.145', 'password': u'password', 'id': 308}
2016-02-22 23:25:30,789 ERROR      Error, can not open new sock
2016-02-22 23:25:30,801 DEBUG      Updated socks id 308 staus to  False
2016-02-22 23:25:30,802 DEBUG      Updated socks id 308 lastcheck to  1456158330.8
2016-02-22 23:25:30,802 DEBUG      Sock is not good, changed status. go to next sock
2016-02-22 23:25:30,811 DEBUG      Port 9991 is not listen, don`t need close
2016-02-22 23:25:30,811 DEBUG      Goted sock info:
2016-02-22 23:25:30,812 DEBUG      {'username': u'admin', 'ip': u'80.241.68.202', 'password': u'default', 'id': 309}
2016-02-22 23:25:40,971 ERROR      Error, can not open new sock
2016-02-22 23:25:40,979 DEBUG      Updated socks id 309 staus to  False
2016-02-22 23:25:40,980 DEBUG      Updated socks id 309 lastcheck to  1456158340.98
2016-02-22 23:25:40,980 DEBUG      Sock is not good, changed status. go to next sock
2016-02-22 23:25:40,991 DEBUG      Port 9991 is not listen, don`t need close
2016-02-22 23:25:40,992 DEBUG      Goted sock info:
2016-02-22 23:25:40,992 DEBUG      {'username': u'admin', 'ip': u'195.68.111.242', 'password': u'default', 'id': 310}
2016-02-22 23:25:44,056 DEBUG      Pid is 5853
2016-02-22 23:25:44,079 DEBUG      Pid is 5853
2016-02-22 23:25:44,079 INFO       Open new sock with PID: 5853
2016-02-22 23:25:47,084 DEBUG      Request time of id 310 :  2.99620199203
2016-02-22 23:25:47,084 DEBUG      Sock PID 5853 access Internet OK
2016-02-22 23:25:47,086 DEBUG      Updated socks id 310 lastcheck to  1456158347.08
2016-02-22 23:30:47,177 DEBUG      Change new sock
2016-02-22 23:30:47,199 DEBUG      Pid is 5853
2016-02-22 23:30:48,218 DEBUG      Killed process 5853
2016-02-22 23:30:48,218 DEBUG      Goted sock info:
2016-02-22 23:30:48,219 DEBUG      {'username': u'ftpuser', 'ip': u'84.45.78.218', 'password': u'asteriskftp', 'id': 311}
2016-02-22 23:30:58,383 ERROR      Error, can not open new sock
2016-02-22 23:30:58,390 DEBUG      Updated socks id 311 staus to  False
2016-02-22 23:30:58,391 DEBUG      Updated socks id 311 lastcheck to  1456158658.39
2016-02-22 23:30:58,391 DEBUG      Sock is not good, changed status. go to next sock
2016-02-22 23:30:58,402 DEBUG      Port 9991 is not listen, don`t need close
2016-02-22 23:30:58,402 DEBUG      Goted sock info:
2016-02-22 23:30:58,403 DEBUG      {'username': u'user', 'ip': u'91.109.46.241', 'password': u'1234', 'id': 312}
2016-02-22 23:31:08,563 ERROR      Error, can not open new sock
2016-02-22 23:31:08,571 DEBUG      Updated socks id 312 staus to  False
2016-02-22 23:31:08,572 DEBUG      Updated socks id 312 lastcheck to  1456158668.57
2016-02-22 23:31:08,572 DEBUG      Sock is not good, changed status. go to next sock
2016-02-22 23:31:08,580 DEBUG      Port 9991 is not listen, don`t need close
2016-02-22 23:31:08,581 DEBUG      Goted sock info:
2016-02-22 23:31:08,581 DEBUG      {'username': u'admin', 'ip': u'83.244.246.249', 'password': u'default', 'id': 313}
2016-02-22 23:31:18,742 ERROR      Error, can not open new sock
2016-02-22 23:31:18,750 DEBUG      Updated socks id 313 staus to  False
2016-02-22 23:31:18,751 DEBUG      Updated socks id 313 lastcheck to  1456158678.75
2016-02-22 23:31:18,751 DEBUG      Sock is not good, changed status. go to next sock
2016-02-22 23:31:18,759 DEBUG      Port 9991 is not listen, don`t need close
2016-02-22 23:31:18,760 DEBUG      Goted sock info:
2016-02-22 23:31:18,760 DEBUG      {'username': u'guest', 'ip': u'83.100.247.146', 'password': u'guest', 'id': 314}
2016-02-22 23:31:28,927 ERROR      Error, can not open new sock
2016-02-22 23:31:28,934 DEBUG      Updated socks id 314 staus to  False
2016-02-22 23:31:28,935 DEBUG      Updated socks id 314 lastcheck to  1456158688.93
2016-02-22 23:31:28,935 DEBUG      Sock is not good, changed status. go to next sock
2016-02-22 23:31:28,947 DEBUG      Port 9991 is not listen, don`t need close
2016-02-22 23:31:28,948 DEBUG      Goted sock info:
2016-02-22 23:31:28,949 DEBUG      {'username': u'admin', 'ip': u'83.244.246.251', 'password': u'default', 'id': 315}
2016-02-22 23:31:39,115 ERROR      Error, can not open new sock
2016-02-22 23:31:39,123 DEBUG      Updated socks id 315 staus to  False
2016-02-22 23:31:39,124 DEBUG      Updated socks id 315 lastcheck to  1456158699.12
2016-02-22 23:31:39,124 DEBUG      Sock is not good, changed status. go to next sock
2016-02-22 23:31:39,136 DEBUG      Port 9991 is not listen, don`t need close
2016-02-22 23:31:39,137 DEBUG      Goted sock info:
2016-02-22 23:31:39,137 DEBUG      {'username': u'admin', 'ip': u'212.2.3.241', 'password': u'password', 'id': 316}
2016-02-22 23:31:49,293 ERROR      Error, can not open new sock
2016-02-22 23:31:49,297 DEBUG      Updated socks id 316 staus to  False
2016-02-22 23:31:49,298 DEBUG      Updated socks id 316 lastcheck to  1456158709.3
2016-02-22 23:31:49,298 DEBUG      Sock is not good, changed status. go to next sock
2016-02-22 23:31:49,307 DEBUG      Port 9991 is not listen, don`t need close
2016-02-22 23:31:49,308 DEBUG      Goted sock info:
2016-02-22 23:31:49,308 DEBUG      {'username': u'admin', 'ip': u'78.154.108.97', 'password': u'password', 'id': 317}
2016-02-22 23:31:59,480 ERROR      Error, can not open new sock
2016-02-22 23:31:59,493 DEBUG      Updated socks id 317 staus to  False
2016-02-22 23:31:59,494 DEBUG      Updated socks id 317 lastcheck to  1456158719.49
2016-02-22 23:31:59,495 DEBUG      Sock is not good, changed status. go to next sock
2016-02-22 23:31:59,506 DEBUG      Port 9991 is not listen, don`t need close
2016-02-22 23:31:59,507 DEBUG      Goted sock info:
2016-02-22 23:31:59,507 DEBUG      {'username': u'test', 'ip': u'78.157.209.236', 'password': u'test123', 'id': 318}
2016-02-22 23:32:09,682 ERROR      Error, can not open new sock
2016-02-22 23:32:09,691 DEBUG      Updated socks id 318 staus to  False
2016-02-22 23:32:09,692 DEBUG      Updated socks id 318 lastcheck to  1456158729.69
2016-02-22 23:32:09,692 DEBUG      Sock is not good, changed status. go to next sock
2016-02-22 23:32:09,705 DEBUG      Port 9991 is not listen, don`t need close
2016-02-22 23:32:09,706 DEBUG      Goted sock info:
2016-02-22 23:32:09,707 DEBUG      {'username': u'test', 'ip': u'62.7.82.23', 'password': u'test', 'id': 319}
2016-02-22 23:32:19,881 ERROR      Error, can not open new sock
2016-02-22 23:32:19,889 DEBUG      Updated socks id 319 staus to  False
2016-02-22 23:32:19,890 DEBUG      Updated socks id 319 lastcheck to  1456158739.89
2016-02-22 23:32:19,890 DEBUG      Sock is not good, changed status. go to next sock
2016-02-22 23:32:19,904 DEBUG      Port 9991 is not listen, don`t need close
2016-02-22 23:32:19,906 DEBUG      Goted sock info:
2016-02-22 23:32:19,906 DEBUG      {'username': u'PlcmSpIp', 'ip': u'195.242.215.245', 'password': u'PlcmSpIp', 'id': 320}
2016-02-22 23:32:30,069 ERROR      Error, can not open new sock
2016-02-22 23:32:30,078 DEBUG      Updated socks id 320 staus to  False
2016-02-22 23:32:30,078 DEBUG      Updated socks id 320 lastcheck to  1456158750.08
2016-02-22 23:32:30,079 DEBUG      Sock is not good, changed status. go to next sock
2016-02-22 23:32:30,091 DEBUG      Port 9991 is not listen, don`t need close
2016-02-22 23:32:30,092 DEBUG      Goted sock info:
2016-02-22 23:32:30,092 DEBUG      {'username': u'admin', 'ip': u'94.126.41.123', 'password': u'admin', 'id': 321}
2016-02-22 23:32:40,261 ERROR      Error, can not open new sock
2016-02-22 23:32:40,269 DEBUG      Updated socks id 321 staus to  False
2016-02-22 23:32:40,270 DEBUG      Updated socks id 321 lastcheck to  1456158760.27
2016-02-22 23:32:40,270 DEBUG      Sock is not good, changed status. go to next sock
2016-02-22 23:32:40,278 DEBUG      Port 9991 is not listen, don`t need close
2016-02-22 23:32:40,279 DEBUG      Goted sock info:
2016-02-22 23:32:40,279 DEBUG      {'username': u'admin', 'ip': u'5.83.96.198', 'password': u'password', 'id': 322}
2016-02-22 23:32:50,471 ERROR      Error, can not open new sock
2016-02-22 23:32:50,479 DEBUG      Updated socks id 322 staus to  False
2016-02-22 23:32:50,480 DEBUG      Updated socks id 322 lastcheck to  1456158770.48
2016-02-22 23:32:50,480 DEBUG      Sock is not good, changed status. go to next sock
2016-02-22 23:32:50,490 DEBUG      Port 9991 is not listen, don`t need close
2016-02-22 23:32:50,491 DEBUG      Goted sock info:
2016-02-22 23:32:50,491 DEBUG      {'username': u'guest', 'ip': u'212.9.97.164', 'password': u'guest', 'id': 323}
2016-02-22 23:33:00,659 ERROR      Error, can not open new sock
2016-02-22 23:33:00,663 DEBUG      Updated socks id 323 staus to  False
2016-02-22 23:33:00,664 DEBUG      Updated socks id 323 lastcheck to  1456158780.66
2016-02-22 23:33:00,664 DEBUG      Sock is not good, changed status. go to next sock
2016-02-22 23:33:00,673 DEBUG      Port 9991 is not listen, don`t need close
2016-02-22 23:33:00,674 DEBUG      Goted sock info:
2016-02-22 23:33:00,674 DEBUG      {'username': u'svn', 'ip': u'92.60.122.123', 'password': u'svn', 'id': 324}
2016-02-22 23:33:10,850 ERROR      Error, can not open new sock
2016-02-22 23:33:10,857 DEBUG      Updated socks id 324 staus to  False
2016-02-22 23:33:10,858 DEBUG      Updated socks id 324 lastcheck to  1456158790.86
2016-02-22 23:33:10,858 DEBUG      Sock is not good, changed status. go to next sock
2016-02-22 23:33:10,868 DEBUG      Port 9991 is not listen, don`t need close
2016-02-22 23:33:10,869 DEBUG      Goted sock info:
2016-02-22 23:33:10,869 DEBUG      {'username': u'admin', 'ip': u'109.69.83.5', 'password': u'default', 'id': 325}
2016-02-22 23:33:21,058 ERROR      Error, can not open new sock
2016-02-22 23:33:21,066 DEBUG      Updated socks id 325 staus to  False
2016-02-22 23:33:21,067 DEBUG      Updated socks id 325 lastcheck to  1456158801.07
2016-02-22 23:33:21,067 DEBUG      Sock is not good, changed status. go to next sock
2016-02-22 23:33:21,079 DEBUG      Port 9991 is not listen, don`t need close
2016-02-22 23:33:21,080 DEBUG      Goted sock info:
2016-02-22 23:33:21,080 DEBUG      {'username': u'monitor', 'ip': u'81.134.145.72', 'password': u'monitor', 'id': 326}
2016-02-22 23:33:25,151 DEBUG      Pid is 8065
2016-02-22 23:33:25,169 DEBUG      Pid is 8065
2016-02-22 23:33:25,169 INFO       Open new sock with PID: 8065
2016-02-22 23:33:25,932 DEBUG      Request time of id 326 :  0.754389047623
2016-02-22 23:33:25,933 DEBUG      Sock PID 8065 access Internet OK
2016-02-22 23:33:25,934 DEBUG      Updated socks id 326 lastcheck to  1456158805.93
2016-02-22 23:38:26,033 DEBUG      Change new sock
2016-02-22 23:38:26,051 DEBUG      Pid is 8065
2016-02-22 23:38:27,063 DEBUG      Killed process 8065
2016-02-22 23:38:27,064 DEBUG      Goted sock info:
2016-02-22 23:38:27,064 DEBUG      {'username': u'admin', 'ip': u'212.2.3.117', 'password': u'password', 'id': 327}
2016-02-22 23:38:37,183 ERROR      Error, can not open new sock
2016-02-22 23:38:37,191 DEBUG      Updated socks id 327 staus to  False
2016-02-22 23:38:37,192 DEBUG      Updated socks id 327 lastcheck to  1456159117.19
2016-02-22 23:38:37,192 DEBUG      Sock is not good, changed status. go to next sock
2016-02-22 23:38:37,203 DEBUG      Port 9991 is not listen, don`t need close
2016-02-22 23:38:37,204 DEBUG      Goted sock info:
2016-02-22 23:38:37,204 DEBUG      {'username': u'test', 'ip': u'78.157.209.233', 'password': u'test123', 'id': 328}
2016-02-22 23:38:47,327 ERROR      Error, can not open new sock
2016-02-22 23:38:47,330 DEBUG      Updated socks id 328 staus to  False
2016-02-22 23:38:47,332 DEBUG      Updated socks id 328 lastcheck to  1456159127.33
2016-02-22 23:38:47,332 DEBUG      Sock is not good, changed status. go to next sock
2016-02-22 23:38:47,349 DEBUG      Port 9991 is not listen, don`t need close
2016-02-22 23:38:47,350 DEBUG      Goted sock info:
2016-02-22 23:38:47,350 DEBUG      {'username': u'admin', 'ip': u'213.160.111.209', 'password': u'password', 'id': 329}
2016-02-22 23:38:57,465 ERROR      Error, can not open new sock
2016-02-22 23:38:57,473 DEBUG      Updated socks id 329 staus to  False
2016-02-22 23:38:57,474 DEBUG      Updated socks id 329 lastcheck to  1456159137.47
2016-02-22 23:38:57,475 DEBUG      Sock is not good, changed status. go to next sock
2016-02-22 23:38:57,484 DEBUG      Port 9991 is not listen, don`t need close
2016-02-22 23:38:57,485 DEBUG      Goted sock info:
2016-02-22 23:38:57,485 DEBUG      {'username': u'admin', 'ip': u'109.74.251.142', 'password': u'default', 'id': 330}
2016-02-22 23:39:07,603 ERROR      Error, can not open new sock
2016-02-22 23:39:07,611 DEBUG      Updated socks id 330 staus to  False
2016-02-22 23:39:07,612 DEBUG      Updated socks id 330 lastcheck to  1456159147.61
2016-02-22 23:39:07,612 DEBUG      Sock is not good, changed status. go to next sock
2016-02-22 23:39:07,622 DEBUG      Port 9991 is not listen, don`t need close
2016-02-22 23:39:07,623 DEBUG      Goted sock info:
2016-02-22 23:39:07,623 DEBUG      {'username': u'admin', 'ip': u'37.1.155.242', 'password': u'password', 'id': 331}
2016-02-22 23:39:17,751 ERROR      Error, can not open new sock
2016-02-22 23:39:17,759 DEBUG      Updated socks id 331 staus to  False
2016-02-22 23:39:17,761 DEBUG      Updated socks id 331 lastcheck to  1456159157.76
2016-02-22 23:39:17,761 DEBUG      Sock is not good, changed status. go to next sock
2016-02-22 23:39:17,772 DEBUG      Port 9991 is not listen, don`t need close
2016-02-22 23:39:17,773 DEBUG      Goted sock info:
2016-02-22 23:39:17,773 DEBUG      {'username': u'user', 'ip': u'82.69.211.198', 'password': u'1234', 'id': 332}
2016-02-22 23:39:27,886 ERROR      Error, can not open new sock
2016-02-22 23:39:27,894 DEBUG      Updated socks id 332 staus to  False
2016-02-22 23:39:27,895 DEBUG      Updated socks id 332 lastcheck to  1456159167.89
2016-02-22 23:39:27,896 DEBUG      Sock is not good, changed status. go to next sock
2016-02-22 23:39:27,906 DEBUG      Port 9991 is not listen, don`t need close
2016-02-22 23:39:27,907 DEBUG      Goted sock info:
2016-02-22 23:39:27,907 DEBUG      {'username': u'admin', 'ip': u'95.152.222.198', 'password': u'password', 'id': 333}
2016-02-22 23:39:38,024 ERROR      Error, can not open new sock
2016-02-22 23:39:38,029 DEBUG      Updated socks id 333 staus to  False
2016-02-22 23:39:38,030 DEBUG      Updated socks id 333 lastcheck to  1456159178.03
2016-02-22 23:39:38,030 DEBUG      Sock is not good, changed status. go to next sock
2016-02-22 23:39:38,042 DEBUG      Port 9991 is not listen, don`t need close
2016-02-22 23:39:38,042 DEBUG      Goted sock info:
2016-02-22 23:39:38,043 DEBUG      {'username': u'user', 'ip': u'135.196.122.6', 'password': u'1234', 'id': 334}
2016-02-22 23:39:48,158 ERROR      Error, can not open new sock
2016-02-22 23:39:48,161 DEBUG      Updated socks id 334 staus to  False
2016-02-22 23:39:48,162 DEBUG      Updated socks id 334 lastcheck to  1456159188.16
2016-02-22 23:39:48,163 DEBUG      Sock is not good, changed status. go to next sock
2016-02-22 23:39:48,174 DEBUG      Port 9991 is not listen, don`t need close
2016-02-22 23:39:48,175 DEBUG      Goted sock info:
2016-02-22 23:39:48,175 DEBUG      {'username': u'guest', 'ip': u'78.110.170.130', 'password': u'guest', 'id': 335}
2016-02-22 23:39:58,287 ERROR      Error, can not open new sock
2016-02-22 23:39:58,295 DEBUG      Updated socks id 335 staus to  False
2016-02-22 23:39:58,296 DEBUG      Updated socks id 335 lastcheck to  1456159198.3
2016-02-22 23:39:58,297 DEBUG      Sock is not good, changed status. go to next sock
2016-02-22 23:39:58,307 DEBUG      Port 9991 is not listen, don`t need close
2016-02-22 23:39:58,308 DEBUG      Goted sock info:
2016-02-22 23:39:58,308 DEBUG      {'username': u'admin', 'ip': u'193.19.88.130', 'password': u'default', 'id': 336}
2016-02-22 23:40:08,420 ERROR      Error, can not open new sock
2016-02-22 23:40:08,427 DEBUG      Updated socks id 336 staus to  False
2016-02-22 23:40:08,428 DEBUG      Updated socks id 336 lastcheck to  1456159208.43
2016-02-22 23:40:08,429 DEBUG      Sock is not good, changed status. go to next sock
2016-02-22 23:40:08,440 DEBUG      Port 9991 is not listen, don`t need close
2016-02-22 23:40:08,441 DEBUG      Goted sock info:
2016-02-22 23:40:08,441 DEBUG      {'username': u'ftpuser', 'ip': u'94.126.196.74', 'password': u'asteriskftp', 'id': 337}
2016-02-22 23:40:16,535 DEBUG      Pid is 9431
2016-02-22 23:40:16,556 DEBUG      Pid is 9431
2016-02-22 23:40:16,556 INFO       Open new sock with PID: 9431
2016-02-22 23:40:17,635 DEBUG      Request time of id 337 :  1.07369804382
2016-02-22 23:40:17,635 DEBUG      Sock PID 9431 access Internet OK
2016-02-22 23:40:17,636 DEBUG      Updated socks id 337 lastcheck to  1456159217.64
2016-02-22 23:45:17,687 DEBUG      Change new sock
2016-02-22 23:45:17,707 DEBUG      Pid is 9431
2016-02-22 23:45:18,719 DEBUG      Killed process 9431
2016-02-22 23:45:18,720 DEBUG      Goted sock info:
2016-02-22 23:45:18,720 DEBUG      {'username': u'ubnt', 'ip': u'82.26.18.85', 'password': u'ubnt', 'id': 338}
2016-02-22 23:45:28,830 ERROR      Error, can not open new sock
2016-02-22 23:45:28,838 DEBUG      Updated socks id 338 staus to  False
2016-02-22 23:45:28,839 DEBUG      Updated socks id 338 lastcheck to  1456159528.84
2016-02-22 23:45:28,839 DEBUG      Sock is not good, changed status. go to next sock
2016-02-22 23:45:28,850 DEBUG      Port 9991 is not listen, don`t need close
2016-02-22 23:45:28,851 DEBUG      Goted sock info:
2016-02-22 23:45:28,851 DEBUG      {'username': u'admin', 'ip': u'81.145.198.18', 'password': u'default', 'id': 339}
2016-02-22 23:45:38,960 ERROR      Error, can not open new sock
2016-02-22 23:45:38,967 DEBUG      Updated socks id 339 staus to  False
2016-02-22 23:45:38,968 DEBUG      Updated socks id 339 lastcheck to  1456159538.97
2016-02-22 23:45:38,969 DEBUG      Sock is not good, changed status. go to next sock
2016-02-22 23:45:38,979 DEBUG      Port 9991 is not listen, don`t need close
2016-02-22 23:45:38,980 DEBUG      Goted sock info:
2016-02-22 23:45:38,980 DEBUG      {'username': u'test', 'ip': u'217.147.86.26', 'password': u'password', 'id': 340}
2016-02-22 23:45:49,098 ERROR      Error, can not open new sock
2016-02-22 23:45:49,102 DEBUG      Updated socks id 340 staus to  False
2016-02-22 23:45:49,103 DEBUG      Updated socks id 340 lastcheck to  1456159549.1
2016-02-22 23:45:49,103 DEBUG      Sock is not good, changed status. go to next sock
2016-02-22 23:45:49,114 DEBUG      Port 9991 is not listen, don`t need close
2016-02-22 23:45:49,114 DEBUG      Goted sock info:
2016-02-22 23:45:49,115 DEBUG      {'username': u'admin', 'ip': u'80.241.75.94', 'password': u'default', 'id': 341}
2016-02-22 23:45:52,154 DEBUG      Pid is 10112
2016-02-22 23:45:52,175 DEBUG      Pid is 10112
2016-02-22 23:45:52,175 INFO       Open new sock with PID: 10112
2016-02-22 23:45:52,928 DEBUG      Request time of id 341 :  0.744173049927
2016-02-22 23:45:52,928 DEBUG      Sock PID 10112 access Internet OK
2016-02-22 23:45:52,929 DEBUG      Updated socks id 341 lastcheck to  1456159552.93
