2015-12-07 20:07:38,194 INFO       List Modules
2015-12-07 20:08:08,330 INFO       List Modules
2015-12-07 20:09:30,861 INFO       List Modules
2015-12-07 20:09:37,020 INFO       Try to load: shodan.
2015-12-07 20:09:37,022 WARNING    Started Module: Shodan Module.
2015-12-07 20:09:37,022 INFO       Finish load module: scanner/shodan.
2015-12-07 20:10:03,973 INFO       Try to load: shodan.
2015-12-07 20:10:03,975 WARNING    Started Module: Shodan Module.
2015-12-07 20:10:03,975 INFO       Finish load module: scanner/shodan.
2015-12-07 20:10:09,075 INFO       Try to load: shodan.
2015-12-07 20:10:09,076 INFO       Show Module Options
2015-12-07 20:10:09,077 INFO       Finish load module: scanner/shodan.
2015-12-07 20:10:59,537 INFO       Try to load: shodan.
2015-12-07 20:10:59,538 INFO       Show Module Options
2015-12-07 20:10:59,539 INFO       Finish load module: scanner/shodan.
2015-12-07 20:11:55,090 INFO       Try to load: blind_sql_injection.
2015-12-07 20:11:55,090 INFO       Show Module Options
2015-12-07 20:11:55,091 INFO       Finish load module: exploit/sql_injection/blind_sql_injection.
2015-12-07 20:12:18,899 INFO       Try to load: blind_sql_injection.
2015-12-07 20:12:18,899 INFO       Show Module Options
2015-12-07 20:12:18,899 INFO       Finish load module: exploit/sql_injection/blind_sql_injection.
2015-12-07 20:14:52,487 INFO       Try to load: blind_sql_injection.
2015-12-07 20:14:52,488 INFO       Show Module Options
2015-12-07 20:14:52,488 INFO       Finish load module: exploit/sql_injection/blind_sql_injection.
2015-12-07 20:15:02,844 INFO       Try to load: blind_sql_injection.
2015-12-07 20:15:02,845 INFO       Show Module Options
2015-12-07 20:15:02,845 INFO       Finish load module: exploit/sql_injection/blind_sql_injection.
2015-12-07 20:15:15,506 INFO       Try to load: blind_sql_injection.
2015-12-07 20:15:15,507 INFO       Show Module Options
2015-12-07 20:15:15,507 INFO       Finish load module: exploit/sql_injection/blind_sql_injection.
2015-12-07 20:16:23,373 INFO       Try to load: blind_sql_injection.
2015-12-07 20:16:23,374 INFO       Show Module Options
2015-12-07 20:16:23,374 INFO       Finish load module: exploit/sql_injection/blind_sql_injection.
2015-12-07 20:16:31,473 INFO       Try to load: blind_sql_injection.
2015-12-07 20:16:31,474 INFO       Check Module Options
2015-12-07 20:16:31,474 ERROR      Option URL need configure.
2015-12-07 20:16:31,474 INFO       Finish load module: exploit/sql_injection/blind_sql_injection.
2015-12-07 20:19:11,385 INFO       Try to load: blind_sql_injection.
2015-12-07 20:19:11,386 INFO       Check Module Options
2015-12-07 20:19:11,386 ERROR      Option URL need configure.
2015-12-07 20:19:11,386 INFO       Finish load module: exploit/sql_injection/blind_sql_injection.
2015-12-07 20:19:57,276 INFO       Try to load: shodan.
2015-12-07 20:19:57,278 WARNING    Started Module: Shodan Module.
2015-12-07 20:19:57,278 INFO       Finish load module: scanner/shodan.
2015-12-07 20:21:14,566 DEBUG      Set Logging mode is True.
2015-12-07 20:21:14,566 INFO       Try to load: shodan.
2015-12-07 20:21:14,568 DEBUG      Loading module: scanner/shodan.
2015-12-07 20:21:14,568 WARNING    Started Module: Shodan Module.
2015-12-07 20:21:14,568 INFO       Finish load module: scanner/shodan.
2015-12-07 20:21:41,983 DEBUG      Set Logging mode is True.
2015-12-07 20:21:41,983 INFO       Try to load: shodan.
2015-12-07 20:21:41,985 DEBUG      Loading module: scanner/shodan.
2015-12-07 20:21:41,985 WARNING    Started Module: Shodan Module.
2015-12-07 20:21:41,985 INFO       Finish load module: scanner/shodan.
2015-12-07 20:23:13,342 DEBUG      Set Logging mode is True.
2015-12-07 20:23:13,342 INFO       Try to load: shodan.
2015-12-07 20:23:13,344 DEBUG      Loading module: scanner/shodan.
2015-12-07 20:23:13,344 WARNING    Started Module: Shodan Module.
2015-12-07 20:23:13,344 INFO       Finish load module: scanner/shodan.
2015-12-07 20:23:43,208 DEBUG      Set Logging mode is True.
2015-12-07 20:23:43,208 INFO       Try to load: shodan.
2015-12-07 20:23:43,210 DEBUG      'list' object has no attribute 'sections'
2015-12-07 20:23:43,210 ERROR      Error while load module scanner/shodan.
2015-12-07 20:23:43,210 INFO       Finish load module: scanner/shodan.
2015-12-07 20:24:11,360 DEBUG      Set Logging mode is True.
2015-12-07 20:24:11,360 INFO       Try to load: shodan.
2015-12-07 20:24:11,362 DEBUG      global name 'onfigParser' is not defined
2015-12-07 20:24:11,362 ERROR      Error while load module scanner/shodan.
2015-12-07 20:24:11,362 INFO       Finish load module: scanner/shodan.
2015-12-07 20:24:17,677 DEBUG      Set Logging mode is True.
2015-12-07 20:24:17,678 INFO       Try to load: shodan.
2015-12-07 20:24:17,679 DEBUG      global name 'configParser' is not defined
2015-12-07 20:24:17,679 ERROR      Error while load module scanner/shodan.
2015-12-07 20:24:17,679 INFO       Finish load module: scanner/shodan.
2015-12-07 20:24:25,225 DEBUG      Set Logging mode is True.
2015-12-07 20:24:25,225 INFO       Try to load: shodan.
2015-12-07 20:24:25,227 DEBUG      Loading module: scanner/shodan.
2015-12-07 20:24:25,227 WARNING    Started Module: Shodan Module.
2015-12-07 20:24:25,227 INFO       Finish load module: scanner/shodan.
2015-12-07 20:24:39,286 DEBUG      Set Logging mode is True.
2015-12-07 20:24:39,286 INFO       Try to load: shodan.
2015-12-07 20:24:39,288 DEBUG      ConfigParser instance has no attribute '__getitem__'
2015-12-07 20:24:39,288 ERROR      Error while load module scanner/shodan.
2015-12-07 20:24:39,288 INFO       Finish load module: scanner/shodan.
2015-12-07 20:24:54,362 DEBUG      Set Logging mode is True.
2015-12-07 20:24:54,362 INFO       Try to load: shodan.
2015-12-07 20:24:54,364 DEBUG      ConfigParser instance has no attribute '__getitem__'
2015-12-07 20:24:54,364 ERROR      Error while load module scanner/shodan.
2015-12-07 20:24:54,364 INFO       Finish load module: scanner/shodan.
2015-12-07 20:26:22,366 DEBUG      Set Logging mode is True.
2015-12-07 20:26:22,366 INFO       Try to load: shodan.
2015-12-07 20:26:22,368 DEBUG      Loading module: scanner/shodan.
2015-12-07 20:26:22,368 WARNING    Started Module: Shodan Module.
2015-12-07 20:26:22,368 INFO       Finish load module: scanner/shodan.
2015-12-07 20:27:27,813 DEBUG      Set Logging mode is True.
2015-12-07 20:27:27,813 INFO       Try to load: shodan.
2015-12-07 20:27:27,815 DEBUG      global name 'config' is not defined
2015-12-07 20:27:27,815 ERROR      Error while load module scanner/shodan.
2015-12-07 20:27:27,815 INFO       Finish load module: scanner/shodan.
2015-12-07 20:28:13,997 DEBUG      Set Logging mode is True.
2015-12-07 20:28:13,998 INFO       Try to load: shodan.
2015-12-07 20:28:13,999 DEBUG      global name 'config' is not defined
2015-12-07 20:28:13,999 ERROR      Error while load module scanner/shodan.
2015-12-07 20:28:14,000 INFO       Finish load module: scanner/shodan.
2015-12-07 20:28:38,245 DEBUG      Set Logging mode is True.
2015-12-07 20:28:38,245 INFO       Try to load: shodan.
2015-12-07 20:28:38,247 DEBUG      Loading module: scanner/shodan.
2015-12-07 20:28:38,247 WARNING    Started Module: Shodan Module.
2015-12-07 20:28:38,247 INFO       Finish load module: scanner/shodan.
2015-12-07 20:29:32,045 DEBUG      Set Logging mode is True.
2015-12-07 20:29:32,045 INFO       Try to load: shodan.
2015-12-07 20:29:32,047 DEBUG      Loading module: scanner/shodan.
2015-12-07 20:29:32,047 WARNING    Started Module: Shodan Module.
2015-12-07 20:29:32,047 INFO       Finish load module: scanner/shodan.
2015-12-07 20:30:31,268 DEBUG      Set Logging mode is True.
2015-12-07 20:30:31,269 INFO       Try to load: shodan.
2015-12-07 20:30:31,271 DEBUG      ConfigParser instance has no attribute 'Sections'
2015-12-07 20:30:31,271 ERROR      Error while load module scanner/shodan.
2015-12-07 20:30:31,271 INFO       Finish load module: scanner/shodan.
2015-12-07 20:30:52,322 DEBUG      Set Logging mode is True.
2015-12-07 20:30:52,322 INFO       Try to load: shodan.
2015-12-07 20:30:52,324 DEBUG      ConfigParser instance has no __call__ method
2015-12-07 20:30:52,324 ERROR      Error while load module scanner/shodan.
2015-12-07 20:30:52,324 INFO       Finish load module: scanner/shodan.
2015-12-07 20:32:51,454 DEBUG      Set Logging mode is True.
2015-12-07 20:32:51,454 INFO       Try to load: shodan.
2015-12-07 20:32:51,456 DEBUG      ConfigParser instance has no __call__ method
2015-12-07 20:32:51,456 ERROR      Error while load module scanner/shodan.
2015-12-07 20:32:51,456 INFO       Finish load module: scanner/shodan.
2015-12-07 20:33:29,681 INFO       Try to load: shodan.
2015-12-07 20:33:29,683 ERROR      Error while load module scanner/shodan.
2015-12-07 20:33:29,683 INFO       Finish load module: scanner/shodan.
2015-12-07 20:33:32,423 DEBUG      Set Logging mode is True.
2015-12-07 20:33:32,423 INFO       Try to load: shodan.
2015-12-07 20:33:32,425 DEBUG      ConfigParser instance has no __call__ method
2015-12-07 20:33:32,425 ERROR      Error while load module scanner/shodan.
2015-12-07 20:33:32,425 INFO       Finish load module: scanner/shodan.
2015-12-07 20:33:46,832 DEBUG      Set Logging mode is True.
2015-12-07 20:33:46,832 INFO       Try to load: shodan.
2015-12-07 20:33:46,834 DEBUG      ConfigParser instance has no __call__ method
2015-12-07 20:33:46,834 ERROR      Error while load module scanner/shodan.
2015-12-07 20:33:46,834 INFO       Finish load module: scanner/shodan.
2015-12-07 20:34:44,671 DEBUG      Set Logging mode is True.
2015-12-07 20:34:44,671 INFO       Try to load: shodan.
2015-12-07 20:34:44,673 DEBUG      __init__() takes exactly 2 arguments (1 given)
2015-12-07 20:34:44,673 ERROR      Error while load module scanner/shodan.
2015-12-07 20:34:44,674 INFO       Finish load module: scanner/shodan.
2015-12-07 20:34:54,562 DEBUG      Set Logging mode is True.
2015-12-07 20:34:54,562 INFO       Try to load: shodan.
2015-12-07 20:34:54,564 DEBUG      ConfigParser instance has no __call__ method
2015-12-07 20:34:54,564 ERROR      Error while load module scanner/shodan.
2015-12-07 20:34:54,564 INFO       Finish load module: scanner/shodan.
2015-12-07 20:35:11,349 DEBUG      Set Logging mode is True.
2015-12-07 20:35:11,349 INFO       Try to load: shodan.
2015-12-07 20:35:11,351 DEBUG      ConfigParser instance has no __call__ method
2015-12-07 20:35:11,351 ERROR      Error while load module scanner/shodan.
2015-12-07 20:35:11,351 INFO       Finish load module: scanner/shodan.
2015-12-07 20:35:28,280 DEBUG      Set Logging mode is True.
2015-12-07 20:35:28,280 INFO       Try to load: shodan.
2015-12-07 20:35:28,282 DEBUG      ConfigParser instance has no __call__ method
2015-12-07 20:35:28,282 ERROR      Error while load module scanner/shodan.
2015-12-07 20:35:28,282 INFO       Finish load module: scanner/shodan.
2015-12-07 20:36:29,836 DEBUG      Set Logging mode is True.
2015-12-07 20:36:29,836 INFO       Try to load: shodan.
2015-12-07 20:36:29,838 DEBUG      ConfigParser instance has no __call__ method
2015-12-07 20:36:29,838 ERROR      Error while load module scanner/shodan.
2015-12-07 20:36:29,838 INFO       Finish load module: scanner/shodan.
2015-12-07 20:36:53,319 DEBUG      Set Logging mode is True.
2015-12-07 20:36:53,319 INFO       Try to load: shodan.
2015-12-07 20:36:53,321 DEBUG      ConfigParser instance has no __call__ method
2015-12-07 20:36:53,321 ERROR      Error while load module scanner/shodan.
2015-12-07 20:36:53,321 INFO       Finish load module: scanner/shodan.
2015-12-07 20:38:21,251 DEBUG      Set Logging mode is True.
2015-12-07 20:38:21,251 INFO       Try to load: shodan.
2015-12-07 20:38:21,253 DEBUG      ConfigParser instance has no __call__ method
2015-12-07 20:38:21,253 ERROR      Error while load module scanner/shodan.
2015-12-07 20:38:21,253 INFO       Finish load module: scanner/shodan.
2015-12-07 20:38:40,063 DEBUG      Set Logging mode is True.
2015-12-07 20:38:40,063 INFO       Try to load: shodan.
2015-12-07 20:38:40,065 DEBUG      ConfigParser instance has no __call__ method
2015-12-07 20:38:40,065 ERROR      Error while load module scanner/shodan.
2015-12-07 20:38:40,065 INFO       Finish load module: scanner/shodan.
2015-12-07 20:38:53,168 DEBUG      Set Logging mode is True.
2015-12-07 20:38:53,168 INFO       Try to load: shodan.
2015-12-07 20:38:53,170 DEBUG      ConfigParser instance has no __call__ method
2015-12-07 20:38:53,170 ERROR      Error while load module scanner/shodan.
2015-12-07 20:38:53,170 INFO       Finish load module: scanner/shodan.
2015-12-07 20:57:22,280 DEBUG      Set Logging mode is True.
2015-12-07 20:57:22,280 INFO       Try to load: shodan.
2015-12-07 20:57:22,282 DEBUG      ConfigParser instance has no __call__ method
2015-12-07 20:57:22,282 ERROR      Error while load module scanner/shodan.
2015-12-07 20:57:22,283 INFO       Finish load module: scanner/shodan.
2015-12-07 20:57:34,431 DEBUG      Set Logging mode is True.
2015-12-07 20:57:34,432 INFO       Try to load: shodan.
2015-12-07 20:57:34,433 DEBUG      ConfigParser instance has no __call__ method
2015-12-07 20:57:34,433 ERROR      Error while load module scanner/shodan.
2015-12-07 20:57:34,434 INFO       Finish load module: scanner/shodan.
2015-12-07 20:57:45,084 DEBUG      Set Logging mode is True.
2015-12-07 20:57:45,084 INFO       Try to load: shodan.
2015-12-07 20:57:45,086 DEBUG      Loading module: scanner/shodan.
2015-12-07 20:57:45,086 WARNING    Started Module: Shodan Module.
2015-12-07 20:57:45,086 INFO       Finish load module: scanner/shodan.
2015-12-07 20:57:59,688 DEBUG      Set Logging mode is True.
2015-12-07 20:57:59,688 INFO       Try to load: shodan.
2015-12-07 20:57:59,690 DEBUG      Loading module: scanner/shodan.
2015-12-07 20:57:59,690 WARNING    Started Module: Shodan Module.
2015-12-07 20:57:59,690 INFO       Finish load module: scanner/shodan.
2015-12-07 20:58:03,248 DEBUG      Set Logging mode is True.
2015-12-07 20:58:03,249 INFO       Try to load: shodan.
2015-12-07 20:58:03,250 DEBUG      Loading module: scanner/shodan.
2015-12-07 20:58:03,250 WARNING    Started Module: Shodan Module.
2015-12-07 20:58:03,251 INFO       Finish load module: scanner/shodan.
2015-12-07 20:58:08,518 DEBUG      Set Logging mode is True.
2015-12-07 20:58:08,518 INFO       Try to load: shodan.
2015-12-07 20:58:08,520 DEBUG      ConfigParser instance has no __call__ method
2015-12-07 20:58:08,520 ERROR      Error while load module scanner/shodan.
2015-12-07 20:58:08,520 INFO       Finish load module: scanner/shodan.
2015-12-07 20:58:32,095 DEBUG      Set Logging mode is True.
2015-12-07 20:58:32,095 INFO       Try to load: shodan.
2015-12-07 20:58:32,097 DEBUG      ConfigParser instance has no __call__ method
2015-12-07 20:58:32,097 ERROR      Error while load module scanner/shodan.
2015-12-07 20:58:32,097 INFO       Finish load module: scanner/shodan.
2015-12-07 20:59:02,226 DEBUG      Set Logging mode is True.
2015-12-07 20:59:02,226 INFO       Try to load: shodan.
2015-12-07 20:59:02,228 DEBUG      ConfigParser instance has no __call__ method
2015-12-07 20:59:02,228 ERROR      Error while load module scanner/shodan.
2015-12-07 20:59:02,228 INFO       Finish load module: scanner/shodan.
2015-12-07 20:59:18,781 DEBUG      Set Logging mode is True.
2015-12-07 20:59:18,782 INFO       Try to load: shodan.
2015-12-07 20:59:18,783 DEBUG      ConfigParser instance has no __call__ method
2015-12-07 20:59:18,784 ERROR      Error while load module scanner/shodan.
2015-12-07 20:59:18,784 INFO       Finish load module: scanner/shodan.
2015-12-07 20:59:45,172 DEBUG      Set Logging mode is True.
2015-12-07 20:59:45,173 INFO       Try to load: shodan.
2015-12-07 20:59:45,174 DEBUG      ConfigParser instance has no __call__ method
2015-12-07 20:59:45,175 ERROR      Error while load module scanner/shodan.
2015-12-07 20:59:45,175 INFO       Finish load module: scanner/shodan.
2015-12-07 21:00:00,864 DEBUG      Set Logging mode is True.
2015-12-07 21:00:00,864 INFO       Try to load: shodan.
2015-12-07 21:00:00,866 DEBUG      ConfigParser instance has no __call__ method
2015-12-07 21:00:00,866 ERROR      Error while load module scanner/shodan.
2015-12-07 21:00:00,867 INFO       Finish load module: scanner/shodan.
2015-12-07 21:01:34,952 DEBUG      Set Logging mode is True.
2015-12-07 21:01:34,952 INFO       Try to load: shodan.
2015-12-07 21:01:34,954 DEBUG      baseModule instance has no attribute 'profileParse'
2015-12-07 21:01:34,954 ERROR      Error while load module scanner/shodan.
2015-12-07 21:01:34,955 INFO       Finish load module: scanner/shodan.
2015-12-07 21:01:44,121 DEBUG      Set Logging mode is True.
2015-12-07 21:01:44,121 INFO       Try to load: shodan.
2015-12-07 21:01:44,123 DEBUG      ConfigParser instance has no __call__ method
2015-12-07 21:01:44,123 ERROR      Error while load module scanner/shodan.
2015-12-07 21:01:44,123 INFO       Finish load module: scanner/shodan.
2015-12-07 21:02:03,926 DEBUG      Set Logging mode is True.
2015-12-07 21:02:03,926 INFO       Try to load: shodan.
2015-12-07 21:02:03,928 DEBUG      Loading module: scanner/shodan.
2015-12-07 21:02:03,928 WARNING    Started Module: Shodan Module.
2015-12-07 21:02:03,928 INFO       Finish load module: scanner/shodan.
2015-12-07 21:02:16,955 DEBUG      Set Logging mode is True.
2015-12-07 21:02:16,955 INFO       Try to load: shodan.
2015-12-07 21:02:16,957 DEBUG      getConfig() takes exactly 3 arguments (4 given)
2015-12-07 21:02:16,957 ERROR      Error while load module scanner/shodan.
2015-12-07 21:02:16,957 INFO       Finish load module: scanner/shodan.
2015-12-07 21:02:28,833 DEBUG      Set Logging mode is True.
2015-12-07 21:02:28,834 INFO       Try to load: shodan.
2015-12-07 21:02:28,836 DEBUG      Loading module: scanner/shodan.
2015-12-07 21:02:28,836 WARNING    Started Module: Shodan Module.
2015-12-07 21:02:28,836 INFO       Finish load module: scanner/shodan.
2015-12-07 21:03:47,536 DEBUG      Set Logging mode is True.
2015-12-07 21:03:47,536 INFO       Try to load: shodan.
2015-12-07 21:03:47,538 DEBUG      Loading module: scanner/shodan.
2015-12-07 21:03:47,538 WARNING    Started Module: Shodan Module.
2015-12-07 21:03:47,538 INFO       Finish load module: scanner/shodan.
2015-12-07 21:04:25,198 DEBUG      Set Logging mode is True.
2015-12-07 21:04:25,198 INFO       Try to load: shodan.
2015-12-07 21:04:25,200 DEBUG      Loading module: scanner/shodan.
2015-12-07 21:04:25,200 WARNING    Started Module: Shodan Module.
2015-12-07 21:04:25,200 INFO       Finish load module: scanner/shodan.
2015-12-07 21:06:13,883 DEBUG      Set Logging mode is True.
2015-12-07 21:06:13,883 INFO       Try to load: shodan.
2015-12-07 21:06:13,885 DEBUG      Module instance has no attribute 'shodanAPI'
2015-12-07 21:06:13,885 ERROR      Error while load module scanner/shodan.
2015-12-07 21:06:13,885 INFO       Finish load module: scanner/shodan.
2015-12-07 21:07:30,183 DEBUG      Set Logging mode is True.
2015-12-07 21:07:30,184 INFO       Try to load: shodan.
2015-12-07 21:07:30,186 DEBUG      Loading module: scanner/shodan.
2015-12-07 21:07:30,186 WARNING    Started Module: Shodan Module.
2015-12-07 21:07:30,186 INFO       Finish load module: scanner/shodan.
2015-12-07 21:07:40,367 DEBUG      Set Logging mode is True.
2015-12-07 21:07:40,367 INFO       Try to load: shodan.
2015-12-07 21:07:40,369 DEBUG      Loading module: scanner/shodan.
2015-12-07 21:07:40,369 WARNING    Started Module: Shodan Module.
2015-12-07 21:07:40,369 INFO       Finish load module: scanner/shodan.
2015-12-07 21:07:56,962 DEBUG      Set Logging mode is True.
2015-12-07 21:07:56,962 INFO       Try to load: shodan.
2015-12-07 21:07:56,964 DEBUG      Loading module: scanner/shodan.
2015-12-07 21:07:56,964 WARNING    Started Module: Shodan Module.
2015-12-07 21:07:56,964 INFO       Finish load module: scanner/shodan.
2015-12-07 21:07:58,938 DEBUG      Set Logging mode is True.
2015-12-07 21:07:58,938 INFO       Try to load: shodan.
2015-12-07 21:07:58,940 DEBUG      Loading module: scanner/shodan.
2015-12-07 21:07:58,940 WARNING    Started Module: Shodan Module.
2015-12-07 21:07:58,940 INFO       Finish load module: scanner/shodan.
2015-12-07 21:09:02,041 DEBUG      Set Logging mode is True.
2015-12-07 21:09:02,042 INFO       Try to load: shodan.
2015-12-07 21:09:02,044 DEBUG      Loading module: scanner/shodan.
2015-12-07 21:09:02,044 WARNING    Started Module: Shodan Module.
2015-12-07 21:09:02,044 INFO       Finish load module: scanner/shodan.
2015-12-07 21:10:34,257 DEBUG      Set Logging mode is True.
2015-12-07 21:10:34,257 INFO       Try to load: shodan.
2015-12-07 21:10:34,259 DEBUG      Loading module: scanner/shodan.
2015-12-07 21:10:34,259 WARNING    Started Module: Shodan Module.
2015-12-07 21:10:34,259 DEBUG      Shodan search apache
2015-12-07 21:10:37,659 INFO       Finish load module: scanner/shodan.
2015-12-07 21:11:28,973 DEBUG      Set Logging mode is True.
2015-12-07 21:11:28,974 INFO       Try to load: shodan.
2015-12-07 21:11:28,976 DEBUG      Loading module: scanner/shodan.
2015-12-07 21:11:28,976 WARNING    Started Module: Shodan Module.
2015-12-07 21:11:28,976 DEBUG      Shodan search apache
2015-12-07 21:11:30,209 DEBUG      Found 23141540 results.
2015-12-07 21:11:30,209 INFO       Finish load module: scanner/shodan.
2015-12-07 21:22:14,354 DEBUG      Set Logging mode is True.
2015-12-07 21:22:14,354 INFO       Try to load: shodan.
2015-12-07 21:22:14,356 DEBUG      Loading module: scanner/shodan.
2015-12-07 21:22:14,356 WARNING    Started Module: Shodan Module.
2015-12-07 21:22:14,356 DEBUG      Shodan search apache
2015-12-07 21:22:15,880 DEBUG      Found 23141540 results.
2015-12-07 21:22:15,881 INFO       Finish load module: scanner/shodan.
2015-12-07 21:24:07,907 DEBUG      Set Logging mode is True.
2015-12-07 21:24:07,907 INFO       Try to load: shodan.
2015-12-07 21:24:07,909 DEBUG      Loading module: scanner/shodan.
2015-12-07 21:24:07,909 WARNING    Started Module: Shodan Module.
2015-12-07 21:24:07,909 DEBUG      Shodan search apache
2015-12-07 21:24:09,281 DEBUG      Found 23141540 results.
2015-12-07 21:24:09,282 INFO       Finish load module: scanner/shodan.
2015-12-07 21:28:14,576 DEBUG      Set Logging mode is True.
2015-12-07 21:28:14,577 INFO       Try to load: shodan.
2015-12-07 21:28:14,578 DEBUG      Loading module: scanner/shodan.
2015-12-07 21:28:14,578 WARNING    Started Module: Shodan Module.
2015-12-07 21:28:14,579 DEBUG      Shodan search apache
2015-12-07 21:28:17,834 DEBUG      Found 23141540 results.
2015-12-07 21:28:17,835 INFO       Finish load module: scanner/shodan.
