2015-11-15 06:48:03,137 INFO       List Modules
2015-11-15 14:58:37,505 INFO       List Modules
2015-11-15 14:58:49,171 INFO       List Modules
2015-11-15 14:59:01,823 DEBUG      Set Logging mode is True.
2015-11-15 14:59:01,824 INFO       Try to load: blind_sql_injection.
2015-11-15 14:59:01,824 DEBUG      Loading module: exploit/sql_injection/blind_sql_injection.
2015-11-15 14:59:01,824 ERROR      Option URL need configure.
2015-11-15 14:59:01,824 INFO       Finish load module: exploit/sql_injection/blind_sql_injection.
2015-11-15 14:59:17,984 DEBUG      Set Logging mode is True.
2015-11-15 14:59:17,984 INFO       Try to load: blind_sql_injection.
2015-11-15 14:59:17,984 DEBUG      Loading module: exploit/sql_injection/blind_sql_injection.
2015-11-15 14:59:17,985 DEBUG      Set URL to http://google.com.vn.
2015-11-15 14:59:17,985 WARNING    Started Module: Blind SQL injection Module.
2015-11-15 14:59:17,985 INFO       Finish load module: exploit/sql_injection/blind_sql_injection.
2015-11-15 14:59:33,127 DEBUG      Set Logging mode is True.
2015-11-15 14:59:33,127 INFO       Try to load: blind_sql_injection.
2015-11-15 14:59:33,127 DEBUG      Loading module: exploit/sql_injection/blind_sql_injection.
2015-11-15 14:59:33,127 DEBUG      Set URL to http://google.com.vn.
2015-11-15 14:59:33,127 INFO       Check Module Options
2015-11-15 14:59:33,128 INFO       Finish load module: exploit/sql_injection/blind_sql_injection.
2015-11-15 15:04:05,264 DEBUG      Set Logging mode is True.
2015-11-15 15:04:05,264 INFO       Try to load: blind_sql_injection.
2015-11-15 15:04:05,265 DEBUG      Loading module: exploit/sql_injection/blind_sql_injection.
2015-11-15 15:04:05,266 DEBUG      Set URL to http://google.com.vn.
2015-11-15 15:04:05,266 INFO       Check Module Options
2015-11-15 15:04:05,267 INFO       Finish load module: exploit/sql_injection/blind_sql_injection.
2015-11-15 15:04:10,317 DEBUG      Set Logging mode is True.
2015-11-15 15:04:10,317 INFO       Try to load: blind_sql_injection.
2015-11-15 15:04:10,317 DEBUG      Loading module: exploit/sql_injection/blind_sql_injection.
2015-11-15 15:04:10,317 DEBUG      Set URL to http://google.com.vn.
2015-11-15 15:04:10,317 WARNING    Started Module: Blind SQL injection Module.
2015-11-15 15:04:10,318 INFO       Finish load module: exploit/sql_injection/blind_sql_injection.
2015-11-15 15:04:20,230 DEBUG      Set Logging mode is True.
2015-11-15 15:04:20,230 INFO       Try to load: blind_sql_injection.
2015-11-15 15:04:20,231 DEBUG      Loading module: exploit/sql_injection/blind_sql_injection.
2015-11-15 15:04:20,232 DEBUG      Set URL to http://google.com.vn.
2015-11-15 15:04:20,232 WARNING    Started Module: Blind SQL injection Module.
2015-11-15 15:04:20,232 INFO       Finish load module: exploit/sql_injection/blind_sql_injection.
2015-11-15 15:07:41,665 DEBUG      Set Logging mode is True.
2015-11-15 15:07:41,666 INFO       Try to load: blind_sql_injection.
2015-11-15 15:07:41,667 DEBUG      Loading module: exploit/sql_injection/blind_sql_injection.
2015-11-15 15:07:41,667 DEBUG      Set URL to http://google.com.vn.
2015-11-15 15:07:41,667 WARNING    Started Module: Blind SQL injection Module.
2015-11-15 15:07:41,668 INFO       Finish load module: exploit/sql_injection/blind_sql_injection.
2015-11-15 15:07:57,490 DEBUG      Set Logging mode is True.
2015-11-15 15:07:57,490 INFO       Try to load: blind_sql_injection.
2015-11-15 15:07:57,492 DEBUG      Loading module: exploit/sql_injection/blind_sql_injection.
2015-11-15 15:07:57,492 DEBUG      Set URL to http://google.com.vn.
2015-11-15 15:07:57,492 WARNING    Started Module: Blind SQL injection Module.
2015-11-15 15:07:57,492 INFO       Finish load module: exploit/sql_injection/blind_sql_injection.
2015-11-15 15:08:18,047 DEBUG      Set Logging mode is True.
2015-11-15 15:08:18,048 INFO       Try to load: blind_sql_injection.
2015-11-15 15:08:18,049 DEBUG      Loading module: exploit/sql_injection/blind_sql_injection.
2015-11-15 15:08:18,049 DEBUG      Set URL to http://google.com.vn.
2015-11-15 15:08:18,049 WARNING    Started Module: Blind SQL injection Module.
2015-11-15 15:08:18,050 INFO       Finish load module: exploit/sql_injection/blind_sql_injection.
2015-11-15 15:08:51,480 DEBUG      Set Logging mode is True.
2015-11-15 15:08:51,480 INFO       Try to load: blind_sql_injection.
2015-11-15 15:08:51,482 DEBUG      Loading module: exploit/sql_injection/blind_sql_injection.
2015-11-15 15:08:51,482 DEBUG      Set URL to http://google.com.vn.
2015-11-15 15:08:51,482 WARNING    Started Module: Blind SQL injection Module.
2015-11-15 15:08:51,482 INFO       Finish load module: exploit/sql_injection/blind_sql_injection.
2015-11-15 15:09:22,731 DEBUG      Set Logging mode is True.
2015-11-15 15:09:22,731 INFO       Try to load: blind_sql_injection.
2015-11-15 15:09:22,733 DEBUG      Loading module: exploit/sql_injection/blind_sql_injection.
2015-11-15 15:09:22,733 DEBUG      Set URL to http://google.com.vn.
2015-11-15 15:09:22,733 WARNING    Started Module: Blind SQL injection Module.
2015-11-15 15:09:22,734 INFO       Finish load module: exploit/sql_injection/blind_sql_injection.
2015-11-15 15:09:55,023 DEBUG      Set Logging mode is True.
2015-11-15 15:09:55,024 INFO       Try to load: blind_sql_injection.
2015-11-15 15:09:55,025 DEBUG      Loading module: exploit/sql_injection/blind_sql_injection.
2015-11-15 15:09:55,025 DEBUG      Set URL to http://google.com.vn.
2015-11-15 15:09:55,025 WARNING    Started Module: Blind SQL injection Module.
2015-11-15 15:09:55,026 INFO       Finish load module: exploit/sql_injection/blind_sql_injection.
2015-11-15 15:11:23,944 DEBUG      Set Logging mode is True.
2015-11-15 15:11:23,946 INFO       Try to load: blind_sql_injection.
2015-11-15 15:11:23,947 DEBUG      Loading module: exploit/sql_injection/blind_sql_injection.
2015-11-15 15:11:23,948 DEBUG      Set URL to http://google.com.vn.
2015-11-15 15:11:23,948 WARNING    Started Module: Blind SQL injection Module.
2015-11-15 15:11:23,948 INFO       Finish load module: exploit/sql_injection/blind_sql_injection.
2015-11-15 15:13:56,953 DEBUG      Set Logging mode is True.
2015-11-15 15:13:56,954 INFO       Try to load: blind_sql_injection.
2015-11-15 15:13:56,955 DEBUG      Loading module: exploit/sql_injection/blind_sql_injection.
2015-11-15 15:13:56,955 DEBUG      Set URL to http://google.com.vn.
2015-11-15 15:13:56,955 WARNING    Started Module: Blind SQL injection Module.
2015-11-15 15:13:56,956 INFO       Finish load module: exploit/sql_injection/blind_sql_injection.
2015-11-15 15:14:55,806 DEBUG      Set Logging mode is True.
2015-11-15 15:14:55,807 INFO       Try to load: blind_sql_injection.
2015-11-15 15:14:55,808 DEBUG      Loading module: exploit/sql_injection/blind_sql_injection.
2015-11-15 15:14:55,808 DEBUG      Set URL to http://google.com.vn.
2015-11-15 15:14:55,808 WARNING    Started Module: Blind SQL injection Module.
2015-11-15 15:14:55,809 INFO       Finish load module: exploit/sql_injection/blind_sql_injection.
2015-11-15 15:15:52,026 DEBUG      Set Logging mode is True.
2015-11-15 15:15:52,026 INFO       Try to load: blind_sql_injection.
2015-11-15 15:15:52,028 DEBUG      Loading module: exploit/sql_injection/blind_sql_injection.
2015-11-15 15:15:52,028 DEBUG      Set URL to http://google.com.vn.
2015-11-15 15:15:52,028 WARNING    Started Module: Blind SQL injection Module.
2015-11-15 15:15:52,028 INFO       Finish load module: exploit/sql_injection/blind_sql_injection.
2015-11-15 15:17:38,754 DEBUG      Set Logging mode is True.
2015-11-15 15:17:38,754 INFO       Try to load: blind_sql_injection.
2015-11-15 15:17:38,756 DEBUG      Loading module: exploit/sql_injection/blind_sql_injection.
2015-11-15 15:17:38,756 DEBUG      Set URL to http://google.com.vn.
2015-11-15 15:17:38,756 WARNING    Started Module: Blind SQL injection Module.
2015-11-15 15:17:38,756 DEBUG      Found [] inject point in []
2015-11-15 15:17:38,756 DEBUG      Found [] inject point in []
2015-11-15 15:17:38,757 DEBUG      Found [] inject point in []
2015-11-15 15:17:38,757 DEBUG      Found [] inject point in []
2015-11-15 15:17:38,757 INFO       Finish load module: exploit/sql_injection/blind_sql_injection.
2015-11-15 15:18:19,599 DEBUG      Set Logging mode is True.
2015-11-15 15:18:19,599 INFO       Try to load: blind_sql_injection.
2015-11-15 15:18:19,601 DEBUG      Loading module: exploit/sql_injection/blind_sql_injection.
2015-11-15 15:18:19,601 DEBUG      Set URL to http://google.com.vn.
2015-11-15 15:18:19,601 WARNING    Started Module: Blind SQL injection Module.
2015-11-15 15:18:19,602 INFO       Finish load module: exploit/sql_injection/blind_sql_injection.
2015-11-15 15:18:24,200 DEBUG      Set Logging mode is True.
2015-11-15 15:18:24,200 INFO       Try to load: blind_sql_injection.
2015-11-15 15:18:24,201 DEBUG      Loading module: exploit/sql_injection/blind_sql_injection.
2015-11-15 15:18:24,201 DEBUG      Set URL to http://google.com.vn*.
2015-11-15 15:18:24,201 WARNING    Started Module: Blind SQL injection Module.
2015-11-15 15:18:24,201 INFO       Finish load module: exploit/sql_injection/blind_sql_injection.
2015-11-15 15:18:35,806 DEBUG      Set Logging mode is True.
2015-11-15 15:18:35,807 INFO       Try to load: blind_sql_injection.
2015-11-15 15:18:35,807 DEBUG      Loading module: exploit/sql_injection/blind_sql_injection.
2015-11-15 15:18:35,807 DEBUG      Set URL to http://google.com.vn*.
2015-11-15 15:18:35,807 WARNING    Started Module: Blind SQL injection Module.
2015-11-15 15:18:35,807 INFO       Finish load module: exploit/sql_injection/blind_sql_injection.
2015-11-15 15:18:54,330 DEBUG      Set Logging mode is True.
2015-11-15 15:18:54,330 INFO       Try to load: blind_sql_injection.
2015-11-15 15:18:54,332 DEBUG      Loading module: exploit/sql_injection/blind_sql_injection.
2015-11-15 15:18:54,332 DEBUG      Set URL to http://google.com.vn*.
2015-11-15 15:18:54,332 WARNING    Started Module: Blind SQL injection Module.
2015-11-15 15:18:54,332 INFO       Finish load module: exploit/sql_injection/blind_sql_injection.
2015-11-15 15:19:06,794 DEBUG      Set Logging mode is True.
2015-11-15 15:19:06,794 INFO       Try to load: blind_sql_injection.
2015-11-15 15:19:06,796 DEBUG      Loading module: exploit/sql_injection/blind_sql_injection.
2015-11-15 15:19:06,796 DEBUG      Set URL to http://google.com.vn*.
2015-11-15 15:19:06,796 WARNING    Started Module: Blind SQL injection Module.
2015-11-15 15:19:06,797 INFO       Finish load module: exploit/sql_injection/blind_sql_injection.
2015-11-15 15:20:13,885 DEBUG      Set Logging mode is True.
2015-11-15 15:20:13,885 INFO       Try to load: blind_sql_injection.
2015-11-15 15:20:13,887 DEBUG      Loading module: exploit/sql_injection/blind_sql_injection.
2015-11-15 15:20:13,887 DEBUG      Set URL to http://google.com.vn*.
2015-11-15 15:20:13,887 WARNING    Started Module: Blind SQL injection Module.
2015-11-15 15:20:13,888 DEBUG      Found 2 inject point in 2
2015-11-15 15:20:13,888 DEBUG      Found 1 inject point in 1
2015-11-15 15:20:13,888 DEBUG      Found 1 inject point in 1
2015-11-15 15:20:13,888 DEBUG      Found 4 inject point in 4
2015-11-15 15:20:13,888 INFO       Finish load module: exploit/sql_injection/blind_sql_injection.
2015-11-15 15:20:27,026 DEBUG      Set Logging mode is True.
2015-11-15 15:20:27,026 INFO       Try to load: blind_sql_injection.
2015-11-15 15:20:27,028 DEBUG      Loading module: exploit/sql_injection/blind_sql_injection.
2015-11-15 15:20:27,028 DEBUG      Set URL to http://google.com.vn*.
2015-11-15 15:20:27,028 WARNING    Started Module: Blind SQL injection Module.
2015-11-15 15:20:27,028 DEBUG      Found 1 inject point in 1
2015-11-15 15:20:27,029 DEBUG      Found 1 inject point in 1
2015-11-15 15:20:27,029 INFO       Finish load module: exploit/sql_injection/blind_sql_injection.
2015-11-15 15:20:45,728 DEBUG      Set Logging mode is True.
2015-11-15 15:20:45,728 INFO       Try to load: blind_sql_injection.
2015-11-15 15:20:45,730 DEBUG      Loading module: exploit/sql_injection/blind_sql_injection.
2015-11-15 15:20:45,730 DEBUG      Set URL to http://google.com.vn*.
2015-11-15 15:20:45,730 WARNING    Started Module: Blind SQL injection Module.
2015-11-15 15:20:45,730 DEBUG      Found 1 inject point in 1
2015-11-15 15:20:45,730 INFO       Finish load module: exploit/sql_injection/blind_sql_injection.
2015-11-15 15:20:55,136 DEBUG      Set Logging mode is True.
2015-11-15 15:20:55,136 INFO       Try to load: blind_sql_injection.
2015-11-15 15:20:55,138 DEBUG      Loading module: exploit/sql_injection/blind_sql_injection.
2015-11-15 15:20:55,138 DEBUG      Set URL to http://google.com.vn*.
2015-11-15 15:20:55,138 WARNING    Started Module: Blind SQL injection Module.
2015-11-15 15:20:55,138 DEBUG      Found 1 inject point in URL
2015-11-15 15:20:55,139 INFO       Finish load module: exploit/sql_injection/blind_sql_injection.
2015-11-15 15:23:04,993 DEBUG      Set Logging mode is True.
2015-11-15 15:23:04,993 INFO       Try to load: blind_sql_injection.
2015-11-15 15:23:04,995 DEBUG      Loading module: exploit/sql_injection/blind_sql_injection.
2015-11-15 15:23:04,995 DEBUG      Set URL to http://google.com.vn*.
2015-11-15 15:23:04,995 WARNING    Started Module: Blind SQL injection Module.
2015-11-15 15:23:04,995 DEBUG      Found 1 inject point in URL
2015-11-15 15:23:04,995 INFO       Finish load module: exploit/sql_injection/blind_sql_injection.
2015-11-15 15:25:48,347 DEBUG      Set Logging mode is True.
2015-11-15 15:25:48,347 INFO       Try to load: blind_sql_injection.
2015-11-15 15:25:48,348 DEBUG      invalid syntax (blind_sql_injection.py, line 142)
2015-11-15 15:25:48,348 ERROR      Error while load module exploit/sql_injection/blind_sql_injection.
2015-11-15 15:25:48,348 INFO       Finish load module: exploit/sql_injection/blind_sql_injection.
2015-11-15 15:26:21,750 DEBUG      Set Logging mode is True.
2015-11-15 15:26:21,750 INFO       Try to load: blind_sql_injection.
2015-11-15 15:26:21,751 DEBUG      invalid syntax (blind_sql_injection.py, line 142)
2015-11-15 15:26:21,751 ERROR      Error while load module exploit/sql_injection/blind_sql_injection.
2015-11-15 15:26:21,751 INFO       Finish load module: exploit/sql_injection/blind_sql_injection.
2015-11-15 15:26:45,102 DEBUG      Set Logging mode is True.
2015-11-15 15:26:45,102 INFO       Try to load: blind_sql_injection.
2015-11-15 15:26:45,103 DEBUG      invalid syntax (blind_sql_injection.py, line 142)
2015-11-15 15:26:45,103 ERROR      Error while load module exploit/sql_injection/blind_sql_injection.
2015-11-15 15:26:45,103 INFO       Finish load module: exploit/sql_injection/blind_sql_injection.
2015-11-15 15:26:58,994 DEBUG      Set Logging mode is True.
2015-11-15 15:26:58,995 INFO       Try to load: blind_sql_injection.
2015-11-15 15:26:58,996 DEBUG      invalid syntax (blind_sql_injection.py, line 142)
2015-11-15 15:26:58,996 ERROR      Error while load module exploit/sql_injection/blind_sql_injection.
2015-11-15 15:26:58,996 INFO       Finish load module: exploit/sql_injection/blind_sql_injection.
2015-11-15 15:27:00,722 DEBUG      Set Logging mode is True.
2015-11-15 15:27:00,723 INFO       Try to load: blind_sql_injection.
2015-11-15 15:27:00,724 DEBUG      invalid syntax (blind_sql_injection.py, line 142)
2015-11-15 15:27:00,724 ERROR      Error while load module exploit/sql_injection/blind_sql_injection.
2015-11-15 15:27:00,724 INFO       Finish load module: exploit/sql_injection/blind_sql_injection.
2015-11-15 15:27:10,122 DEBUG      Set Logging mode is True.
2015-11-15 15:27:10,122 INFO       Try to load: blind_sql_injection.
2015-11-15 15:27:10,123 DEBUG      invalid syntax (blind_sql_injection.py, line 142)
2015-11-15 15:27:10,123 ERROR      Error while load module exploit/sql_injection/blind_sql_injection.
2015-11-15 15:27:10,123 INFO       Finish load module: exploit/sql_injection/blind_sql_injection.
2015-11-15 15:27:13,902 DEBUG      Set Logging mode is True.
2015-11-15 15:27:13,903 INFO       Try to load: blind_sql_injection.
2015-11-15 15:27:13,904 DEBUG      Loading module: exploit/sql_injection/blind_sql_injection.
2015-11-15 15:27:13,904 DEBUG      Set URL to http://google.com.vn*.
2015-11-15 15:27:13,905 WARNING    Started Module: Blind SQL injection Module.
2015-11-15 15:27:13,905 DEBUG      Found 1 inject point in URL
2015-11-15 15:27:13,905 INFO       Finish load module: exploit/sql_injection/blind_sql_injection.
2015-11-15 15:27:34,512 DEBUG      Set Logging mode is True.
2015-11-15 15:27:34,512 INFO       Try to load: blind_sql_injection.
2015-11-15 15:27:34,514 DEBUG      Loading module: exploit/sql_injection/blind_sql_injection.
2015-11-15 15:27:34,514 DEBUG      Set URL to http://google.com.vn*.
2015-11-15 15:27:34,514 WARNING    Started Module: Blind SQL injection Module.
2015-11-15 15:27:34,514 DEBUG      Found 1 inject point in URL
2015-11-15 15:27:34,515 INFO       Finish load module: exploit/sql_injection/blind_sql_injection.
2015-11-15 15:30:11,517 DEBUG      Set Logging mode is True.
2015-11-15 15:30:11,517 INFO       Try to load: blind_sql_injection.
2015-11-15 15:30:11,519 DEBUG      Loading module: exploit/sql_injection/blind_sql_injection.
2015-11-15 15:30:11,519 DEBUG      Set URL to http://google.com.vn*.
2015-11-15 15:30:11,520 WARNING    Started Module: Blind SQL injection Module.
2015-11-15 15:30:11,520 DEBUG      Found 1 inject point in URL
2015-11-15 15:30:11,520 DEBUG      Set inject point to: URL
2015-11-15 15:30:11,520 INFO       Finish load module: exploit/sql_injection/blind_sql_injection.
2015-11-15 15:31:13,442 DEBUG      Set Logging mode is True.
2015-11-15 15:31:13,443 INFO       Try to load: blind_sql_injection.
2015-11-15 15:31:13,444 DEBUG      Loading module: exploit/sql_injection/blind_sql_injection.
2015-11-15 15:31:13,444 DEBUG      Set URL to http://google.com.vn*.
2015-11-15 15:31:13,445 WARNING    Started Module: Blind SQL injection Module.
2015-11-15 15:31:13,445 INFO       Finish load module: exploit/sql_injection/blind_sql_injection.
2015-11-15 15:31:46,442 DEBUG      Set Logging mode is True.
2015-11-15 15:31:46,442 INFO       Try to load: blind_sql_injection.
2015-11-15 15:31:46,444 DEBUG      Loading module: exploit/sql_injection/blind_sql_injection.
2015-11-15 15:31:46,444 DEBUG      Set URL to http://google.com.vn*.
2015-11-15 15:31:46,444 WARNING    Started Module: Blind SQL injection Module.
2015-11-15 15:31:46,445 INFO       Finish load module: exploit/sql_injection/blind_sql_injection.
2015-11-15 15:31:51,017 DEBUG      Set Logging mode is True.
2015-11-15 15:31:51,018 INFO       Try to load: blind_sql_injection.
2015-11-15 15:31:51,018 DEBUG      Loading module: exploit/sql_injection/blind_sql_injection.
2015-11-15 15:31:51,018 DEBUG      Set URL to http://google.com.vn*.
2015-11-15 15:31:51,018 WARNING    Started Module: Blind SQL injection Module.
2015-11-15 15:31:51,018 INFO       Finish load module: exploit/sql_injection/blind_sql_injection.
2015-11-15 15:32:00,567 DEBUG      Set Logging mode is True.
2015-11-15 15:32:00,567 INFO       Try to load: blind_sql_injection.
2015-11-15 15:32:00,569 DEBUG      Loading module: exploit/sql_injection/blind_sql_injection.
2015-11-15 15:32:00,569 DEBUG      Set URL to http://google.com.vn*.
2015-11-15 15:32:00,569 DEBUG      Found 1 inject point in URL
2015-11-15 15:32:00,570 DEBUG      Set inject point to: URL
2015-11-15 15:32:00,570 WARNING    Started Module: Blind SQL injection Module.
2015-11-15 15:32:00,570 INFO       Finish load module: exploit/sql_injection/blind_sql_injection.
2015-11-15 15:32:25,577 DEBUG      Set Logging mode is True.
2015-11-15 15:32:25,577 INFO       Try to load: blind_sql_injection.
2015-11-15 15:32:25,579 DEBUG      Loading module: exploit/sql_injection/blind_sql_injection.
2015-11-15 15:32:25,579 DEBUG      Set URL to http://google.com.vn*.
2015-11-15 15:32:25,579 DEBUG      Found 1 inject point in URL
2015-11-15 15:32:25,580 DEBUG      Set inject point to: URL
2015-11-15 15:32:25,580 WARNING    Started Module: Blind SQL injection Module.
2015-11-15 15:32:25,580 INFO       Finish load module: exploit/sql_injection/blind_sql_injection.
2015-11-15 15:32:44,260 DEBUG      Set Logging mode is True.
2015-11-15 15:32:44,260 INFO       Try to load: blind_sql_injection.
2015-11-15 15:32:44,262 DEBUG      Loading module: exploit/sql_injection/blind_sql_injection.
2015-11-15 15:32:44,262 DEBUG      Set URL to http://google.com.vn*.
2015-11-15 15:32:44,262 DEBUG      Found 1 inject point in URL
2015-11-15 15:32:44,262 DEBUG      Set inject point to: URL
2015-11-15 15:32:44,262 WARNING    Started Module: Blind SQL injection Module.
2015-11-15 15:32:44,263 INFO       Finish load module: exploit/sql_injection/blind_sql_injection.
2015-11-15 15:33:17,135 DEBUG      Set Logging mode is True.
2015-11-15 15:33:17,135 INFO       Try to load: blind_sql_injection.
2015-11-15 15:33:17,137 DEBUG      Loading module: exploit/sql_injection/blind_sql_injection.
2015-11-15 15:33:17,137 DEBUG      Set URL to http://google.com.vn*.
2015-11-15 15:33:17,137 DEBUG      Found 1 inject point in URL
2015-11-15 15:33:17,137 DEBUG      Set inject point to: URL
2015-11-15 15:33:17,137 WARNING    Started Module: Blind SQL injection Module.
2015-11-15 15:33:17,138 INFO       Finish load module: exploit/sql_injection/blind_sql_injection.
2015-11-15 15:36:37,988 DEBUG      Set Logging mode is True.
2015-11-15 15:36:37,988 INFO       Try to load: blind_sql_injection.
2015-11-15 15:36:37,990 DEBUG      Loading module: exploit/sql_injection/blind_sql_injection.
2015-11-15 15:36:37,990 DEBUG      Set URL to http://google.com.vn*.
2015-11-15 15:36:37,990 DEBUG      Found 1 inject point in URL
2015-11-15 15:36:37,990 DEBUG      Set inject point to: URL
2015-11-15 15:36:37,990 WARNING    Started Module: Blind SQL injection Module.
2015-11-15 15:36:37,990 INFO       Finish load module: exploit/sql_injection/blind_sql_injection.
2015-11-15 15:37:40,554 DEBUG      Set Logging mode is True.
2015-11-15 15:37:40,555 INFO       Try to load: blind_sql_injection.
2015-11-15 15:37:40,556 DEBUG      Loading module: exploit/sql_injection/blind_sql_injection.
2015-11-15 15:37:40,556 DEBUG      Set URL to http://google.com.vn*.
2015-11-15 15:37:40,557 DEBUG      Found 1 inject point in URL
2015-11-15 15:37:40,557 DEBUG      Set inject point to: URL
2015-11-15 15:37:40,557 WARNING    Started Module: Blind SQL injection Module.
2015-11-15 15:37:40,557 INFO       Finish load module: exploit/sql_injection/blind_sql_injection.
2015-11-15 15:38:42,750 DEBUG      Set Logging mode is True.
2015-11-15 15:38:42,750 INFO       Try to load: blind_sql_injection.
2015-11-15 15:38:42,750 DEBUG      Loading module: exploit/sql_injection/blind_sql_injection.
2015-11-15 15:38:42,751 DEBUG      Set URL to http://google.com.vn.
2015-11-15 15:38:42,751 INFO       Finish load module: exploit/sql_injection/blind_sql_injection.
2015-11-15 15:51:20,356 DEBUG      Set Logging mode is True.
2015-11-15 15:51:20,356 INFO       Try to load: blind_sql_injection.
2015-11-15 15:51:20,358 DEBUG      Loading module: exploit/sql_injection/blind_sql_injection.
2015-11-15 15:51:20,358 DEBUG      Set URL to http://google.com.vn.
2015-11-15 15:51:20,358 DEBUG      URL include http/https, don`t need add prefix.
2015-11-15 15:51:20,359 INFO       Finish load module: exploit/sql_injection/blind_sql_injection.
2015-11-15 15:51:27,000 DEBUG      Set Logging mode is True.
2015-11-15 15:51:27,000 INFO       Try to load: blind_sql_injection.
2015-11-15 15:51:27,001 DEBUG      Loading module: exploit/sql_injection/blind_sql_injection.
2015-11-15 15:51:27,001 DEBUG      Set URL to google.com.vn.
2015-11-15 15:51:27,001 INFO       Finish load module: exploit/sql_injection/blind_sql_injection.
2015-11-15 15:52:17,626 DEBUG      Set Logging mode is True.
2015-11-15 15:52:17,626 INFO       Try to load: blind_sql_injection.
2015-11-15 15:52:17,628 DEBUG      Loading module: exploit/sql_injection/blind_sql_injection.
2015-11-15 15:52:17,628 DEBUG      Set URL to google.com.vn.
2015-11-15 15:52:17,628 DEBUG      Add prefix http.
2015-11-15 15:52:17,629 INFO       Finish load module: exploit/sql_injection/blind_sql_injection.
2015-11-15 15:52:53,892 DEBUG      Set Logging mode is True.
2015-11-15 15:52:53,892 INFO       Try to load: blind_sql_injection.
2015-11-15 15:52:53,894 DEBUG      Loading module: exploit/sql_injection/blind_sql_injection.
2015-11-15 15:52:53,894 DEBUG      Set URL to google.com.vn.
2015-11-15 15:52:53,895 DEBUG      Add prefix http to: http://google.com.vn.
2015-11-15 15:52:53,895 INFO       Finish load module: exploit/sql_injection/blind_sql_injection.
2015-11-15 15:53:09,532 DEBUG      Set Logging mode is True.
2015-11-15 15:53:09,533 INFO       Try to load: blind_sql_injection.
2015-11-15 15:53:09,533 DEBUG      Loading module: exploit/sql_injection/blind_sql_injection.
2015-11-15 15:53:09,533 DEBUG      Set URL to https://google.com.vn.
2015-11-15 15:53:09,533 DEBUG      URL include http/https, don`t need add prefix.
2015-11-15 15:53:09,534 INFO       Finish load module: exploit/sql_injection/blind_sql_injection.
2015-11-15 15:54:04,620 INFO       List Modules
2015-11-15 16:08:14,772 INFO       List Modules
2015-11-15 16:10:29,049 INFO       List Modules
2015-11-15 16:11:30,402 INFO       List Modules
2015-11-15 16:12:19,447 INFO       List Modules
2015-11-15 16:12:28,272 INFO       List Modules
2015-11-15 16:13:14,420 INFO       List Modules
2015-11-15 16:13:15,759 INFO       List Modules
