2015-11-17 13:20:51,191 INFO       List Modules
2015-11-17 13:21:03,580 INFO       Try to load: blind_sql_injection_binary_search.
2015-11-17 13:21:03,581 ERROR      Error while load module exploit/sql_injection/blind_sql_injection_binary_search.
2015-11-17 13:21:03,581 INFO       Finish load module: exploit/sql_injection/blind_sql_injection_binary_search.
2015-11-17 13:21:08,361 DEBUG      Set Logging mode is True.
2015-11-17 13:21:08,361 INFO       Try to load: blind_sql_injection_binary_search.
2015-11-17 13:21:08,361 DEBUG      global name 'string' is not defined
2015-11-17 13:21:08,362 ERROR      Error while load module exploit/sql_injection/blind_sql_injection_binary_search.
2015-11-17 13:21:08,362 INFO       Finish load module: exploit/sql_injection/blind_sql_injection_binary_search.
2015-11-17 13:21:24,703 DEBUG      Set Logging mode is True.
2015-11-17 13:21:24,703 INFO       Try to load: blind_sql_injection_binary_search.
2015-11-17 13:21:24,703 DEBUG      global name 'string' is not defined
2015-11-17 13:21:24,703 ERROR      Error while load module exploit/sql_injection/blind_sql_injection_binary_search.
2015-11-17 13:21:24,704 INFO       Finish load module: exploit/sql_injection/blind_sql_injection_binary_search.
2015-11-17 13:21:44,633 INFO       Try to load: blind_sql_injection.
2015-11-17 13:21:44,636 ERROR      Error while load module exploit/sql_injection/blind_sql_injection.
2015-11-17 13:21:44,636 INFO       Finish load module: exploit/sql_injection/blind_sql_injection.
2015-11-17 13:21:47,988 DEBUG      Set Logging mode is True.
2015-11-17 13:21:47,988 INFO       Try to load: blind_sql_injection.
2015-11-17 13:21:47,989 DEBUG      No module named strings
2015-11-17 13:21:47,989 ERROR      Error while load module exploit/sql_injection/blind_sql_injection.
2015-11-17 13:21:47,989 INFO       Finish load module: exploit/sql_injection/blind_sql_injection.
2015-11-17 13:21:54,494 DEBUG      Set Logging mode is True.
2015-11-17 13:21:54,494 INFO       Try to load: blind_sql_injection.
2015-11-17 13:21:54,497 DEBUG      Loading module: exploit/sql_injection/blind_sql_injection.
2015-11-17 13:21:54,497 ERROR      Option URL need configure.
2015-11-17 13:21:54,497 INFO       Finish load module: exploit/sql_injection/blind_sql_injection.
2015-11-17 13:22:08,511 DEBUG      Set Logging mode is True.
2015-11-17 13:22:08,511 INFO       Try to load: blind_sql_injection.
2015-11-17 13:22:08,514 DEBUG      Loading module: exploit/sql_injection/blind_sql_injection.
2015-11-17 13:22:08,514 ERROR      Option URL need configure.
2015-11-17 13:22:08,515 INFO       Finish load module: exploit/sql_injection/blind_sql_injection.
2015-11-17 13:22:10,031 DEBUG      Set Logging mode is True.
2015-11-17 13:22:10,031 INFO       Try to load: blind_sql_injection.
2015-11-17 13:22:10,032 DEBUG      Loading module: exploit/sql_injection/blind_sql_injection.
2015-11-17 13:22:10,032 ERROR      Option URL need configure.
2015-11-17 13:22:10,032 INFO       Finish load module: exploit/sql_injection/blind_sql_injection.
2015-11-17 13:22:18,339 DEBUG      Set Logging mode is True.
2015-11-17 13:22:18,340 INFO       Try to load: blind_sql_injection.
2015-11-17 13:22:18,340 DEBUG      Loading module: exploit/sql_injection/blind_sql_injection.
2015-11-17 13:22:18,340 INFO       Show Module Options
2015-11-17 13:22:18,341 INFO       Finish load module: exploit/sql_injection/blind_sql_injection.
2015-11-17 13:23:14,480 DEBUG      Set Logging mode is True.
2015-11-17 13:23:14,480 INFO       Try to load: blind_sql_injection.
2015-11-17 13:23:14,483 DEBUG      Loading module: exploit/sql_injection/blind_sql_injection.
2015-11-17 13:23:14,483 INFO       Show Module Options
2015-11-17 13:23:14,484 INFO       Finish load module: exploit/sql_injection/blind_sql_injection.
2015-11-17 13:26:38,696 DEBUG      Set Logging mode is True.
2015-11-17 13:26:38,696 INFO       Try to load: blind_sql_injection.
2015-11-17 13:26:38,697 DEBUG      name 'coreHTTPModule' is not defined
2015-11-17 13:26:38,697 ERROR      Error while load module exploit/sql_injection/blind_sql_injection.
2015-11-17 13:26:38,697 INFO       Finish load module: exploit/sql_injection/blind_sql_injection.
2015-11-17 13:29:47,862 DEBUG      Set Logging mode is True.
2015-11-17 13:29:47,862 INFO       Try to load: blind_sql_injection.
2015-11-17 13:29:47,865 DEBUG      Error when calling the metaclass bases
    module.__init__() takes at most 2 arguments (3 given)
2015-11-17 13:29:47,865 ERROR      Error while load module exploit/sql_injection/blind_sql_injection.
2015-11-17 13:29:47,866 INFO       Finish load module: exploit/sql_injection/blind_sql_injection.
2015-11-17 13:30:55,286 DEBUG      Set Logging mode is True.
2015-11-17 13:30:55,286 INFO       Try to load: blind_sql_injection.
2015-11-17 13:30:55,287 DEBUG      Error when calling the metaclass bases
    module.__init__() takes at most 2 arguments (3 given)
2015-11-17 13:30:55,287 ERROR      Error while load module exploit/sql_injection/blind_sql_injection.
2015-11-17 13:30:55,287 INFO       Finish load module: exploit/sql_injection/blind_sql_injection.
2015-11-17 13:30:59,448 DEBUG      Set Logging mode is True.
2015-11-17 13:30:59,450 INFO       Try to load: blind_sql_injection.
2015-11-17 13:30:59,450 DEBUG      Error when calling the metaclass bases
    module.__init__() takes at most 2 arguments (3 given)
2015-11-17 13:30:59,451 ERROR      Error while load module exploit/sql_injection/blind_sql_injection.
2015-11-17 13:30:59,451 INFO       Finish load module: exploit/sql_injection/blind_sql_injection.
2015-11-17 13:31:04,227 DEBUG      Set Logging mode is True.
2015-11-17 13:31:04,227 INFO       Try to load: blind_sql_injection.
2015-11-17 13:31:04,228 DEBUG      Error when calling the metaclass bases
    module.__init__() takes at most 2 arguments (3 given)
2015-11-17 13:31:04,228 ERROR      Error while load module exploit/sql_injection/blind_sql_injection.
2015-11-17 13:31:04,228 INFO       Finish load module: exploit/sql_injection/blind_sql_injection.
2015-11-17 13:31:22,685 DEBUG      Set Logging mode is True.
2015-11-17 13:31:22,685 INFO       Try to load: blind_sql_injection.
2015-11-17 13:31:22,686 DEBUG      [Errno 21] Is a directory: '/home/namhb/Mine/Scripts/WETK/libs'
2015-11-17 13:31:22,687 ERROR      Error while load module exploit/sql_injection/blind_sql_injection.
2015-11-17 13:31:22,687 INFO       Finish load module: exploit/sql_injection/blind_sql_injection.
2015-11-17 13:31:35,907 DEBUG      Set Logging mode is True.
2015-11-17 13:31:35,907 INFO       Try to load: blind_sql_injection.
2015-11-17 13:31:35,910 DEBUG      Loading module: exploit/sql_injection/blind_sql_injection.
2015-11-17 13:31:35,910 INFO       Show Module Options
2015-11-17 13:31:35,911 INFO       Finish load module: exploit/sql_injection/blind_sql_injection.
2015-11-17 13:31:56,366 DEBUG      Set Logging mode is True.
2015-11-17 13:31:56,366 INFO       Try to load: blind_sql_injection.
2015-11-17 13:31:56,369 DEBUG      Loading module: exploit/sql_injection/blind_sql_injection.
2015-11-17 13:31:56,370 INFO       Show Module Options
2015-11-17 13:31:56,370 INFO       Finish load module: exploit/sql_injection/blind_sql_injection.
2015-11-17 13:41:17,595 DEBUG      Set Logging mode is True.
2015-11-17 13:41:17,596 DEBUG      Bootstrap load all core libs
2015-11-17 13:41:17,603 INFO       Try to load: blind_sql_injection.
2015-11-17 13:41:17,606 DEBUG      Loading module: exploit/sql_injection/blind_sql_injection.
2015-11-17 13:41:17,606 INFO       Show Module Options
2015-11-17 13:41:17,607 INFO       Finish load module: exploit/sql_injection/blind_sql_injection.
2015-11-17 13:41:40,981 DEBUG      Set Logging mode is True.
2015-11-17 13:41:40,981 DEBUG      Bootstrap load all core libs
2015-11-17 13:41:40,984 DEBUG      Load lib file blind_sql_injection.py error.
2015-11-17 13:41:40,987 INFO       Try to load: blind_sql_injection.
2015-11-17 13:41:40,987 DEBUG      name 'coreHTTPModule' is not defined
2015-11-17 13:41:40,987 ERROR      Error while load module exploit/sql_injection/blind_sql_injection.
2015-11-17 13:41:40,988 INFO       Finish load module: exploit/sql_injection/blind_sql_injection.
2015-11-17 13:42:11,937 DEBUG      Set Logging mode is True.
2015-11-17 13:42:11,937 DEBUG      Bootstrap load all core libs
2015-11-17 13:42:11,945 INFO       Try to load: blind_sql_injection.
2015-11-17 13:42:11,948 DEBUG      Loading module: exploit/sql_injection/blind_sql_injection.
2015-11-17 13:42:11,948 INFO       Show Module Options
2015-11-17 13:42:11,949 INFO       Finish load module: exploit/sql_injection/blind_sql_injection.
2015-11-17 13:42:24,235 DEBUG      Set Logging mode is True.
2015-11-17 13:42:24,236 DEBUG      Bootstrap load all core libs
2015-11-17 13:42:24,238 INFO       Try to load: blind_sql_injection.
2015-11-17 13:42:24,241 DEBUG      Loading module: exploit/sql_injection/blind_sql_injection.
2015-11-17 13:42:24,241 INFO       Show Module Options
2015-11-17 13:42:24,242 INFO       Finish load module: exploit/sql_injection/blind_sql_injection.
2015-11-17 13:42:34,038 DEBUG      Set Logging mode is True.
2015-11-17 13:42:34,038 DEBUG      Bootstrap load all core libs
2015-11-17 13:42:34,041 INFO       Try to load: blind_sql_injection.
2015-11-17 13:42:34,042 DEBUG      name 'coreHTTPModule' is not defined
2015-11-17 13:42:34,042 ERROR      Error while load module exploit/sql_injection/blind_sql_injection.
2015-11-17 13:42:34,042 INFO       Finish load module: exploit/sql_injection/blind_sql_injection.
2015-11-17 13:43:08,331 DEBUG      Set Logging mode is True.
2015-11-17 13:43:08,331 DEBUG      Bootstrap load all core libs
2015-11-17 13:43:08,334 INFO       Try to load: blind_sql_injection.
2015-11-17 13:43:08,334 DEBUG      name 'coreHTTPModule' is not defined
2015-11-17 13:43:08,335 ERROR      Error while load module exploit/sql_injection/blind_sql_injection.
2015-11-17 13:43:08,335 INFO       Finish load module: exploit/sql_injection/blind_sql_injection.
2015-11-17 13:43:52,886 DEBUG      Set Logging mode is True.
2015-11-17 13:43:52,886 DEBUG      Bootstrap load all core libs
2015-11-17 13:43:52,889 INFO       Try to load: blind_sql_injection.
2015-11-17 13:43:52,889 DEBUG      name 'coreHTTPModule' is not defined
2015-11-17 13:43:52,889 ERROR      Error while load module exploit/sql_injection/blind_sql_injection.
2015-11-17 13:43:52,889 INFO       Finish load module: exploit/sql_injection/blind_sql_injection.
2015-11-17 13:44:01,229 DEBUG      Set Logging mode is True.
2015-11-17 13:44:01,229 DEBUG      Bootstrap load all core libs
2015-11-17 13:44:01,232 INFO       Try to load: blind_sql_injection.
2015-11-17 13:44:01,232 DEBUG      name 'coreHTTPModule' is not defined
2015-11-17 13:44:01,233 ERROR      Error while load module exploit/sql_injection/blind_sql_injection.
2015-11-17 13:44:01,233 INFO       Finish load module: exploit/sql_injection/blind_sql_injection.
2015-11-17 13:45:28,432 DEBUG      Set Logging mode is True.
2015-11-17 13:45:28,432 DEBUG      Bootstrap load all core libs
2015-11-17 13:45:28,435 INFO       Try to load: blind_sql_injection.
2015-11-17 13:45:28,435 DEBUG      name 'coreHTTPModule' is not defined
2015-11-17 13:45:28,435 ERROR      Error while load module exploit/sql_injection/blind_sql_injection.
2015-11-17 13:45:28,435 INFO       Finish load module: exploit/sql_injection/blind_sql_injection.
2015-11-17 13:45:48,702 DEBUG      Set Logging mode is True.
2015-11-17 13:45:48,702 DEBUG      Bootstrap load all core libs
2015-11-17 13:45:48,705 DEBUG      Load lib file coreHTTPModule.py error.
2015-11-17 13:45:48,705 INFO       Try to load: blind_sql_injection.
2015-11-17 13:45:48,705 DEBUG      name 'coreHTTPModule' is not defined
2015-11-17 13:45:48,705 ERROR      Error while load module exploit/sql_injection/blind_sql_injection.
2015-11-17 13:45:48,705 INFO       Finish load module: exploit/sql_injection/blind_sql_injection.
2015-11-17 13:46:08,258 DEBUG      Set Logging mode is True.
2015-11-17 13:46:08,258 DEBUG      Bootstrap load all core libs
2015-11-17 13:46:08,261 DEBUG      Load lib file coreHTTPModule.py error.
2015-11-17 13:46:08,262 INFO       Try to load: blind_sql_injection.
2015-11-17 13:46:08,262 DEBUG      name 'coreHTTPModule' is not defined
2015-11-17 13:46:08,262 ERROR      Error while load module exploit/sql_injection/blind_sql_injection.
2015-11-17 13:46:08,262 INFO       Finish load module: exploit/sql_injection/blind_sql_injection.
2015-11-17 13:47:54,474 DEBUG      Set Logging mode is True.
2015-11-17 13:47:54,474 DEBUG      Bootstrap load all core libs
2015-11-17 13:47:54,477 DEBUG      Load lib file coreHTTPModule.py error.
2015-11-17 13:47:54,477 INFO       Try to load: blind_sql_injection.
2015-11-17 13:47:54,480 DEBUG      Loading module: exploit/sql_injection/blind_sql_injection.
2015-11-17 13:47:54,480 INFO       Show Module Options
2015-11-17 13:47:54,481 INFO       Finish load module: exploit/sql_injection/blind_sql_injection.
2015-11-17 13:49:01,218 DEBUG      Set Logging mode is True.
2015-11-17 13:49:01,218 DEBUG      Bootstrap load all core libs
2015-11-17 13:49:21,137 DEBUG      Set Logging mode is True.
2015-11-17 13:49:21,137 DEBUG      Bootstrap load all core libs
2015-11-17 13:49:21,140 INFO       Try to load: blind_sql_injection.
2015-11-17 13:49:21,142 DEBUG      Loading module: exploit/sql_injection/blind_sql_injection.
2015-11-17 13:49:21,143 INFO       Show Module Options
2015-11-17 13:49:21,144 INFO       Finish load module: exploit/sql_injection/blind_sql_injection.
2015-11-17 13:49:29,379 DEBUG      Set Logging mode is True.
2015-11-17 13:49:29,380 DEBUG      Bootstrap load all core libs
2015-11-17 13:49:29,382 INFO       Try to load: blind_sql_injection.
2015-11-17 13:49:29,383 DEBUG      name 'coreHTTPModule' is not defined
2015-11-17 13:49:29,383 ERROR      Error while load module exploit/sql_injection/blind_sql_injection.
2015-11-17 13:49:29,383 INFO       Finish load module: exploit/sql_injection/blind_sql_injection.
2015-11-17 13:51:24,303 DEBUG      Set Logging mode is True.
2015-11-17 13:51:24,303 DEBUG      Bootstrap load all core libs
2015-11-17 13:51:24,303 INFO       Try to load: blind_sql_injection.
2015-11-17 13:51:24,306 DEBUG      name 'coreHTTPModule' is not defined
2015-11-17 13:51:24,306 ERROR      Error while load module exploit/sql_injection/blind_sql_injection.
2015-11-17 13:51:24,306 INFO       Finish load module: exploit/sql_injection/blind_sql_injection.
2015-11-17 13:51:56,730 DEBUG      Set Logging mode is True.
2015-11-17 13:51:56,730 DEBUG      Bootstrap load all core libs
2015-11-17 13:51:56,730 INFO       Try to load: blind_sql_injection.
2015-11-17 13:51:56,730 DEBUG      load_source() takes at least 2 arguments (1 given)
2015-11-17 13:51:56,730 ERROR      Error while load module exploit/sql_injection/blind_sql_injection.
2015-11-17 13:51:56,730 INFO       Finish load module: exploit/sql_injection/blind_sql_injection.
2015-11-17 13:52:18,682 DEBUG      Set Logging mode is True.
2015-11-17 13:52:18,683 DEBUG      Bootstrap load all core libs
2015-11-17 13:52:18,683 INFO       Try to load: blind_sql_injection.
2015-11-17 13:52:18,683 DEBUG      name 'coreHTTPModule' is not defined
2015-11-17 13:52:18,683 ERROR      Error while load module exploit/sql_injection/blind_sql_injection.
2015-11-17 13:52:18,683 INFO       Finish load module: exploit/sql_injection/blind_sql_injection.
2015-11-17 13:52:29,404 DEBUG      Set Logging mode is True.
2015-11-17 13:52:29,405 DEBUG      Bootstrap load all core libs
2015-11-17 13:52:29,405 INFO       Try to load: blind_sql_injection.
2015-11-17 13:52:29,405 DEBUG      name 'coreHTTPModule' is not defined
2015-11-17 13:52:29,405 ERROR      Error while load module exploit/sql_injection/blind_sql_injection.
2015-11-17 13:52:29,405 INFO       Finish load module: exploit/sql_injection/blind_sql_injection.
2015-11-17 13:54:01,474 DEBUG      Set Logging mode is True.
2015-11-17 13:54:01,474 DEBUG      Bootstrap load all core libs
2015-11-17 13:54:01,475 INFO       Try to load: blind_sql_injection.
2015-11-17 13:54:01,475 DEBUG      name 'coreHTTPModule' is not defined
2015-11-17 13:54:01,475 ERROR      Error while load module exploit/sql_injection/blind_sql_injection.
2015-11-17 13:54:01,476 INFO       Finish load module: exploit/sql_injection/blind_sql_injection.
2015-11-17 13:55:52,993 DEBUG      Set Logging mode is True.
2015-11-17 13:55:52,993 DEBUG      Bootstrap load all core libs
2015-11-17 13:55:52,993 INFO       Try to load: blind_sql_injection.
2015-11-17 13:55:52,996 DEBUG      Loading module: exploit/sql_injection/blind_sql_injection.
2015-11-17 13:55:52,997 INFO       Show Module Options
2015-11-17 13:55:52,997 INFO       Finish load module: exploit/sql_injection/blind_sql_injection.
2015-11-17 13:57:16,198 DEBUG      Set Logging mode is True.
2015-11-17 13:57:16,198 DEBUG      Bootstrap load all core libs
2015-11-17 13:57:16,198 INFO       Try to load: blind_sql_injection.
2015-11-17 13:57:16,202 DEBUG      Loading module: exploit/sql_injection/blind_sql_injection.
2015-11-17 13:57:16,202 INFO       Show Module Options
2015-11-17 13:57:16,203 INFO       Finish load module: exploit/sql_injection/blind_sql_injection.
2015-11-17 13:58:06,240 DEBUG      Set Logging mode is True.
2015-11-17 13:58:06,240 INFO       Try to load: blind_sql_injection.
2015-11-17 13:58:06,243 DEBUG      Loading module: exploit/sql_injection/blind_sql_injection.
2015-11-17 13:58:06,244 INFO       Show Module Options
2015-11-17 13:58:06,245 INFO       Finish load module: exploit/sql_injection/blind_sql_injection.
2015-11-17 13:59:56,108 DEBUG      Set Logging mode is True.
2015-11-17 13:59:56,108 INFO       Try to load: blind_sql_injection.
2015-11-17 13:59:56,111 DEBUG      __init__() takes exactly 1 argument (2 given)
2015-11-17 13:59:56,111 ERROR      Error while load module exploit/sql_injection/blind_sql_injection.
2015-11-17 13:59:56,111 INFO       Finish load module: exploit/sql_injection/blind_sql_injection.
2015-11-17 14:00:57,171 DEBUG      Set Logging mode is True.
2015-11-17 14:00:57,171 INFO       Try to load: blind_sql_injection.
2015-11-17 14:00:57,174 DEBUG      Loading module: exploit/sql_injection/blind_sql_injection.
2015-11-17 14:00:57,174 INFO       Finish load module: exploit/sql_injection/blind_sql_injection.
2015-11-17 14:01:17,962 DEBUG      Set Logging mode is True.
2015-11-17 14:01:17,962 INFO       Try to load: blind_sql_injection.
2015-11-17 14:01:17,965 DEBUG      name 'logger' is not defined
2015-11-17 14:01:17,965 ERROR      Error while load module exploit/sql_injection/blind_sql_injection.
2015-11-17 14:01:17,965 INFO       Finish load module: exploit/sql_injection/blind_sql_injection.
2015-11-17 14:02:47,601 DEBUG      Set Logging mode is True.
2015-11-17 14:02:47,601 INFO       Try to load: blind_sql_injection.
2015-11-17 14:02:47,604 DEBUG      __init__() takes exactly 1 argument (2 given)
2015-11-17 14:02:47,605 ERROR      Error while load module exploit/sql_injection/blind_sql_injection.
2015-11-17 14:02:47,605 INFO       Finish load module: exploit/sql_injection/blind_sql_injection.
2015-11-17 14:05:50,703 DEBUG      Set Logging mode is True.
2015-11-17 14:05:50,704 INFO       Try to load: blind_sql_injection.
2015-11-17 14:05:50,707 DEBUG      init() takes exactly 1 argument (2 given)
2015-11-17 14:05:50,707 ERROR      Error while load module exploit/sql_injection/blind_sql_injection.
2015-11-17 14:05:50,707 INFO       Finish load module: exploit/sql_injection/blind_sql_injection.
2015-11-17 14:06:50,741 DEBUG      Set Logging mode is True.
2015-11-17 14:06:50,742 INFO       Try to load: blind_sql_injection.
2015-11-17 14:06:50,744 DEBUG      Loading module: exploit/sql_injection/blind_sql_injection.
2015-11-17 14:06:50,745 INFO       Show Module Options
2015-11-17 14:06:50,745 INFO       Finish load module: exploit/sql_injection/blind_sql_injection.
2015-11-17 14:07:05,204 INFO       Try to load: blind_sql_injection.
2015-11-17 14:07:05,207 ERROR      Option URL need configure.
2015-11-17 14:07:05,207 INFO       Finish load module: exploit/sql_injection/blind_sql_injection.
2015-11-17 14:07:14,718 INFO       Try to load: blind_sql_injection.
2015-11-17 14:07:14,721 ERROR      Not found any inject point.
2015-11-17 14:07:14,721 INFO       Finish load module: exploit/sql_injection/blind_sql_injection.
2015-11-17 14:07:18,215 INFO       Try to load: blind_sql_injection.
2015-11-17 14:07:18,219 WARNING    Inject point is ready.
2015-11-17 14:07:18,219 WARNING    Started Module: Blind SQL injection Module.
2015-11-17 14:07:18,415 INFO       Finish load module: exploit/sql_injection/blind_sql_injection.
2015-11-17 14:07:48,870 INFO       Try to load: blind_sql_injection.
2015-11-17 14:07:48,873 WARNING    Inject point is ready.
2015-11-17 14:07:48,873 WARNING    Started Module: Blind SQL injection Module.
2015-11-17 14:07:49,368 WARNING    Send 1 request.
2015-11-17 14:07:49,369 INFO       Finish load module: exploit/sql_injection/blind_sql_injection.
2015-11-17 14:08:42,707 INFO       Try to load: blind_sql_injection.
2015-11-17 14:08:42,711 WARNING    Inject point is ready.
2015-11-17 14:08:42,711 WARNING    Started Module: Blind SQL injection Module.
2015-11-17 14:08:43,615 WARNING    Send 1 request.
2015-11-17 14:08:43,615 INFO       Finish load module: exploit/sql_injection/blind_sql_injection.
2015-11-17 14:08:49,262 DEBUG      Set Logging mode is True.
2015-11-17 14:08:49,262 INFO       Try to load: blind_sql_injection.
2015-11-17 14:08:49,265 DEBUG      Loading module: exploit/sql_injection/blind_sql_injection.
2015-11-17 14:08:49,265 INFO       Show Module Options
2015-11-17 14:08:49,266 INFO       Finish load module: exploit/sql_injection/blind_sql_injection.
2015-11-17 14:09:18,228 DEBUG      Set Logging mode is True.
2015-11-17 14:09:18,229 INFO       Try to load: blind_sql_injection.
2015-11-17 14:09:18,231 DEBUG      Loading module: exploit/sql_injection/blind_sql_injection.
2015-11-17 14:09:18,232 INFO       Show Module Options
2015-11-17 14:09:18,233 INFO       Finish load module: exploit/sql_injection/blind_sql_injection.
2015-11-17 14:09:23,369 INFO       List Modules
2015-11-17 14:09:57,861 INFO       List Modules
2015-11-17 14:10:13,979 INFO       List Modules
2015-11-17 14:10:55,396 DEBUG      Set Logging mode is True.
2015-11-17 14:10:55,396 INFO       Try to load: blind_sql_injection.
2015-11-17 14:10:55,399 DEBUG      Loading module: exploit/sql_injection/blind_sql_injection.
2015-11-17 14:10:55,400 INFO       Show Module Options
2015-11-17 14:10:55,401 INFO       Finish load module: exploit/sql_injection/blind_sql_injection.
2015-11-17 14:11:19,078 DEBUG      Set Logging mode is True.
2015-11-17 14:11:19,078 INFO       Try to load: blind_sql_injection.
2015-11-17 14:11:19,081 DEBUG      Loading module: exploit/sql_injection/blind_sql_injection.
2015-11-17 14:11:19,081 INFO       Show Module Options
2015-11-17 14:11:19,082 INFO       Finish load module: exploit/sql_injection/blind_sql_injection.
2015-11-17 14:17:14,358 DEBUG      Set Logging mode is True.
2015-11-17 14:17:14,358 INFO       Try to load: blind_sql_injection.
2015-11-17 14:17:14,358 DEBUG      invalid syntax (coreHTTPModule.py, line 95)
2015-11-17 14:17:14,359 ERROR      Error while load module exploit/sql_injection/blind_sql_injection.
2015-11-17 14:17:14,359 INFO       Finish load module: exploit/sql_injection/blind_sql_injection.
2015-11-17 14:17:25,873 DEBUG      Set Logging mode is True.
2015-11-17 14:17:25,873 INFO       Try to load: blind_sql_injection.
2015-11-17 14:17:25,876 DEBUG      Loading module: exploit/sql_injection/blind_sql_injection.
2015-11-17 14:17:25,876 INFO       Show Module Options
2015-11-17 14:17:25,877 INFO       Finish load module: exploit/sql_injection/blind_sql_injection.
2015-11-17 14:20:15,583 DEBUG      Set Logging mode is True.
2015-11-17 14:20:15,583 INFO       Try to load: blind_sql_injection.
2015-11-17 14:20:15,586 DEBUG      Loading module: exploit/sql_injection/blind_sql_injection.
2015-11-17 14:20:15,587 INFO       Show Module Options
2015-11-17 14:20:15,587 INFO       Finish load module: exploit/sql_injection/blind_sql_injection.
2015-11-17 14:20:46,097 DEBUG      Set Logging mode is True.
2015-11-17 14:20:46,097 INFO       Try to load: blind_sql_injection.
2015-11-17 14:20:46,100 DEBUG      Loading module: exploit/sql_injection/blind_sql_injection.
2015-11-17 14:20:46,101 INFO       Show Module Options
2015-11-17 14:20:46,101 INFO       Finish load module: exploit/sql_injection/blind_sql_injection.
2015-11-17 14:21:13,014 DEBUG      Set Logging mode is True.
2015-11-17 14:21:13,014 INFO       Try to load: blind_sql_injection.
2015-11-17 14:21:13,017 DEBUG      Loading module: exploit/sql_injection/blind_sql_injection.
2015-11-17 14:21:13,017 INFO       Show Module Options
2015-11-17 14:21:13,018 INFO       Finish load module: exploit/sql_injection/blind_sql_injection.
2015-11-17 14:21:39,046 DEBUG      Set Logging mode is True.
2015-11-17 14:21:39,046 INFO       Try to load: blind_sql_injection.
2015-11-17 14:21:39,049 DEBUG      Loading module: exploit/sql_injection/blind_sql_injection.
2015-11-17 14:21:39,049 INFO       Show Module Options
2015-11-17 14:21:39,050 INFO       Finish load module: exploit/sql_injection/blind_sql_injection.
2015-11-17 14:24:03,435 DEBUG      Set Logging mode is True.
2015-11-17 14:24:03,436 INFO       Try to load: blind_sql_injection.
2015-11-17 14:24:03,439 DEBUG      Loading module: exploit/sql_injection/blind_sql_injection.
2015-11-17 14:24:03,439 INFO       Show Module Options
2015-11-17 14:24:03,440 INFO       Finish load module: exploit/sql_injection/blind_sql_injection.
2015-11-17 14:24:54,182 DEBUG      Set Logging mode is True.
2015-11-17 14:24:54,182 INFO       Try to load: blind_sql_injection.
2015-11-17 14:24:54,185 DEBUG      Loading module: exploit/sql_injection/blind_sql_injection.
2015-11-17 14:24:54,185 INFO       Show Module Options
2015-11-17 14:24:54,186 INFO       Finish load module: exploit/sql_injection/blind_sql_injection.
2015-11-17 14:25:05,013 DEBUG      Set Logging mode is True.
2015-11-17 14:25:05,013 INFO       Try to load: blind_sql_injection.
2015-11-17 14:25:05,016 DEBUG      Loading module: exploit/sql_injection/blind_sql_injection.
2015-11-17 14:25:05,017 INFO       Show Module Options
2015-11-17 14:25:05,017 INFO       Finish load module: exploit/sql_injection/blind_sql_injection.
2015-11-17 14:25:41,382 DEBUG      Set Logging mode is True.
2015-11-17 14:25:41,383 INFO       Try to load: blind_sql_injection.
2015-11-17 14:25:41,386 DEBUG      Loading module: exploit/sql_injection/blind_sql_injection.
2015-11-17 14:25:41,386 INFO       Show Module Options
2015-11-17 14:25:41,386 INFO       Finish load module: exploit/sql_injection/blind_sql_injection.
2015-11-17 14:25:48,765 DEBUG      Set Logging mode is True.
2015-11-17 14:25:48,765 INFO       Try to load: blind_sql_injection.
2015-11-17 14:25:48,769 DEBUG      Loading module: exploit/sql_injection/blind_sql_injection.
2015-11-17 14:25:48,769 INFO       Show Module Options
2015-11-17 14:25:48,770 INFO       Finish load module: exploit/sql_injection/blind_sql_injection.
2015-11-17 14:26:48,334 DEBUG      Set Logging mode is True.
2015-11-17 14:26:48,336 INFO       Try to load: blind_sql_injection.
2015-11-17 14:26:48,339 DEBUG      Loading module: exploit/sql_injection/blind_sql_injection.
2015-11-17 14:26:48,339 INFO       Show Module Options
2015-11-17 14:26:48,340 INFO       Finish load module: exploit/sql_injection/blind_sql_injection.
2015-11-17 14:27:34,714 DEBUG      Set Logging mode is True.
2015-11-17 14:27:34,714 INFO       Try to load: blind_sql_injection.
2015-11-17 14:27:34,717 DEBUG      Loading module: exploit/sql_injection/blind_sql_injection.
2015-11-17 14:27:34,717 INFO       Show Module Options
2015-11-17 14:27:34,718 INFO       Finish load module: exploit/sql_injection/blind_sql_injection.
2015-11-17 14:27:52,916 DEBUG      Set Logging mode is True.
2015-11-17 14:27:52,916 INFO       Try to load: blind_sql_injection.
2015-11-17 14:27:52,919 DEBUG      Loading module: exploit/sql_injection/blind_sql_injection.
2015-11-17 14:27:52,919 INFO       Show Module Options
2015-11-17 14:27:52,921 INFO       Finish load module: exploit/sql_injection/blind_sql_injection.
2015-11-17 14:29:11,132 DEBUG      Set Logging mode is True.
2015-11-17 14:29:11,132 INFO       Try to load: blind_sql_injection.
2015-11-17 14:29:11,136 DEBUG      Loading module: exploit/sql_injection/blind_sql_injection.
2015-11-17 14:29:11,136 INFO       Show Module Options
2015-11-17 14:29:11,137 INFO       Finish load module: exploit/sql_injection/blind_sql_injection.
2015-11-17 14:29:23,823 DEBUG      Set Logging mode is True.
2015-11-17 14:29:23,823 INFO       Try to load: blind_sql_injection.
2015-11-17 14:29:23,827 DEBUG      Loading module: exploit/sql_injection/blind_sql_injection.
2015-11-17 14:29:23,827 INFO       Show Module Options
2015-11-17 14:29:23,828 INFO       Finish load module: exploit/sql_injection/blind_sql_injection.
2015-11-17 14:30:19,773 DEBUG      Set Logging mode is True.
2015-11-17 14:30:19,773 INFO       Try to load: blind_sql_injection.
2015-11-17 14:30:19,776 DEBUG      Loading module: exploit/sql_injection/blind_sql_injection.
2015-11-17 14:30:19,776 INFO       Check Module Options
2015-11-17 14:30:19,777 ERROR      Option URL need configure.
2015-11-17 14:30:19,778 INFO       Finish load module: exploit/sql_injection/blind_sql_injection.
2015-11-17 14:30:45,085 DEBUG      Set Logging mode is True.
2015-11-17 14:30:45,085 INFO       Try to load: blind_sql_injection.
2015-11-17 14:30:45,088 DEBUG      Loading module: exploit/sql_injection/blind_sql_injection.
2015-11-17 14:30:45,089 DEBUG      Set HOST to aaaaaaaaaaaaaaaaaaaaaaaaaaaaaaaaaaaaaaaaaaaaaaaaaaaaaaaaaaaaaaaaaaaaaaaaaaaaa.
2015-11-17 14:30:45,089 INFO       Check Module Options
2015-11-17 14:30:45,089 ERROR      Option URL need configure.
2015-11-17 14:30:45,090 INFO       Finish load module: exploit/sql_injection/blind_sql_injection.
2015-11-17 14:33:08,416 DEBUG      Set Logging mode is True.
2015-11-17 14:33:08,416 INFO       Try to load: blind_sql_injection.
2015-11-17 14:33:08,420 DEBUG      Loading module: exploit/sql_injection/blind_sql_injection.
2015-11-17 14:33:08,420 DEBUG      Set HOST to aaaaaaaaaaaaaaaaaaaaaaaaaaaaaaaaaaaaaaaaaaaaaaaaaaaaaaaaaaaaaaaaaaaaaaaaaaaaa.
2015-11-17 14:33:08,420 INFO       Check Module Options
2015-11-17 14:33:08,420 ERROR      Option URL need configure.
2015-11-17 14:33:08,421 INFO       Finish load module: exploit/sql_injection/blind_sql_injection.
2015-11-17 14:34:48,277 DEBUG      Set Logging mode is True.
2015-11-17 14:34:48,278 INFO       Try to load: blind_sql_injection.
2015-11-17 14:34:48,281 DEBUG      Loading module: exploit/sql_injection/blind_sql_injection.
2015-11-17 14:34:48,281 DEBUG      Set HOST to aaaaaaaaaaaaaaaaaaaaaaaaaaaaaaaaaaaaaaaaaaaaaaaaaaaaaaaaaaaaaaaaaaaaaaaaaaaaa.
2015-11-17 14:34:48,281 INFO       Check Module Options
2015-11-17 14:34:48,281 ERROR      Option URL need configure.
2015-11-17 14:34:48,282 INFO       Finish load module: exploit/sql_injection/blind_sql_injection.
2015-11-17 14:34:59,014 DEBUG      Set Logging mode is True.
2015-11-17 14:34:59,014 INFO       Try to load: blind_sql_injection.
2015-11-17 14:34:59,018 DEBUG      Loading module: exploit/sql_injection/blind_sql_injection.
2015-11-17 14:34:59,018 DEBUG      Set HOST to aaaaaaaaaaaaaaaaaaaaaaaaaaaaaaaaaaaaaaaaaaaaaaaaaaaaaaaaaaaaaaaaaaaaaaaaaaaaa.
2015-11-17 14:34:59,018 INFO       Check Module Options
2015-11-17 14:34:59,018 ERROR      Option URL need configure.
2015-11-17 14:34:59,019 INFO       Finish load module: exploit/sql_injection/blind_sql_injection.
2015-11-17 14:38:04,678 DEBUG      Set Logging mode is True.
2015-11-17 14:38:04,678 INFO       Try to load: blind_sql_injection.
2015-11-17 14:38:04,682 DEBUG      Loading module: exploit/sql_injection/blind_sql_injection.
2015-11-17 14:38:04,682 DEBUG      Set HOST to aaaaaaaaaaaaaaaaaaaaaaaaaaaaaaaaaaaaaaaaaaaaaaaaaaaaaaaaaaaaaaaaaaaaaaaaaaaaa.
2015-11-17 14:38:04,682 INFO       Check Module Options
2015-11-17 14:38:04,682 ERROR      Option URL need configure.
2015-11-17 14:38:04,682 INFO       Finish load module: exploit/sql_injection/blind_sql_injection.
2015-11-17 14:38:40,444 DEBUG      Set Logging mode is True.
2015-11-17 14:38:40,445 INFO       Try to load: blind_sql_injection.
2015-11-17 14:38:40,448 DEBUG      Loading module: exploit/sql_injection/blind_sql_injection.
2015-11-17 14:38:40,449 DEBUG      Set HOST to aaaaaaaaaaaaaaaaaaaaaaaaaaaaaaaaaaaaaaaaaaaaaaaaaaaaaaaaaaaaaaaaaaaaaaaaaaaaa.
2015-11-17 14:38:40,449 INFO       Check Module Options
2015-11-17 14:38:40,449 ERROR      Option URL need configure.
2015-11-17 14:38:40,450 INFO       Finish load module: exploit/sql_injection/blind_sql_injection.
2015-11-17 14:39:03,932 DEBUG      Set Logging mode is True.
2015-11-17 14:39:03,933 INFO       Try to load: blind_sql_injection.
2015-11-17 14:39:03,936 DEBUG      Loading module: exploit/sql_injection/blind_sql_injection.
2015-11-17 14:39:03,936 DEBUG      Set HOST to aaaaaaaaaaaaaaaaaaaaaaaaaaaaaaaaaaaaaaaaaaaaaaaaaaaaaaaaaaaaaaaaaaaaaaaaaaaaa.
2015-11-17 14:39:03,937 INFO       Check Module Options
2015-11-17 14:39:03,937 ERROR      Option URL need configure.
2015-11-17 14:39:03,938 INFO       Finish load module: exploit/sql_injection/blind_sql_injection.
2015-11-17 14:39:12,357 DEBUG      Set Logging mode is True.
2015-11-17 14:39:12,357 INFO       Try to load: blind_sql_injection.
2015-11-17 14:39:12,360 DEBUG      Loading module: exploit/sql_injection/blind_sql_injection.
2015-11-17 14:39:12,361 DEBUG      Set HOST to aaaaaaaaaaaaaaaaaaaaaaaaaaaaaaaaaaaaaaaaaaaaaaaaaaaaaaaaaaaaaaaaaaaaaaaaaaaaa.
2015-11-17 14:39:12,361 INFO       Check Module Options
2015-11-17 14:39:12,361 ERROR      Option URL need configure.
2015-11-17 14:39:12,362 INFO       Finish load module: exploit/sql_injection/blind_sql_injection.
2015-11-17 14:39:30,703 DEBUG      Set Logging mode is True.
2015-11-17 14:39:30,703 INFO       Try to load: blind_sql_injection.
2015-11-17 14:39:30,706 DEBUG      Loading module: exploit/sql_injection/blind_sql_injection.
2015-11-17 14:39:30,706 DEBUG      Set HOST to aaaaaaaaaaaaaaaaaaaaaaaaaaaaaaaaaaaaaaaaaaaaaaaaaaaaaaaaaaaaaaaaaaaaaaaaaaaaa.
2015-11-17 14:39:30,706 INFO       Check Module Options
2015-11-17 14:39:30,707 ERROR      Option URL need configure.
2015-11-17 14:39:30,708 INFO       Finish load module: exploit/sql_injection/blind_sql_injection.
2015-11-17 14:40:27,485 DEBUG      Set Logging mode is True.
2015-11-17 14:40:27,485 INFO       Try to load: blind_sql_injection.
2015-11-17 14:40:27,488 DEBUG      Loading module: exploit/sql_injection/blind_sql_injection.
2015-11-17 14:40:27,488 DEBUG      Option 1 not found.
2015-11-17 14:40:27,488 INFO       Check Module Options
2015-11-17 14:40:27,488 ERROR      Option URL need configure.
2015-11-17 14:40:27,489 INFO       Finish load module: exploit/sql_injection/blind_sql_injection.
2015-11-17 14:41:34,484 INFO       Try to load: blind_sql_injection.
2015-11-17 14:41:34,487 INFO       Check Module Options
2015-11-17 14:41:34,487 ERROR      Option URL need configure.
2015-11-17 14:41:34,488 INFO       Finish load module: exploit/sql_injection/blind_sql_injection.
2015-11-17 14:41:40,570 INFO       Try to load: blind_sql_injection.
2015-11-17 14:41:40,574 ERROR      Option URL need configure.
2015-11-17 14:41:40,574 INFO       Finish load module: exploit/sql_injection/blind_sql_injection.
2015-11-17 14:41:58,573 INFO       Try to load: blind_sql_injection.
2015-11-17 14:41:58,576 ERROR      Not found any inject point.
2015-11-17 14:41:58,576 INFO       Finish load module: exploit/sql_injection/blind_sql_injection.
2015-11-17 14:42:02,070 INFO       Try to load: blind_sql_injection.
2015-11-17 14:42:02,073 WARNING    Inject point is ready.
2015-11-17 14:42:02,073 WARNING    Started Module: Blind SQL injection Module.
2015-11-17 14:42:02,695 WARNING    Send 1 request.
2015-11-17 14:42:02,695 INFO       Finish load module: exploit/sql_injection/blind_sql_injection.
2015-11-17 14:43:34,015 INFO       Try to load: blind_sql_injection.
2015-11-17 14:43:34,017 ERROR      Error while load module exploit/sql_injection/blind_sql_injection.
2015-11-17 14:43:34,017 INFO       Finish load module: exploit/sql_injection/blind_sql_injection.
2015-11-17 14:43:38,152 DEBUG      Set Logging mode is True.
2015-11-17 14:43:38,152 INFO       Try to load: blind_sql_injection.
2015-11-17 14:43:38,154 DEBUG      invalid syntax (coreHTTPModule.py, line 383)
2015-11-17 14:43:38,154 ERROR      Error while load module exploit/sql_injection/blind_sql_injection.
2015-11-17 14:43:38,154 INFO       Finish load module: exploit/sql_injection/blind_sql_injection.
2015-11-17 14:44:15,178 DEBUG      Set Logging mode is True.
2015-11-17 14:44:15,179 INFO       Try to load: blind_sql_injection.
2015-11-17 14:44:15,181 DEBUG      invalid syntax (coreHTTPModule.py, line 382)
2015-11-17 14:44:15,181 ERROR      Error while load module exploit/sql_injection/blind_sql_injection.
2015-11-17 14:44:15,181 INFO       Finish load module: exploit/sql_injection/blind_sql_injection.
2015-11-17 14:44:33,349 DEBUG      Set Logging mode is True.
2015-11-17 14:44:33,350 INFO       Try to load: blind_sql_injection.
2015-11-17 14:44:33,352 DEBUG      invalid syntax (coreHTTPModule.py, line 381)
2015-11-17 14:44:33,352 ERROR      Error while load module exploit/sql_injection/blind_sql_injection.
2015-11-17 14:44:33,352 INFO       Finish load module: exploit/sql_injection/blind_sql_injection.
2015-11-17 14:45:05,009 DEBUG      Set Logging mode is True.
2015-11-17 14:45:05,009 INFO       Try to load: blind_sql_injection.
2015-11-17 14:45:05,012 DEBUG      Loading module: exploit/sql_injection/blind_sql_injection.
2015-11-17 14:45:05,013 DEBUG      Set URL to dantri.com.vn/*/.
2015-11-17 14:45:05,013 DEBUG      Add prefix http to: http://dantri.com.vn/*/.
2015-11-17 14:45:05,013 DEBUG      URL include http/https, don`t need add prefix.
2015-11-17 14:45:05,013 DEBUG      Found 1 inject point in URL
2015-11-17 14:45:05,013 DEBUG      Set inject point to: URL
2015-11-17 14:45:05,013 WARNING    Inject point is ready.
2015-11-17 14:45:05,013 WARNING    Started Module: Blind SQL injection Module.
2015-11-17 14:45:05,018 DEBUG      Send GET request number 1 to dantri.com.vn.
2015-11-17 14:45:05,018 DEBUG      URL: http://dantri.com.vn/sss/.
2015-11-17 14:45:05,018 DEBUG      Cookie: None.
2015-11-17 14:45:05,737 WARNING    Send 1 request.
2015-11-17 14:45:05,738 INFO       Finish load module: exploit/sql_injection/blind_sql_injection.
2015-11-17 14:45:31,389 DEBUG      Set Logging mode is True.
2015-11-17 14:45:31,389 INFO       Try to load: blind_sql_injection.
2015-11-17 14:45:31,392 DEBUG      Loading module: exploit/sql_injection/blind_sql_injection.
2015-11-17 14:45:31,393 DEBUG      Set URL to dantri.com.vn/*/.
2015-11-17 14:45:31,393 DEBUG      Add prefix http to: http://dantri.com.vn/*/.
2015-11-17 14:45:31,393 DEBUG      URL include http/https, don`t need add prefix.
2015-11-17 14:45:31,393 DEBUG      Found 1 inject point in URL
2015-11-17 14:45:31,393 DEBUG      Set inject point to: URL
2015-11-17 14:45:31,393 WARNING    Inject point is ready.
2015-11-17 14:45:31,393 WARNING    Started Module: Blind SQL injection Module.
2015-11-17 14:45:31,394 WARNING    Send 0 request.
2015-11-17 14:45:31,394 INFO       Finish load module: exploit/sql_injection/blind_sql_injection.
2015-11-17 14:45:43,743 DEBUG      Set Logging mode is True.
2015-11-17 14:45:43,745 INFO       Try to load: blind_sql_injection.
2015-11-17 14:45:43,749 DEBUG      Loading module: exploit/sql_injection/blind_sql_injection.
2015-11-17 14:45:43,749 DEBUG      Set URL to dantri.com.vn/*/.
2015-11-17 14:45:43,749 DEBUG      Add prefix http to: http://dantri.com.vn/*/.
2015-11-17 14:45:43,749 DEBUG      URL include http/https, don`t need add prefix.
2015-11-17 14:45:43,749 DEBUG      Found 1 inject point in URL
2015-11-17 14:45:43,749 DEBUG      Set inject point to: URL
2015-11-17 14:45:43,750 WARNING    Inject point is ready.
2015-11-17 14:45:43,750 WARNING    Started Module: Blind SQL injection Module.
2015-11-17 14:45:43,754 DEBUG      Send GET request number 1 to dantri.com.vn.
2015-11-17 14:45:43,754 DEBUG      URL: http://dantri.com.vn/sss/.
2015-11-17 14:45:43,755 DEBUG      Cookie: None.
2015-11-17 14:45:44,147 WARNING    Send 1 request.
2015-11-17 14:45:44,148 INFO       Finish load module: exploit/sql_injection/blind_sql_injection.
2015-11-17 14:45:49,922 DEBUG      Set Logging mode is True.
2015-11-17 14:45:49,922 INFO       Try to load: blind_sql_injection.
2015-11-17 14:45:49,925 DEBUG      Loading module: exploit/sql_injection/blind_sql_injection.
2015-11-17 14:45:49,925 DEBUG      Set URL to dantri.com.vn/*/.
2015-11-17 14:45:49,925 DEBUG      Add prefix http to: http://dantri.com.vn/*/.
2015-11-17 14:45:49,926 DEBUG      URL include http/https, don`t need add prefix.
2015-11-17 14:45:49,926 DEBUG      Found 1 inject point in URL
2015-11-17 14:45:49,926 DEBUG      Set inject point to: URL
2015-11-17 14:45:49,926 WARNING    Inject point is ready.
2015-11-17 14:45:49,926 WARNING    Started Module: Blind SQL injection Module.
2015-11-17 14:45:49,931 DEBUG      Send GET request number 1 to dantri.com.vn.
2015-11-17 14:45:49,931 DEBUG      URL: http://dantri.com.vn/sss/.
2015-11-17 14:45:49,931 DEBUG      Cookie: None.
2015-11-17 14:45:50,315 WARNING    Send 1 request.
2015-11-17 14:45:50,315 INFO       Finish load module: exploit/sql_injection/blind_sql_injection.
2015-11-17 14:45:52,742 INFO       Try to load: blind_sql_injection.
2015-11-17 14:45:52,746 WARNING    Inject point is ready.
2015-11-17 14:45:52,746 WARNING    Started Module: Blind SQL injection Module.
2015-11-17 14:45:53,397 WARNING    Send 1 request.
2015-11-17 14:45:53,397 INFO       Finish load module: exploit/sql_injection/blind_sql_injection.
2015-11-17 14:46:58,321 INFO       Try to load: blind_sql_injection.
2015-11-17 14:46:58,325 WARNING    Inject point is ready.
2015-11-17 14:46:58,325 WARNING    Started Module: Blind SQL injection Module.
2015-11-17 14:46:58,805 WARNING    Send 1 request.
2015-11-17 14:46:58,805 INFO       Finish load module: exploit/sql_injection/blind_sql_injection.
2015-11-17 14:47:14,694 INFO       Try to load: blind_sql_injection_binary_search.
2015-11-17 14:47:14,698 WARNING    Inject point is ready.
2015-11-17 14:47:14,698 WARNING    Started Module: Blind SQL injection Module.
2015-11-17 14:47:15,138 WARNING    Send 1 request.
2015-11-17 14:47:15,138 INFO       Finish load module: exploit/sql_injection/blind_sql_injection_binary_search.
2015-11-17 14:47:20,545 INFO       List Modules
2015-11-17 14:49:49,795 INFO       Try to load: blind_sql_injection_binary_search.
2015-11-17 14:49:49,799 WARNING    Inject point is ready.
2015-11-17 14:49:49,799 WARNING    Started Module: Blind SQL injection Module.
2015-11-17 14:49:50,283 WARNING    Send 1 request.
2015-11-17 14:49:50,283 INFO       Finish load module: exploit/sql_injection/blind_sql_injection_binary_search.
2015-11-17 14:49:56,614 INFO       List Modules
2015-11-17 14:50:08,464 INFO       Try to load: ctf_bruteforce.
2015-11-17 14:50:08,467 ERROR      Option URL need configure.
2015-11-17 14:50:08,467 INFO       Finish load module: ctf_bruteforce.
2015-11-17 14:51:50,743 INFO       Try to load: ctf_bruteforce.
2015-11-17 14:51:50,747 ERROR      Option URL need configure.
2015-11-17 14:51:50,747 INFO       Finish load module: ctf_bruteforce.
2015-11-17 14:52:00,109 INFO       Try to load: ctf_bruteforce.
2015-11-17 14:52:00,112 ERROR      Not found any inject point.
2015-11-17 14:52:00,112 INFO       Finish load module: ctf_bruteforce.
2015-11-17 14:52:33,637 INFO       Try to load: ctf_bruteforce.
2015-11-17 14:52:33,640 INFO       Show Module Options
2015-11-17 14:52:33,641 INFO       Finish load module: ctf_bruteforce.
2015-11-17 14:55:38,040 INFO       Try to load: ctf_bruteforce.
2015-11-17 14:55:38,044 ERROR      Not found any inject point.
2015-11-17 14:55:38,045 INFO       Finish load module: ctf_bruteforce.
2015-11-17 14:55:40,670 INFO       Try to load: ctf_bruteforce.
2015-11-17 14:55:40,673 WARNING    Inject point is ready.
2015-11-17 14:55:40,673 WARNING    Started Module: CTF Brute Forcr Module.
2015-11-17 14:55:40,674 INFO       Finish load module: ctf_bruteforce.
2015-11-17 14:56:30,030 INFO       Try to load: ctf_bruteforce.
2015-11-17 14:56:30,033 ERROR      Error while load module ctf_bruteforce.
2015-11-17 14:56:30,033 INFO       Finish load module: ctf_bruteforce.
2015-11-17 14:56:33,382 DEBUG      Set Logging mode is True.
2015-11-17 14:56:33,383 INFO       Try to load: ctf_bruteforce.
2015-11-17 14:56:33,386 DEBUG      global name 'Module' is not defined
2015-11-17 14:56:33,386 ERROR      Error while load module ctf_bruteforce.
2015-11-17 14:56:33,386 INFO       Finish load module: ctf_bruteforce.
2015-11-17 14:56:56,125 DEBUG      Set Logging mode is True.
2015-11-17 14:56:56,125 INFO       Try to load: ctf_bruteforce.
2015-11-17 14:56:56,128 DEBUG      global name 'Module' is not defined
2015-11-17 14:56:56,129 ERROR      Error while load module ctf_bruteforce.
2015-11-17 14:56:56,129 INFO       Finish load module: ctf_bruteforce.
2015-11-17 14:57:01,532 DEBUG      Set Logging mode is True.
2015-11-17 14:57:01,534 INFO       Try to load: ctf_bruteforce.
2015-11-17 14:57:01,538 DEBUG      Loading module: ctf_bruteforce.
2015-11-17 14:57:01,538 DEBUG      Set URL to dantri.com.vn/*.
2015-11-17 14:57:01,538 DEBUG      Add prefix http to: http://dantri.com.vn/*.
2015-11-17 14:57:01,538 DEBUG      URL include http/https, don`t need add prefix.
2015-11-17 14:57:01,538 DEBUG      Found 1 inject point in URL
2015-11-17 14:57:01,538 DEBUG      Set inject point to: URL
2015-11-17 14:57:01,538 WARNING    Inject point is ready.
2015-11-17 14:57:01,539 WARNING    Started Module: CTF Brute Forcr Module.
2015-11-17 14:57:01,539 INFO       Finish load module: ctf_bruteforce.
2015-11-17 14:57:24,160 DEBUG      Set Logging mode is True.
2015-11-17 14:57:24,160 INFO       Try to load: ctf_bruteforce.
2015-11-17 14:57:24,164 DEBUG      Loading module: ctf_bruteforce.
2015-11-17 14:57:24,164 DEBUG      Set URL to dantri.com.vn/*.
2015-11-17 14:57:24,164 DEBUG      Add prefix http to: http://dantri.com.vn/*.
2015-11-17 14:57:24,164 DEBUG      URL include http/https, don`t need add prefix.
2015-11-17 14:57:24,164 DEBUG      Found 1 inject point in URL
2015-11-17 14:57:24,164 DEBUG      Set inject point to: URL
2015-11-17 14:57:24,164 WARNING    Inject point is ready.
2015-11-17 14:57:24,165 WARNING    Started Module: CTF Brute Forcr Module.
2015-11-17 14:57:24,170 DEBUG      Send GET request number 1 to dantri.com.vn.
2015-11-17 14:57:24,170 DEBUG      URL: http://dantri.com.vn/robots.txt.
2015-11-17 14:57:24,170 DEBUG      Cookie: None.
2015-11-17 14:57:24,810 DEBUG      Send GET request number 2 to dantri.com.vn.
2015-11-17 14:57:24,810 DEBUG      URL: http://dantri.com.vn/robots.txt.
2015-11-17 14:57:24,810 DEBUG      Cookie: None.
2015-11-17 14:57:25,340 DEBUG      Send GET request number 3 to dantri.com.vn.
2015-11-17 14:57:25,340 DEBUG      URL: http://dantri.com.vn/robots.txt.
2015-11-17 14:57:25,340 DEBUG      Cookie: None.
2015-11-17 14:57:26,906 DEBUG      Send GET request number 4 to dantri.com.vn.
2015-11-17 14:57:26,907 DEBUG      URL: http://dantri.com.vn/robots.txt.
2015-11-17 14:57:26,907 DEBUG      Cookie: None.
2015-11-17 14:57:27,665 DEBUG      Send GET request number 5 to dantri.com.vn.
2015-11-17 14:57:27,666 DEBUG      URL: http://dantri.com.vn/robots.txt.
2015-11-17 14:57:27,666 DEBUG      Cookie: None.
2015-11-17 14:57:27,921 WARNING    Send 5 request.
2015-11-17 14:57:27,922 INFO       Finish load module: ctf_bruteforce.
2015-11-17 14:57:31,070 INFO       Try to load: ctf_bruteforce.
2015-11-17 14:57:31,073 WARNING    Inject point is ready.
2015-11-17 14:57:31,074 WARNING    Started Module: CTF Brute Forcr Module.
2015-11-17 14:57:33,237 WARNING    Send 5 request.
2015-11-17 14:57:33,238 INFO       Finish load module: ctf_bruteforce.
2015-11-17 14:57:48,970 INFO       Try to load: ctf_bruteforce.
2015-11-17 14:57:48,973 WARNING    Inject point is ready.
2015-11-17 14:57:48,973 WARNING    Started Module: CTF Brute Forcr Module.
2015-11-17 14:57:51,220 WARNING    Send 5 request.
2015-11-17 14:57:51,220 INFO       Finish load module: ctf_bruteforce.
2015-11-17 14:57:56,691 INFO       Try to load: ctf_bruteforce.
2015-11-17 14:57:56,695 WARNING    Inject point is ready.
2015-11-17 14:57:56,695 WARNING    Started Module: CTF Brute Forcr Module.
2015-11-17 14:57:56,825 INFO       Finish load module: ctf_bruteforce.
2015-11-17 14:58:07,070 INFO       Try to load: ctf_bruteforce.
2015-11-17 14:58:07,073 WARNING    Inject point is ready.
2015-11-17 14:58:07,074 WARNING    Started Module: CTF Brute Forcr Module.
2015-11-17 14:58:07,267 INFO       Finish load module: ctf_bruteforce.
2015-11-17 14:58:57,822 INFO       Try to load: ctf_bruteforce.
2015-11-17 14:58:57,827 WARNING    Inject point is ready.
2015-11-17 14:58:57,827 WARNING    Started Module: CTF Brute Force Module.
2015-11-17 14:58:58,002 INFO       Finish load module: ctf_bruteforce.
2015-11-17 15:01:37,428 INFO       Try to load: ctf_bruteforce.
2015-11-17 15:01:37,429 ERROR      Error while load module ctf_bruteforce.
2015-11-17 15:01:37,429 INFO       Finish load module: ctf_bruteforce.
2015-11-17 15:01:40,260 DEBUG      Set Logging mode is True.
2015-11-17 15:01:40,260 INFO       Try to load: ctf_bruteforce.
2015-11-17 15:01:40,261 DEBUG      invalid syntax (ctf_bruteforce.py, line 42)
2015-11-17 15:01:40,261 ERROR      Error while load module ctf_bruteforce.
2015-11-17 15:01:40,261 INFO       Finish load module: ctf_bruteforce.
2015-11-17 15:01:51,361 DEBUG      Set Logging mode is True.
2015-11-17 15:01:51,361 INFO       Try to load: ctf_bruteforce.
2015-11-17 15:01:51,365 DEBUG      Loading module: ctf_bruteforce.
2015-11-17 15:01:51,365 DEBUG      Set URL to https://google.com.vn/*.
2015-11-17 15:01:51,365 DEBUG      URL include http/https, don`t need add prefix.
2015-11-17 15:01:51,365 DEBUG      URL include http/https, don`t need add prefix.
2015-11-17 15:01:51,365 DEBUG      Found 1 inject point in URL
2015-11-17 15:01:51,365 DEBUG      Set inject point to: URL
2015-11-17 15:01:51,366 WARNING    Inject point is ready.
2015-11-17 15:01:51,366 WARNING    Started Module: CTF Brute Force Module.
2015-11-17 15:01:51,371 DEBUG      Send GET request number 1 to google.com.vn.
2015-11-17 15:01:51,371 DEBUG      URL: https://google.com.vn/https://google.com.vn/robots.txt.
2015-11-17 15:01:51,371 DEBUG      Cookie: None.
2015-11-17 15:01:51,416 DEBUG      Send GET request number 2 to google.com.vn.
2015-11-17 15:01:51,416 DEBUG      URL: https://google.com.vn/https://google.com.vn/robots.txt.
2015-11-17 15:01:51,416 DEBUG      Cookie: None.
2015-11-17 15:01:51,465 DEBUG      Send GET request number 3 to google.com.vn.
2015-11-17 15:01:51,465 DEBUG      URL: https://google.com.vn/https://google.com.vn/robots.txt.
2015-11-17 15:01:51,465 DEBUG      Cookie: None.
2015-11-17 15:01:51,512 DEBUG      Send GET request number 4 to google.com.vn.
2015-11-17 15:01:51,512 DEBUG      URL: https://google.com.vn/https://google.com.vn/robots.txt.
2015-11-17 15:01:51,512 DEBUG      Cookie: None.
2015-11-17 15:01:51,557 DEBUG      Send GET request number 5 to google.com.vn.
2015-11-17 15:01:51,558 DEBUG      URL: https://google.com.vn/https://google.com.vn/robots.txt.
2015-11-17 15:01:51,558 DEBUG      Cookie: None.
2015-11-17 15:01:51,604 WARNING    Send 5 request.
2015-11-17 15:01:51,604 INFO       Finish load module: ctf_bruteforce.
2015-11-17 15:01:55,198 INFO       Try to load: ctf_bruteforce.
2015-11-17 15:01:55,201 WARNING    Inject point is ready.
2015-11-17 15:01:55,201 WARNING    Started Module: CTF Brute Force Module.
2015-11-17 15:01:55,426 WARNING    Send 5 request.
2015-11-17 15:01:55,426 INFO       Finish load module: ctf_bruteforce.
2015-11-17 15:02:07,505 INFO       Try to load: ctf_bruteforce.
2015-11-17 15:02:07,509 ERROR      Not found any inject point.
2015-11-17 15:02:07,509 INFO       Finish load module: ctf_bruteforce.
2015-11-17 15:03:07,847 INFO       Try to load: ctf_bruteforce.
2015-11-17 15:03:07,850 ERROR      Error while load module ctf_bruteforce.
2015-11-17 15:03:07,850 INFO       Finish load module: ctf_bruteforce.
2015-11-17 15:03:10,698 DEBUG      Set Logging mode is True.
2015-11-17 15:03:10,698 INFO       Try to load: ctf_bruteforce.
2015-11-17 15:03:10,701 DEBUG      unsupported operand type(s) for +: 'NoneType' and 'str'
2015-11-17 15:03:10,701 ERROR      Error while load module ctf_bruteforce.
2015-11-17 15:03:10,701 INFO       Finish load module: ctf_bruteforce.
2015-11-17 15:03:50,347 DEBUG      Set Logging mode is True.
2015-11-17 15:03:50,348 INFO       Try to load: ctf_bruteforce.
2015-11-17 15:03:50,351 DEBUG      Loading module: ctf_bruteforce.
2015-11-17 15:03:50,351 DEBUG      Set URL to https://google.com.vn/.
2015-11-17 15:03:50,351 DEBUG      URL include http/https, don`t need add prefix.
2015-11-17 15:03:50,352 DEBUG      URL include http/https, don`t need add prefix.
2015-11-17 15:03:50,352 ERROR      Not found any inject point.
2015-11-17 15:03:50,352 INFO       Finish load module: ctf_bruteforce.
2015-11-17 15:04:03,949 DEBUG      Set Logging mode is True.
2015-11-17 15:04:03,949 INFO       Try to load: ctf_bruteforce.
2015-11-17 15:04:03,952 DEBUG      Loading module: ctf_bruteforce.
2015-11-17 15:04:03,952 DEBUG      Set URL to https://google.com.vn/*.
2015-11-17 15:04:03,952 DEBUG      URL include http/https, don`t need add prefix.
2015-11-17 15:04:03,953 DEBUG      URL include http/https, don`t need add prefix.
2015-11-17 15:04:03,953 DEBUG      Found 1 inject point in URL
2015-11-17 15:04:03,953 DEBUG      Set inject point to: URL
2015-11-17 15:04:03,953 WARNING    Inject point is ready.
2015-11-17 15:04:03,953 WARNING    Started Module: CTF Brute Force Module.
2015-11-17 15:04:03,958 DEBUG      Send GET request number 1 to google.com.vn.
2015-11-17 15:04:03,958 DEBUG      URL: https://google.com.vn/https://google.com.vn/robots.txt.
2015-11-17 15:04:03,958 DEBUG      Cookie: None.
2015-11-17 15:04:04,760 DEBUG      Send GET request number 2 to google.com.vn.
2015-11-17 15:04:04,760 DEBUG      URL: https://google.com.vn/https://google.com.vn/robots.txt.
2015-11-17 15:04:04,760 DEBUG      Cookie: None.
2015-11-17 15:04:04,809 DEBUG      Send GET request number 3 to google.com.vn.
2015-11-17 15:04:04,809 DEBUG      URL: https://google.com.vn/https://google.com.vn/robots.txt.
2015-11-17 15:04:04,809 DEBUG      Cookie: None.
2015-11-17 15:04:04,855 DEBUG      Send GET request number 4 to google.com.vn.
2015-11-17 15:04:04,855 DEBUG      URL: https://google.com.vn/https://google.com.vn/robots.txt.
2015-11-17 15:04:04,855 DEBUG      Cookie: None.
2015-11-17 15:04:04,900 DEBUG      Send GET request number 5 to google.com.vn.
2015-11-17 15:04:04,901 DEBUG      URL: https://google.com.vn/https://google.com.vn/robots.txt.
2015-11-17 15:04:04,901 DEBUG      Cookie: None.
2015-11-17 15:04:04,948 WARNING    Send 5 request.
2015-11-17 15:04:04,949 INFO       Finish load module: ctf_bruteforce.
2015-11-17 15:04:07,351 INFO       Try to load: ctf_bruteforce.
2015-11-17 15:04:07,354 WARNING    Inject point is ready.
2015-11-17 15:04:07,354 WARNING    Started Module: CTF Brute Force Module.
2015-11-17 15:04:07,589 WARNING    Send 5 request.
2015-11-17 15:04:07,590 INFO       Finish load module: ctf_bruteforce.
2015-11-17 15:04:59,623 INFO       Try to load: ctf_bruteforce.
2015-11-17 15:04:59,626 WARNING    Inject point is ready.
2015-11-17 15:04:59,626 WARNING    Started Module: CTF Brute Force Module.
2015-11-17 15:05:00,000 WARNING    Send 8 request.
2015-11-17 15:05:00,000 INFO       Finish load module: ctf_bruteforce.
2015-11-17 15:06:05,287 INFO       Try to load: ctf_bruteforce.
2015-11-17 15:06:05,290 WARNING    Inject point is ready.
2015-11-17 15:06:05,290 WARNING    Started Module: CTF Brute Force Module.
2015-11-17 15:06:13,825 WARNING    Send 8 request.
2015-11-17 15:06:13,825 INFO       Finish load module: ctf_bruteforce.
2015-11-17 15:06:28,595 INFO       Try to load: ctf_bruteforce.
2015-11-17 15:06:28,599 WARNING    Inject point is ready.
2015-11-17 15:06:28,599 WARNING    Started Module: CTF Brute Force Module.
2015-11-17 15:06:30,813 INFO       Finish load module: ctf_bruteforce.
2015-11-17 15:08:59,475 INFO       Try to load: ctf_bruteforce.
2015-11-17 15:08:59,478 WARNING    Inject point is ready.
2015-11-17 15:08:59,479 WARNING    Started Module: CTF Brute Force Module.
2015-11-17 15:09:00,433 INFO       Finish load module: ctf_bruteforce.
2015-11-17 15:09:13,563 INFO       Try to load: ctf_bruteforce.
2015-11-17 15:09:13,566 WARNING    Inject point is ready.
2015-11-17 15:09:13,566 WARNING    Started Module: CTF Brute Force Module.
2015-11-17 15:09:14,045 INFO       Finish load module: ctf_bruteforce.
2015-11-17 15:09:39,399 INFO       Try to load: ctf_bruteforce.
2015-11-17 15:09:39,402 WARNING    Inject point is ready.
2015-11-17 15:09:39,403 WARNING    Started Module: CTF Brute Force Module.
2015-11-17 15:09:51,834 INFO       Finish load module: ctf_bruteforce.
2015-11-17 15:09:53,547 INFO       Try to load: ctf_bruteforce.
2015-11-17 15:09:53,550 WARNING    Inject point is ready.
2015-11-17 15:09:53,550 WARNING    Started Module: CTF Brute Force Module.
2015-11-17 15:09:54,673 INFO       Finish load module: ctf_bruteforce.
2015-11-17 15:10:53,933 INFO       Try to load: ctf_bruteforce.
2015-11-17 15:10:53,936 WARNING    Inject point is ready.
2015-11-17 15:10:53,937 WARNING    Started Module: CTF Brute Force Module.
2015-11-17 15:11:00,024 INFO       Finish load module: ctf_bruteforce.
2015-11-17 15:12:25,100 INFO       Try to load: ctf_bruteforce.
2015-11-17 15:12:25,104 WARNING    Inject point is ready.
2015-11-17 15:12:25,104 WARNING    Started Module: CTF Brute Force Module.
2015-11-17 15:12:44,700 INFO       Finish load module: ctf_bruteforce.
2015-11-17 15:12:50,622 INFO       Try to load: ctf_bruteforce.
2015-11-17 15:12:50,625 WARNING    Inject point is ready.
2015-11-17 15:12:50,625 WARNING    Started Module: CTF Brute Force Module.
2015-11-17 15:13:08,711 INFO       Finish load module: ctf_bruteforce.
2015-11-17 15:13:30,418 INFO       Try to load: ctf_bruteforce.
2015-11-17 15:13:30,422 WARNING    Inject point is ready.
2015-11-17 15:13:30,422 WARNING    Started Module: CTF Brute Force Module.
2015-11-17 15:13:36,602 WARNING    Send 8 request.
2015-11-17 15:13:36,602 INFO       Finish load module: ctf_bruteforce.
2015-11-17 15:14:53,339 INFO       Try to load: ctf_bruteforce.
2015-11-17 15:14:53,343 WARNING    Inject point is ready.
2015-11-17 15:14:53,343 WARNING    Started Module: CTF Brute Force Module.
2015-11-17 15:14:53,343 INFO       Finish load module: ctf_bruteforce.
2015-11-17 15:15:30,080 INFO       Try to load: ctf_bruteforce.
2015-11-17 15:15:30,084 WARNING    Inject point is ready.
2015-11-17 15:15:30,084 WARNING    Started Module: CTF Brute Force Module.
2015-11-17 15:15:34,304 WARNING    Send 8 request.
2015-11-17 15:15:34,304 INFO       Finish load module: ctf_bruteforce.
2015-11-17 15:15:43,501 INFO       Try to load: ctf_bruteforce.
2015-11-17 15:15:43,504 WARNING    Inject point is ready.
2015-11-17 15:15:43,505 WARNING    Started Module: CTF Brute Force Module.
2015-11-17 15:15:46,807 WARNING    Send 8 request.
2015-11-17 15:15:46,808 INFO       Finish load module: ctf_bruteforce.
2015-11-17 15:16:10,742 DEBUG      Set Logging mode is True.
2015-11-17 15:16:10,743 INFO       Try to load: ctf_bruteforce.
2015-11-17 15:16:10,746 DEBUG      Loading module: ctf_bruteforce.
2015-11-17 15:16:10,746 DEBUG      Set URL to http://dantri.com.vn/*.
2015-11-17 15:16:10,747 DEBUG      URL include http/https, don`t need add prefix.
2015-11-17 15:16:10,747 DEBUG      URL include http/https, don`t need add prefix.
2015-11-17 15:16:10,747 DEBUG      Found 1 inject point in URL
2015-11-17 15:16:10,747 DEBUG      Set inject point to: URL
2015-11-17 15:16:10,747 WARNING    Inject point is ready.
2015-11-17 15:16:10,747 WARNING    Started Module: CTF Brute Force Module.
2015-11-17 15:16:10,752 DEBUG      Send GET request number 1 to dantri.com.vn.
2015-11-17 15:16:10,752 DEBUG      URL: http://dantri.com.vn/robots.txt.
2015-11-17 15:16:10,752 DEBUG      Cookie: None.
2015-11-17 15:16:12,731 WARNING    Send 1 request.
2015-11-17 15:16:12,731 INFO       Finish load module: ctf_bruteforce.
2015-11-17 15:17:57,232 DEBUG      Set Logging mode is True.
2015-11-17 15:17:57,233 INFO       Try to load: ctf_bruteforce.
2015-11-17 15:17:57,236 DEBUG      Loading module: ctf_bruteforce.
2015-11-17 15:17:57,236 DEBUG      Set URL to http://viettelict.com.vn/*.
2015-11-17 15:17:57,236 DEBUG      URL include http/https, don`t need add prefix.
2015-11-17 15:17:57,236 DEBUG      URL include http/https, don`t need add prefix.
2015-11-17 15:17:57,237 DEBUG      Found 1 inject point in URL
2015-11-17 15:17:57,237 DEBUG      Set inject point to: URL
2015-11-17 15:17:57,237 WARNING    Inject point is ready.
2015-11-17 15:17:57,237 WARNING    Started Module: CTF Brute Force Module.
2015-11-17 15:17:57,242 DEBUG      Send GET request number 1 to viettelict.com.vn.
2015-11-17 15:17:57,242 DEBUG      URL: http://viettelict.com.vn/robots.txt.
2015-11-17 15:17:57,242 DEBUG      Cookie: None.
2015-11-17 15:17:57,913 INFO       Finish load module: ctf_bruteforce.
2015-11-17 15:18:31,373 DEBUG      Set Logging mode is True.
2015-11-17 15:18:31,373 INFO       Try to load: ctf_bruteforce.
2015-11-17 15:18:31,377 DEBUG      Loading module: ctf_bruteforce.
2015-11-17 15:18:31,377 DEBUG      Set URL to http://viettelict.com.vn/*.
2015-11-17 15:18:31,377 DEBUG      URL include http/https, don`t need add prefix.
2015-11-17 15:18:31,377 DEBUG      URL include http/https, don`t need add prefix.
2015-11-17 15:18:31,378 DEBUG      Found 1 inject point in URL
2015-11-17 15:18:31,378 DEBUG      Set inject point to: URL
2015-11-17 15:18:31,378 WARNING    Inject point is ready.
2015-11-17 15:18:31,378 WARNING    Started Module: CTF Brute Force Module.
2015-11-17 15:18:32,065 INFO       Finish load module: ctf_bruteforce.
2015-11-17 15:18:39,313 DEBUG      Set Logging mode is True.
2015-11-17 15:18:39,313 INFO       Try to load: ctf_bruteforce.
2015-11-17 15:18:39,316 DEBUG      Loading module: ctf_bruteforce.
2015-11-17 15:18:39,316 DEBUG      Set URL to http://dantri.com.vn/*.
2015-11-17 15:18:39,317 DEBUG      URL include http/https, don`t need add prefix.
2015-11-17 15:18:39,317 DEBUG      URL include http/https, don`t need add prefix.
2015-11-17 15:18:39,317 DEBUG      Found 1 inject point in URL
2015-11-17 15:18:39,317 DEBUG      Set inject point to: URL
2015-11-17 15:18:39,317 WARNING    Inject point is ready.
2015-11-17 15:18:39,317 WARNING    Started Module: CTF Brute Force Module.
2015-11-17 15:18:54,764 WARNING    Send 0 request.
2015-11-17 15:18:54,765 INFO       Finish load module: ctf_bruteforce.
2015-11-17 15:18:55,821 DEBUG      Set Logging mode is True.
2015-11-17 15:18:55,821 INFO       Try to load: ctf_bruteforce.
2015-11-17 15:18:55,825 DEBUG      Loading module: ctf_bruteforce.
2015-11-17 15:18:55,825 DEBUG      Set URL to http://dantri.com.vn/*.
2015-11-17 15:18:55,825 DEBUG      URL include http/https, don`t need add prefix.
2015-11-17 15:18:55,825 DEBUG      URL include http/https, don`t need add prefix.
2015-11-17 15:18:55,826 DEBUG      Found 1 inject point in URL
2015-11-17 15:18:55,826 DEBUG      Set inject point to: URL
2015-11-17 15:18:55,826 WARNING    Inject point is ready.
2015-11-17 15:18:55,826 WARNING    Started Module: CTF Brute Force Module.
2015-11-17 15:19:00,638 WARNING    Send 0 request.
2015-11-17 15:19:00,639 INFO       Finish load module: ctf_bruteforce.
2015-11-17 15:20:03,846 INFO       Try to load: blind_sql_injection_binary_search.
2015-11-17 15:20:03,850 WARNING    Inject point is ready.
2015-11-17 15:20:03,850 WARNING    Started Module: Blind SQL injection Module.
2015-11-17 15:20:04,369 WARNING    Send 1 request.
2015-11-17 15:20:04,369 INFO       Finish load module: exploit/sql_injection/blind_sql_injection_binary_search.
2015-11-17 15:20:14,285 INFO       Try to load: blind_sql_injection.
2015-11-17 15:20:14,288 WARNING    Inject point is ready.
2015-11-17 15:20:14,289 WARNING    Started Module: Blind SQL injection Module.
2015-11-17 15:20:15,143 WARNING    Send 1 request.
2015-11-17 15:20:15,143 INFO       Finish load module: exploit/sql_injection/blind_sql_injection.
2015-11-17 15:20:35,990 INFO       Try to load: blind_sql_injection.
2015-11-17 15:20:35,994 WARNING    Inject point is ready.
2015-11-17 15:20:35,994 WARNING    Started Module: Blind SQL injection Module.
2015-11-17 15:20:36,859 WARNING    Send 1 request.
2015-11-17 15:20:36,859 INFO       Finish load module: exploit/sql_injection/blind_sql_injection.
2015-11-17 15:20:51,823 INFO       Try to load: blind_sql_injection.
2015-11-17 15:20:51,827 WARNING    Inject point is ready.
2015-11-17 15:20:51,827 WARNING    Started Module: Blind SQL injection Module.
2015-11-17 15:20:52,248 WARNING    Send 1 request.
2015-11-17 15:20:52,248 INFO       Finish load module: exploit/sql_injection/blind_sql_injection.
2015-11-17 15:21:02,805 INFO       Try to load: blind_sql_injection.
2015-11-17 15:21:02,809 WARNING    Inject point is ready.
2015-11-17 15:21:02,809 WARNING    Started Module: Blind SQL injection Module.
2015-11-17 15:21:03,437 WARNING    Send 1 request.
2015-11-17 15:21:03,437 INFO       Finish load module: exploit/sql_injection/blind_sql_injection.
2015-11-17 15:21:05,543 INFO       Try to load: blind_sql_injection.
2015-11-17 15:21:05,546 WARNING    Inject point is ready.
2015-11-17 15:21:05,546 WARNING    Started Module: Blind SQL injection Module.
2015-11-17 15:21:05,814 WARNING    Send 1 request.
2015-11-17 15:21:05,814 INFO       Finish load module: exploit/sql_injection/blind_sql_injection.
2015-11-17 15:21:12,274 INFO       Try to load: blind_sql_injection.
2015-11-17 15:21:12,278 WARNING    Inject point is ready.
2015-11-17 15:21:12,278 WARNING    Started Module: Blind SQL injection Module.
2015-11-17 15:21:12,881 WARNING    Send 1 request.
2015-11-17 15:21:12,881 INFO       Finish load module: exploit/sql_injection/blind_sql_injection.
2015-11-17 15:21:57,984 INFO       Try to load: blind_sql_injection.
2015-11-17 15:21:57,987 WARNING    Inject point is ready.
2015-11-17 15:21:57,988 WARNING    Started Module: Blind SQL injection Module.
2015-11-17 15:21:58,352 WARNING    Send 1 request.
2015-11-17 15:21:58,352 INFO       Finish load module: exploit/sql_injection/blind_sql_injection.
2015-11-17 15:22:22,431 INFO       Try to load: blind_sql_injection.
2015-11-17 15:22:22,434 WARNING    Inject point is ready.
2015-11-17 15:22:22,435 WARNING    Started Module: Blind SQL injection Module.
2015-11-17 15:22:24,078 WARNING    Send 1 request.
2015-11-17 15:22:24,078 INFO       Finish load module: exploit/sql_injection/blind_sql_injection.
2015-11-17 15:22:37,961 INFO       Try to load: blind_sql_injection.
2015-11-17 15:22:37,966 WARNING    Inject point is ready.
2015-11-17 15:22:37,967 WARNING    Started Module: Blind SQL injection Module.
2015-11-17 15:22:38,362 WARNING    Send 1 request.
2015-11-17 15:22:38,362 INFO       Finish load module: exploit/sql_injection/blind_sql_injection.
2015-11-17 15:23:08,618 INFO       Try to load: blind_sql_injection.
2015-11-17 15:23:08,621 WARNING    Inject point is ready.
2015-11-17 15:23:08,621 WARNING    Started Module: Blind SQL injection Module.
2015-11-17 15:23:09,347 WARNING    Send 1 request.
2015-11-17 15:23:09,348 INFO       Finish load module: exploit/sql_injection/blind_sql_injection.
2015-11-17 15:23:10,734 INFO       Try to load: blind_sql_injection.
2015-11-17 15:23:10,737 WARNING    Inject point is ready.
2015-11-17 15:23:10,737 WARNING    Started Module: Blind SQL injection Module.
2015-11-17 15:23:11,022 WARNING    Send 1 request.
2015-11-17 15:23:11,022 INFO       Finish load module: exploit/sql_injection/blind_sql_injection.
2015-11-17 15:23:43,727 INFO       Try to load: ctf_bruteforce.
2015-11-17 15:23:43,731 WARNING    Inject point is ready.
2015-11-17 15:23:43,731 WARNING    Started Module: CTF Brute Force Module.
2015-11-17 15:23:43,731 INFO       Finish load module: ctf_bruteforce.
2015-11-17 15:24:06,353 INFO       Try to load: ctf_bruteforce.
2015-11-17 15:24:06,356 WARNING    Inject point is ready.
2015-11-17 15:24:06,357 WARNING    Started Module: CTF Brute Force Module.
2015-11-17 15:24:14,087 WARNING    Send 8 request.
2015-11-17 15:24:14,087 INFO       Finish load module: ctf_bruteforce.
2015-11-17 15:25:17,908 INFO       Try to load: ctf_bruteforce.
2015-11-17 15:25:17,912 WARNING    Inject point is ready.
2015-11-17 15:25:17,912 WARNING    Started Module: CTF Brute Force Module.
2015-11-17 15:25:26,909 WARNING    Send 8 request.
2015-11-17 15:25:26,909 INFO       Finish load module: ctf_bruteforce.
2015-11-17 15:25:37,022 INFO       Try to load: ctf_bruteforce.
2015-11-17 15:25:37,025 WARNING    Inject point is ready.
2015-11-17 15:25:37,025 WARNING    Started Module: CTF Brute Force Module.
2015-11-17 15:25:41,267 INFO       Finish load module: ctf_bruteforce.
2015-11-17 15:26:55,622 INFO       Try to load: ctf_bruteforce.
2015-11-17 15:26:55,626 WARNING    Inject point is ready.
2015-11-17 15:26:55,626 WARNING    Started Module: CTF Brute Force Module.
2015-11-17 15:27:00,329 INFO       Finish load module: ctf_bruteforce.
2015-11-17 15:27:01,810 DEBUG      Set Logging mode is True.
2015-11-17 15:27:01,810 INFO       Try to load: ctf_bruteforce.
2015-11-17 15:27:01,813 DEBUG      Loading module: ctf_bruteforce.
2015-11-17 15:27:01,813 DEBUG      Set URL to http://dantri.com.vn/*.
2015-11-17 15:27:01,813 DEBUG      URL include http/https, don`t need add prefix.
2015-11-17 15:27:01,813 DEBUG      URL include http/https, don`t need add prefix.
2015-11-17 15:27:01,814 DEBUG      Found 1 inject point in URL
2015-11-17 15:27:01,814 DEBUG      Set inject point to: URL
2015-11-17 15:27:01,814 WARNING    Inject point is ready.
2015-11-17 15:27:01,814 WARNING    Started Module: CTF Brute Force Module.
2015-11-17 15:27:01,819 DEBUG      Send GET request number 1 to dantri.com.vn.
2015-11-17 15:27:01,819 DEBUG      URL: http://dantri.com.vn/robots.txt.
2015-11-17 15:27:01,819 DEBUG      Cookie: None.
2015-11-17 15:27:02,382 DEBUG      Send GET request number 2 to dantri.com.vn.
2015-11-17 15:27:02,383 DEBUG      URL: http://dantri.com.vn/robots.txt.
2015-11-17 15:27:02,383 DEBUG      Cookie: None.
2015-11-17 15:27:02,949 DEBUG      Send GET request number 3 to dantri.com.vn.
2015-11-17 15:27:02,949 DEBUG      URL: http://dantri.com.vn/robots.txt.
2015-11-17 15:27:02,949 DEBUG      Cookie: None.
2015-11-17 15:27:04,533 DEBUG      Send GET request number 4 to dantri.com.vn.
2015-11-17 15:27:04,533 DEBUG      URL: http://dantri.com.vn/robots.txt.
2015-11-17 15:27:04,533 DEBUG      Cookie: None.
2015-11-17 15:27:05,133 DEBUG      Send GET request number 5 to dantri.com.vn.
2015-11-17 15:27:05,133 DEBUG      URL: http://dantri.com.vn/robots.txt.
2015-11-17 15:27:05,133 DEBUG      Cookie: None.
2015-11-17 15:27:10,196 DEBUG      Send GET request number 6 to dantri.com.vn.
2015-11-17 15:27:10,196 DEBUG      URL: http://dantri.com.vn/robots.txt.
2015-11-17 15:27:10,196 DEBUG      Cookie: None.
2015-11-17 15:27:10,824 DEBUG      Send GET request number 7 to dantri.com.vn.
2015-11-17 15:27:10,824 DEBUG      URL: http://dantri.com.vn/robots.txt.
2015-11-17 15:27:10,824 DEBUG      Cookie: None.
2015-11-17 15:27:13,937 DEBUG      Send GET request number 8 to dantri.com.vn.
2015-11-17 15:27:13,937 DEBUG      URL: http://dantri.com.vn/robots.txt.
2015-11-17 15:27:13,937 DEBUG      Cookie: None.
2015-11-17 15:27:14,586 WARNING    Send 8 request.
2015-11-17 15:27:14,586 INFO       Finish load module: ctf_bruteforce.
2015-11-17 15:27:34,282 DEBUG      Set Logging mode is True.
2015-11-17 15:27:34,283 INFO       Try to load: ctf_bruteforce.
2015-11-17 15:27:34,286 DEBUG      Loading module: ctf_bruteforce.
2015-11-17 15:27:34,286 DEBUG      Set URL to http://dantri.com.vn/*.
2015-11-17 15:27:34,287 DEBUG      URL include http/https, don`t need add prefix.
2015-11-17 15:27:34,287 DEBUG      URL include http/https, don`t need add prefix.
2015-11-17 15:27:34,287 DEBUG      Found 1 inject point in URL
2015-11-17 15:27:34,287 DEBUG      Set inject point to: URL
2015-11-17 15:27:34,287 WARNING    Inject point is ready.
2015-11-17 15:27:34,287 WARNING    Started Module: CTF Brute Force Module.
2015-11-17 15:27:34,292 DEBUG      Send GET request number 1 to dantri.com.vn.
2015-11-17 15:27:34,292 DEBUG      URL: http://dantri.com.vn/robots.txt.
2015-11-17 15:27:34,293 DEBUG      Cookie: None.
2015-11-17 15:27:34,547 DEBUG      Send GET request number 2 to dantri.com.vn.
2015-11-17 15:27:34,547 DEBUG      URL: http://dantri.com.vn/robots.txt.
2015-11-17 15:27:34,547 DEBUG      Cookie: None.
2015-11-17 15:27:35,307 DEBUG      Send GET request number 3 to dantri.com.vn.
2015-11-17 15:27:35,307 DEBUG      URL: http://dantri.com.vn/robots.txt.
2015-11-17 15:27:35,307 DEBUG      Cookie: None.
2015-11-17 15:27:35,590 DEBUG      Send GET request number 4 to dantri.com.vn.
2015-11-17 15:27:35,591 DEBUG      URL: http://dantri.com.vn/robots.txt.
2015-11-17 15:27:35,591 DEBUG      Cookie: None.
2015-11-17 15:27:37,109 INFO       Finish load module: ctf_bruteforce.
2015-11-17 15:28:02,657 INFO       Try to load: blind_sql_injection.
2015-11-17 15:28:02,661 WARNING    Inject point is ready.
2015-11-17 15:28:02,661 WARNING    Started Module: Blind SQL injection Module.
2015-11-17 15:28:04,027 WARNING    Send 2 request.
2015-11-17 15:28:04,028 INFO       Finish load module: exploit/sql_injection/blind_sql_injection.
2015-11-17 15:28:06,638 DEBUG      Set Logging mode is True.
2015-11-17 15:28:06,638 INFO       Try to load: blind_sql_injection.
2015-11-17 15:28:06,641 DEBUG      Loading module: exploit/sql_injection/blind_sql_injection.
2015-11-17 15:28:06,642 DEBUG      Set URL to dantri.com.vn/*.
2015-11-17 15:28:06,642 DEBUG      Add prefix http to: http://dantri.com.vn/*.
2015-11-17 15:28:06,642 DEBUG      URL include http/https, don`t need add prefix.
2015-11-17 15:28:06,642 DEBUG      Found 1 inject point in URL
2015-11-17 15:28:06,642 DEBUG      Set inject point to: URL
2015-11-17 15:28:06,642 WARNING    Inject point is ready.
2015-11-17 15:28:06,642 WARNING    Started Module: Blind SQL injection Module.
2015-11-17 15:28:06,647 DEBUG      Send GET request number 1 to dantri.com.vn.
2015-11-17 15:28:06,647 DEBUG      URL: http://dantri.com.vn/robots.txt.
2015-11-17 15:28:06,647 DEBUG      Cookie: None.
2015-11-17 15:28:06,905 DEBUG      Send GET request number 2 to dantri.com.vn.
2015-11-17 15:28:06,905 DEBUG      URL: http://dantri.com.vn/robots.txt.
2015-11-17 15:28:06,906 DEBUG      Cookie: None.
2015-11-17 15:28:07,163 WARNING    Send 2 request.
2015-11-17 15:28:07,163 INFO       Finish load module: exploit/sql_injection/blind_sql_injection.
2015-11-17 15:28:56,431 DEBUG      Set Logging mode is True.
2015-11-17 15:28:56,431 INFO       Try to load: blind_sql_injection.
2015-11-17 15:28:56,434 DEBUG      Loading module: exploit/sql_injection/blind_sql_injection.
2015-11-17 15:28:56,435 DEBUG      Set URL to dantri.com.vn/*.
2015-11-17 15:28:56,435 DEBUG      Add prefix http to: http://dantri.com.vn/*.
2015-11-17 15:28:56,435 DEBUG      URL include http/https, don`t need add prefix.
2015-11-17 15:28:56,435 DEBUG      Found 1 inject point in URL
2015-11-17 15:28:56,435 DEBUG      Set inject point to: URL
2015-11-17 15:28:56,435 WARNING    Inject point is ready.
2015-11-17 15:28:56,436 WARNING    Started Module: Blind SQL injection Module.
2015-11-17 15:28:56,440 DEBUG      Send GET request number 1 to dantri.com.vn.
2015-11-17 15:28:56,440 DEBUG      URL: http://dantri.com.vn/robots.txt.
2015-11-17 15:28:56,441 DEBUG      Cookie: None.
2015-11-17 15:28:57,064 DEBUG      Send GET request number 2 to dantri.com.vn.
2015-11-17 15:28:57,064 DEBUG      URL: http://dantri.com.vn/robots.txt.
2015-11-17 15:28:57,064 DEBUG      Cookie: None.
2015-11-17 15:28:57,431 WARNING    Send 2 request.
2015-11-17 15:28:57,431 INFO       Finish load module: exploit/sql_injection/blind_sql_injection.
2015-11-17 15:45:21,246 DEBUG      Set Logging mode is True.
2015-11-17 15:45:21,246 INFO       Try to load: blind_sql_injection.
2015-11-17 15:45:21,250 DEBUG      Loading module: exploit/sql_injection/blind_sql_injection.
2015-11-17 15:45:21,250 DEBUG      Set URL to dantri.com.vn/*.
2015-11-17 15:45:21,250 DEBUG      Add prefix http to: http://dantri.com.vn/*.
2015-11-17 15:45:21,250 DEBUG      URL include http/https, don`t need add prefix.
2015-11-17 15:45:21,250 DEBUG      Found 1 inject point in URL
2015-11-17 15:45:21,251 DEBUG      Set inject point to: URL
2015-11-17 15:45:21,251 WARNING    Inject point is ready.
2015-11-17 15:45:21,251 WARNING    Started Module: Blind SQL injection Module.
2015-11-17 15:45:21,256 DEBUG      Send GET request number 1 to dantri.com.vn.
2015-11-17 15:45:21,256 DEBUG      URL: http://dantri.com.vn/robots.txt.
2015-11-17 15:45:21,257 DEBUG      Cookie: None.
2015-11-17 15:45:21,634 DEBUG      Send GET request number 2 to dantri.com.vn.
2015-11-17 15:45:21,634 DEBUG      URL: http://dantri.com.vn/aa.txt.
2015-11-17 15:45:21,635 DEBUG      Cookie: None.
2015-11-17 15:45:22,333 WARNING    Send 2 request.
2015-11-17 15:45:22,333 INFO       Finish load module: exploit/sql_injection/blind_sql_injection.
2015-11-17 15:47:36,601 DEBUG      Set Logging mode is True.
2015-11-17 15:47:36,601 INFO       Try to load: blind_sql_injection.
2015-11-17 15:47:36,605 DEBUG      Loading module: exploit/sql_injection/blind_sql_injection.
2015-11-17 15:47:36,605 DEBUG      Set URL to dantri.com.vn/*.
2015-11-17 15:47:36,605 DEBUG      Add prefix http to: http://dantri.com.vn/*.
2015-11-17 15:47:36,605 DEBUG      URL include http/https, don`t need add prefix.
2015-11-17 15:47:36,605 DEBUG      Found 1 inject point in URL
2015-11-17 15:47:36,605 DEBUG      Set inject point to: URL
2015-11-17 15:47:36,606 WARNING    Inject point is ready.
2015-11-17 15:47:36,606 WARNING    Started Module: Blind SQL injection Module.
2015-11-17 15:47:36,610 DEBUG      Send GET request number 1 to dantri.com.vn.
2015-11-17 15:47:36,611 DEBUG      URL: http://dantri.com.vn/robots.txt.
2015-11-17 15:47:36,611 DEBUG      Cookie: None.
2015-11-17 15:47:37,156 DEBUG      Send GET request number 2 to dantri.com.vn.
2015-11-17 15:47:37,156 DEBUG      URL: http://dantri.com.vn/aa.txt.
2015-11-17 15:47:37,156 DEBUG      Cookie: None.
2015-11-17 15:47:37,551 WARNING    Send 2 request.
2015-11-17 15:47:37,551 INFO       Finish load module: exploit/sql_injection/blind_sql_injection.
2015-11-17 15:47:45,735 DEBUG      Set Logging mode is True.
2015-11-17 15:47:45,735 INFO       Try to load: blind_sql_injection.
2015-11-17 15:47:45,739 DEBUG      Loading module: exploit/sql_injection/blind_sql_injection.
2015-11-17 15:47:45,739 DEBUG      Set URL to dantri.com.vn/.
2015-11-17 15:47:45,739 DEBUG      Add prefix http to: http://dantri.com.vn/.
2015-11-17 15:47:45,739 DEBUG      URL include http/https, don`t need add prefix.
2015-11-17 15:47:45,739 ERROR      Not found any inject point.
2015-11-17 15:47:45,739 INFO       Finish load module: exploit/sql_injection/blind_sql_injection.
2015-11-17 15:48:04,354 INFO       Try to load: blind_sql_injection.
2015-11-17 15:48:04,358 WARNING    Inject point is ready.
2015-11-17 15:48:04,358 WARNING    Started Module: Blind SQL injection Module.
2015-11-17 15:48:04,358 INFO       Finish load module: exploit/sql_injection/blind_sql_injection.
2015-11-17 15:48:34,240 INFO       Try to load: blind_sql_injection.
2015-11-17 15:48:34,243 WARNING    Inject point is ready.
2015-11-17 15:48:34,243 WARNING    Started Module: Blind SQL injection Module.
2015-11-17 15:48:36,039 WARNING    Send 2 request.
2015-11-17 15:48:36,040 INFO       Finish load module: exploit/sql_injection/blind_sql_injection.
2015-11-17 15:48:46,226 DEBUG      Set Logging mode is True.
2015-11-17 15:48:46,227 INFO       Try to load: blind_sql_injection.
2015-11-17 15:48:46,230 DEBUG      Loading module: exploit/sql_injection/blind_sql_injection.
2015-11-17 15:48:46,230 DEBUG      Set URL to dantri.com.vn/.
2015-11-17 15:48:46,230 DEBUG      Set COOKIE to a1:*;b:c.
2015-11-17 15:48:46,230 DEBUG      Add prefix http to: http://dantri.com.vn/.
2015-11-17 15:48:46,231 DEBUG      URL include http/https, don`t need add prefix.
2015-11-17 15:48:46,231 DEBUG      Found 1 inject point in COOKIE
2015-11-17 15:48:46,231 DEBUG      Set inject point to: COOKIE
2015-11-17 15:48:46,231 WARNING    Inject point is ready.
2015-11-17 15:48:46,231 WARNING    Started Module: Blind SQL injection Module.
2015-11-17 15:48:46,236 DEBUG      Send GET request number 1 to dantri.com.vn.
2015-11-17 15:48:46,236 DEBUG      URL: http://dantri.com.vn/.
2015-11-17 15:48:46,236 DEBUG      Cookie: {'a1': 'robots.txt', 'b': 'c'}.
2015-11-17 15:48:52,917 DEBUG      Send GET request number 2 to dantri.com.vn.
2015-11-17 15:48:52,917 DEBUG      URL: http://dantri.com.vn/.
2015-11-17 15:48:52,917 DEBUG      Cookie: {'a1': 'robots.txt', 'b': 'c'}.
2015-11-17 15:48:53,817 WARNING    Send 2 request.
2015-11-17 15:48:53,818 INFO       Finish load module: exploit/sql_injection/blind_sql_injection.
2015-11-17 15:49:10,846 DEBUG      Set Logging mode is True.
2015-11-17 15:49:10,847 INFO       Try to load: blind_sql_injection.
2015-11-17 15:49:10,851 DEBUG      Loading module: exploit/sql_injection/blind_sql_injection.
2015-11-17 15:49:10,851 DEBUG      Set URL to dantri.com.vn/.
2015-11-17 15:49:10,851 DEBUG      Set COOKIE to a1:*;b:c.
2015-11-17 15:49:10,851 DEBUG      Add prefix http to: http://dantri.com.vn/.
2015-11-17 15:49:10,851 DEBUG      URL include http/https, don`t need add prefix.
2015-11-17 15:49:10,852 DEBUG      Found 1 inject point in COOKIE
2015-11-17 15:49:10,852 DEBUG      Set inject point to: COOKIE
2015-11-17 15:49:10,852 WARNING    Inject point is ready.
2015-11-17 15:49:10,852 WARNING    Started Module: Blind SQL injection Module.
2015-11-17 15:49:10,857 DEBUG      Send GET request number 1 to dantri.com.vn.
2015-11-17 15:49:10,857 DEBUG      URL: http://dantri.com.vn/.
2015-11-17 15:49:10,858 DEBUG      Cookie: {'a1': 'robots.txt', 'b': 'c'}.
2015-11-17 15:49:12,350 WARNING    Send 1 request.
2015-11-17 15:49:12,350 INFO       Finish load module: exploit/sql_injection/blind_sql_injection.
2015-11-17 15:49:29,985 DEBUG      Set Logging mode is True.
2015-11-17 15:49:29,985 INFO       Try to load: blind_sql_injection.
2015-11-17 15:49:29,988 DEBUG      Loading module: exploit/sql_injection/blind_sql_injection.
2015-11-17 15:49:29,989 DEBUG      Set URL to dantri.com.vn/.
2015-11-17 15:49:29,989 DEBUG      Set COOKIE to a1:*;b:c.
2015-11-17 15:49:29,989 DEBUG      Add prefix http to: http://dantri.com.vn/.
2015-11-17 15:49:29,989 DEBUG      URL include http/https, don`t need add prefix.
2015-11-17 15:49:29,989 DEBUG      Found 1 inject point in COOKIE
2015-11-17 15:49:29,989 DEBUG      Set inject point to: COOKIE
2015-11-17 15:49:29,990 WARNING    Inject point is ready.
2015-11-17 15:49:29,990 WARNING    Started Module: Blind SQL injection Module.
2015-11-17 15:49:29,995 DEBUG      Send GET request number 1 to dantri.com.vn.
2015-11-17 15:49:29,995 DEBUG      URL: http://dantri.com.vn/.
2015-11-17 15:49:29,995 DEBUG      Cookie: {'a1': 'robots.txt', 'b': 'c'}.
2015-11-17 15:49:30,888 WARNING    Send 1 request.
2015-11-17 15:49:30,889 INFO       Finish load module: exploit/sql_injection/blind_sql_injection.
2015-11-17 15:49:55,410 INFO       Try to load: ctf_bruteforce.
2015-11-17 15:49:55,414 WARNING    Inject point is ready.
2015-11-17 15:49:55,414 WARNING    Started Module: CTF Brute Force Module.
2015-11-17 15:49:58,762 WARNING    Send 8 request.
2015-11-17 15:49:58,762 INFO       Finish load module: ctf_bruteforce.
2015-11-17 15:51:36,817 INFO       Try to load: ctf_bruteforce.
2015-11-17 15:51:36,821 WARNING    Inject point is ready.
2015-11-17 15:51:36,821 WARNING    Started Module: CTF Brute Force Module.
2015-11-17 15:51:39,944 WARNING    Send 8 request.
2015-11-17 15:51:39,945 INFO       Finish load module: ctf_bruteforce.
2015-11-17 15:51:55,770 INFO       Try to load: ctf_bruteforce.
2015-11-17 15:51:55,773 WARNING    Inject point is ready.
2015-11-17 15:51:55,774 WARNING    Started Module: CTF Brute Force Module.
2015-11-17 15:51:55,774 INFO       Finish load module: ctf_bruteforce.
