2015-11-08 12:28:06,468 Loaded Module
2015-11-08 12:33:26,293 Loaded Module
2015-11-08 12:36:11,603 Set Logging mode is True.
2015-11-08 12:36:11,603 Try to load: aa.
2015-11-08 12:36:11,603 Loaded Module
2015-11-08 12:36:59,831 Set Logging mode is True.
2015-11-08 12:36:59,831 Try to load: aa.
2015-11-08 12:36:59,832 Loaded Module
2015-11-08 12:37:47,354 Set Logging mode is True.
2015-11-08 12:37:47,355 Try to load: aa.
2015-11-08 12:37:47,355 Loaded Module
2015-11-08 12:38:29,111 Set Logging mode is True.
2015-11-08 12:38:29,112 Try to load: aa.
2015-11-08 12:38:29,112 Loaded Module
2015-11-08 12:38:34,506 Set Logging mode is True.
2015-11-08 12:38:34,506 Try to load: aa.
2015-11-08 12:38:34,506 Error when load module aa.
2015-11-08 12:38:41,739 Set Logging mode is True.
2015-11-08 12:38:41,739 Try to load: aa.
2015-11-08 12:38:41,740 Error when load module aa.
2015-11-08 12:38:41,740 [Errno 2] No such file or directory
2015-11-08 12:39:38,719 Set Logging mode is True.
2015-11-08 12:39:38,719 Try to load: aa.
2015-11-08 12:39:38,719 [Errno 2] No such file or directory
2015-11-08 12:39:38,719 Error when load module aa.
2015-11-08 12:39:49,580 Set Logging mode is True.
2015-11-08 12:39:49,580 Try to load: aa.
2015-11-08 12:39:49,581 Loaded Module
2015-11-08 12:39:49,581 Loaded module: aa
2015-11-08 12:40:13,886 Set Logging mode is True.
2015-11-08 12:40:13,887 Try to load: aa.
2015-11-08 12:40:13,887 Loaded Module
2015-11-08 12:40:13,887 Loaded module: aa
2015-11-08 12:40:13,887 Finish load module: aa
2015-11-08 12:41:20,701 Set Logging mode is True.
2015-11-08 12:41:20,701 Try to load: aa.
2015-11-08 12:41:20,701 [Errno 2] No such file or directory
2015-11-08 12:41:20,701 Error when load module aa.
2015-11-08 12:41:20,701 Finish load module: aa
2015-11-08 13:06:03,612 Set Logging mode is True.
2015-11-08 13:06:03,612 Try to load: aa.
2015-11-08 13:06:03,613 [Errno 2] No such file or directory
2015-11-08 13:06:03,613 Error when load module aa.
2015-11-08 13:06:03,613 Finish load module: aa
2015-11-08 13:08:53,844 Set Logging mode is True.
2015-11-08 13:08:53,844 Try to load: aa.
2015-11-08 13:08:53,845 global name 'modules' is not defined
2015-11-08 13:08:53,845 Error when load module aa.
2015-11-08 13:08:53,845 Finish load module: aa
2015-11-08 13:08:55,699 Set Logging mode is True.
2015-11-08 13:08:55,699 Try to load: aa.
2015-11-08 13:08:55,699 global name 'modules' is not defined
2015-11-08 13:08:55,700 Error when load module aa.
2015-11-08 13:08:55,700 Finish load module: aa
2015-11-08 13:08:59,614 Set Logging mode is True.
2015-11-08 13:08:59,615 Try to load: a.
2015-11-08 13:08:59,615 global name 'modules' is not defined
2015-11-08 13:08:59,615 Error when load module a.
2015-11-08 13:08:59,615 Finish load module: a
2015-11-08 13:09:17,989 Set Logging mode is True.
2015-11-08 13:09:17,989 Try to load: a.
2015-11-08 13:09:17,989 global name 'modules' is not defined
2015-11-08 13:09:17,990 Error when load module a.
2015-11-08 13:09:17,990 Finish load module: a
2015-11-08 13:09:29,557 Set Logging mode is True.
2015-11-08 13:09:29,558 Try to load: a.
2015-11-08 13:09:29,558 WEToolKit instance has no attribute 'modules'
2015-11-08 13:09:29,558 Error when load module a.
2015-11-08 13:09:29,558 Finish load module: a
2015-11-08 13:09:42,582 Set Logging mode is True.
2015-11-08 13:09:42,583 Try to load: a.
2015-11-08 13:09:42,583 Loaded Module
2015-11-08 13:09:42,583 Loaded module: a
2015-11-08 13:09:42,584 Finish load module: a
2015-11-08 13:11:36,630 Set Logging mode is True.
2015-11-08 13:11:36,630 Try to load: a.
2015-11-08 13:11:36,631 Loaded Module
2015-11-08 13:11:36,631 Loaded module: a
2015-11-08 13:11:36,631 Finish load module: a
2015-11-08 13:11:49,061 Set Logging mode is True.
2015-11-08 13:11:49,061 Try to load: a/a.
2015-11-08 13:11:49,061 [Errno 2] No such file or directory
2015-11-08 13:11:49,061 Error when load module a/a.
2015-11-08 13:11:49,062 Finish load module: a/a
2015-11-08 13:12:12,318 Set Logging mode is True.
2015-11-08 13:12:12,318 Try to load: a/a.
2015-11-08 13:12:12,318 [Errno 2] No such file or directory
2015-11-08 13:12:12,319 Error when load module a/a.
2015-11-08 13:12:12,319 Finish load module: a/a
2015-11-08 13:12:36,017 Set Logging mode is True.
2015-11-08 13:12:36,017 Try to load: a/a.
2015-11-08 13:12:36,018 [Errno 2] No such file or directory
2015-11-08 13:12:36,018 Error when load module a/a.
2015-11-08 13:12:36,018 Finish load module: a/a
2015-11-08 13:12:52,590 Set Logging mode is True.
2015-11-08 13:12:52,591 Try to load: exploit/a.
2015-11-08 13:12:52,591 Loaded Module
2015-11-08 13:12:52,591 Loaded module: exploit/a
2015-11-08 13:12:52,591 Finish load module: exploit/a
2015-11-08 13:13:25,686 Set Logging mode is True.
2015-11-08 13:13:25,686 Try to load: exploit/a.
2015-11-08 13:13:25,687 Loaded Module
2015-11-08 13:13:25,687 Loaded module: exploit/a
2015-11-08 13:13:25,687 Finish load module: exploit/a
2015-11-08 13:13:37,699 Set Logging mode is True.
2015-11-08 13:13:37,700 Try to load: ['exploit', 'a'].
2015-11-08 13:13:37,700 Loaded Module
2015-11-08 13:13:37,700 Loaded module: exploit/a
2015-11-08 13:13:37,700 Finish load module: exploit/a
2015-11-08 13:15:05,669 Set Logging mode is True.
2015-11-08 13:15:05,670 Try to load: ['exploit'].
2015-11-08 13:15:05,670 Loaded Module
2015-11-08 13:15:05,670 Loaded module: exploit/a
2015-11-08 13:15:05,670 Finish load module: exploit/a
2015-11-08 13:16:23,749 Set Logging mode is True.
2015-11-08 13:16:23,750 Try to load: [].
2015-11-08 13:16:23,750 Loaded Module
2015-11-08 13:16:23,750 Loaded module: a
2015-11-08 13:16:23,750 Finish load module: a
2015-11-08 13:16:48,564 Set Logging mode is True.
2015-11-08 13:16:48,564 Try to load: ['a'].
2015-11-08 13:16:48,565 [Errno 2] No such file or directory
2015-11-08 13:16:48,565 Error when load module a/a.
2015-11-08 13:16:48,565 Finish load module: a/a
2015-11-08 13:17:06,704 Set Logging mode is True.
2015-11-08 13:17:06,704 Try to load: a.
2015-11-08 13:17:06,705 [Errno 2] No such file or directory
2015-11-08 13:17:06,705 Error when load module a/a.
2015-11-08 13:17:06,705 Finish load module: a/a
2015-11-08 13:17:10,180 Set Logging mode is True.
2015-11-08 13:17:10,180 Try to load: a.
2015-11-08 13:17:10,180 Loaded Module
2015-11-08 13:17:10,181 Loaded module: a
2015-11-08 13:17:10,181 Finish load module: a
2015-11-08 13:19:46,974 DEBUG Set Logging mode is True.
2015-11-08 13:19:46,974 DEBUG Try to load: a.
2015-11-08 13:19:46,975 INFO Loaded Module
2015-11-08 13:19:46,975 WARNING Loaded module: a
2015-11-08 13:19:46,975 WARNING Finish load module: a
2015-11-08 13:20:07,210 DEBUG           Set Logging mode is True.
2015-11-08 13:20:07,210 DEBUG           Try to load: a.
2015-11-08 13:20:07,210 INFO            Loaded Module
2015-11-08 13:20:07,210 WARNING         Loaded module: a
2015-11-08 13:20:07,211 WARNING         Finish load module: a
2015-11-08 13:20:16,222 DEBUG      Set Logging mode is True.
2015-11-08 13:20:16,223 DEBUG      Try to load: a.
2015-11-08 13:20:16,223 INFO       Loaded Module
2015-11-08 13:20:16,223 WARNING    Loaded module: a
2015-11-08 13:20:16,223 WARNING    Finish load module: a
2015-11-08 13:20:57,240 \[DEBUG      Set Logging mode is True.
2015-11-08 13:20:57,240 \[DEBUG      Try to load: a.
2015-11-08 13:20:57,240 \[INFO       Loaded Module
2015-11-08 13:20:57,240 \[WARNING    Loaded module: a
2015-11-08 13:20:57,241 \[WARNING    Finish load module: a
2015-11-08 13:21:13,611 [DEBUG     ] Set Logging mode is True.
2015-11-08 13:21:13,611 [DEBUG     ] Try to load: a.
2015-11-08 13:21:13,611 [INFO      ] Loaded Module
2015-11-08 13:21:13,612 [WARNING   ] Loaded module: a
2015-11-08 13:21:13,612 [WARNING   ] Finish load module: a
2015-11-08 13:21:53,790 DEBUG      Set Logging mode is True.
2015-11-08 13:21:53,790 DEBUG      Try to load: a.
2015-11-08 13:21:53,790 INFO       Loaded Module
2015-11-08 13:21:53,791 WARNING    Loaded module: a
2015-11-08 13:21:53,791 WARNING    Finish load module: a
2015-11-08 13:26:40,493 DEBUG      Set Logging mode is True.
2015-11-08 13:26:40,493 DEBUG      Try to load: a.
2015-11-08 13:26:40,494 DEBUG      invalid syntax (a.py, line 6)
2015-11-08 13:26:40,494 ERROR      Error when load module a.
2015-11-08 13:26:40,494 WARNING    Finish load module: a
2015-11-08 13:28:15,896 DEBUG      Set Logging mode is True.
2015-11-08 13:28:15,897 DEBUG      Try to load: a.
2015-11-08 13:28:15,897 WARNING    Loaded module: a
2015-11-08 13:28:15,897 WARNING    Finish load module: a
2015-11-08 13:29:09,382 DEBUG      Set Logging mode is True.
2015-11-08 13:29:09,382 DEBUG      Try to load: a.
2015-11-08 13:29:09,383 WARNING    Loaded module: a
2015-11-08 13:29:09,383 WARNING    Finish load module: a
2015-11-08 13:30:06,821 DEBUG      Set Logging mode is True.
2015-11-08 13:30:06,821 DEBUG      Try to load: a.
2015-11-08 13:30:06,821 WARNING    Loading module: a
2015-11-08 13:30:06,822 WARNING    Finish load module: a
2015-11-08 13:31:25,451 DEBUG      Set Logging mode is True.
2015-11-08 13:31:25,451 DEBUG      Try to load: a.
2015-11-08 13:31:25,451 WARNING    Loading module: a
2015-11-08 13:31:25,452 WARNING    Finish load module: a
2015-11-08 13:32:45,925 DEBUG      Set Logging mode is True.
2015-11-08 13:32:45,925 DEBUG      Try to load: a.
2015-11-08 13:32:45,926 WARNING    Loading module: a
2015-11-08 13:32:45,926 WARNING    Finish load module: a
2015-11-08 13:33:28,524 DEBUG      Set Logging mode is True.
2015-11-08 13:33:28,524 DEBUG      Try to load: a.
2015-11-08 13:33:28,525 DEBUG      'module' object has no attribute 'start'
2015-11-08 13:33:28,525 ERROR      Error when load module a.
2015-11-08 13:33:28,525 WARNING    Finish load module: a
2015-11-08 13:34:08,251 DEBUG      Set Logging mode is True.
2015-11-08 13:34:08,252 DEBUG      Try to load: a.
2015-11-08 13:34:08,252 INFO       Loaded Module Template Module
2015-11-08 13:34:08,252 WARNING    Loading module: a
2015-11-08 13:34:08,252 WARNING    Finish load module: a
2015-11-08 13:34:35,999 DEBUG      Set Logging mode is True.
2015-11-08 13:34:36,000 DEBUG      Try to load: a.
2015-11-08 13:34:36,000 INFO       Loaded Module: Template Module
2015-11-08 13:34:36,000 DEBUG      Loading module: a
2015-11-08 13:34:36,001 INFO       Finish load module: a
2015-11-08 13:35:11,738 DEBUG      Set Logging mode is True.
2015-11-08 13:35:11,739 DEBUG      Try to load: a.
2015-11-08 13:35:11,739 DEBUG      Loading module: a
2015-11-08 13:35:11,739 INFO       Loaded Module: Template Module
2015-11-08 13:35:11,739 INFO       Finish load module: a
2015-11-08 13:44:40,863 DEBUG      Set Logging mode is True.
2015-11-08 13:44:40,863 DEBUG      Try to load: a.
2015-11-08 13:44:40,863 DEBUG      Loading module: a
2015-11-08 13:44:40,864 INFO       Loaded Module: Template Module
2015-11-08 13:44:40,864 INFO       Finish load module: a
2015-11-08 13:45:28,349 DEBUG      Set Logging mode is True.
2015-11-08 13:45:28,349 DEBUG      Try to load: a.
2015-11-08 13:45:28,350 DEBUG      Loading module: a
2015-11-08 13:45:28,350 INFO       Finish load module: a
2015-11-08 13:45:44,138 DEBUG      Set Logging mode is True.
2015-11-08 13:45:44,138 DEBUG      Try to load: a.
2015-11-08 13:45:44,138 DEBUG      Loading module: a
2015-11-08 13:45:44,139 INFO       Loaded Module: Template Module
2015-11-08 13:45:44,139 INFO       Finish load module: a
2015-11-08 13:47:03,680 DEBUG      Set Logging mode is True.
2015-11-08 13:47:03,682 DEBUG      Try to load: a.
2015-11-08 13:47:03,682 DEBUG      Loading module: a
2015-11-08 13:47:03,683 INFO       Loaded Module: Template Module
2015-11-08 13:47:03,683 INFO       Finish load module: a
2015-11-08 13:47:29,342 DEBUG      Set Logging mode is True.
2015-11-08 13:47:29,343 DEBUG      Try to load: a.
2015-11-08 13:47:29,343 DEBUG      Loading module: a
2015-11-08 13:47:29,343 INFO       Loaded Module: Template Module
2015-11-08 13:47:29,343 INFO       Finish load module: a
2015-11-08 13:47:33,492 DEBUG      Set Logging mode is True.
2015-11-08 13:47:33,492 DEBUG      Try to load: a.
2015-11-08 13:47:33,493 DEBUG      Loading module: a
2015-11-08 13:47:33,493 INFO       Finish load module: a
2015-11-08 13:48:12,426 DEBUG      Set Logging mode is True.
2015-11-08 13:48:12,427 DEBUG      Try to load: a.
2015-11-08 13:48:12,427 DEBUG      Loading module: a
2015-11-08 13:48:12,427 INFO       Loaded Module: Template Module
2015-11-08 13:48:12,427 INFO       Finish load module: a
2015-11-08 13:49:07,549 DEBUG      Set Logging mode is True.
2015-11-08 13:49:07,550 DEBUG      Try to load: a.
2015-11-08 13:49:07,550 DEBUG      Loading module: a
2015-11-08 13:49:07,550 INFO       Show Module Help
2015-11-08 13:49:07,551 INFO       Loaded Module: Template Module
2015-11-08 13:49:07,551 INFO       Finish load module: a
2015-11-08 13:51:40,139 DEBUG      Set Logging mode is True.
2015-11-08 13:51:40,140 DEBUG      Try to load: a.
2015-11-08 13:51:40,140 DEBUG      Loading module: a
2015-11-08 13:51:40,140 INFO       Show Module Help
2015-11-08 13:51:40,140 INFO       Loaded Module: Template Module
2015-11-08 13:51:40,141 INFO       Finish load module: a
2015-11-08 14:09:53,003 ERROR      Error while load module a.
2015-11-08 14:19:29,528 ERROR      Error while load module a.
2015-11-08 14:25:05,332 ERROR      Error while load module a.
2015-11-08 14:25:10,923 DEBUG      Set Logging mode is True.
2015-11-08 14:25:10,925 DEBUG      Try to load: a.
2015-11-08 14:25:10,925 DEBUG      invalid syntax (a.py, line 12)
2015-11-08 14:25:10,925 ERROR      Error while load module a.
2015-11-08 14:25:10,926 INFO       Finish load module: a.
2015-11-08 14:25:21,209 DEBUG      Set Logging mode is True.
2015-11-08 14:25:21,210 DEBUG      Try to load: a.
2015-11-08 14:25:21,210 DEBUG      Loading module: a.
2015-11-08 14:25:21,211 INFO       Show Module Options
2015-11-08 14:25:21,211 INFO       Finish load module: a.
2015-11-08 14:26:09,118 DEBUG      Set Logging mode is True.
2015-11-08 14:26:09,118 DEBUG      Try to load: a.
2015-11-08 14:26:09,119 DEBUG      Loading module: a.
2015-11-08 14:26:09,119 INFO       Show Module Options
2015-11-08 14:26:09,119 INFO       Finish load module: a.
2015-11-08 14:28:02,067 DEBUG      Set Logging mode is True.
2015-11-08 14:28:02,067 DEBUG      Try to load: a.
2015-11-08 14:28:02,068 DEBUG      Loading module: a.
2015-11-08 14:28:02,068 INFO       Show Module Options
2015-11-08 14:28:02,069 INFO       Finish load module: a.
2015-11-08 14:28:11,834 DEBUG      Set Logging mode is True.
2015-11-08 14:28:11,834 DEBUG      Try to load: a.
2015-11-08 14:28:11,835 DEBUG      Loading module: a.
2015-11-08 14:28:11,835 INFO       Show Module Options
2015-11-08 14:28:11,836 INFO       Finish load module: a.
2015-11-08 14:28:33,371 DEBUG      Set Logging mode is True.
2015-11-08 14:28:33,371 DEBUG      Try to load: a.
2015-11-08 14:28:33,372 DEBUG      Loading module: a.
2015-11-08 14:28:33,373 INFO       Show Module Options
2015-11-08 14:28:33,373 INFO       Finish load module: a.
2015-11-08 14:29:01,360 DEBUG      Set Logging mode is True.
2015-11-08 14:29:01,360 DEBUG      Try to load: a.
2015-11-08 14:29:01,361 DEBUG      Loading module: a.
2015-11-08 14:29:01,361 INFO       Show Module Options
2015-11-08 14:29:01,362 INFO       Finish load module: a.
2015-11-08 14:30:01,992 DEBUG      Set Logging mode is True.
2015-11-08 14:30:01,993 DEBUG      Try to load: a.
2015-11-08 14:30:01,993 DEBUG      Loading module: a.
2015-11-08 14:30:01,994 INFO       Show Module Options
2015-11-08 14:30:01,994 INFO       Finish load module: a.
2015-11-08 14:31:47,104 DEBUG      Set Logging mode is True.
2015-11-08 14:31:47,104 DEBUG      Try to load: a.
2015-11-08 14:31:47,105 DEBUG      Loading module: a.
2015-11-08 14:31:47,105 INFO       Show Module Options
2015-11-08 14:31:47,105 INFO       Finish load module: a.
2015-11-08 14:51:07,474 DEBUG      Set Logging mode is True.
2015-11-08 14:51:07,475 DEBUG      Try to load: a.
2015-11-08 14:51:07,475 DEBUG      Loading module: a.
2015-11-08 14:51:07,475 INFO       Show Module Options
2015-11-08 14:51:07,476 INFO       Finish load module: a.
2015-11-08 14:53:19,048 DEBUG      Set Logging mode is True.
2015-11-08 14:53:19,048 DEBUG      Try to load: a.
2015-11-08 14:53:19,049 DEBUG      Loading module: a.
2015-11-08 14:53:19,049 INFO       Show Module Options
2015-11-08 14:53:19,049 INFO       Finish load module: a.
2015-11-08 14:53:22,069 DEBUG      Set Logging mode is True.
2015-11-08 14:53:22,069 DEBUG      Try to load: a.
2015-11-08 14:53:22,070 DEBUG      Loading module: a.
2015-11-08 14:53:22,070 INFO       Show Module Options
2015-11-08 14:53:22,070 INFO       Finish load module: a.
2015-11-08 14:53:26,413 DEBUG      Set Logging mode is True.
2015-11-08 14:53:26,413 DEBUG      Try to load: a.
2015-11-08 14:53:26,413 DEBUG      Loading module: a.
2015-11-08 14:53:26,413 INFO       Show Module Options
2015-11-08 14:53:26,414 INFO       Finish load module: a.
2015-11-08 14:53:58,002 DEBUG      Set Logging mode is True.
2015-11-08 14:53:58,002 DEBUG      Try to load: a.
2015-11-08 14:53:58,002 DEBUG      Loading module: a.
2015-11-08 14:53:58,003 INFO       Show Module Options
2015-11-08 14:53:58,003 INFO       Finish load module: a.
2015-11-08 14:54:24,572 DEBUG      Set Logging mode is True.
2015-11-08 14:54:24,573 DEBUG      Try to load: a.
2015-11-08 14:54:24,573 DEBUG      Loading module: a.
2015-11-08 14:54:24,573 INFO       Show Module Options
2015-11-08 14:54:24,574 INFO       Finish load module: a.
2015-11-08 15:36:17,875 DEBUG      Set Logging mode is True.
2015-11-08 15:36:17,877 DEBUG      Try to load: a.
2015-11-08 15:36:17,877 DEBUG      Loading module: a.
2015-11-08 15:36:17,877 INFO       Check Module Options
2015-11-08 15:36:17,878 DEBUG      Set URL to d.
2015-11-08 15:36:17,878 INFO       Finish load module: a.
2015-11-08 15:37:10,734 DEBUG      Set Logging mode is True.
2015-11-08 15:37:10,734 DEBUG      Try to load: a.
2015-11-08 15:37:10,734 DEBUG      Loading module: a.
2015-11-08 15:37:10,734 INFO       Check Module Options
2015-11-08 15:37:10,735 DEBUG      Set URL to d.
2015-11-08 15:37:10,735 INFO       Finish load module: a.
2015-11-08 15:38:05,227 DEBUG      Set Logging mode is True.
2015-11-08 15:38:05,227 DEBUG      Try to load: a.
2015-11-08 15:38:05,227 DEBUG      Loading module: a.
2015-11-08 15:38:05,228 INFO       Check Module Options
2015-11-08 15:38:05,228 DEBUG      Set URL to d.
2015-11-08 15:38:05,228 INFO       Finish load module: a.
2015-11-08 15:40:23,278 DEBUG      Set Logging mode is True.
2015-11-08 15:40:23,279 DEBUG      Try to load: a.
2015-11-08 15:40:23,280 DEBUG      Loading module: a.
2015-11-08 15:40:23,280 INFO       Check Module Options
2015-11-08 15:40:23,280 DEBUG      Set URL to d.
2015-11-08 15:40:23,280 DEBUG      Option dd not found.
2015-11-08 15:40:23,281 INFO       Finish load module: a.
2015-11-08 15:42:06,787 DEBUG      Set Logging mode is True.
2015-11-08 15:42:06,788 DEBUG      Try to load: a.
2015-11-08 15:42:06,789 DEBUG      Loading module: a.
2015-11-08 15:42:06,789 INFO       Check Module Options
2015-11-08 15:42:06,789 DEBUG      Set URL to d.
2015-11-08 15:42:06,789 INFO       Finish load module: a.
2015-11-08 15:45:03,599 DEBUG      Set Logging mode is True.
2015-11-08 15:45:03,599 DEBUG      Try to load: a.
2015-11-08 15:45:03,600 DEBUG      Loading module: a.
2015-11-08 15:45:03,600 INFO       Check Module Options
2015-11-08 15:45:03,600 DEBUG      Set URL to d.
2015-11-08 15:45:03,601 INFO       Finish load module: a.
2015-11-08 15:45:13,469 DEBUG      Set Logging mode is True.
2015-11-08 15:45:13,469 DEBUG      Try to load: a.
2015-11-08 15:45:13,469 DEBUG      Loading module: a.
2015-11-08 15:45:13,470 INFO       Show Module Options
2015-11-08 15:45:13,470 INFO       Finish load module: a.
2015-11-08 15:48:19,728 DEBUG      Set Logging mode is True.
2015-11-08 15:48:19,728 DEBUG      Try to load: a.
2015-11-08 15:48:19,729 DEBUG      invalid syntax (a.py, line 39)
2015-11-08 15:48:19,729 ERROR      Error while load module a.
2015-11-08 15:48:19,729 INFO       Finish load module: a.
2015-11-08 15:49:14,596 DEBUG      Set Logging mode is True.
2015-11-08 15:49:14,597 DEBUG      Try to load: a.
2015-11-08 15:49:14,598 DEBUG      Loading module: a.
2015-11-08 15:49:14,598 INFO       Show Module Options
2015-11-08 15:49:14,598 INFO       Finish load module: a.
2015-11-08 15:49:34,697 DEBUG      Set Logging mode is True.
2015-11-08 15:49:34,697 DEBUG      Try to load: a.
2015-11-08 15:49:34,698 DEBUG      Loading module: a.
2015-11-08 15:49:34,699 INFO       Show Module Options
2015-11-08 15:49:34,699 INFO       Finish load module: a.
2015-11-08 15:50:03,131 DEBUG      Set Logging mode is True.
2015-11-08 15:50:03,131 DEBUG      Try to load: a.
2015-11-08 15:50:03,132 DEBUG      Loading module: a.
2015-11-08 15:50:03,132 INFO       Show Module Options
2015-11-08 15:50:03,133 INFO       Finish load module: a.
2015-11-08 15:51:46,176 DEBUG      Set Logging mode is True.
2015-11-08 15:51:46,177 DEBUG      Try to load: a.
2015-11-08 15:51:46,178 DEBUG      Loading module: a.
2015-11-08 15:51:46,178 INFO       Show Module Options
2015-11-08 15:51:46,178 INFO       Finish load module: a.
2015-11-08 15:52:28,307 DEBUG      Set Logging mode is True.
2015-11-08 15:52:28,307 DEBUG      Try to load: a.
2015-11-08 15:52:28,308 DEBUG      Loading module: a.
2015-11-08 15:52:28,309 INFO       Check Module Options
2015-11-08 15:52:28,309 DEBUG      Option dd not found.
2015-11-08 15:52:28,309 INFO       Finish load module: a.
2015-11-08 15:53:06,441 DEBUG      Set Logging mode is True.
2015-11-08 15:53:06,441 DEBUG      Try to load: a.
2015-11-08 15:53:06,442 DEBUG      Loading module: a.
2015-11-08 15:53:06,442 INFO       Check Module Options
2015-11-08 15:53:06,443 DEBUG      Option dd not found.
2015-11-08 15:53:06,443 INFO       Finish load module: a.
2015-11-08 15:53:21,847 DEBUG      Set Logging mode is True.
2015-11-08 15:53:21,847 DEBUG      Try to load: a.
2015-11-08 15:53:21,848 DEBUG      Loading module: a.
2015-11-08 15:53:21,848 INFO       Check Module Options
2015-11-08 15:53:21,848 DEBUG      Option dd not found.
2015-11-08 15:53:21,849 INFO       Finish load module: a.
2015-11-08 15:53:37,687 DEBUG      Set Logging mode is True.
2015-11-08 15:53:37,688 DEBUG      Try to load: a.
2015-11-08 15:53:37,689 DEBUG      Loading module: a.
2015-11-08 15:53:37,689 INFO       Check Module Options
2015-11-08 15:53:37,689 DEBUG      Option dd not found.
2015-11-08 15:53:37,690 INFO       Finish load module: a.
2015-11-08 15:53:45,795 DEBUG      Set Logging mode is True.
2015-11-08 15:53:45,796 DEBUG      Try to load: a.
2015-11-08 15:53:45,797 DEBUG      Loading module: a.
2015-11-08 15:53:45,797 INFO       Check Module Options
2015-11-08 15:53:45,797 DEBUG      Option dd not found.
2015-11-08 15:53:45,797 INFO       Finish load module: a.
2015-11-08 15:53:55,399 DEBUG      Set Logging mode is True.
2015-11-08 15:53:55,399 DEBUG      Try to load: a.
2015-11-08 15:53:55,399 DEBUG      invalid syntax (a.py, line 47)
2015-11-08 15:53:55,400 ERROR      Error while load module a.
2015-11-08 15:53:55,400 INFO       Finish load module: a.
2015-11-08 15:54:00,830 DEBUG      Set Logging mode is True.
2015-11-08 15:54:00,831 DEBUG      Try to load: a.
2015-11-08 15:54:00,831 DEBUG      invalid syntax (a.py, line 47)
2015-11-08 15:54:00,832 ERROR      Error while load module a.
2015-11-08 15:54:00,832 INFO       Finish load module: a.
2015-11-08 15:54:45,723 DEBUG      Set Logging mode is True.
2015-11-08 15:54:45,723 DEBUG      Try to load: a.
2015-11-08 15:54:45,724 DEBUG      invalid syntax (a.py, line 47)
2015-11-08 15:54:45,724 ERROR      Error while load module a.
2015-11-08 15:54:45,724 INFO       Finish load module: a.
2015-11-08 15:54:56,826 DEBUG      Set Logging mode is True.
2015-11-08 15:54:56,827 DEBUG      Try to load: a.
2015-11-08 15:54:56,828 DEBUG      Loading module: a.
2015-11-08 15:54:56,828 INFO       Check Module Options
2015-11-08 15:54:56,828 DEBUG      Option dd not found.
2015-11-08 15:54:56,828 INFO       Finish load module: a.
2015-11-08 15:55:40,947 DEBUG      Set Logging mode is True.
2015-11-08 15:55:40,948 DEBUG      Try to load: a.
2015-11-08 15:55:40,949 DEBUG      Loading module: a.
2015-11-08 15:55:40,949 INFO       Check Module Options
2015-11-08 15:55:40,949 DEBUG      Option dd not found.
2015-11-08 15:55:40,949 INFO       Finish load module: a.
2015-11-08 15:57:52,615 DEBUG      Set Logging mode is True.
2015-11-08 15:57:52,615 DEBUG      Try to load: a.
2015-11-08 15:57:52,616 DEBUG      Loading module: a.
2015-11-08 15:57:52,616 INFO       Check Module Options
2015-11-08 15:57:52,617 DEBUG      Option dd not found.
2015-11-08 15:57:52,617 ERROR      Option URL need configure.
2015-11-08 15:57:52,617 INFO       Finish load module: a.
2015-11-08 15:58:17,364 ERROR      Option URL need configure.
2015-11-08 15:59:22,565 ERROR      Option URL need configure.
2015-11-08 16:17:30,757 ERROR      Option URL need configure.
2015-11-08 16:18:19,136 ERROR      Option URL need configure.
2015-11-08 16:18:54,069 ERROR      Option URL need configure.
2015-11-08 16:20:32,149 ERROR      Option URL need configure.
2015-11-08 16:20:39,039 ERROR      Option URL need configure.
2015-11-08 16:20:51,411 ERROR      Option URL need configure.
2015-11-08 16:21:24,083 ERROR      Option URL need configure.
2015-11-08 16:21:30,109 ERROR      Option URL need configure.
2015-11-08 16:21:39,024 ERROR      Option URL need configure.
2015-11-08 16:21:43,034 ERROR      Option URL need configure.
2015-11-08 16:22:02,770 DEBUG      Set Logging mode is True.
2015-11-08 16:22:02,770 DEBUG      Try to load: a.
2015-11-08 16:22:02,770 DEBUG      Loading module: a.
2015-11-08 16:22:02,770 INFO       Check Module Options
2015-11-08 16:22:02,771 INFO       Finish load module: a.
2015-11-08 16:23:17,232 DEBUG      Set Logging mode is True.
2015-11-08 16:23:17,233 DEBUG      Try to load: a.
2015-11-08 16:23:17,233 DEBUG      Loading module: a.
2015-11-08 16:23:17,233 INFO       Check Module Options
2015-11-08 16:23:17,233 INFO       Finish load module: a.
2015-11-08 16:23:19,151 DEBUG      Set Logging mode is True.
2015-11-08 16:23:19,151 DEBUG      Try to load: a.
2015-11-08 16:23:19,151 DEBUG      Loading module: a.
2015-11-08 16:23:19,152 INFO       Check Module Options
2015-11-08 16:23:19,152 INFO       Finish load module: a.
2015-11-08 16:23:53,243 DEBUG      Set Logging mode is True.
2015-11-08 16:23:53,243 DEBUG      Try to load: a.
2015-11-08 16:23:53,244 DEBUG      Loading module: a.
2015-11-08 16:23:53,244 INFO       Check Module Options
2015-11-08 16:23:53,244 INFO       Finish load module: a.
2015-11-08 16:24:58,803 DEBUG      Set Logging mode is True.
2015-11-08 16:24:58,803 DEBUG      Try to load: a.
2015-11-08 16:24:58,803 DEBUG      Loading module: a.
2015-11-08 16:24:58,804 INFO       Check Module Options
2015-11-08 16:24:58,804 DEBUG      Option 22 not found.
2015-11-08 16:24:58,804 ERROR      Option URL need configure.
2015-11-08 16:24:58,804 INFO       Finish load module: a.
2015-11-08 16:25:09,449 ERROR      Option URL need configure.
2015-11-08 16:27:03,956 ERROR      Option URL need configure.
2015-11-08 16:27:34,204 ERROR      Option URL need configure.
2015-11-08 16:28:19,425 ERROR      Option URL need configure.
2015-11-08 16:28:31,101 ERROR      Option URL need configure.
2015-11-08 16:28:35,282 ERROR      Option URL need configure.
2015-11-08 16:28:52,201 ERROR      Option URL need configure.
2015-11-08 16:29:05,455 ERROR      Option URL need configure.
2015-11-08 16:29:31,911 ERROR      Option URL need configure.
2015-11-08 16:30:15,821 ERROR      Option URL need configure.
2015-11-08 16:30:28,229 ERROR      Option URL need configure.
2015-11-08 16:32:09,250 ERROR      Option URL need configure.
2015-11-08 16:32:23,968 ERROR      Option URL need configure.
2015-11-08 16:32:53,841 ERROR      Option URL need configure.
2015-11-08 16:34:06,233 DEBUG      Set Logging mode is True.
2015-11-08 16:34:06,233 DEBUG      Try to load: a.
2015-11-08 16:34:06,234 DEBUG      Loading module: a.
2015-11-08 16:34:06,234 DEBUG      Set URL to dd.
2015-11-08 16:34:06,234 INFO       Loaded Module: Template Module.
2015-11-08 16:34:06,234 INFO       Finish load module: a.
2015-11-08 16:34:10,875 DEBUG      Set Logging mode is True.
2015-11-08 16:34:10,875 DEBUG      Try to load: a.
2015-11-08 16:34:10,875 DEBUG      Loading module: a.
2015-11-08 16:34:10,875 DEBUG      Set URL to None.
2015-11-08 16:34:10,876 INFO       Loaded Module: Template Module.
2015-11-08 16:34:10,876 ERROR      Option URL need configure.
2015-11-08 16:34:10,876 INFO       Finish load module: a.
2015-11-08 16:35:41,069 DEBUG      Set Logging mode is True.
2015-11-08 16:35:41,070 DEBUG      Try to load: a.
2015-11-08 16:35:41,071 DEBUG      Loading module: a.
2015-11-08 16:35:41,071 DEBUG      Set URL to None.
2015-11-08 16:35:41,071 INFO       Loaded Module: Template Module.
2015-11-08 16:35:41,071 ERROR      Option URL need configure.
2015-11-08 16:35:41,071 INFO       Finish load module: a.
