2015-12-10 04:44:55,112 INFO       List Modules
2015-12-10 04:48:39,211 DEBUG      Set Logging mode is True.
2015-12-10 04:48:39,211 INFO       List Modules
2015-12-10 04:48:50,610 INFO       Try to load: google_search_subdomain.
2015-12-10 04:48:50,639 WARNING    Started Module: Google Search Subdomain Module.
2015-12-10 04:48:50,640 INFO       Finish load module: scanner/google_search_subdomain.
2015-12-10 04:52:50,773 INFO       Try to load: google_search_subdomain.
2015-12-10 04:52:50,804 INFO       Finish load module: scanner/google_search_subdomain.
2015-12-10 04:53:23,596 INFO       Try to load: google_search_subdomain.
2015-12-10 04:53:23,626 INFO       Finish load module: scanner/google_search_subdomain.
2015-12-10 04:54:37,372 INFO       Try to load: google_search_subdomain.
2015-12-10 04:54:37,402 ERROR      Option DOMAIN need configure.
2015-12-10 04:54:37,402 INFO       Finish load module: scanner/google_search_subdomain.
2015-12-10 04:56:13,618 INFO       Try to load: google_search_subdomain.
2015-12-10 04:56:13,648 ERROR      Option DOMAIN need configure.
2015-12-10 04:56:13,649 INFO       Finish load module: scanner/google_search_subdomain.
2015-12-10 04:56:22,979 INFO       Try to load: google_search_subdomain.
2015-12-10 04:56:23,010 INFO       Finish load module: scanner/google_search_subdomain.
2015-12-10 04:57:33,683 INFO       Try to load: google_search_subdomain.
2015-12-10 04:57:33,714 WARNING    Started Module: Google Search Subdomain Module.
2015-12-10 04:57:33,714 INFO       Finish load module: scanner/google_search_subdomain.
2015-12-10 04:57:39,355 DEBUG      Set Logging mode is True.
2015-12-10 04:57:39,355 INFO       Try to load: google_search_subdomain.
2015-12-10 04:57:39,386 DEBUG      Loading module: scanner/google_search_subdomain.
2015-12-10 04:57:39,386 DEBUG      Set DOMAIN to viettel.com.vn.
2015-12-10 04:57:39,386 WARNING    Started Module: Google Search Subdomain Module.
2015-12-10 04:57:39,386 DEBUG      Google Search Domainviettel.com.vn
2015-12-10 04:57:39,386 INFO       Finish load module: scanner/google_search_subdomain.
2015-12-10 06:55:00,400 INFO       List Modules
2015-12-10 06:55:12,645 INFO       Try to load: google_search_subdomain.
2015-12-10 06:55:12,676 ERROR      Option DOMAIN need configure.
2015-12-10 06:55:12,676 INFO       Finish load module: scanner/google_search_subdomain.
2015-12-10 06:55:27,614 INFO       Try to load: google_search_subdomain.
2015-12-10 06:55:27,646 INFO       Finish load module: scanner/google_search_subdomain.
2015-12-10 06:55:55,922 INFO       Try to load: google_search_subdomain.
2015-12-10 06:55:55,953 WARNING    Started Module: Google Search Subdomain Module.
2015-12-10 06:55:55,953 INFO       Finish load module: scanner/google_search_subdomain.
2015-12-10 06:56:06,636 DEBUG      Set Logging mode is True.
2015-12-10 06:56:06,636 INFO       Try to load: google_search_subdomain.
2015-12-10 06:56:06,666 DEBUG      Loading module: scanner/google_search_subdomain.
2015-12-10 06:56:06,666 DEBUG      Set DOMAIN to viettel.com.vn.
2015-12-10 06:56:06,667 WARNING    Started Module: Google Search Subdomain Module.
2015-12-10 06:56:06,667 DEBUG      Google Search Domainviettel.com.vn
2015-12-10 06:56:06,667 INFO       Finish load module: scanner/google_search_subdomain.
2015-12-10 06:56:37,835 DEBUG      Set Logging mode is True.
2015-12-10 06:56:37,835 INFO       Try to load: google_search_subdomain.
2015-12-10 06:56:37,866 DEBUG      Loading module: scanner/google_search_subdomain.
2015-12-10 06:56:37,867 DEBUG      Set DOMAIN to viettel.com.vn.
2015-12-10 06:56:37,867 WARNING    Started Module: Google Search Subdomain Module.
2015-12-10 06:56:37,867 DEBUG      Google Search Domain viettel.com.vn
2015-12-10 06:56:37,867 INFO       Finish load module: scanner/google_search_subdomain.
