2015-12-14 02:16:15,716 INFO       List Modules
2015-12-14 02:16:40,815 DEBUG      Set Logging mode is True.
2015-12-14 02:16:40,815 INFO       Try to load: google_search_subdomain.
2015-12-14 02:16:41,842 DEBUG      Loading module: scanner/google_search_subdomain.
2015-12-14 02:16:41,842 DEBUG      Set DOMAIN to viettelidc.com.vn.
2015-12-14 02:16:41,843 WARNING    Started Module: Google Search Subdomain Module.
2015-12-14 02:16:41,843 DEBUG      Google Search Sub Domain: viettelidc.com.vn
2015-12-14 02:16:42,269 DEBUG      First Query: site:viettelidc.com.vn
2015-12-14 02:16:43,648 DEBUG      Go to next page https://www.google.com.vn/search?q=site:viettelidc.com.vn&hl=vi&gbv=2&prmd=ivns&ei=ayZuVtGgKM7auQSXz7KIBQ&start=10&sa=N
2015-12-14 02:16:49,668 INFO       Found: recruit.viettelidc.com.vn
2015-12-14 02:16:49,708 INFO       Found: beta.viettelidc.com.vn
2015-12-14 02:16:49,728 INFO       Found: manage.viettelidc.com.vn
2015-12-14 02:16:49,742 INFO       Found: support.viettelidc.com.vn
2015-12-14 02:16:49,761 INFO       Found: mirrors.viettelidc.com.vn
2015-12-14 02:16:49,906 DEBUG      Go to next page https://www.google.com.vn/search?q=site:viettelidc.com.vn&hl=vi&gbv=2&prmd=ivns&ei=bCZuVvrwOY2_uAS2m5PACA&start=20&sa=N
2015-12-14 02:16:55,909 INFO       Found: hosting.viettelidc.com.vn
2015-12-14 02:16:55,943 INFO       Found: domains.viettelidc.com.vn
2015-12-14 02:16:55,973 INFO       Found: vacation.viettelidc.com.vn
2015-12-14 02:16:56,000 INFO       Found: portal.viettelidc.com.vn
2015-12-14 02:16:56,156 DEBUG      Go to next page https://www.google.com.vn/search?q=site:viettelidc.com.vn&hl=vi&gbv=2&prmd=ivns&ei=cyZuVvTEDMziuQSo4rGIDA&start=30&sa=N
2015-12-14 02:17:02,105 INFO       Found: lw06.viettelidc.com.vn
2015-12-14 02:17:02,121 INFO       Found: ims.viettelidc.com.vn
2015-12-14 02:17:02,147 INFO       Found: centos-hcm.viettelidc.com.vn
2015-12-14 02:17:02,202 INFO       Found: slw01.hosting.viettelidc.com.vn
2015-12-14 02:17:02,380 DEBUG      Go to next page https://www.google.com.vn/search?q=site:viettelidc.com.vn&hl=vi&gbv=2&prmd=ivns&ei=eSZuVvvjG9CiugTC76KADQ&start=40&sa=N
2015-12-14 02:17:08,661 DEBUG      Go to next page https://www.google.com.vn/search?q=site:viettelidc.com.vn&hl=vi&gbv=2&prmd=ivns&ei=fyZuVrDBKcqXuAT52aS4Cw&start=50&sa=N
2015-12-14 02:17:14,905 DEBUG      Go to next page https://www.google.com.vn/search?q=site:viettelidc.com.vn&hl=vi&gbv=2&prmd=ivns&ei=hSZuVpHUOsHUuQTDorLQDQ&start=60&sa=N
2015-12-14 02:17:21,185 DEBUG      Go to next page https://www.google.com.vn/search?q=site:viettelidc.com.vn&hl=vi&gbv=2&prmd=ivns&ei=jCZuVuy-DJGGuASjlbWQBg&start=70&sa=N
2015-12-14 02:17:27,414 DEBUG      Go to next page https://www.google.com.vn/search?q=site:viettelidc.com.vn&hl=vi&gbv=2&prmd=ivns&ei=kiZuVsDLHcqiugSFsqbICQ&start=80&sa=N
2015-12-14 02:17:33,483 INFO       Found: hcm-mirrors.viettelidc.com.vn
2015-12-14 02:17:33,664 DEBUG      Go to next page https://www.google.com.vn/search?q=site:viettelidc.com.vn&hl=vi&gbv=2&prmd=ivns&ei=mCZuVs7JK5aJuATogb6gAg&start=90&sa=N
2015-12-14 02:17:39,953 DEBUG      Go to next page https://www.google.com.vn/search?q=site:viettelidc.com.vn&hl=vi&gbv=2&prmd=ivns&ei=niZuVunlOoGeugSErJLoBg&start=100&sa=N
2015-12-14 02:17:46,274 DEBUG      Go to next page https://www.google.com.vn/search?q=site:viettelidc.com.vn&hl=vi&gbv=2&prmd=ivns&ei=pSZuVpuyD4OWuQSI77_gCg&start=110&sa=N
2015-12-14 02:17:52,548 DEBUG      Go to next page https://www.google.com.vn/search?q=site:viettelidc.com.vn&hl=vi&gbv=2&prmd=ivns&ei=qyZuVr-BI8GjugTYpL2ICg&start=120&sa=N
2015-12-14 02:17:58,599 INFO       Found: centos-hn.viettelidc.com.vn
2015-12-14 02:17:58,818 DEBUG      Go to next page https://www.google.com.vn/search?q=site:viettelidc.com.vn&hl=vi&gbv=2&prmd=ivns&ei=sSZuVpTfM8y-uASwzq2gDA&start=130&sa=N
2015-12-14 02:18:05,120 DEBUG      Go to next page https://www.google.com.vn/search?q=site:viettelidc.com.vn&hl=vi&gbv=2&prmd=ivns&ei=uCZuVu2TB8ygugTKgIjQAQ&start=140&sa=N
2015-12-14 02:18:11,426 DEBUG      Go to next page https://www.google.com.vn/search?q=site:viettelidc.com.vn&hl=vi&gbv=2&prmd=ivns&ei=viZuVrnPGcKhugSFgpzoDQ&start=150&sa=N
2015-12-14 02:18:17,451 INFO       Found: thanhnien.viettelidc.com.vn
2015-12-14 02:18:17,698 DEBUG      Go to next page https://www.google.com.vn/search?q=site:viettelidc.com.vn&hl=vi&gbv=2&prmd=ivns&ei=xCZuVuikLI-UuATSr76wCQ&start=160&sa=N
2015-12-14 02:18:23,968 DEBUG      Go to next page https://www.google.com.vn/search?q=site:viettelidc.com.vn&hl=vi&gbv=2&prmd=ivns&ei=yiZuVqnzPJfmuQSPrKnICg&start=170&sa=N
2015-12-14 02:18:30,241 DEBUG      Go to next page https://www.google.com.vn/search?q=site:viettelidc.com.vn&hl=vi&gbv=2&prmd=ivns&ei=0SZuVs2qEMWIuQTBlpU4&start=180&sa=N
2015-12-14 02:18:36,530 DEBUG      Go to next page https://www.google.com.vn/search?q=site:viettelidc.com.vn&hl=vi&gbv=2&prmd=ivns&ei=1yZuVrv3IJSVuASX3JboCw&start=190&sa=N
2015-12-14 02:18:42,778 DEBUG      Go to next page https://www.google.com.vn/search?q=site:viettelidc.com.vn&hl=vi&gbv=2&prmd=ivns&ei=3SZuVtLNMoG9ugSJjJfIDA&start=200&sa=N
2015-12-14 02:18:49,037 DEBUG      Go to next page https://www.google.com.vn/search?q=site:viettelidc.com.vn&hl=vi&gbv=2&prmd=ivns&ei=5CZuVvHWBIjbuQSt1IiIDA&start=210&sa=N
2015-12-14 02:18:55,345 DEBUG      Go to next page https://www.google.com.vn/search?q=site:viettelidc.com.vn&hl=vi&gbv=2&prmd=ivns&ei=6iZuVtXGFI6puQTj4oLQBg&start=220&sa=N
2015-12-14 02:19:01,598 DEBUG      Go to next page https://www.google.com.vn/search?q=site:viettelidc.com.vn&hl=vi&gbv=2&prmd=ivns&ei=8CZuVs6sJ8GxuQTK6pz4Dg&start=230&sa=N
2015-12-14 02:19:07,845 DEBUG      Go to next page https://www.google.com.vn/search?q=site:viettelidc.com.vn&hl=vi&gbv=2&prmd=ivns&ei=9iZuVo7-NtOdugT_ip2IBg&start=240&sa=N
2015-12-14 02:19:14,012 INFO       Not found any subdomain, finish now.
2015-12-14 02:19:14,018 INFO       Finish load module: scanner/google_search_subdomain.
2015-12-14 02:26:36,366 DEBUG      Set Logging mode is True.
2015-12-14 02:26:36,367 INFO       Try to load: google_search_subdomain.
2015-12-14 02:26:37,394 DEBUG      Loading module: scanner/google_search_subdomain.
2015-12-14 02:26:37,394 DEBUG      Set DOMAIN to vietteldc.com.
2015-12-14 02:26:37,394 WARNING    Started Module: Google Search Subdomain Module.
2015-12-14 02:26:37,394 DEBUG      Google Search Sub Domain: vietteldc.com
2015-12-14 02:26:37,731 DEBUG      First Query: site:vietteldc.com
2015-12-14 02:26:38,944 INFO       Found: blog.vietteldc.com
2015-12-14 02:26:38,957 INFO       Found: n2mobile.vietteldc.com
2015-12-14 02:26:38,978 INFO       Found: shopaothunin.vietteldc.com
2015-12-14 02:26:39,180 DEBUG      Go to next page https://www.google.com.vn/search?q=site:vietteldc.com&hl=vi&gbv=2&prmd=ivns&ei=vyhuVu6aCJajugSuz4OAAg&start=10&sa=N
2015-12-14 02:26:45,443 DEBUG      Go to next page https://www.google.com.vn/search?q=site:vietteldc.com&hl=vi&gbv=2&prmd=ivns&ei=wChuVpuVHdCKuATeup7YDA&start=20&sa=N
2015-12-14 02:26:51,728 DEBUG      Go to next page https://www.google.com.vn/search?q=site:vietteldc.com&hl=vi&gbv=2&prmd=ivns&ei=xihuVoeYLdajugT5ur-4CQ&start=30&sa=N
2015-12-14 02:26:58,134 DEBUG      Go to next page https://www.google.com.vn/search?q=site:vietteldc.com&hl=vi&gbv=2&prmd=ivns&ei=zShuVuzKAYPVuQTq_IL4Aw&start=40&sa=N
2015-12-14 02:27:04,374 DEBUG      Go to next page https://www.google.com.vn/search?q=site:vietteldc.com&hl=vi&gbv=2&prmd=ivns&ei=0yhuVqOsGsOJuwTU-JSICQ&start=50&sa=N
2015-12-14 02:27:10,631 DEBUG      Go to next page https://www.google.com.vn/search?q=site:vietteldc.com&hl=vi&gbv=2&prmd=ivns&ei=2ShuVuODKcu8uASq5LTIBg&start=60&sa=N
2015-12-14 02:27:16,923 DEBUG      Go to next page https://www.google.com.vn/search?q=site:vietteldc.com&hl=vi&gbv=2&prmd=ivns&ei=3yhuVuPYONDJuASk0JvgBA&start=70&sa=N
2015-12-14 02:27:23,306 DEBUG      Go to next page https://www.google.com.vn/search?q=site:vietteldc.com&hl=vi&gbv=2&prmd=ivns&ei=5ihuVs68DcGWuQSWp6eABQ&start=80&sa=N
2015-12-14 02:27:29,551 DEBUG      Go to next page https://www.google.com.vn/search?q=site:vietteldc.com&hl=vi&gbv=2&prmd=ivns&ei=7ChuVsbsJJG9uASBl7TABg&start=90&sa=N
2015-12-14 02:27:35,845 DEBUG      Go to next page https://www.google.com.vn/search?q=site:vietteldc.com&hl=vi&gbv=2&prmd=ivns&ei=8ihuVu3rM4eeugTcna_YCg&start=100&sa=N
2015-12-14 02:27:42,134 DEBUG      Go to next page https://www.google.com.vn/search?q=site:vietteldc.com&hl=vi&gbv=2&prmd=ivns&ei=-ShuVpfdCMO5uATPsZLgCQ&start=110&sa=N
2015-12-14 02:27:48,427 DEBUG      Go to next page https://www.google.com.vn/search?q=site:vietteldc.com&hl=vi&gbv=2&prmd=ivns&ei=_yhuVrWmGtCKuATeup7YDA&start=120&sa=N
2015-12-14 02:27:54,706 DEBUG      Go to next page https://www.google.com.vn/search?q=site:vietteldc.com&hl=vi&gbv=2&prmd=ivns&ei=BSluVoqZLJSfuQSv0bjgAg&start=130&sa=N
2015-12-14 02:28:00,973 DEBUG      Go to next page https://www.google.com.vn/search?q=site:vietteldc.com&hl=vi&gbv=2&prmd=ivns&ei=DCluVt4akeO5BOb0logH&start=140&sa=N
2015-12-14 02:28:07,214 DEBUG      Go to next page https://www.google.com.vn/search?q=site:vietteldc.com&hl=vi&gbv=2&prmd=ivns&ei=EiluVue_EJSgugTzgIugCg&start=150&sa=N
2015-12-14 02:28:13,404 DEBUG      Go to next page https://www.google.com.vn/search?q=site:vietteldc.com&hl=vi&gbv=2&prmd=ivns&ei=GCluVuaaH8qXuAT52aS4Cw&start=160&sa=N
2015-12-14 02:28:19,576 INFO       Not found any subdomain, finish now.
2015-12-14 02:28:19,582 INFO       Finish load module: scanner/google_search_subdomain.
2015-12-14 03:47:01,478 DEBUG      Set Logging mode is True.
2015-12-14 03:47:01,479 INFO       Try to load: google_search_subdomain.
2015-12-14 03:47:02,505 DEBUG      Loading module: scanner/google_search_subdomain.
2015-12-14 03:47:02,505 DEBUG      Set DOMAIN to vinaphone.com.vn.
2015-12-14 03:47:02,506 WARNING    Started Module: Google Search Subdomain Module.
2015-12-14 03:47:02,506 DEBUG      Google Search Sub Domain: vinaphone.com.vn
2015-12-14 03:47:02,826 DEBUG      First Query: site:vinaphone.com.vn
2015-12-14 03:47:03,956 INFO       Found: www.vinaphone.com.vn
2015-12-14 03:47:03,976 INFO       Found: xoso.vinaphone.com.vn
2015-12-14 03:47:04,036 INFO       Found: vhay.vinaphone.com.vn
2015-12-14 03:47:04,057 INFO       Found: ibox.vinaphone.com.vn
2015-12-14 03:47:04,096 INFO       Found: ringtunes.vinaphone.com.vn
2015-12-14 03:47:04,114 INFO       Found: yte.vinaphone.com.vn
2015-12-14 03:47:04,120 INFO       Found: 9292.vinaphone.com.vn
2015-12-14 03:47:04,243 DEBUG      Go to next page https://www.google.com.vn/search?q=site:vinaphone.com.vn&hl=vi&gbv=2&prmd=ivns&ei=mDtuVrzGC8KMuAS3y5WADA&start=10&sa=N
2015-12-14 03:47:10,190 INFO       Found: ds.vinaphone.com.vn
2015-12-14 03:47:10,508 DEBUG      Go to next page https://www.google.com.vn/search?q=site:vinaphone.com.vn&hl=vi&gbv=2&prmd=ivns&ei=mTtuVqXFH8GwuQSXiq7wDw&start=20&sa=N
2015-12-14 03:47:16,834 DEBUG      Go to next page https://www.google.com.vn/search?q=site:vinaphone.com.vn&hl=vi&gbv=2&prmd=ivns&ei=nztuVuTPL8eyuQSzx5aoCg&start=30&sa=N
2015-12-14 03:47:23,106 DEBUG      Go to next page https://www.google.com.vn/search?q=site:vinaphone.com.vn&hl=vi&gbv=2&prmd=ivns&ei=pjtuVtO9BoSPuASFla2wBA&start=40&sa=N
2015-12-14 03:47:29,393 DEBUG      Go to next page https://www.google.com.vn/search?q=site:vinaphone.com.vn&hl=vi&gbv=2&prmd=ivns&ei=rDtuVtyNF8iOuASp4qmQCg&start=50&sa=N
2015-12-14 03:47:35,716 DEBUG      Go to next page https://www.google.com.vn/search?q=site:vinaphone.com.vn&hl=vi&gbv=2&prmd=ivns&ei=sjtuVsfLKMP_ugSrq5eIAQ&start=60&sa=N
2015-12-14 03:47:42,061 DEBUG      Go to next page https://www.google.com.vn/search?q=site:vinaphone.com.vn&hl=vi&gbv=2&prmd=ivns&ei=uDtuVvmnPM2dugTFspzQCg&start=70&sa=N
2015-12-14 03:47:48,383 DEBUG      Go to next page https://www.google.com.vn/search?q=site:vinaphone.com.vn&hl=vi&gbv=2&prmd=ivns&ei=vztuVuqsFNKJuwTykrSIDg&start=80&sa=N
2015-12-14 03:47:54,676 DEBUG      Go to next page https://www.google.com.vn/search?q=site:vinaphone.com.vn&hl=vi&gbv=2&prmd=ivns&ei=xTtuVvn5J4-KuATA2IWoDQ&start=90&sa=N
2015-12-14 03:48:01,013 DEBUG      Go to next page https://www.google.com.vn/search?q=site:vinaphone.com.vn&hl=vi&gbv=2&prmd=ivns&ei=yztuVvbnOY_HuAS55YyIBg&start=100&sa=N
2015-12-14 03:48:07,343 DEBUG      Go to next page https://www.google.com.vn/search?q=site:vinaphone.com.vn&hl=vi&gbv=2&prmd=ivns&ei=0jtuVsyxEcOQuASAia3oCQ&start=110&sa=N
2015-12-14 03:48:13,700 DEBUG      Go to next page https://www.google.com.vn/search?q=site:vinaphone.com.vn&hl=vi&gbv=2&prmd=ivns&ei=2DtuVrq_JZSiugTKg4HQAg&start=120&sa=N
2015-12-14 03:48:20,012 DEBUG      Go to next page https://www.google.com.vn/search?q=site:vinaphone.com.vn&hl=vi&gbv=2&prmd=ivns&ei=3jtuVpekO4GeugSErJLoBg&start=130&sa=N
2015-12-14 03:48:26,333 DEBUG      Go to next page https://www.google.com.vn/search?q=site:vinaphone.com.vn&hl=vi&gbv=2&prmd=ivns&ei=5TtuVuunEcShugSjhZioCA&start=140&sa=N
2015-12-14 03:48:32,909 DEBUG      Go to next page https://www.google.com.vn/search?q=site:vinaphone.com.vn&hl=vi&gbv=2&prmd=ivns&ei=6ztuVt37JNC3uAS78I6YDA&start=150&sa=N
2015-12-14 03:48:39,365 DEBUG      Go to next page https://www.google.com.vn/search?q=site:vinaphone.com.vn&hl=vi&gbv=2&prmd=ivns&ei=8jtuVrKCC4KVuQTBk6aYDg&start=160&sa=N
2015-12-14 03:48:45,845 DEBUG      Go to next page https://www.google.com.vn/search?q=site:vinaphone.com.vn&hl=vi&gbv=2&prmd=ivns&ei=-DtuVqzpJtW1uQTk87n4Ag&start=170&sa=N
2015-12-14 03:48:52,185 DEBUG      Go to next page https://www.google.com.vn/search?q=site:vinaphone.com.vn&hl=vi&gbv=2&prmd=ivns&ei=_ztuVoWUB5SRuQTWtr-QCg&start=180&sa=N
2015-12-14 03:48:58,496 DEBUG      Go to next page https://www.google.com.vn/search?q=site:vinaphone.com.vn&hl=vi&gbv=2&prmd=ivns&ei=BTxuVs3rG5T_ugTf05XQAw&start=190&sa=N
2015-12-14 03:49:04,875 DEBUG      Go to next page https://www.google.com.vn/search?q=site:vinaphone.com.vn&hl=vi&gbv=2&prmd=ivns&ei=CzxuVsXtLoqNuATcoLa4DQ&start=200&sa=N
2015-12-14 03:49:11,230 DEBUG      Go to next page https://www.google.com.vn/search?q=site:vinaphone.com.vn&hl=vi&gbv=2&prmd=ivns&ei=EjxuVu76CI-gugT0yqfACw&start=210&sa=N
2015-12-14 03:49:17,565 DEBUG      Go to next page https://www.google.com.vn/search?q=site:vinaphone.com.vn&hl=vi&gbv=2&prmd=ivns&ei=GDxuVuvKHoHguQT6gYGQDA&start=220&sa=N
2015-12-14 03:49:24,000 DEBUG      Go to next page https://www.google.com.vn/search?q=site:vinaphone.com.vn&hl=vi&gbv=2&prmd=ivns&ei=HjxuVquGM4P0ugTe-puwBw&start=230&sa=N
2015-12-14 03:49:30,327 DEBUG      Go to next page https://www.google.com.vn/search?q=site:vinaphone.com.vn&hl=vi&gbv=2&prmd=ivns&ei=JTxuVtfFEIi-uATUuJ2QBA&start=240&sa=N
2015-12-14 03:49:36,651 DEBUG      Go to next page https://www.google.com.vn/search?q=site:vinaphone.com.vn&hl=vi&gbv=2&prmd=ivns&ei=KzxuVo28JIX9uATxo77IAw&start=250&sa=N
2015-12-14 03:49:42,988 DEBUG      Go to next page https://www.google.com.vn/search?q=site:vinaphone.com.vn&hl=vi&gbv=2&prmd=ivns&ei=MTxuVseiOIuQuQTjnpfICg&start=260&sa=N
2015-12-14 03:49:49,319 DEBUG      Go to next page https://www.google.com.vn/search?q=site:vinaphone.com.vn&hl=vi&gbv=2&prmd=ivns&ei=ODxuVr3jD8P8ugSKsaOIDQ&start=270&sa=N
2015-12-14 03:49:55,652 DEBUG      Go to next page https://www.google.com.vn/search?q=site:vinaphone.com.vn&hl=vi&gbv=2&prmd=ivns&ei=PjxuVvv_I5KfugT21YTwBw&start=280&sa=N
2015-12-14 03:50:01,983 DEBUG      Go to next page https://www.google.com.vn/search?q=site:vinaphone.com.vn&hl=vi&gbv=2&prmd=ivns&ei=RDxuVpGnOI--uASjh4PoCQ&start=290&sa=N
2015-12-14 03:50:08,209 INFO       Found: daugia.vinaphone.com.vn
2015-12-14 03:50:08,413 DEBUG      Go to next page https://www.google.com.vn/search?q=site:vinaphone.com.vn&hl=vi&gbv=2&prmd=ivns&ei=SzxuVou-D5CMuAT9l6_wCg&start=300&sa=N
2015-12-14 03:50:14,367 INFO       Found: infoplus.vinaphone.com.vn
2015-12-14 03:50:14,407 INFO       Found: iphone.vinaphone.com.vn
2015-12-14 03:50:14,729 DEBUG      Go to next page https://www.google.com.vn/search?q=site:vinaphone.com.vn&hl=vi&gbv=2&prmd=ivns&ei=UTxuVtHcKYKIuASWv7nIBw&start=310&sa=N
2015-12-14 03:50:20,672 INFO       Found: vgame.vinaphone.com.vn
2015-12-14 03:50:20,775 INFO       Found: sport.vinaphone.com.vn
2015-12-14 03:50:21,050 DEBUG      Go to next page https://www.google.com.vn/search?q=site:vinaphone.com.vn&hl=vi&gbv=2&prmd=ivns&ei=WDxuVkjHorkEluKBqAI&start=320&sa=N
2015-12-14 03:50:27,004 INFO       Found: funtalk.vinaphone.com.vn
2015-12-14 03:50:27,072 INFO       Found: kenh1.vinaphone.com.vn
2015-12-14 03:50:27,115 INFO       Found: napthethongminh.vinaphone.com.vn
2015-12-14 03:50:27,134 INFO       Found: media.vinaphone.com.vn
2015-12-14 03:50:27,375 DEBUG      Go to next page https://www.google.com.vn/search?q=site:vinaphone.com.vn&hl=vi&gbv=2&prmd=ivns&ei=XjxuVvbNE4WJuAS964XoCA&start=330&sa=N
2015-12-14 03:50:33,335 INFO       Found: kidsafe.vinaphone.com.vn
2015-12-14 03:50:33,348 INFO       Found: wap.vinaphone.com.vn
2015-12-14 03:50:33,372 INFO       Found: 3g.vinaphone.com.vn
2015-12-14 03:50:33,392 INFO       Found: iclever.vinaphone.com.vn
2015-12-14 03:50:33,407 INFO       Found: tv.vinaphone.com.vn
2015-12-14 03:50:33,427 INFO       Found: affcup.vinaphone.com.vn
2015-12-14 03:50:33,443 INFO       Found: 2chat.vinaphone.com.vn
2015-12-14 03:50:33,463 INFO       Found: appmarket.vinaphone.com.vn
2015-12-14 03:50:33,476 INFO       Found: trieuphumayman.vinaphone.com.vn
2015-12-14 03:50:33,499 INFO       Found: smsplus.vinaphone.com.vn
2015-12-14 03:50:33,717 DEBUG      Go to next page https://www.google.com.vn/search?q=site:vinaphone.com.vn&hl=vi&gbv=2&prmd=ivns&ei=ZDxuVty6J8-KuAT1sIDIBw&start=340&sa=N
2015-12-14 03:50:39,687 INFO       Found: khdn.vinaphone.com.vn
2015-12-14 03:50:39,706 INFO       Found: blackberry.vinaphone.com.vn
2015-12-14 03:50:39,728 INFO       Found: vtruyen.vinaphone.com.vn
2015-12-14 03:50:39,748 INFO       Found: chonso.vinaphone.com.vn
2015-12-14 03:50:39,770 INFO       Found: vsign.vinaphone.com.vn
2015-12-14 03:50:39,790 INFO       Found: cskh.vinaphone.com.vn
2015-12-14 03:50:39,813 INFO       Found: mca.vinaphone.com.vn
2015-12-14 03:50:39,832 INFO       Found: lixi.vinaphone.com.vn
2015-12-14 03:50:39,854 INFO       Found: lophocvui.vinaphone.com.vn
2015-12-14 03:50:40,057 DEBUG      Go to next page https://www.google.com.vn/search?q=site:vinaphone.com.vn&hl=vi&gbv=2&prmd=ivns&ei=ajxuVpepPM6NuATOo7CoAg&start=350&sa=N
2015-12-14 03:50:46,012 INFO       Found: biz360.vinaphone.com.vn
2015-12-14 03:50:46,025 INFO       Found: khuyenmai.vinaphone.com.vn
2015-12-14 03:50:46,046 INFO       Found: prepaid.vinaphone.com.vn
2015-12-14 03:50:46,067 INFO       Found: 4mua.vinaphone.com.vn
2015-12-14 03:50:46,084 INFO       Found: smsgroup.vinaphone.com.vn
2015-12-14 03:50:46,105 INFO       Found: dsv.vinaphone.com.vn
2015-12-14 03:50:46,122 INFO       Found: vinabox.vinaphone.com.vn
2015-12-14 03:50:46,142 INFO       Found: gt.vinaphone.com.vn
2015-12-14 03:50:46,155 INFO       Found: trithucvang.vinaphone.com.vn
2015-12-14 03:50:46,170 INFO       Found: nguoinoitieng.vinaphone.com.vn
2015-12-14 03:50:46,379 DEBUG      Go to next page https://www.google.com.vn/search?q=site:vinaphone.com.vn&hl=vi&gbv=2&prmd=ivns&ei=cTxuVs2BFMWeugTvpqygDA&start=360&sa=N
2015-12-14 03:50:52,333 INFO       Found: vietnamquehuongtoi.vinaphone.com.vn
2015-12-14 03:50:52,346 INFO       Found: congngheso.vinaphone.com.vn
2015-12-14 03:50:52,361 INFO       Found: 9999.vinaphone.com.vn
2015-12-14 03:50:52,379 INFO       Found: busysms.vinaphone.com.vn
2015-12-14 03:50:52,400 INFO       Found: cb.vinaphone.com.vn
2015-12-14 03:50:52,419 INFO       Found: vhbp.vinaphone.com.vn
2015-12-14 03:50:52,436 INFO       Found: suckhoethinhvuong.vinaphone.com.vn
2015-12-14 03:50:52,448 INFO       Found: nhatientri.vinaphone.com.vn
2015-12-14 03:50:52,467 INFO       Found: 555.vinaphone.com.vn
2015-12-14 03:50:52,488 INFO       Found: vang.vinaphone.com.vn
2015-12-14 03:50:52,702 DEBUG      Go to next page https://www.google.com.vn/search?q=site:vinaphone.com.vn&hl=vi&gbv=2&prmd=ivns&ei=dzxuVrfVJ5GcugTIwZDACg&start=370&sa=N
2015-12-14 03:50:58,656 INFO       Found: lixinhe.vinaphone.com.vn
2015-12-14 03:50:58,678 INFO       Found: ezpay.vinaphone.com.vn
2015-12-14 03:50:58,697 INFO       Found: locvang.vinaphone.com.vn
2015-12-14 03:50:58,745 INFO       Found: ads.vinaphone.com.vn
2015-12-14 03:50:58,767 INFO       Found: billing.vinaphone.com.vn
2015-12-14 03:50:58,795 INFO       Found: payment.vinaphone.com.vn
2015-12-14 03:50:59,021 DEBUG      Go to next page https://www.google.com.vn/search?q=site:vinaphone.com.vn&hl=vi&gbv=2&prmd=ivns&ei=fTxuVs2zO4fHuASdyZfACw&start=380&sa=N
2015-12-14 03:51:05,077 INFO       Found: opera.vinaphone.com.vn
2015-12-14 03:51:05,110 INFO       Found: thethao.vinaphone.com.vn
2015-12-14 03:51:05,431 DEBUG      Go to next page https://www.google.com.vn/search?q=site:vinaphone.com.vn&hl=vi&gbv=2&prmd=ivns&ei=hDxuVrPkEYT8uATLrL3QDg&start=390&sa=N
2015-12-14 03:51:11,601 INFO       Found: minifarm.vinaphone.com.vn
2015-12-14 03:51:11,637 INFO       Found: bongdavui.vinaphone.com.vn
2015-12-14 03:51:11,861 DEBUG      Go to next page https://www.google.com.vn/search?q=site:vinaphone.com.vn&hl=vi&gbv=2&prmd=ivns&ei=ijxuVqrtKoGJuwSYtbiYDg&start=400&sa=N
2015-12-14 03:51:17,993 INFO       Found: naptien.vinaphone.com.vn
2015-12-14 03:51:18,027 INFO       Found: ezmail1.vinaphone.com.vn
2015-12-14 03:51:18,043 INFO       Found: meg.vinaphone.com.vn
2015-12-14 03:51:18,278 DEBUG      Go to next page https://www.google.com.vn/search?q=site:vinaphone.com.vn&hl=vi&gbv=2&prmd=ivns&ei=kTxuVoOJCImzuASS-6eYDw&start=410&sa=N
2015-12-14 03:51:24,641 DEBUG      Go to next page https://www.google.com.vn/search?q=site:vinaphone.com.vn&hl=vi&gbv=2&prmd=ivns&ei=lzxuVp3CIc6SuASN166ABg&start=420&sa=N
2015-12-14 03:51:31,013 DEBUG      Go to next page https://www.google.com.vn/search?q=site:vinaphone.com.vn&hl=vi&gbv=2&prmd=ivns&ei=nTxuVrXON9eSuATx2Ilo&start=430&sa=N
2015-12-14 03:51:37,386 DEBUG      Go to next page https://www.google.com.vn/search?q=site:vinaphone.com.vn&hl=vi&gbv=2&prmd=ivns&ei=pDxuVouqEYWWuATpoIq4BA&start=440&sa=N
2015-12-14 03:51:42,816 ERROR      Captcha found, exit now
2015-12-14 04:08:29,696 ERROR      Captcha found, exit now
2015-12-14 04:09:45,567 DEBUG      Go to next page https://www.google.com.vn/search?q=site:vinaphone.com.vn&hl=vi&gbv=2&prmd=ivns&ei=6UBuVuP9E8P8ugSKsaOIDQ&start=450&sa=N
2015-12-14 04:09:52,011 DEBUG      Go to next page https://www.google.com.vn/search?q=site:vinaphone.com.vn&hl=vi&gbv=2&prmd=ivns&ei=6kBuVt31MsmNuATO3aXgCg&start=460&sa=N
2015-12-14 04:09:58,060 INFO       Not found any subdomain, finish now.
2015-12-14 04:09:58,068 INFO       Finish load module: scanner/google_search_subdomain.
2015-12-14 04:12:02,519 DEBUG      Set Logging mode is True.
2015-12-14 04:12:02,519 INFO       Try to load: google_search_subdomain.
2015-12-14 04:12:03,546 DEBUG      Loading module: scanner/google_search_subdomain.
2015-12-14 04:12:03,547 DEBUG      Set DOMAIN to vnpt.vn.
2015-12-14 04:12:03,547 WARNING    Started Module: Google Search Subdomain Module.
2015-12-14 04:12:03,547 DEBUG      Google Search Sub Domain: vnpt.vn
2015-12-14 04:12:06,273 DEBUG      First Query: site:vnpt.vn
2015-12-14 04:12:07,719 INFO       Found: sonla.vnpt.vn
2015-12-14 04:12:07,740 INFO       Found: vinhphuc.vnpt.vn
2015-12-14 04:12:07,762 INFO       Found: quangngai.vnpt.vn
2015-12-14 04:12:07,776 INFO       Found: angiang.vnpt.vn
2015-12-14 04:12:07,798 INFO       Found: gialai.vnpt.vn
2015-12-14 04:12:07,817 INFO       Found: hagiang.vnpt.vn
2015-12-14 04:12:07,838 INFO       Found: ninhbinh.vnpt.vn
2015-12-14 04:12:07,858 INFO       Found: yenbai.vnpt.vn
2015-12-14 04:12:07,879 INFO       Found: hue.vnpt.vn
2015-12-14 04:12:07,892 INFO       Found: bariavungtau.vnpt.vn
2015-12-14 04:12:08,024 DEBUG      Go to next page https://www.google.com.vn/search?q=site:vnpt.vn&hl=vi&gbv=2&prmd=ivns&ei=d0FuVortMMmbmQHZxrg4&start=10&sa=N
2015-12-14 04:12:14,297 INFO       Found: binhdinh.vnpt.vn
2015-12-14 04:12:14,316 INFO       Found: nghean.vnpt.vn
2015-12-14 04:12:14,337 INFO       Found: hatinh.vnpt.vn
2015-12-14 04:12:14,356 INFO       Found: binhduong.vnpt.vn
2015-12-14 04:12:14,377 INFO       Found: dienbien.vnpt.vn
2015-12-14 04:12:14,396 INFO       Found: dongnai.vnpt.vn
2015-12-14 04:12:14,416 INFO       Found: khanhhoa.vnpt.vn
2015-12-14 04:12:14,435 INFO       Found: phutho.vnpt.vn
2015-12-14 04:12:14,456 INFO       Found: tphcm.vnpt.vn
2015-12-14 04:12:14,475 INFO       Found: laichau.vnpt.vn
2015-12-14 04:12:14,615 DEBUG      Go to next page https://www.google.com.vn/search?q=site:vnpt.vn&hl=vi&gbv=2&prmd=ivns&ei=eUFuVsWWG4XrmAH636uADA&start=20&sa=N
2015-12-14 04:12:20,866 INFO       Found: namdinh.vnpt.vn
2015-12-14 04:12:20,886 INFO       Found: muahang.vnpt.vn
2015-12-14 04:12:20,899 INFO       Found: kiengiang.vnpt.vn
2015-12-14 04:12:20,921 INFO       Found: tiengiang.vnpt.vn
2015-12-14 04:12:20,935 INFO       Found: tuyenquang.vnpt.vn
2015-12-14 04:12:20,956 INFO       Found: thaibinh.vnpt.vn
2015-12-14 04:12:20,975 INFO       Found: caobang.vnpt.vn
2015-12-14 04:12:20,996 INFO       Found: daknong.vnpt.vn
2015-12-14 04:12:21,016 INFO       Found: camau.vnpt.vn
2015-12-14 04:12:21,039 INFO       Found: dongthap.vnpt.vn
2015-12-14 04:12:21,191 DEBUG      Go to next page https://www.google.com.vn/search?q=site:vnpt.vn&hl=vi&gbv=2&prmd=ivns&ei=gEFuVueXAsPVmwHc8b24Bw&start=30&sa=N
2015-12-14 04:12:27,431 INFO       Found: hanoi.vnpt.vn
2015-12-14 04:12:27,451 INFO       Found: kontum.vnpt.vn
2015-12-14 04:12:27,469 INFO       Found: binhthuan.vnpt.vn
2015-12-14 04:12:27,488 INFO       Found: haugiang.vnpt.vn
2015-12-14 04:12:27,509 INFO       Found: travinh.vnpt.vn
2015-12-14 04:12:27,533 INFO       Found: vinhlong.vnpt.vn
2015-12-14 04:12:27,554 INFO       Found: elearning.vnpt.vn
2015-12-14 04:12:27,771 DEBUG      Go to next page https://www.google.com.vn/search?q=site:vnpt.vn&hl=vi&gbv=2&prmd=ivns&ei=hkFuVqeoJcvbmAGFy4LYBg&start=40&sa=N
2015-12-14 04:12:34,023 INFO       Found: namdinh.motcua.vnpt.vn
2015-12-14 04:12:34,346 DEBUG      Go to next page https://www.google.com.vn/search?q=site:vnpt.vn&hl=vi&gbv=2&prmd=ivns&ei=jUFuVurdC4zVmwGgx6TgAw&start=50&sa=N
2015-12-14 04:12:40,989 DEBUG      Go to next page https://www.google.com.vn/search?q=site:vnpt.vn&hl=vi&gbv=2&prmd=ivns&ei=k0FuVp_qLsvymAGp14q4CQ&start=60&sa=N
2015-12-14 04:12:47,306 INFO       Found: tayninh.vnpt.vn
2015-12-14 04:12:47,325 INFO       Found: longan.vnpt.vn
2015-12-14 04:12:47,346 INFO       Found: lamdong.vnpt.vn
2015-12-14 04:12:47,358 INFO       Found: daklak.vnpt.vn
2015-12-14 04:12:47,372 INFO       Found: langson.vnpt.vn
2015-12-14 04:12:47,391 INFO       Found: quangnam.vnpt.vn
2015-12-14 04:12:47,413 INFO       Found: bacgiang.vnpt.vn
2015-12-14 04:12:47,431 INFO       Found: phuyen.vnpt.vn
2015-12-14 04:12:47,612 DEBUG      Go to next page https://www.google.com.vn/search?q=site:vnpt.vn&hl=vi&gbv=2&prmd=ivns&ei=mkFuVtiLGYbdmwHH-rKwCw&start=70&sa=N
2015-12-14 04:12:53,895 INFO       Found: bacninh.vnpt.vn
2015-12-14 04:12:53,918 INFO       Found: nhantaidatviet.vnpt.vn
2015-12-14 04:12:53,938 INFO       Found: thainguyen.vnpt.vn
2015-12-14 04:12:53,953 INFO       Found: danang.vnpt.vn
2015-12-14 04:12:53,977 INFO       Found: haiduong.vnpt.vn
2015-12-14 04:12:53,997 INFO       Found: hungyen.vnpt.vn
2015-12-14 04:12:54,020 INFO       Found: thanhhoa.vnpt.vn
2015-12-14 04:12:54,033 INFO       Found: soctrang.vnpt.vn
2015-12-14 04:12:54,057 INFO       Found: bentre.vnpt.vn
2015-12-14 04:12:54,070 INFO       Found: congdoan.vnpt.vn
2015-12-14 04:12:54,261 DEBUG      Go to next page https://www.google.com.vn/search?q=site:vnpt.vn&hl=vi&gbv=2&prmd=ivns&ei=oUFuVtmAAoPtmAGopKawDw&start=80&sa=N
2015-12-14 04:13:00,554 INFO       Found: hoabinh.vnpt.vn
2015-12-14 04:13:00,577 INFO       Found: quangninh.vnpt.vn
2015-12-14 04:13:00,597 INFO       Found: baclieu.vnpt.vn
2015-12-14 04:13:00,925 DEBUG      Go to next page https://www.google.com.vn/search?q=site:vnpt.vn&hl=vi&gbv=2&prmd=ivns&ei=p0FuVvbkKYbymQHr1r6IDg&start=90&sa=N
2015-12-14 04:13:07,189 INFO       Found: vrs.vnpt.vn
2015-12-14 04:13:07,506 DEBUG      Go to next page https://www.google.com.vn/search?q=site:vnpt.vn&hl=vi&gbv=2&prmd=ivns&ei=rkFuVv-KFYOTmQHrgr2oBg&start=100&sa=N
2015-12-14 04:13:13,855 INFO       Found: mail.vnpt.vn
2015-12-14 04:13:13,913 INFO       Found: smss.vnpt.vn
2015-12-14 04:13:13,932 INFO       Found: portal.vnpt.vn
2015-12-14 04:13:14,135 DEBUG      Go to next page https://www.google.com.vn/search?q=site:vnpt.vn&hl=vi&gbv=2&prmd=ivns&ei=tEFuVs_NOMzCmwGpm6-ICA&start=110&sa=N
2015-12-14 04:13:20,774 DEBUG      Go to next page https://www.google.com.vn/search?q=site:vnpt.vn&hl=vi&gbv=2&prmd=ivns&ei=u0FuVqDyIciwmQGp6qywCg&start=120&sa=N
2015-12-14 04:13:27,438 DEBUG      Go to next page https://www.google.com.vn/search?q=site:vnpt.vn&hl=vi&gbv=2&prmd=ivns&ei=wkFuVpH6C8mVmQGPnaK4AQ&start=130&sa=N
2015-12-14 04:13:34,062 DEBUG      Go to next page https://www.google.com.vn/search?q=site:vnpt.vn&hl=vi&gbv=2&prmd=ivns&ei=yEFuVoq2NITKmwGVipf4Bw&start=140&sa=N
2015-12-14 04:13:40,857 DEBUG      Go to next page https://www.google.com.vn/search?q=site:vnpt.vn&hl=vi&gbv=2&prmd=ivns&ei=z0FuVuzAHYPzmAH_n6rgBQ&start=150&sa=N
2015-12-14 04:13:47,458 DEBUG      Go to next page https://www.google.com.vn/search?q=site:vnpt.vn&hl=vi&gbv=2&prmd=ivns&ei=1kFuVrD4EMTamwGJkofICw&start=160&sa=N
2015-12-14 04:13:53,773 INFO       Found: ubndnamdinh.vportal.vnpt.vn
2015-12-14 04:13:54,092 DEBUG      Go to next page https://www.google.com.vn/search?q=site:vnpt.vn&hl=vi&gbv=2&prmd=ivns&ei=3EFuVq3HNci3mwGg7pDgBw&start=170&sa=N
2015-12-14 04:14:00,720 DEBUG      Go to next page https://www.google.com.vn/search?q=site:vnpt.vn&hl=vi&gbv=2&prmd=ivns&ei=40FuVtKqH4bamQG07ZWoDQ&start=180&sa=N
2015-12-14 04:14:07,351 DEBUG      Go to next page https://www.google.com.vn/search?q=site:vnpt.vn&hl=vi&gbv=2&prmd=ivns&ei=6kFuVubGCMjOmwGgtqKoBw&start=190&sa=N
2015-12-14 04:14:13,973 DEBUG      Go to next page https://www.google.com.vn/search?q=site:vnpt.vn&hl=vi&gbv=2&prmd=ivns&ei=8EFuVuy3L8HqmAHWz5n4DA&start=200&sa=N
2015-12-14 04:14:20,603 DEBUG      Go to next page https://www.google.com.vn/search?q=site:vnpt.vn&hl=vi&gbv=2&prmd=ivns&ei=90FuVsP5F8i3mwGg7pDgBw&start=210&sa=N
2015-12-14 04:14:27,249 DEBUG      Go to next page https://www.google.com.vn/search?q=site:vnpt.vn&hl=vi&gbv=2&prmd=ivns&ei=_kFuVuOzAYqTmQHkko_ICQ&start=220&sa=N
2015-12-14 04:14:33,870 DEBUG      Go to next page https://www.google.com.vn/search?q=site:vnpt.vn&hl=vi&gbv=2&prmd=ivns&ei=BEJuVvjpKMvLmwHH06aQAQ&start=230&sa=N
2015-12-14 04:14:40,531 DEBUG      Go to next page https://www.google.com.vn/search?q=site:vnpt.vn&hl=vi&gbv=2&prmd=ivns&ei=C0JuVtfPEYaumQHPjL2ADw&start=240&sa=N
2015-12-14 04:14:47,147 DEBUG      Go to next page https://www.google.com.vn/search?q=site:vnpt.vn&hl=vi&gbv=2&prmd=ivns&ei=EUJuVuOYOorhmwGx8ZvwCw&start=250&sa=N
2015-12-14 04:14:53,806 DEBUG      Go to next page https://www.google.com.vn/search?q=site:vnpt.vn&hl=vi&gbv=2&prmd=ivns&ei=GEJuVoLQIsnDmwHm5aOoAg&start=260&sa=N
2015-12-14 04:15:00,463 DEBUG      Go to next page https://www.google.com.vn/search?q=site:vnpt.vn&hl=vi&gbv=2&prmd=ivns&ei=H0JuVtXmDYj9mAGwrb_oBQ&start=270&sa=N
2015-12-14 04:15:07,113 DEBUG      Go to next page https://www.google.com.vn/search?q=site:vnpt.vn&hl=vi&gbv=2&prmd=ivns&ei=JUJuVsztNcSFmwHomYS4CA&start=280&sa=N
2015-12-14 04:15:13,742 DEBUG      Go to next page https://www.google.com.vn/search?q=site:vnpt.vn&hl=vi&gbv=2&prmd=ivns&ei=LEJuVo3VIIrbmwHRjJqoDg&start=290&sa=N
2015-12-14 04:15:20,373 DEBUG      Go to next page https://www.google.com.vn/search?q=site:vnpt.vn&hl=vi&gbv=2&prmd=ivns&ei=M0JuVs_xCYPSmwGX2amwAQ&start=300&sa=N
2015-12-14 04:15:27,028 DEBUG      Go to next page https://www.google.com.vn/search?q=site:vnpt.vn&hl=vi&gbv=2&prmd=ivns&ei=OUJuVqOxMMuHmQHVybegBA&start=310&sa=N
2015-12-14 04:15:33,663 DEBUG      Go to next page https://www.google.com.vn/search?q=site:vnpt.vn&hl=vi&gbv=2&prmd=ivns&ei=QEJuVoTgG8H9mAGmiZ2gCw&start=320&sa=N
2015-12-14 04:15:39,965 INFO       Found: tracuoc.thaibinh.vnpt.vn
2015-12-14 04:15:40,264 DEBUG      Go to next page https://www.google.com.vn/search?q=site:vnpt.vn&hl=vi&gbv=2&prmd=ivns&ei=R0JuVs2IBcH0mAHr0604&start=330&sa=N
2015-12-14 04:15:46,655 INFO       Found: hoadon.quangnam.vnpt.vn
2015-12-14 04:15:46,857 DEBUG      Go to next page https://www.google.com.vn/search?q=site:vnpt.vn&hl=vi&gbv=2&prmd=ivns&ei=TUJuVrLdKcTKmwHjoZHACQ&start=340&sa=N
2015-12-14 04:15:53,475 DEBUG      Go to next page https://www.google.com.vn/search?q=site:vnpt.vn&hl=vi&gbv=2&prmd=ivns&ei=VEJuVurpEMbGmwHz46mwCw&start=350&sa=N
2015-12-14 04:15:59,834 INFO       Found: xemcuoc.quangnam.vnpt.vn
2015-12-14 04:16:00,042 DEBUG      Go to next page https://www.google.com.vn/search?q=site:vnpt.vn&hl=vi&gbv=2&prmd=ivns&ei=WkJuVv3JNsSZmQGh_6yICg&start=360&sa=N
2015-12-14 04:16:06,632 DEBUG      Go to next page https://www.google.com.vn/search?q=site:vnpt.vn&hl=vi&gbv=2&prmd=ivns&ei=YUJuVriYHMfHmQGAvpLIDQ&start=370&sa=N
2015-12-14 04:16:13,260 DEBUG      Go to next page https://www.google.com.vn/search?q=site:vnpt.vn&hl=vi&gbv=2&prmd=ivns&ei=aEJuVtWQA4aEmQHEipv4Cg&start=380&sa=N
2015-12-14 04:16:19,908 DEBUG      Go to next page https://www.google.com.vn/search?q=site:vnpt.vn&hl=vi&gbv=2&prmd=ivns&ei=bkJuVuHPKYKpmwHf3oSYBQ&start=390&sa=N
2015-12-14 04:16:26,503 DEBUG      Go to next page https://www.google.com.vn/search?q=site:vnpt.vn&hl=vi&gbv=2&prmd=ivns&ei=dUJuVtn7E8HemwH0ioLgAw&start=400&sa=N
2015-12-14 04:16:33,291 DEBUG      Go to next page https://www.google.com.vn/search?q=site:vnpt.vn&hl=vi&gbv=2&prmd=ivns&ei=e0JuVpGrOMXbmQHZ-63oCQ&start=410&sa=N
2015-12-14 04:16:39,920 DEBUG      Go to next page https://www.google.com.vn/search?q=site:vnpt.vn&hl=vi&gbv=2&prmd=ivns&ei=gkJuVvikK8L5mAHE-r-gCA&start=420&sa=N
2015-12-14 04:16:46,568 DEBUG      Go to next page https://www.google.com.vn/search?q=site:vnpt.vn&hl=vi&gbv=2&prmd=ivns&ei=iUJuVoXXFMWWmwH9-IXYBw&start=430&sa=N
2015-12-14 04:16:53,177 DEBUG      Go to next page https://www.google.com.vn/search?q=site:vnpt.vn&hl=vi&gbv=2&prmd=ivns&ei=j0JuVsnPPIrjmAGmwL74AQ&start=440&sa=N
2015-12-14 04:16:59,006 ERROR      Captcha found, exit now
2015-12-14 04:17:44,501 DEBUG      Go to next page https://www.google.com.vn/search?q=site:vnpt.vn&hl=vi&gbv=2&prmd=ivns&ei=yEJuVtH6DMuFmQGivpiIAQ&start=450&sa=N
2015-12-14 04:17:51,245 DEBUG      Go to next page https://www.google.com.vn/search?q=site:vnpt.vn&hl=vi&gbv=2&prmd=ivns&ei=yUJuVqGUOMGSmQHNlYDQCA&start=460&sa=N
2015-12-14 04:17:57,875 DEBUG      Go to next page https://www.google.com.vn/search?q=site:vnpt.vn&hl=vi&gbv=2&prmd=ivns&ei=0EJuVtrTKMuzmwH_2YPYDQ&start=470&sa=N
2015-12-14 04:18:04,504 DEBUG      Go to next page https://www.google.com.vn/search?q=site:vnpt.vn&hl=vi&gbv=2&prmd=ivns&ei=10JuVrT0EYTnmAGgzbCoBQ&start=480&sa=N
2015-12-14 04:18:11,133 DEBUG      Go to next page https://www.google.com.vn/search?q=site:vnpt.vn&hl=vi&gbv=2&prmd=ivns&ei=3UJuVtqjOMnbmwHx2aioAw&start=490&sa=N
2015-12-14 04:18:17,841 DEBUG      Go to next page https://www.google.com.vn/search?q=site:vnpt.vn&hl=vi&gbv=2&prmd=ivns&ei=5EJuVtnkIcjHmwHkganQBA&start=500&sa=N
2015-12-14 04:18:24,626 DEBUG      Go to next page https://www.google.com.vn/search?q=site:vnpt.vn&hl=vi&gbv=2&prmd=ivns&ei=60JuVoruD8HqmAHWz5n4DA&start=510&sa=N
2015-12-14 04:18:31,300 DEBUG      Go to next page https://www.google.com.vn/search?q=site:vnpt.vn&hl=vi&gbv=2&prmd=ivns&ei=8kJuVsviAsrPmwGWoLm4Bw&start=520&sa=N
2015-12-14 04:18:37,951 DEBUG      Go to next page https://www.google.com.vn/search?q=site:vnpt.vn&hl=vi&gbv=2&prmd=ivns&ei=-EJuVpjrK8PnmAGSta_YDg&start=530&sa=N
2015-12-14 04:18:44,630 INFO       Not found any subdomain, finish now.
2015-12-14 04:18:44,640 INFO       Finish load module: scanner/google_search_subdomain.
2015-12-14 04:22:05,656 DEBUG      Set Logging mode is True.
2015-12-14 04:22:05,657 INFO       Try to load: google_search_subdomain.
2015-12-14 04:22:06,683 DEBUG      Loading module: scanner/google_search_subdomain.
2015-12-14 04:22:06,683 DEBUG      Set DOMAIN to yahoo.com.tw.
2015-12-14 04:22:06,683 WARNING    Started Module: Google Search Subdomain Module.
2015-12-14 04:22:06,683 DEBUG      Google Search Sub Domain: yahoo.com.tw
2015-12-14 04:22:07,004 DEBUG      First Query: site:yahoo.com.tw
2015-12-14 04:22:08,116 INFO       Found: www.yahoo.com.tw
2015-12-14 04:22:08,135 INFO       Found: news.yahoo.com.tw
2015-12-14 04:22:08,155 INFO       Found: www.finance.yahoo.com.tw
2015-12-14 04:22:08,172 INFO       Found: travel.yahoo.com.tw
2015-12-14 04:22:08,195 INFO       Found: searchmarketing.yahoo.com.tw
2015-12-14 04:22:08,208 INFO       Found: weather.yahoo.com.tw
2015-12-14 04:22:08,229 INFO       Found: mall.yahoo.com.tw
2015-12-14 04:22:08,249 INFO       Found: buy.yahoo.com.tw
2015-12-14 04:22:08,270 INFO       Found: money.yahoo.com.tw
2015-12-14 04:22:08,287 INFO       Found: bid.yahoo.com.tw
2015-12-14 04:22:08,415 DEBUG      Go to next page https://www.google.com.vn/search?q=site:yahoo.com.tw&hl=vi&gbv=2&prmd=ivns&ei=0ENuVsWoFZC8uASP_J-IBA&start=10&sa=N
2015-12-14 04:22:14,380 INFO       Found: car.yahoo.com.tw
2015-12-14 04:22:14,399 INFO       Found: music.yahoo.com.tw
2015-12-14 04:22:14,440 INFO       Found: fashion.yahoo.com.tw
2015-12-14 04:22:14,463 INFO       Found: sports.yahoo.com.tw
2015-12-14 04:22:14,482 INFO       Found: movie.yahoo.com.tw
2015-12-14 04:22:14,498 INFO       Found: games.yahoo.com.tw
2015-12-14 04:22:14,517 INFO       Found: house.yahoo.com.tw
2015-12-14 04:22:14,553 INFO       Found: stock.yahoo.com.tw
2015-12-14 04:22:14,697 DEBUG      Go to next page https://www.google.com.vn/search?q=site:yahoo.com.tw&hl=vi&gbv=2&prmd=ivns&ei=0UNuVvK8KcGxuQTK6pz4Dg&start=20&sa=N
2015-12-14 04:22:20,666 INFO       Found: dictionary.yahoo.com.tw
2015-12-14 04:22:20,685 INFO       Found: www.mobile.yahoo.com.tw
2015-12-14 04:22:20,705 INFO       Found: search.yahoo.com.tw
2015-12-14 04:22:20,745 INFO       Found: www.sports.yahoo.com.tw
2015-12-14 04:22:20,993 DEBUG      Go to next page https://www.google.com.vn/search?q=site:yahoo.com.tw&hl=vi&gbv=2&prmd=ivns&ei=10NuVvTGOpKfugT21YTwBw&start=30&sa=N
2015-12-14 04:22:26,933 INFO       Found: partner.buy.yahoo.com.tw
2015-12-14 04:22:26,955 INFO       Found: mobile.yahoo.com.tw
2015-12-14 04:22:26,975 INFO       Found: mail.yahoo.com.tw
2015-12-14 04:22:27,000 INFO       Found: address.yahoo.com.tw
2015-12-14 04:22:27,014 INFO       Found: notepad.yahoo.com.tw
2015-12-14 04:22:27,035 INFO       Found: knowledge.yahoo.com.tw
2015-12-14 04:22:27,079 INFO       Found: calendar.yahoo.com.tw
2015-12-14 04:22:27,234 DEBUG      Go to next page https://www.google.com.vn/search?q=site:yahoo.com.tw&hl=vi&gbv=2&prmd=ivns&ei=3kNuVorOD8P-ugTSn7XwCQ&start=40&sa=N
2015-12-14 04:22:33,230 INFO       Found: wap.yahoo.com.tw
2015-12-14 04:22:33,250 INFO       Found: toolbar.yahoo.com.tw
2015-12-14 04:22:33,560 DEBUG      Go to next page https://www.google.com.vn/search?q=site:yahoo.com.tw&hl=vi&gbv=2&prmd=ivns&ei=5ENuVrijHtCLuASzqZaACw&start=50&sa=N
2015-12-14 04:22:39,860 DEBUG      Go to next page https://www.google.com.vn/search?q=site:yahoo.com.tw&hl=vi&gbv=2&prmd=ivns&ei=6kNuVvmcMtKwuATp062QDA&start=60&sa=N
2015-12-14 04:22:46,137 DEBUG      Go to next page https://www.google.com.vn/search?q=site:yahoo.com.tw&hl=vi&gbv=2&prmd=ivns&ei=8UNuVoq5B4-UuATSr76wCQ&start=70&sa=N
2015-12-14 04:22:52,422 DEBUG      Go to next page https://www.google.com.vn/search?q=site:yahoo.com.tw&hl=vi&gbv=2&prmd=ivns&ei=90NuVpe3GIO9uATp4aPYDg&start=80&sa=N
2015-12-14 04:22:58,735 DEBUG      Go to next page https://www.google.com.vn/search?q=site:yahoo.com.tw&hl=vi&gbv=2&prmd=ivns&ei=_UNuVtreKYy3uAT30IvoBw&start=90&sa=N
2015-12-14 04:23:05,029 DEBUG      Go to next page https://www.google.com.vn/search?q=site:yahoo.com.tw&hl=vi&gbv=2&prmd=ivns&ei=A0RuVsrsPJWNuATA8qCICA&start=100&sa=N
2015-12-14 04:23:11,344 DEBUG      Go to next page https://www.google.com.vn/search?q=site:yahoo.com.tw&hl=vi&gbv=2&prmd=ivns&ei=CkRuVrfgEY6XuASxsJXQCw&start=110&sa=N
2015-12-14 04:23:17,748 DEBUG      Go to next page https://www.google.com.vn/search?q=site:yahoo.com.tw&hl=vi&gbv=2&prmd=ivns&ei=EERuVu-IJdKGuATBoInoDg&start=120&sa=N
2015-12-14 04:23:24,139 DEBUG      Go to next page https://www.google.com.vn/search?q=site:yahoo.com.tw&hl=vi&gbv=2&prmd=ivns&ei=F0RuVvRTj4q4BMDYhagN&start=130&sa=N
2015-12-14 04:23:30,495 DEBUG      Go to next page https://www.google.com.vn/search?q=site:yahoo.com.tw&hl=vi&gbv=2&prmd=ivns&ei=HURuVtS3GMSVuATl-LWICg&start=140&sa=N
2015-12-14 04:23:36,953 DEBUG      Go to next page https://www.google.com.vn/search?q=site:yahoo.com.tw&hl=vi&gbv=2&prmd=ivns&ei=I0RuVu2VLsS1uATG8p3YBA&start=150&sa=N
2015-12-14 04:23:43,282 DEBUG      Go to next page https://www.google.com.vn/search?q=site:yahoo.com.tw&hl=vi&gbv=2&prmd=ivns&ei=KkRuVu-MDYm4uATnlKWwBQ&start=160&sa=N
2015-12-14 04:23:49,613 DEBUG      Go to next page https://www.google.com.vn/search?q=site:yahoo.com.tw&hl=vi&gbv=2&prmd=ivns&ei=MERuVteTIcWUuASXzYuoCw&start=170&sa=N
2015-12-14 04:23:56,019 DEBUG      Go to next page https://www.google.com.vn/search?q=site:yahoo.com.tw&hl=vi&gbv=2&prmd=ivns&ei=NkRuVvuxNceBuQTFuo3AAQ&start=180&sa=N
2015-12-14 04:24:02,471 DEBUG      Go to next page https://www.google.com.vn/search?q=site:yahoo.com.tw&hl=vi&gbv=2&prmd=ivns&ei=PURuVqaVEYu2uQS1pru4AQ&start=190&sa=N
2015-12-14 04:24:08,789 DEBUG      Go to next page https://www.google.com.vn/search?q=site:yahoo.com.tw&hl=vi&gbv=2&prmd=ivns&ei=Q0RuVozdLMeTuAS4v4HoCw&start=200&sa=N
2015-12-14 04:24:15,117 DEBUG      Go to next page https://www.google.com.vn/search?q=site:yahoo.com.tw&hl=vi&gbv=2&prmd=ivns&ei=SkRuVq6OA82luQT8xqyIBg&start=210&sa=N
2015-12-14 04:24:21,563 DEBUG      Go to next page https://www.google.com.vn/search?q=site:yahoo.com.tw&hl=vi&gbv=2&prmd=ivns&ei=UERuVuqPF4ymuQSJ8L2gCA&start=220&sa=N
2015-12-14 04:24:28,003 DEBUG      Go to next page https://www.google.com.vn/search?q=site:yahoo.com.tw&hl=vi&gbv=2&prmd=ivns&ei=VkRuVtqpMsKluQT8pZiYCw&start=230&sa=N
2015-12-14 04:24:34,418 DEBUG      Go to next page https://www.google.com.vn/search?q=site:yahoo.com.tw&hl=vi&gbv=2&prmd=ivns&ei=XURuVrmwEJOfugSsiYGgCg&start=240&sa=N
2015-12-14 04:24:40,881 DEBUG      Go to next page https://www.google.com.vn/search?q=site:yahoo.com.tw&hl=vi&gbv=2&prmd=ivns&ei=Y0RuVp--KdWouwTm_YuoBg&start=250&sa=N
2015-12-14 04:24:46,414 ERROR      Captcha found, exit now
2015-12-14 04:27:50,700 DEBUG      Go to next page https://www.google.com.vn/search?q=site:yahoo.com.tw&hl=vi&gbv=2&prmd=ivns&ei=JkVuVpvXHo_IuASZ2oD4Cw&start=260&sa=N
2015-12-14 04:27:57,128 DEBUG      Go to next page https://www.google.com.vn/search?q=site:yahoo.com.tw&hl=vi&gbv=2&prmd=ivns&ei=J0VuVtbQOsqcugT486LoAw&start=270&sa=N
2015-12-14 04:28:03,450 DEBUG      Go to next page https://www.google.com.vn/search?q=site:yahoo.com.tw&hl=vi&gbv=2&prmd=ivns&ei=LkVuVvXaF4S3uQTGnJnABg&start=280&sa=N
2015-12-14 04:28:09,869 DEBUG      Go to next page https://www.google.com.vn/search?q=site:yahoo.com.tw&hl=vi&gbv=2&prmd=ivns&ei=NEVuVpGsK9aVuAT-wpewCA&start=290&sa=N
2015-12-14 04:28:16,309 DEBUG      Go to next page https://www.google.com.vn/search?q=site:yahoo.com.tw&hl=vi&gbv=2&prmd=ivns&ei=O0VuVsHwB4KWuQTHoYQg&start=300&sa=N
2015-12-14 04:28:22,723 DEBUG      Go to next page https://www.google.com.vn/search?q=site:yahoo.com.tw&hl=vi&gbv=2&prmd=ivns&ei=QUVuVrziItSKuASaxoqoBA&start=310&sa=N
2015-12-14 04:28:29,144 DEBUG      Go to next page https://www.google.com.vn/search?q=site:yahoo.com.tw&hl=vi&gbv=2&prmd=ivns&ei=R0VuVvyAPI3nuQSIlrioDQ&start=320&sa=N
2015-12-14 04:28:35,554 DEBUG      Go to next page https://www.google.com.vn/search?q=site:yahoo.com.tw&hl=vi&gbv=2&prmd=ivns&ei=TkVuVp7YGITnuQTHz4mgBw&start=330&sa=N
2015-12-14 04:28:41,960 DEBUG      Go to next page https://www.google.com.vn/search?q=site:yahoo.com.tw&hl=vi&gbv=2&prmd=ivns&ei=VEVuVqvoMZSsuQSg74GQBg&start=340&sa=N
2015-12-14 04:28:48,449 DEBUG      Go to next page https://www.google.com.vn/search?q=site:yahoo.com.tw&hl=vi&gbv=2&prmd=ivns&ei=W0VuVpi5Dc28ugTpx6CwCg&start=350&sa=N
2015-12-14 04:28:54,998 DEBUG      Go to next page https://www.google.com.vn/search?q=site:yahoo.com.tw&hl=vi&gbv=2&prmd=ivns&ei=YUVuVo6mK4yTuASm2JyIDA&start=360&sa=N
2015-12-14 04:29:01,442 DEBUG      Go to next page https://www.google.com.vn/search?q=site:yahoo.com.tw&hl=vi&gbv=2&prmd=ivns&ei=aEVuVsjcD9aJuATY0LzYAg&start=370&sa=N
2015-12-14 04:29:07,898 DEBUG      Go to next page https://www.google.com.vn/search?q=site:yahoo.com.tw&hl=vi&gbv=2&prmd=ivns&ei=bkVuVoHwKo6gugT0srTABQ&start=380&sa=N
2015-12-14 04:29:14,376 DEBUG      Go to next page https://www.google.com.vn/search?q=site:yahoo.com.tw&hl=vi&gbv=2&prmd=ivns&ei=dUVuVsbVCZGTuASHyIWQDA&start=390&sa=N
2015-12-14 04:29:20,827 DEBUG      Go to next page https://www.google.com.vn/search?q=site:yahoo.com.tw&hl=vi&gbv=2&prmd=ivns&ei=e0VuVovtJpCouwTtlpiABw&start=400&sa=N
2015-12-14 04:29:27,216 DEBUG      Go to next page https://www.google.com.vn/search?q=site:yahoo.com.tw&hl=vi&gbv=2&prmd=ivns&ei=gkVuVraqBcmJuQSfrb2oDw&start=410&sa=N
2015-12-14 04:29:33,594 DEBUG      Go to next page https://www.google.com.vn/search?q=site:yahoo.com.tw&hl=vi&gbv=2&prmd=ivns&ei=iEVuVpmJHY2PuATjp5HICg&start=420&sa=N
2015-12-14 04:29:39,981 DEBUG      Go to next page https://www.google.com.vn/search?q=site:yahoo.com.tw&hl=vi&gbv=2&prmd=ivns&ei=jkVuVv-RNMbiuQSN4L-4DA&start=430&sa=N
2015-12-14 04:29:46,343 DEBUG      Go to next page https://www.google.com.vn/search?q=site:yahoo.com.tw&hl=vi&gbv=2&prmd=ivns&ei=lUVuVq3fDpOpuwS0qYigDA&start=440&sa=N
2015-12-14 04:29:52,456 INFO       Found: pr.buy.yahoo.com.tw
2015-12-14 04:29:52,533 INFO       Found: m.buy.yahoo.com.tw
2015-12-14 04:29:52,676 DEBUG      Go to next page https://www.google.com.vn/search?q=site:yahoo.com.tw&hl=vi&gbv=2&prmd=ivns&ei=m0VuVpzpJI6jugT4tq3YCA&start=450&sa=N
2015-12-14 04:29:59,022 INFO       Not found any subdomain, finish now.
2015-12-14 04:29:59,028 INFO       Finish load module: scanner/google_search_subdomain.
2015-12-14 04:32:32,275 DEBUG      Set Logging mode is True.
2015-12-14 04:32:32,276 INFO       Try to load: google_search_subdomain.
2015-12-14 04:32:33,304 DEBUG      Loading module: scanner/google_search_subdomain.
2015-12-14 04:32:33,305 DEBUG      Set DOMAIN to yahoo.com.jp.
2015-12-14 04:32:33,305 WARNING    Started Module: Google Search Subdomain Module.
2015-12-14 04:32:33,305 DEBUG      Google Search Sub Domain: yahoo.com.jp
2015-12-14 04:32:33,534 DEBUG      First Query: site:yahoo.com.jp
2015-12-14 04:32:34,263 ERROR      Captcha found, exit now
2015-12-14 04:32:52,809 INFO       Not found any subdomain, finish now.
2015-12-14 04:32:52,814 INFO       Finish load module: scanner/google_search_subdomain.
2015-12-14 04:32:56,266 DEBUG      Set Logging mode is True.
2015-12-14 04:32:56,266 INFO       Try to load: google_search_subdomain.
2015-12-14 04:32:57,295 DEBUG      Loading module: scanner/google_search_subdomain.
2015-12-14 04:32:57,296 DEBUG      Set DOMAIN to yahoo.com.jp.
2015-12-14 04:32:57,296 WARNING    Started Module: Google Search Subdomain Module.
2015-12-14 04:32:57,296 DEBUG      Google Search Sub Domain: yahoo.com.jp
2015-12-14 04:32:57,521 DEBUG      First Query: site:yahoo.com.jp
2015-12-14 04:32:58,140 ERROR      Captcha found, exit now
2015-12-14 04:33:10,572 INFO       Not found any subdomain, finish now.
2015-12-14 04:33:10,576 INFO       Finish load module: scanner/google_search_subdomain.
2015-12-14 04:33:17,525 DEBUG      Set Logging mode is True.
2015-12-14 04:33:17,525 INFO       Try to load: google_search_subdomain.
2015-12-14 04:33:18,552 DEBUG      Loading module: scanner/google_search_subdomain.
2015-12-14 04:33:18,552 DEBUG      Set DOMAIN to yahoo.com.kh.
2015-12-14 04:33:18,552 WARNING    Started Module: Google Search Subdomain Module.
2015-12-14 04:33:18,553 DEBUG      Google Search Sub Domain: yahoo.com.kh
2015-12-14 04:33:18,772 DEBUG      First Query: site:yahoo.com.kh
2015-12-14 04:33:19,402 ERROR      Captcha found, exit now
2015-12-14 04:33:33,628 ERROR      Captcha found, exit now
2015-12-14 04:33:44,979 INFO       Not found any subdomain, finish now.
2015-12-14 04:33:44,983 INFO       Finish load module: scanner/google_search_subdomain.
2015-12-14 04:33:53,633 DEBUG      Set Logging mode is True.
2015-12-14 04:33:53,633 INFO       Try to load: google_search_subdomain.
2015-12-14 04:33:54,660 DEBUG      Loading module: scanner/google_search_subdomain.
2015-12-14 04:33:54,660 DEBUG      Set DOMAIN to nokia.com.
2015-12-14 04:33:54,661 WARNING    Started Module: Google Search Subdomain Module.
2015-12-14 04:33:54,661 DEBUG      Google Search Sub Domain: nokia.com
2015-12-14 04:33:54,883 DEBUG      First Query: site:nokia.com
2015-12-14 04:33:55,599 ERROR      Captcha found, exit now
2015-12-14 04:34:07,793 INFO       Found: www.nokia.com
2015-12-14 04:34:07,859 INFO       Found: account.nokia.com
2015-12-14 04:34:07,901 INFO       Found: networks.nokia.com
2015-12-14 04:34:08,115 DEBUG      Go to next page https://www.google.com.vn/search?q=site:nokia.com&hl=vi&gbv=2&prmd=ivns&ei=n0ZuVpTXPMaVuAT47ZqQDQ&start=10&sa=N
2015-12-14 04:34:14,449 DEBUG      Go to next page https://www.google.com.vn/search?q=site:nokia.com&hl=vi&gbv=2&prmd=ivns&ei=oUZuVq7qFoOduQSTr674Dw&start=20&sa=N
2015-12-14 04:34:20,505 INFO       Found: n1.nokia.com
2015-12-14 04:34:20,565 INFO       Found: ozo.nokia.com
2015-12-14 04:34:20,600 INFO       Found: emulator.nokia.com
2015-12-14 04:34:20,781 DEBUG      Go to next page https://www.google.com.vn/search?q=site:nokia.com&hl=vi&gbv=2&prmd=ivns&ei=p0ZuVvqbK8TbuQSW56mgCg&start=30&sa=N
2015-12-14 04:34:26,734 INFO       Found: inventwithnokia.nokia.com
2015-12-14 04:34:27,057 DEBUG      Go to next page https://www.google.com.vn/search?q=site:nokia.com&hl=vi&gbv=2&prmd=ivns&ei=rkZuVsy4Ao6gugT0srTABQ&start=40&sa=N
2015-12-14 04:34:33,179 INFO       Found: www.europe.nokia.com
2015-12-14 04:34:33,379 DEBUG      Go to next page https://www.google.com.vn/search?q=site:nokia.com&hl=vi&gbv=2&prmd=ivns&ei=tEZuVqiiE5SfuQSv0bjgAg&start=50&sa=N
2015-12-14 04:34:39,370 INFO       Found: careers.networks.nokia.com
2015-12-14 04:34:39,424 INFO       Found: conversations.nokia.com
2015-12-14 04:34:39,440 INFO       Found: company.nokia.com
2015-12-14 04:34:39,459 INFO       Found: videolinks.nokia.com
2015-12-14 04:34:39,493 INFO       Found: momaths.nokia.com
2015-12-14 04:34:39,669 DEBUG      Go to next page https://www.google.com.vn/search?q=site:nokia.com&hl=vi&gbv=2&prmd=ivns&ei=ukZuVo_5Jo-9uASIg6ioDA&start=60&sa=N
2015-12-14 04:34:46,005 DEBUG      Go to next page https://www.google.com.vn/search?q=site:nokia.com&hl=vi&gbv=2&prmd=ivns&ei=wEZuVu_QOMK1uASs3rS4Cg&start=70&sa=N
2015-12-14 04:34:52,330 DEBUG      Go to next page https://www.google.com.vn/search?q=site:nokia.com&hl=vi&gbv=2&prmd=ivns&ei=x0ZuVpyNEMOuuQS0sqagAg&start=80&sa=N
2015-12-14 04:34:58,364 INFO       Found: appsocial.nokia.com
2015-12-14 04:34:58,640 DEBUG      Go to next page https://www.google.com.vn/search?q=site:nokia.com&hl=vi&gbv=2&prmd=ivns&ei=zUZuVp6bJJOwuASl2I6gDA&start=90&sa=N
2015-12-14 04:35:04,972 DEBUG      Go to next page https://www.google.com.vn/search?q=site:nokia.com&hl=vi&gbv=2&prmd=ivns&ei=00ZuVsrvNsvHuASwx6iACQ&start=100&sa=N
2015-12-14 04:35:11,139 INFO       Found: api.maps.nlp.nokia.com
2015-12-14 04:35:11,434 DEBUG      Go to next page https://www.google.com.vn/search?q=site:nokia.com&hl=vi&gbv=2&prmd=ivns&ei=2kZuVpmIDs6yuAS66aXQCQ&start=110&sa=N
2015-12-14 04:35:17,426 INFO       Found: developer.nokia.com
2015-12-14 04:35:17,542 INFO       Found: facebook.nokia.com
2015-12-14 04:35:17,561 INFO       Found: jp.networks.nokia.com
2015-12-14 04:35:17,762 DEBUG      Go to next page https://www.google.com.vn/search?q=site:nokia.com&hl=vi&gbv=2&prmd=ivns&ei=4EZuVqCqKpS2uQSOkJS4CQ&start=120&sa=N
2015-12-14 04:35:24,231 DEBUG      Go to next page https://www.google.com.vn/search?q=site:nokia.com&hl=vi&gbv=2&prmd=ivns&ei=50ZuVrioAc-4uASRnrvYAg&start=130&sa=N
2015-12-14 04:35:30,583 DEBUG      Go to next page https://www.google.com.vn/search?q=site:nokia.com&hl=vi&gbv=2&prmd=ivns&ei=7UZuVpvwHcuzuAT0lKuwDQ&start=140&sa=N
2015-12-14 04:35:37,054 DEBUG      Go to next page https://www.google.com.vn/search?q=site:nokia.com&hl=vi&gbv=2&prmd=ivns&ei=80ZuVsy9M8aTuASF9pjABw&start=150&sa=N
2015-12-14 04:35:43,537 DEBUG      Go to next page https://www.google.com.vn/search?q=site:nokia.com&hl=vi&gbv=2&prmd=ivns&ei=-kZuVrqHE4O5uASnvozoBQ&start=160&sa=N
2015-12-14 04:35:49,880 DEBUG      Go to next page https://www.google.com.vn/search?q=site:nokia.com&hl=vi&gbv=2&prmd=ivns&ei=AEduVqzMMIqIuASN45WIAw&start=170&sa=N
2015-12-14 04:35:56,130 INFO       Found: blog.networks.nokia.com
2015-12-14 04:35:56,362 DEBUG      Go to next page https://www.google.com.vn/search?q=site:nokia.com&hl=vi&gbv=2&prmd=ivns&ei=B0duVsW4CIHhuQTOjYbACw&start=180&sa=N
2015-12-14 04:36:02,805 DEBUG      Go to next page https://www.google.com.vn/search?q=site:nokia.com&hl=vi&gbv=2&prmd=ivns&ei=DUduVtXqJZPGuAT9n5rACw&start=190&sa=N
2015-12-14 04:36:09,155 DEBUG      Go to next page https://www.google.com.vn/search?q=site:nokia.com&hl=vi&gbv=2&prmd=ivns&ei=FEduVoHtA4iNuASfr4VA&start=200&sa=N
2015-12-14 04:36:15,502 DEBUG      Go to next page https://www.google.com.vn/search?q=site:nokia.com&hl=vi&gbv=2&prmd=ivns&ei=GkduVsafGca9uASUvZmwAQ&start=210&sa=N
2015-12-14 04:36:21,594 INFO       Found: online.networks.nokia.com
2015-12-14 04:36:21,626 INFO       Found: api.ent.nokia.com
2015-12-14 04:36:21,841 DEBUG      Go to next page https://www.google.com.vn/search?q=site:nokia.com&hl=vi&gbv=2&prmd=ivns&ei=IEduVuKzLsaiugT24YGIDw&start=220&sa=N
2015-12-14 04:36:27,835 INFO       Found: maps.nokia.com
2015-12-14 04:36:28,209 DEBUG      Go to next page https://www.google.com.vn/search?q=site:nokia.com&hl=vi&gbv=2&prmd=ivns&ei=J0duVtOHBs-eugT-66mIAg&start=230&sa=N
2015-12-14 04:36:34,656 DEBUG      Go to next page https://www.google.com.vn/search?q=site:nokia.com&hl=vi&gbv=2&prmd=ivns&ei=LUduVpPDHMqiugSFsqbICQ&start=240&sa=N
2015-12-14 04:36:41,010 DEBUG      Go to next page https://www.google.com.vn/search?q=site:nokia.com&hl=vi&gbv=2&prmd=ivns&ei=M0duVuvlN4mQuASYibSABw&start=250&sa=N
2015-12-14 04:36:47,339 DEBUG      Go to next page https://www.google.com.vn/search?q=site:nokia.com&hl=vi&gbv=2&prmd=ivns&ei=OkduVsGtEMjHuATYiKy4BQ&start=260&sa=N
2015-12-14 04:36:53,549 INFO       Found: www.farsi.nokia.com
2015-12-14 04:36:53,823 DEBUG      Go to next page https://www.google.com.vn/search?q=site:nokia.com&hl=vi&gbv=2&prmd=ivns&ei=QEduVr25JMjguQT14rK4Dg&start=270&sa=N
2015-12-14 04:37:00,164 DEBUG      Go to next page https://www.google.com.vn/search?q=site:nokia.com&hl=vi&gbv=2&prmd=ivns&ei=R0duVpr8BNGauQTPhIXACg&start=280&sa=N
2015-12-14 04:37:06,606 DEBUG      Go to next page https://www.google.com.vn/search?q=site:nokia.com&hl=vi&gbv=2&prmd=ivns&ei=TUduVobwGYuEuwSuu43IDg&start=290&sa=N
2015-12-14 04:37:12,937 DEBUG      Go to next page https://www.google.com.vn/search?q=site:nokia.com&hl=vi&gbv=2&prmd=ivns&ei=U0duVtffNMKdugSPt7-wCg&start=300&sa=N
2015-12-14 04:37:19,381 DEBUG      Go to next page https://www.google.com.vn/search?q=site:nokia.com&hl=vi&gbv=2&prmd=ivns&ei=WkduVo6DDIr9uAT96pLoAw&start=310&sa=N
2015-12-14 04:37:25,849 DEBUG      Go to next page https://www.google.com.vn/search?q=site:nokia.com&hl=vi&gbv=2&prmd=ivns&ei=YEduVp__JtCJuATtoo3oAQ&start=320&sa=N
2015-12-14 04:37:32,361 DEBUG      Go to next page https://www.google.com.vn/search?q=site:nokia.com&hl=vi&gbv=2&prmd=ivns&ei=Z0duVvPGBtOyuASUxb-IDA&start=330&sa=N
2015-12-14 04:37:38,841 DEBUG      Go to next page https://www.google.com.vn/search?q=site:nokia.com&hl=vi&gbv=2&prmd=ivns&ei=bUduVsHlJYuSuQTC6oGIDw&start=340&sa=N
2015-12-14 04:37:45,286 DEBUG      Go to next page https://www.google.com.vn/search?q=site:nokia.com&hl=vi&gbv=2&prmd=ivns&ei=dEduVoCDBsuQuAS0iK_gBg&start=350&sa=N
2015-12-14 04:37:51,771 DEBUG      Go to next page https://www.google.com.vn/search?q=site:nokia.com&hl=vi&gbv=2&prmd=ivns&ei=ekduVoecIcGxuQTK6pz4Dg&start=360&sa=N
2015-12-14 04:37:58,238 DEBUG      Go to next page https://www.google.com.vn/search?q=site:nokia.com&hl=vi&gbv=2&prmd=ivns&ei=gUduVtDkAdG8ugT8oZLYAQ&start=370&sa=N
2015-12-14 04:38:04,699 DEBUG      Go to next page https://www.google.com.vn/search?q=site:nokia.com&hl=vi&gbv=2&prmd=ivns&ei=h0duVuaiHtWSuASuyrOQDQ&start=380&sa=N
2015-12-14 04:38:11,148 DEBUG      Go to next page https://www.google.com.vn/search?q=site:nokia.com&hl=vi&gbv=2&prmd=ivns&ei=jUduVpGzOoXjuQTRpb2QDA&start=390&sa=N
2015-12-14 04:38:17,637 DEBUG      Go to next page https://www.google.com.vn/search?q=site:nokia.com&hl=vi&gbv=2&prmd=ivns&ei=lEduVv_2GJDguQTx_6DICw&start=400&sa=N
2015-12-14 04:38:24,140 DEBUG      Go to next page https://www.google.com.vn/search?q=site:nokia.com&hl=vi&gbv=2&prmd=ivns&ei=mkduVv7PNtSeugTJ9ZHoCw&start=410&sa=N
2015-12-14 04:38:30,600 DEBUG      Go to next page https://www.google.com.vn/search?q=site:nokia.com&hl=vi&gbv=2&prmd=ivns&ei=oUduVquhGIahugSbvpeACA&start=420&sa=N
2015-12-14 04:38:37,054 DEBUG      Go to next page https://www.google.com.vn/search?q=site:nokia.com&hl=vi&gbv=2&prmd=ivns&ei=p0duVu6pNNOdugT_ip2IBg&start=430&sa=N
2015-12-14 04:38:43,515 DEBUG      Go to next page https://www.google.com.vn/search?q=site:nokia.com&hl=vi&gbv=2&prmd=ivns&ei=rkduVo2AE4iOuATZwq2ABg&start=440&sa=N
2015-12-14 04:38:50,025 DEBUG      Go to next page https://www.google.com.vn/search?q=site:nokia.com&hl=vi&gbv=2&prmd=ivns&ei=tEduVoOXL8ygugTKgIjQAQ&start=450&sa=N
2015-12-14 04:38:55,557 ERROR      Captcha found, exit now
2015-12-14 04:39:14,745 DEBUG      Go to next page https://www.google.com.vn/search?q=site:nokia.com&hl=vi&gbv=2&prmd=ivns&ei=0kduVrWHIseLuwT456roBQ&start=460&sa=N
2015-12-14 04:39:20,856 INFO       Found: developer.qt.nokia.com
2015-12-14 04:39:21,242 DEBUG      Go to next page https://www.google.com.vn/search?q=site:nokia.com&hl=vi&gbv=2&prmd=ivns&ei=1EduVvwP1J66BMn1kegL&start=470&sa=N
2015-12-14 04:39:27,672 DEBUG      Go to next page https://www.google.com.vn/search?q=site:nokia.com&hl=vi&gbv=2&prmd=ivns&ei=2kduVvm6HpG3uAT_3ZsI&start=480&sa=N
2015-12-14 04:39:34,190 DEBUG      Go to next page https://www.google.com.vn/search?q=site:nokia.com&hl=vi&gbv=2&prmd=ivns&ei=4EduVpncOMaWuATip7rwCQ&start=490&sa=N
2015-12-14 04:39:40,725 DEBUG      Go to next page https://www.google.com.vn/search?q=site:nokia.com&hl=vi&gbv=2&prmd=ivns&ei=50duVtasG9PGuASb-LDoBw&start=500&sa=N
2015-12-14 04:39:47,263 DEBUG      Go to next page https://www.google.com.vn/search?q=site:nokia.com&hl=vi&gbv=2&prmd=ivns&ei=7UduVrX3O9OjugSB5K_gBA&start=510&sa=N
2015-12-14 04:39:53,730 DEBUG      Go to next page https://www.google.com.vn/search?q=site:nokia.com&hl=vi&gbv=2&prmd=ivns&ei=9EduVpPfH8qBuQTSv57oCw&start=520&sa=N
2015-12-14 04:40:00,219 DEBUG      Go to next page https://www.google.com.vn/search?q=site:nokia.com&hl=vi&gbv=2&prmd=ivns&ei=-kduVsmfPNGGuASko42QAg&start=530&sa=N
2015-12-14 04:40:06,717 DEBUG      Go to next page https://www.google.com.vn/search?q=site:nokia.com&hl=vi&gbv=2&prmd=ivns&ei=AUhuVsS8HcO4uATTgbfICg&start=540&sa=N
2015-12-14 04:40:13,001 INFO       Found: download.nokia.com
2015-12-14 04:40:13,199 DEBUG      Go to next page https://www.google.com.vn/search?q=site:nokia.com&hl=vi&gbv=2&prmd=ivns&ei=B0huVvu6O83GuASbv4uAAw&start=550&sa=N
2015-12-14 04:40:19,452 INFO       Found: blogs.windows.com
2015-12-14 04:40:19,674 DEBUG      Go to next page https://www.google.com.vn/search?q=site:nokia.com&hl=vi&gbv=2&prmd=ivns&ei=DkhuVonsG4q7uATUxrmADA&start=560&sa=N
2015-12-14 04:40:26,144 DEBUG      Go to next page https://www.google.com.vn/search?q=site:nokia.com&hl=vi&gbv=2&prmd=ivns&ei=FEhuVpbnOMTnuQTEhpaICA&start=570&sa=N
2015-12-14 04:40:32,703 DEBUG      Go to next page https://www.google.com.vn/search?q=site:nokia.com&hl=vi&gbv=2&prmd=ivns&ei=G0huVs66GM2gugTIzpy4Dw&start=580&sa=N
2015-12-14 04:40:39,171 DEBUG      Go to next page https://www.google.com.vn/search?q=site:nokia.com&hl=vi&gbv=2&prmd=ivns&ei=IUhuVoXVOtCbuQSZ5qnAAQ&start=590&sa=N
2015-12-14 04:40:45,647 DEBUG      Go to next page https://www.google.com.vn/search?q=site:nokia.com&hl=vi&gbv=2&prmd=ivns&ei=KEhuVuOPGsqfugTlpJ2gDw&start=600&sa=N
2015-12-14 04:40:52,162 DEBUG      Go to next page https://www.google.com.vn/search?q=site:nokia.com&hl=vi&gbv=2&prmd=ivns&ei=LkhuVveSN5C1uASuxIfYAQ&start=610&sa=N
2015-12-14 04:40:58,648 DEBUG      Go to next page https://www.google.com.vn/search?q=site:nokia.com&hl=vi&gbv=2&prmd=ivns&ei=NUhuVuHIGZSDuwTGnpaYDQ&start=620&sa=N
2015-12-14 04:41:05,152 DEBUG      Go to next page https://www.google.com.vn/search?q=site:nokia.com&hl=vi&gbv=2&prmd=ivns&ei=O0huVu-dN4-cugTw2pf4CA&start=630&sa=N
2015-12-14 04:41:11,643 DEBUG      Go to next page https://www.google.com.vn/search?q=site:nokia.com&hl=vi&gbv=2&prmd=ivns&ei=QkhuVsH1GJOfugSsiYGgCg&start=640&sa=N
2015-12-14 04:41:18,135 DEBUG      Go to next page https://www.google.com.vn/search?q=site:nokia.com&hl=vi&gbv=2&prmd=ivns&ei=SEhuVuf6NpGUuAT7vYCADA&start=650&sa=N
2015-12-14 04:41:24,601 DEBUG      Go to next page https://www.google.com.vn/search?q=site:nokia.com&hl=vi&gbv=2&prmd=ivns&ei=T0huVtryF8G9ugT0n5qgBA&start=660&sa=N
2015-12-14 04:41:31,055 DEBUG      Go to next page https://www.google.com.vn/search?q=site:nokia.com&hl=vi&gbv=2&prmd=ivns&ei=VUhuVuKpNMacugTcs5SABw&start=670&sa=N
2015-12-14 04:41:37,510 DEBUG      Go to next page https://www.google.com.vn/search?q=site:nokia.com&hl=vi&gbv=2&prmd=ivns&ei=XEhuVrKFE5WfugSK3ZqYBA&start=680&sa=N
2015-12-14 04:41:44,002 DEBUG      Go to next page https://www.google.com.vn/search?q=site:nokia.com&hl=vi&gbv=2&prmd=ivns&ei=YkhuVoTjLoKYuQTH7pu4AQ&start=690&sa=N
2015-12-14 04:41:50,128 INFO       Found: lumiaconversations.microsoft.com
2015-12-14 04:41:50,140 INFO       Found: 360.here.com
2015-12-14 04:41:50,335 DEBUG      Go to next page https://www.google.com.vn/search?q=site:nokia.com&hl=vi&gbv=2&prmd=ivns&ei=aUhuVpznD8OJuATJ9I2IBw&start=700&sa=N
2015-12-14 04:41:56,455 INFO       Found: blog.qt.io
2015-12-14 04:41:56,597 INFO       Not found any subdomain, finish now.
2015-12-14 04:41:56,603 INFO       Finish load module: scanner/google_search_subdomain.
2015-12-14 04:53:50,860 DEBUG      Set Logging mode is True.
2015-12-14 04:53:50,860 INFO       Try to load: google_search_subdomain.
2015-12-14 04:53:51,888 DEBUG      Loading module: scanner/google_search_subdomain.
2015-12-14 04:53:51,888 DEBUG      Set DOMAIN to vng.com.vn.
2015-12-14 04:53:51,889 WARNING    Started Module: Google Search Subdomain Module.
2015-12-14 04:53:51,889 DEBUG      Google Search Sub Domain: vng.com.vn
2015-12-14 04:53:52,414 DEBUG      First Query: site:vng.com.vn
2015-12-14 04:53:52,920 ERROR      Captcha found, exit now
2015-12-14 04:54:06,268 INFO       Found: www.vng.com.vn
2015-12-14 04:54:06,302 INFO       Found: career.vng.com.vn
2015-12-14 04:54:06,336 INFO       Found: firebat.vng.com.vn
2015-12-14 04:54:06,396 INFO       Found: csm.vng.com.vn
2015-12-14 04:54:06,541 DEBUG      Go to next page https://www.google.com.vn/search?q=site:vng.com.vn&hl=vi&gbv=2&prmd=ivns&ei=TktuVqDSE9DUuQTDnop4&start=10&sa=N
2015-12-14 04:54:12,529 INFO       Found: click.vng.com.vn
2015-12-14 04:54:12,695 INFO       Found: 10.vng.com.vn
2015-12-14 04:54:12,848 DEBUG      Go to next page https://www.google.com.vn/search?q=site:vng.com.vn&hl=vi&gbv=2&prmd=ivns&ei=T0tuVtO6MM6PuASuobbYBw&start=20&sa=N
2015-12-14 04:54:19,095 DEBUG      Go to next page https://www.google.com.vn/search?q=site:vng.com.vn&hl=vi&gbv=2&prmd=ivns&ei=VktuVsWRBseyuATp05CIAg&start=30&sa=N
2015-12-14 04:54:25,268 INFO       Found: ads.vng.com.vn
2015-12-14 04:54:25,475 DEBUG      Go to next page https://www.google.com.vn/search?q=site:vng.com.vn&hl=vi&gbv=2&prmd=ivns&ei=XEtuVpGXFc6PuASuobbYBw&start=40&sa=N
2015-12-14 04:54:31,771 DEBUG      Go to next page https://www.google.com.vn/search?q=site:vng.com.vn&hl=vi&gbv=2&prmd=ivns&ei=YktuVoy1LNeNuASfuYLQAw&start=50&sa=N
2015-12-14 04:54:38,058 DEBUG      Go to next page https://www.google.com.vn/search?q=site:vng.com.vn&hl=vi&gbv=2&prmd=ivns&ei=aUtuVq23AYSSuATUnYS4Ag&start=60&sa=N
2015-12-14 04:54:44,326 DEBUG      Go to next page https://www.google.com.vn/search?q=site:vng.com.vn&hl=vi&gbv=2&prmd=ivns&ei=b0tuVo_4EsK1uASs3rS4Cg&start=70&sa=N
2015-12-14 04:54:50,598 DEBUG      Go to next page https://www.google.com.vn/search?q=site:vng.com.vn&hl=vi&gbv=2&prmd=ivns&ei=dUtuVtyiI9OIuATc-KuYDw&start=80&sa=N
2015-12-14 04:54:56,876 DEBUG      Go to next page https://www.google.com.vn/search?q=site:vng.com.vn&hl=vi&gbv=2&prmd=ivns&ei=e0tuVuXvM8PsugSC-IGIAw&start=90&sa=N
2015-12-14 04:55:03,189 DEBUG      Go to next page https://www.google.com.vn/search?q=site:vng.com.vn&hl=vi&gbv=2&prmd=ivns&ei=gktuVvLrB867uAS_tInQBA&start=100&sa=N
2015-12-14 04:55:09,469 DEBUG      Go to next page https://www.google.com.vn/search?q=site:vng.com.vn&hl=vi&gbv=2&prmd=ivns&ei=iEtuVs_3GoXuugSa46JY&start=110&sa=N
2015-12-14 04:55:15,740 DEBUG      Go to next page https://www.google.com.vn/search?q=site:vng.com.vn&hl=vi&gbv=2&prmd=ivns&ei=jktuVvmBLNCwuQSBwrDYCw&start=120&sa=N
2015-12-14 04:55:22,013 DEBUG      Go to next page https://www.google.com.vn/search?q=site:vng.com.vn&hl=vi&gbv=2&prmd=ivns&ei=lEtuVvDLPMOwuQSRq6aoBw&start=130&sa=N
2015-12-14 04:55:27,983 INFO       Found: www.career.vng.com.vn
2015-12-14 04:55:28,294 DEBUG      Go to next page https://www.google.com.vn/search?q=site:vng.com.vn&hl=vi&gbv=2&prmd=ivns&ei=m0tuVvCXEMj1ugSwzqnQDg&start=140&sa=N
2015-12-14 04:55:34,579 DEBUG      Go to next page https://www.google.com.vn/search?q=site:vng.com.vn&hl=vi&gbv=2&prmd=ivns&ei=oUtuVuynIZKRuATLwJOQCw&start=150&sa=N
2015-12-14 04:55:40,955 DEBUG      Go to next page https://www.google.com.vn/search?q=site:vng.com.vn&hl=vi&gbv=2&prmd=ivns&ei=p0tuVvbdMsWUuASXzYuoCw&start=160&sa=N
2015-12-14 04:55:47,237 DEBUG      Go to next page https://www.google.com.vn/search?q=site:vng.com.vn&hl=vi&gbv=2&prmd=ivns&ei=rktuVu7ODMeLuwT456roBQ&start=170&sa=N
2015-12-14 04:55:53,535 DEBUG      Go to next page https://www.google.com.vn/search?q=site:vng.com.vn&hl=vi&gbv=2&prmd=ivns&ei=tEtuVt_rHYGBuwTR5ZXACA&start=180&sa=N
2015-12-14 04:55:59,827 DEBUG      Go to next page https://www.google.com.vn/search?q=site:vng.com.vn&hl=vi&gbv=2&prmd=ivns&ei=uktuVouHMIKYuQTH7pu4AQ&start=190&sa=N
2015-12-14 04:56:06,097 DEBUG      Go to next page https://www.google.com.vn/search?q=site:vng.com.vn&hl=vi&gbv=2&prmd=ivns&ei=wUtuVp_mBNWPuASi1a6QBQ&start=200&sa=N
2015-12-14 04:56:12,360 DEBUG      Go to next page https://www.google.com.vn/search?q=site:vng.com.vn&hl=vi&gbv=2&prmd=ivns&ei=x0tuVsmoFc6NuATOo7CoAg&start=210&sa=N
2015-12-14 04:56:18,641 DEBUG      Go to next page https://www.google.com.vn/search?q=site:vng.com.vn&hl=vi&gbv=2&prmd=ivns&ei=zUtuVpuwJZT9ugTkyYLQDg&start=220&sa=N
2015-12-14 04:56:24,967 DEBUG      Go to next page https://www.google.com.vn/search?q=site:vng.com.vn&hl=vi&gbv=2&prmd=ivns&ei=00tuVte9NtedugSvwqXgCw&start=230&sa=N
2015-12-14 04:56:31,293 DEBUG      Go to next page https://www.google.com.vn/search?q=site:vng.com.vn&hl=vi&gbv=2&prmd=ivns&ei=2ktuVv-vDY6IuwTk4pTwAw&start=240&sa=N
2015-12-14 04:56:37,606 DEBUG      Go to next page https://www.google.com.vn/search?q=site:vng.com.vn&hl=vi&gbv=2&prmd=ivns&ei=4EtuVpesIYOhuQSUpK74Ag&start=250&sa=N
2015-12-14 04:56:43,875 DEBUG      Go to next page https://www.google.com.vn/search?q=site:vng.com.vn&hl=vi&gbv=2&prmd=ivns&ei=5ktuVuyuNIOJuASak6GgCA&start=260&sa=N
2015-12-14 04:56:50,391 DEBUG      Go to next page https://www.google.com.vn/search?q=site:vng.com.vn&hl=vi&gbv=2&prmd=ivns&ei=7UtuVtveB86yuAS66aXQCQ&start=270&sa=N
2015-12-14 04:56:56,797 DEBUG      Go to next page https://www.google.com.vn/search?q=site:vng.com.vn&hl=vi&gbv=2&prmd=ivns&ei=80tuVsGcJ9KWuASVuqKACw&start=280&sa=N
2015-12-14 04:57:03,092 DEBUG      Go to next page https://www.google.com.vn/search?q=site:vng.com.vn&hl=vi&gbv=2&prmd=ivns&ei=-ktuVuKKA5CNuAS9m5TACQ&start=290&sa=N
2015-12-14 04:57:09,423 DEBUG      Go to next page https://www.google.com.vn/search?q=site:vng.com.vn&hl=vi&gbv=2&prmd=ivns&ei=AExuVrH7FMS0uATdwpGQBA&start=300&sa=N
2015-12-14 04:57:15,694 DEBUG      Go to next page https://www.google.com.vn/search?q=site:vng.com.vn&hl=vi&gbv=2&prmd=ivns&ei=BkxuVsiWKZO-uASFibuQBA&start=310&sa=N
2015-12-14 04:57:22,080 DEBUG      Go to next page https://www.google.com.vn/search?q=site:vng.com.vn&hl=vi&gbv=2&prmd=ivns&ei=DExuVrjcOYq8ugT4nrqgDQ&start=320&sa=N
2015-12-14 04:57:28,491 DEBUG      Go to next page https://www.google.com.vn/search?q=site:vng.com.vn&hl=vi&gbv=2&prmd=ivns&ei=E0xuVrabFIOXuQSPq4bIBg&start=330&sa=N
2015-12-14 04:57:34,916 DEBUG      Go to next page https://www.google.com.vn/search?q=site:vng.com.vn&hl=vi&gbv=2&prmd=ivns&ei=GUxuVqmzLceiugTigYj4AQ&start=340&sa=N
2015-12-14 04:57:41,336 DEBUG      Go to next page https://www.google.com.vn/search?q=site:vng.com.vn&hl=vi&gbv=2&prmd=ivns&ei=IExuVvSdCsOIuwSNwrm4Cg&start=350&sa=N
2015-12-14 04:57:47,314 INFO       Found: fresher.vng.com.vn
2015-12-14 04:57:47,645 DEBUG      Go to next page https://www.google.com.vn/search?q=site:vng.com.vn&hl=vi&gbv=2&prmd=ivns&ei=JkxuVrvxI8-XuASlwZ-IBA&start=360&sa=N
2015-12-14 04:57:54,087 DEBUG      Go to next page https://www.google.com.vn/search?q=site:vng.com.vn&hl=vi&gbv=2&prmd=ivns&ei=LExuVsHWNpCXuASYlrXYBg&start=370&sa=N
2015-12-14 04:58:00,483 DEBUG      Go to next page https://www.google.com.vn/search?q=site:vng.com.vn&hl=vi&gbv=2&prmd=ivns&ei=M0xuVpfUFJOMuATq2I_YCA&start=380&sa=N
2015-12-14 04:58:06,890 DEBUG      Go to next page https://www.google.com.vn/search?q=site:vng.com.vn&hl=vi&gbv=2&prmd=ivns&ei=OUxuVtHsLIjGuASBua7gDA&start=390&sa=N
2015-12-14 04:58:13,202 DEBUG      Go to next page https://www.google.com.vn/search?q=site:vng.com.vn&hl=vi&gbv=2&prmd=ivns&ei=QExuVpjjCMeduQSv4bDgBQ&start=400&sa=N
2015-12-14 04:58:19,625 DEBUG      Go to next page https://www.google.com.vn/search?q=site:vng.com.vn&hl=vi&gbv=2&prmd=ivns&ei=RkxuVtPVG8qiugSFsqbICQ&start=410&sa=N
2015-12-14 04:58:26,140 DEBUG      Go to next page https://www.google.com.vn/search?q=site:vng.com.vn&hl=vi&gbv=2&prmd=ivns&ei=TExuVuS6Nc2dugTFspzQCg&start=420&sa=N
2015-12-14 04:58:32,712 DEBUG      Go to next page https://www.google.com.vn/search?q=site:vng.com.vn&hl=vi&gbv=2&prmd=ivns&ei=U0xuVqaGGMmNuATO3aXgCg&start=430&sa=N
2015-12-14 04:58:39,173 DEBUG      Go to next page https://www.google.com.vn/search?q=site:vng.com.vn&hl=vi&gbv=2&prmd=ivns&ei=WUxuVsTqOsTjuQTkl5eABA&start=440&sa=N
2015-12-14 04:58:44,703 ERROR      Captcha found, exit now
2015-12-14 04:59:07,755 DEBUG      Go to next page https://www.google.com.vn/search?q=site:vng.com.vn&hl=vi&gbv=2&prmd=ivns&ei=e0xuVtbwJozauQSY-ZOIBA&start=450&sa=N
2015-12-14 04:59:14,224 DEBUG      Go to next page https://www.google.com.vn/search?q=site:vng.com.vn&hl=vi&gbv=2&prmd=ivns&ei=fUxuVtUv0JC5BPacgtAN&start=460&sa=N
2015-12-14 04:59:20,680 DEBUG      Go to next page https://www.google.com.vn/search?q=site:vng.com.vn&hl=vi&gbv=2&prmd=ivns&ei=g0xuVvT6HMeKuASm9LO4BA&start=470&sa=N
2015-12-14 04:59:27,102 DEBUG      Go to next page https://www.google.com.vn/search?q=site:vng.com.vn&hl=vi&gbv=2&prmd=ivns&ei=iUxuVv_pOIK1uAT4w4LIAw&start=480&sa=N
2015-12-14 04:59:33,509 DEBUG      Go to next page https://www.google.com.vn/search?q=site:vng.com.vn&hl=vi&gbv=2&prmd=ivns&ei=kExuVq7FFZDguQTx_6DICw&start=490&sa=N
2015-12-14 04:59:39,912 DEBUG      Go to next page https://www.google.com.vn/search?q=site:vng.com.vn&hl=vi&gbv=2&prmd=ivns&ei=lkxuVuTTLs2-uATzvLeQBg&start=500&sa=N
2015-12-14 04:59:46,311 DEBUG      Go to next page https://www.google.com.vn/search?q=site:vng.com.vn&hl=vi&gbv=2&prmd=ivns&ei=nUxuVsT3CZGGuASjlbWQBg&start=510&sa=N
2015-12-14 04:59:52,794 DEBUG      Go to next page https://www.google.com.vn/search?q=site:vng.com.vn&hl=vi&gbv=2&prmd=ivns&ei=o0xuVsClIoO8uASuzKrQDQ&start=520&sa=N
2015-12-14 04:59:59,158 DEBUG      Go to next page https://www.google.com.vn/search?q=site:vng.com.vn&hl=vi&gbv=2&prmd=ivns&ei=qkxuVv3dAs2VuATDl5aABg&start=530&sa=N
2015-12-14 05:00:05,490 DEBUG      Go to next page https://www.google.com.vn/search?q=site:vng.com.vn&hl=vi&gbv=2&prmd=ivns&ei=sExuVtD2GMOhugTIpZ3ABw&start=540&sa=N
2015-12-14 05:00:11,948 DEBUG      Go to next page https://www.google.com.vn/search?q=site:vng.com.vn&hl=vi&gbv=2&prmd=ivns&ei=tkxuVtehLsGXuQTz84OgAQ&start=550&sa=N
2015-12-14 05:00:18,309 DEBUG      Go to next page https://www.google.com.vn/search?q=site:vng.com.vn&hl=vi&gbv=2&prmd=ivns&ei=vUxuVsChDIm7uATkvKKIBA&start=560&sa=N
2015-12-14 05:00:24,611 INFO       Not found any subdomain, finish now.
2015-12-14 05:00:24,620 INFO       Finish load module: scanner/google_search_subdomain.
2015-12-14 07:12:24,342 DEBUG      Set Logging mode is True.
2015-12-14 07:12:24,343 INFO       Try to load: google_search_subdomain.
2015-12-14 07:12:25,369 DEBUG      Loading module: scanner/google_search_subdomain.
2015-12-14 07:12:25,370 DEBUG      Set DOMAIN to vtdc.net.
2015-12-14 07:12:25,370 WARNING    Started Module: Google Search Subdomain Module.
2015-12-14 07:12:25,370 DEBUG      Google Search Sub Domain: vtdc.net
2015-12-14 07:12:25,691 DEBUG      First Query: site:vtdc.net
2015-12-14 07:12:26,295 ERROR      Captcha found, exit now
2015-12-14 07:12:51,629 INFO       Found: portal.vtdc.net
2015-12-14 07:12:51,663 INFO       Found: mail.vtdc.net
2015-12-14 07:12:51,743 INFO       Found: jump.vtdc.net
2015-12-14 07:12:51,831 DEBUG      Go to next page https://www.google.com.vn/search?q=site:vtdc.net&hl=vi&gbv=2&prmd=ivns&ei=02tuVuSxM4SPuASFla2wBA&start=10&sa=N
2015-12-14 07:12:57,918 INFO       Found: mn.vtdc.net
2015-12-14 07:12:58,026 DEBUG      Go to next page https://www.google.com.vn/search?q=site:vtdc.net&hl=vi&gbv=2&prmd=ivns&ei=1WtuVoTAAs-cugT497y4Ag&start=20&sa=N
2015-12-14 07:13:04,142 INFO       Found: www.vtdc.net
2015-12-14 07:13:04,238 DEBUG      Go to next page https://www.google.com.vn/search?q=site:vtdc.net&hl=vi&gbv=2&prmd=ivns&ei=22tuVvGzDsLbuQS02o-4Dw&start=30&sa=N
2015-12-14 07:13:10,366 INFO       Not found any subdomain, finish now.
2015-12-14 07:13:10,371 INFO       Finish load module: scanner/google_search_subdomain.
