2015-12-12 12:05:31,701 INFO       List Modules
2015-12-12 12:05:35,212 INFO       List Modules
2015-12-12 12:05:43,996 INFO       Try to load: google_search_subdomain.
2015-12-12 12:05:45,025 ERROR      Option DOMAIN need configure.
2015-12-12 12:05:45,025 INFO       Finish load module: scanner/google_search_subdomain.
2015-12-12 12:06:06,492 DEBUG      Set Logging mode is True.
2015-12-12 12:06:06,493 INFO       Try to load: google_search_subdomain.
2015-12-12 12:06:07,520 DEBUG      Loading module: scanner/google_search_subdomain.
2015-12-12 12:06:07,521 DEBUG      Set DOMAIN to mobifone.com.vn.
2015-12-12 12:06:07,521 WARNING    Started Module: Google Search Subdomain Module.
2015-12-12 12:06:07,521 DEBUG      Google Search Sub Domain: mobifone.com.vn
2015-12-12 12:06:07,866 DEBUG      First Query: site:mobifone.com.vn
2015-12-12 12:06:08,354 ERROR      Captcha found, exit now
2015-12-12 12:06:08,355 INFO       Finish load module: scanner/google_search_subdomain.
2015-12-12 12:13:46,267 DEBUG      Set Logging mode is True.
2015-12-12 12:13:46,268 INFO       Try to load: google_search_subdomain.
2015-12-12 12:13:47,297 DEBUG      Loading module: scanner/google_search_subdomain.
2015-12-12 12:13:47,297 DEBUG      Set DOMAIN to mobifone.com.vn.
2015-12-12 12:13:47,297 WARNING    Started Module: Google Search Subdomain Module.
2015-12-12 12:13:47,298 DEBUG      Google Search Sub Domain: mobifone.com.vn
2015-12-12 12:13:47,623 DEBUG      First Query: site:mobifone.com.vn
2015-12-12 12:13:48,111 ERROR      Captcha found, exit now
2015-12-12 12:13:48,480 INFO       Finish load module: scanner/google_search_subdomain.
2015-12-12 12:14:52,999 DEBUG      Set Logging mode is True.
2015-12-12 12:14:53,000 INFO       Try to load: google_search_subdomain.
2015-12-12 12:14:54,030 DEBUG      Loading module: scanner/google_search_subdomain.
2015-12-12 12:14:54,030 DEBUG      Set DOMAIN to mobifone.com.vn.
2015-12-12 12:14:54,030 WARNING    Started Module: Google Search Subdomain Module.
2015-12-12 12:14:54,030 DEBUG      Google Search Sub Domain: mobifone.com.vn
2015-12-12 12:14:54,357 DEBUG      First Query: site:mobifone.com.vn
2015-12-12 12:14:54,864 ERROR      Captcha found, exit now
2015-12-12 12:14:54,919 INFO       Finish load module: scanner/google_search_subdomain.
2015-12-12 12:15:52,777 DEBUG      Set Logging mode is True.
2015-12-12 12:15:52,777 INFO       Try to load: google_search_subdomain.
2015-12-12 12:15:53,807 DEBUG      Loading module: scanner/google_search_subdomain.
2015-12-12 12:15:53,808 DEBUG      Set DOMAIN to mobifone.com.vn.
2015-12-12 12:15:53,808 WARNING    Started Module: Google Search Subdomain Module.
2015-12-12 12:15:53,808 DEBUG      Google Search Sub Domain: mobifone.com.vn
2015-12-12 12:15:54,117 DEBUG      First Query: site:mobifone.com.vn
2015-12-12 12:15:54,596 ERROR      Captcha found, exit now
2015-12-12 12:15:54,691 INFO       Finish load module: scanner/google_search_subdomain.
2015-12-12 12:17:57,874 DEBUG      Set Logging mode is True.
2015-12-12 12:17:57,875 INFO       Try to load: google_search_subdomain.
2015-12-12 12:17:58,905 DEBUG      Loading module: scanner/google_search_subdomain.
2015-12-12 12:17:58,906 DEBUG      Set DOMAIN to mobifone.com.vn.
2015-12-12 12:17:58,906 WARNING    Started Module: Google Search Subdomain Module.
2015-12-12 12:17:58,906 DEBUG      Google Search Sub Domain: mobifone.com.vn
2015-12-12 12:17:59,217 DEBUG      First Query: site:mobifone.com.vn
2015-12-12 12:17:59,861 INFO       Finish load module: scanner/google_search_subdomain.
2015-12-12 12:18:23,818 DEBUG      Set Logging mode is True.
2015-12-12 12:18:23,818 INFO       Try to load: google_search_subdomain.
2015-12-12 12:18:24,848 DEBUG      Loading module: scanner/google_search_subdomain.
2015-12-12 12:18:24,848 DEBUG      Set DOMAIN to mobifone.com.vn.
2015-12-12 12:18:24,848 WARNING    Started Module: Google Search Subdomain Module.
2015-12-12 12:18:24,848 DEBUG      Google Search Sub Domain: mobifone.com.vn
2015-12-12 12:18:25,172 DEBUG      First Query: site:mobifone.com.vn
2015-12-12 12:18:25,724 INFO       Finish load module: scanner/google_search_subdomain.
2015-12-12 12:19:01,727 DEBUG      Set Logging mode is True.
2015-12-12 12:19:01,727 INFO       Try to load: google_search_subdomain.
2015-12-12 12:19:02,756 DEBUG      Loading module: scanner/google_search_subdomain.
2015-12-12 12:19:02,756 DEBUG      Set DOMAIN to mobifone.com.vn.
2015-12-12 12:19:02,756 WARNING    Started Module: Google Search Subdomain Module.
2015-12-12 12:19:02,756 DEBUG      Google Search Sub Domain: mobifone.com.vn
2015-12-12 12:19:03,083 DEBUG      First Query: site:mobifone.com.vn
2015-12-12 12:19:03,323 INFO       Finish load module: scanner/google_search_subdomain.
2015-12-12 12:19:14,420 DEBUG      Set Logging mode is True.
2015-12-12 12:19:14,420 INFO       Try to load: google_search_subdomain.
2015-12-12 12:19:15,449 DEBUG      Loading module: scanner/google_search_subdomain.
2015-12-12 12:19:15,449 DEBUG      Set DOMAIN to mobifone.com.vn.
2015-12-12 12:19:15,450 WARNING    Started Module: Google Search Subdomain Module.
2015-12-12 12:19:15,450 DEBUG      Google Search Sub Domain: mobifone.com.vn
2015-12-12 12:19:15,797 DEBUG      First Query: site:mobifone.com.vn
2015-12-12 12:19:16,659 INFO       Finish load module: scanner/google_search_subdomain.
2015-12-12 12:20:42,982 DEBUG      Set Logging mode is True.
2015-12-12 12:20:42,982 INFO       Try to load: google_search_subdomain.
2015-12-12 12:20:44,097 DEBUG      Loading module: scanner/google_search_subdomain.
2015-12-12 12:20:44,097 DEBUG      Set DOMAIN to viettel.com.vn.
2015-12-12 12:20:44,097 WARNING    Started Module: Google Search Subdomain Module.
2015-12-12 12:20:44,097 DEBUG      Google Search Sub Domain: viettel.com.vn
2015-12-12 12:20:44,470 DEBUG      First Query: site:viettel.com.vn
2015-12-12 12:20:45,038 DEBUG      Go to next page 
2015-12-12 12:20:45,040 INFO       Finish load module: scanner/google_search_subdomain.
2015-12-12 12:21:42,434 DEBUG      Set Logging mode is True.
2015-12-12 12:21:42,434 INFO       Try to load: google_search_subdomain.
2015-12-12 12:21:43,466 DEBUG      Loading module: scanner/google_search_subdomain.
2015-12-12 12:21:43,466 DEBUG      Set DOMAIN to viettel.com.vn.
2015-12-12 12:21:43,466 WARNING    Started Module: Google Search Subdomain Module.
2015-12-12 12:21:43,466 DEBUG      Google Search Sub Domain: viettel.com.vn
2015-12-12 12:21:43,725 DEBUG      First Query: site:viettel.com.vn
2015-12-12 12:21:44,668 INFO       Found: mail.viettel.com.vn
2015-12-12 12:21:44,712 INFO       Found: tuyendung.viettel.com.vn
2015-12-12 12:21:44,734 INFO       Found: wap.viettel.com.vn
2015-12-12 12:21:44,747 INFO       Found: m3.viettel.com.vn
2015-12-12 12:21:44,990 DEBUG      Go to next page https://www.google.com.vn/search?q=site:viettel.com.vn&hl=vi&gbv=2&prmd=ivns&ei=ORFsVoL0N9DauQTI0LVw&start=10&sa=N
2015-12-12 12:21:50,814 DEBUG      Go to next page https://www.google.com.vn/search?q=site:viettel.com.vn&hl=vi&gbv=2&prmd=ivns&ei=OhFsVtH5O4bhuQSmprPwBw&start=20&sa=N
2015-12-12 12:21:56,834 DEBUG      Go to next page https://www.google.com.vn/search?q=site:viettel.com.vn&hl=vi&gbv=2&prmd=ivns&ei=QBFsVsOZMYX9uATxo77IAw&start=30&sa=N
2015-12-12 12:22:03,008 DEBUG      Go to next page https://www.google.com.vn/search?q=site:viettel.com.vn&hl=vi&gbv=2&prmd=ivns&ei=RhFsVqOAM9CiugTC76KADQ&start=40&sa=N
2015-12-12 12:22:08,688 INFO       Found: web.viettel.com.vn
2015-12-12 12:22:08,927 DEBUG      Go to next page https://www.google.com.vn/search?q=site:viettel.com.vn&hl=vi&gbv=2&prmd=ivns&ei=TBFsVoOBPcG1uQTrlrbYCg&start=50&sa=N
2015-12-12 12:22:14,838 DEBUG      Go to next page https://www.google.com.vn/search?q=site:viettel.com.vn&hl=vi&gbv=2&prmd=ivns&ei=UhFsVraFOIT9uASXvqvoCg&start=60&sa=N
2015-12-12 12:22:20,776 DEBUG      Go to next page https://www.google.com.vn/search?q=site:viettel.com.vn&hl=vi&gbv=2&prmd=ivns&ei=WBFsVt3OMseiugTigYj4AQ&start=70&sa=N
2015-12-12 12:22:26,355 INFO       Found: www.viettel.com.vn
2015-12-12 12:22:26,675 DEBUG      Go to next page https://www.google.com.vn/search?q=site:viettel.com.vn&hl=vi&gbv=2&prmd=ivns&ei=XhFsVvX0LtGIuATOnrDoBg&start=80&sa=N
2015-12-12 12:22:32,628 DEBUG      Go to next page https://www.google.com.vn/search?q=site:viettel.com.vn&hl=vi&gbv=2&prmd=ivns&ei=ZBFsVvzcKJeJuASB-IXoBw&start=90&sa=N
2015-12-12 12:22:38,450 DEBUG      Go to next page https://www.google.com.vn/search?q=site:viettel.com.vn&hl=vi&gbv=2&prmd=ivns&ei=ahFsVuHoJc6PuASuobbYBw&start=100&sa=N
2015-12-12 12:22:44,392 DEBUG      Go to next page https://www.google.com.vn/search?q=site:viettel.com.vn&hl=vi&gbv=2&prmd=ivns&ei=cBFsVsr6GoaIuQSCt5Rg&start=110&sa=N
2015-12-12 12:22:50,348 DEBUG      Go to next page https://www.google.com.vn/search?q=site:viettel.com.vn&hl=vi&gbv=2&prmd=ivns&ei=dhFsVsevF4eeugTcna_YCg&start=120&sa=N
2015-12-12 12:22:56,340 DEBUG      Go to next page https://www.google.com.vn/search?q=site:viettel.com.vn&hl=vi&gbv=2&prmd=ivns&ei=fBFsVpXaFMnluQS_97S4BA&start=130&sa=N
2015-12-12 12:23:02,321 DEBUG      Go to next page https://www.google.com.vn/search?q=site:viettel.com.vn&hl=vi&gbv=2&prmd=ivns&ei=ghFsVqGdFIq6uATU4JzYCA&start=140&sa=N
2015-12-12 12:23:08,278 DEBUG      Go to next page https://www.google.com.vn/search?q=site:viettel.com.vn&hl=vi&gbv=2&prmd=ivns&ei=iBFsVo6GE4u8ugTzvpaoDg&start=150&sa=N
2015-12-12 12:23:14,210 DEBUG      Go to next page https://www.google.com.vn/search?q=site:viettel.com.vn&hl=vi&gbv=2&prmd=ivns&ei=jhFsVpm5EMyeugSUpJ2ICQ&start=160&sa=N
2015-12-12 12:23:20,195 DEBUG      Go to next page https://www.google.com.vn/search?q=site:viettel.com.vn&hl=vi&gbv=2&prmd=ivns&ei=lBFsVu2jDNWiugTZ26TIDg&start=170&sa=N
2015-12-12 12:23:26,155 DEBUG      Go to next page https://www.google.com.vn/search?q=site:viettel.com.vn&hl=vi&gbv=2&prmd=ivns&ei=mhFsVr6uC9O0uAS9g734Cw&start=180&sa=N
2015-12-12 12:23:32,211 DEBUG      Go to next page https://www.google.com.vn/search?q=site:viettel.com.vn&hl=vi&gbv=2&prmd=ivns&ei=oBFsVqP1CIWGuAS1t67wBA&start=190&sa=N
2015-12-12 12:23:38,165 DEBUG      Go to next page https://www.google.com.vn/search?q=site:viettel.com.vn&hl=vi&gbv=2&prmd=ivns&ei=phFsVoOzDIGeuQT_7ZjIDg&start=200&sa=N
2015-12-12 12:23:44,121 DEBUG      Go to next page https://www.google.com.vn/search?q=site:viettel.com.vn&hl=vi&gbv=2&prmd=ivns&ei=rBFsVsLECdD_ugS64aaYCA&start=210&sa=N
2015-12-12 12:23:50,072 DEBUG      Go to next page https://www.google.com.vn/search?q=site:viettel.com.vn&hl=vi&gbv=2&prmd=ivns&ei=shFsVtboBsTbuQSW56mgCg&start=220&sa=N
2015-12-12 12:23:55,995 DEBUG      Go to next page https://www.google.com.vn/search?q=site:viettel.com.vn&hl=vi&gbv=2&prmd=ivns&ei=uBFsVrzrA5bkuQTxgoP4CA&start=230&sa=N
2015-12-12 12:24:01,996 DEBUG      Go to next page https://www.google.com.vn/search?q=site:viettel.com.vn&hl=vi&gbv=2&prmd=ivns&ei=vRFsVuybPMKluQT8pZiYCw&start=240&sa=N
2015-12-12 12:24:07,922 DEBUG      Go to next page https://www.google.com.vn/search?q=site:viettel.com.vn&hl=vi&gbv=2&prmd=ivns&ei=wxFsVpegPIKguQTTnJKYDw&start=250&sa=N
2015-12-12 12:24:13,895 DEBUG      Go to next page https://www.google.com.vn/search?q=site:viettel.com.vn&hl=vi&gbv=2&prmd=ivns&ei=yRFsVpneN8P_ugSrq5eIAQ&start=260&sa=N
2015-12-12 12:24:19,875 DEBUG      Go to next page https://www.google.com.vn/search?q=site:viettel.com.vn&hl=vi&gbv=2&prmd=ivns&ei=zxFsVqWINouguQSohL-ACA&start=270&sa=N
2015-12-12 12:24:25,803 DEBUG      Go to next page https://www.google.com.vn/search?q=site:viettel.com.vn&hl=vi&gbv=2&prmd=ivns&ei=1RFsVrLtNMmgugT-qZf4Dg&start=280&sa=N
2015-12-12 12:24:31,866 DEBUG      Go to next page https://www.google.com.vn/search?q=site:viettel.com.vn&hl=vi&gbv=2&prmd=ivns&ei=2xFsVri7MIvUuQTZo5SwCQ&start=290&sa=N
2015-12-12 12:24:37,848 DEBUG      Go to next page https://www.google.com.vn/search?q=site:viettel.com.vn&hl=vi&gbv=2&prmd=ivns&ei=4RFsVoCuNIzhuQS6mIuYBA&start=300&sa=N
2015-12-12 12:24:43,809 DEBUG      Go to next page https://www.google.com.vn/search?q=site:viettel.com.vn&hl=vi&gbv=2&prmd=ivns&ei=5xFsVp6XM9D_ugS64aaYCA&start=310&sa=N
2015-12-12 12:24:49,783 DEBUG      Go to next page https://www.google.com.vn/search?q=site:viettel.com.vn&hl=vi&gbv=2&prmd=ivns&ei=7RFsVrPoMM29ugSBq7L4AQ&start=320&sa=N
2015-12-12 12:24:55,839 DEBUG      Go to next page https://www.google.com.vn/search?q=site:viettel.com.vn&hl=vi&gbv=2&prmd=ivns&ei=8xFsVuKBNoehugSs5ZnADQ&start=330&sa=N
2015-12-12 12:25:01,774 DEBUG      Go to next page https://www.google.com.vn/search?q=site:viettel.com.vn&hl=vi&gbv=2&prmd=ivns&ei=-RFsVsjUMtajugT5ur-4CQ&start=340&sa=N
2015-12-12 12:25:07,334 INFO       Found: m.viettel.com.vn
2015-12-12 12:25:07,716 DEBUG      Go to next page https://www.google.com.vn/search?q=site:viettel.com.vn&hl=vi&gbv=2&prmd=ivns&ei=_xFsVqzWLtCKuATeup7YDA&start=350&sa=N
2015-12-12 12:25:08,399 INFO       Finish load module: scanner/google_search_subdomain.
2015-12-12 12:25:41,417 DEBUG      Set Logging mode is True.
2015-12-12 12:25:41,418 INFO       Try to load: google_search_subdomain.
2015-12-12 12:25:42,535 DEBUG      Loading module: scanner/google_search_subdomain.
2015-12-12 12:25:42,535 DEBUG      Set DOMAIN to mobilfone.com.vn.
2015-12-12 12:25:42,536 WARNING    Started Module: Google Search Subdomain Module.
2015-12-12 12:25:42,536 DEBUG      Google Search Sub Domain: mobilfone.com.vn
2015-12-12 12:25:42,811 DEBUG      First Query: site:mobilfone.com.vn
2015-12-12 12:25:43,616 ERROR      Captcha found, exit now
2015-12-12 12:25:43,647 INFO       Finish load module: scanner/google_search_subdomain.
2015-12-12 12:26:58,935 DEBUG      Set Logging mode is True.
2015-12-12 12:26:58,937 INFO       Try to load: google_search_subdomain.
2015-12-12 12:27:00,347 DEBUG      Loading module: scanner/google_search_subdomain.
2015-12-12 12:27:00,349 DEBUG      Set DOMAIN to mobilfone.com.vn.
2015-12-12 12:27:00,349 WARNING    Started Module: Google Search Subdomain Module.
2015-12-12 12:27:00,349 DEBUG      Google Search Sub Domain: mobilfone.com.vn
2015-12-12 12:27:52,576 INFO       Finish load module: scanner/google_search_subdomain.
2015-12-12 12:30:08,875 DEBUG      Set Logging mode is True.
2015-12-12 12:30:08,876 INFO       Try to load: google_search_subdomain.
2015-12-12 12:30:09,952 DEBUG      Loading module: scanner/google_search_subdomain.
2015-12-12 12:30:09,952 DEBUG      Set DOMAIN to mobilfone.com.vn.
2015-12-12 12:30:09,952 WARNING    Started Module: Google Search Subdomain Module.
2015-12-12 12:30:09,952 DEBUG      Google Search Sub Domain: mobilfone.com.vn
2015-12-12 12:30:10,308 DEBUG      First Query: site:mobilfone.com.vn
2015-12-12 12:30:11,354 DEBUG      Go to next page 
2015-12-12 12:30:11,357 INFO       Finish load module: scanner/google_search_subdomain.
2015-12-12 12:30:28,002 DEBUG      Set Logging mode is True.
2015-12-12 12:30:28,002 INFO       Try to load: google_search_subdomain.
2015-12-12 12:30:29,030 DEBUG      Loading module: scanner/google_search_subdomain.
2015-12-12 12:30:29,030 DEBUG      Set DOMAIN to mobifone.com.vn.
2015-12-12 12:30:29,030 WARNING    Started Module: Google Search Subdomain Module.
2015-12-12 12:30:29,030 DEBUG      Google Search Sub Domain: mobifone.com.vn
2015-12-12 12:30:29,351 DEBUG      First Query: site:mobifone.com.vn
2015-12-12 12:30:30,431 INFO       Found: alotv.mobifone.com.vn
2015-12-12 12:30:30,451 INFO       Found: chonso.mobifone.com.vn
2015-12-12 12:30:30,466 INFO       Found: mbaby.mobifone.com.vn
2015-12-12 12:30:30,479 INFO       Found: funquiz.mobifone.com.vn
2015-12-12 12:30:30,499 INFO       Found: bongda.mobifone.com.vn
2015-12-12 12:30:30,521 INFO       Found: dovuitrithuc.mobifone.com.vn
2015-12-12 12:30:30,535 INFO       Found: mbusiness.mobifone.com.vn
2015-12-12 12:30:30,548 INFO       Found: quatang.mobifone.com.vn
2015-12-12 12:30:30,564 INFO       Found: dautruongtrithuc.mobifone.com.vn
2015-12-12 12:30:30,577 INFO       Found: ketnoidailau.mobifone.com.vn
2015-12-12 12:30:30,715 DEBUG      Go to next page https://www.google.com.vn/search?q=site:mobifone.com.vn&hl=vi&gbv=2&prmd=ivns&ei=RxNsVs6uGobbuQTTv5e4Dg&start=10&sa=N
2015-12-12 12:30:36,586 INFO       Found: eva.mobifone.com.vn
2015-12-12 12:30:36,607 INFO       Found: tv.mobifone.com.vn
2015-12-12 12:30:36,631 INFO       Found: mshop.mobifone.com.vn
2015-12-12 12:30:36,651 INFO       Found: msocial.mobifone.com.vn
2015-12-12 12:30:36,687 INFO       Found: mwin.mobifone.com.vn
2015-12-12 12:30:36,703 INFO       Found: wap.mobifone.com.vn
2015-12-12 12:30:36,723 INFO       Found: vasday.mobifone.com.vn
2015-12-12 12:30:36,742 INFO       Found: atgt.mobifone.com.vn
2015-12-12 12:30:36,765 INFO       Found: halo.mobifone.com.vn
2015-12-12 12:30:36,915 DEBUG      Go to next page https://www.google.com.vn/search?q=site:mobifone.com.vn&hl=vi&gbv=2&prmd=ivns&ei=SBNsVpGBK8WIuQTBlpU4&start=20&sa=N
2015-12-12 12:30:42,777 INFO       Found: callbusy.mobifone.com.vn
2015-12-12 12:30:42,797 INFO       Found: naptien.mobifone.com.vn
2015-12-12 12:30:42,818 INFO       Found: eschool.mobifone.com.vn
2015-12-12 12:30:42,851 INFO       Found: dktt.mobifone.com.vn
2015-12-12 12:30:42,870 INFO       Found: smsplus.mobifone.com.vn
2015-12-12 12:30:42,890 INFO       Found: tvshow.mobifone.com.vn
2015-12-12 12:30:42,910 INFO       Found: funclass.mobifone.com.vn
2015-12-12 12:30:42,932 INFO       Found: allbarring.mobifone.com.vn
2015-12-12 12:30:42,951 INFO       Found: eset.mobifone.com.vn
2015-12-12 12:30:43,106 DEBUG      Go to next page https://www.google.com.vn/search?q=site:mobifone.com.vn&hl=vi&gbv=2&prmd=ivns&ei=ThNsVuyLN5SBuwTNrIT4DA&start=30&sa=N
2015-12-12 12:30:49,053 INFO       Found: opera.mobifone.com.vn
2015-12-12 12:30:49,072 INFO       Found: trithuc.mobifone.com.vn
2015-12-12 12:30:49,087 INFO       Found: estatus.mobifone.com.vn
2015-12-12 12:30:49,154 INFO       Found: mstatus.mobifone.com.vn
2015-12-12 12:30:49,175 INFO       Found: lehoi.mobifone.com.vn
2015-12-12 12:30:49,193 INFO       Found: 9999.mobifone.com.vn
2015-12-12 12:30:49,216 INFO       Found: sotai.mobifone.com.vn
2015-12-12 12:30:49,375 DEBUG      Go to next page https://www.google.com.vn/search?q=site:mobifone.com.vn&hl=vi&gbv=2&prmd=ivns&ei=VRNsVoHbBc-UuAT2tKjgDw&start=40&sa=N
2015-12-12 12:30:55,325 INFO       Found: msale.mobifone.com.vn
2015-12-12 12:30:55,338 INFO       Found: thethao.mobifone.com.vn
2015-12-12 12:30:55,353 INFO       Found: vas.mobifone.com.vn
2015-12-12 12:30:55,372 INFO       Found: baphi.mobifone.com.vn
2015-12-12 12:30:55,399 INFO       Found: thethaovua.mobifone.com.vn
2015-12-12 12:30:55,412 INFO       Found: kenh1.mobifone.com.vn
2015-12-12 12:30:55,425 INFO       Found: mfinder.mobifone.com.vn
2015-12-12 12:30:55,446 INFO       Found: dulich.mobifone.com.vn
2015-12-12 12:30:55,466 INFO       Found: thusangdonvang.mobifone.com.vn
2015-12-12 12:30:55,633 DEBUG      Go to next page https://www.google.com.vn/search?q=site:mobifone.com.vn&hl=vi&gbv=2&prmd=ivns&ei=WxNsVsaRFsazuAT_u6xY&start=50&sa=N
2015-12-12 12:31:01,594 INFO       Found: khuyenmai.mobifone.com.vn
2015-12-12 12:31:01,607 INFO       Found: mobicheck.mobifone.com.vn
2015-12-12 12:31:01,629 INFO       Found: onesms.mobifone.com.vn
2015-12-12 12:31:01,641 INFO       Found: tt2.mobifone.com.vn
2015-12-12 12:31:01,675 INFO       Found: tet.mobifone.com.vn
2015-12-12 12:31:01,711 INFO       Found: m.notifyme.mobifone.com.vn
2015-12-12 12:31:01,909 DEBUG      Go to next page https://www.google.com.vn/search?q=site:mobifone.com.vn&hl=vi&gbv=2&prmd=ivns&ei=YRNsVtLvJY6JuATG4oGgCw&start=60&sa=N
2015-12-12 12:31:07,793 INFO       Found: quasinhnhat.mobifone.com.vn
2015-12-12 12:31:08,095 DEBUG      Go to next page https://www.google.com.vn/search?q=site:mobifone.com.vn&hl=vi&gbv=2&prmd=ivns&ei=ZxNsVpDUNs-nuQTmlrjgBA&start=70&sa=N
2015-12-12 12:31:14,183 INFO       Found: brazil2014.mobifone.com.vn
2015-12-12 12:31:14,370 DEBUG      Go to next page https://www.google.com.vn/search?q=site:mobifone.com.vn&hl=vi&gbv=2&prmd=ivns&ei=bhNsVvP9BI27uAS6lbyIAg&start=80&sa=N
2015-12-12 12:31:20,455 INFO       Found: m.tvshow.mobifone.com.vn
2015-12-12 12:31:20,657 DEBUG      Go to next page https://www.google.com.vn/search?q=site:mobifone.com.vn&hl=vi&gbv=2&prmd=ivns&ei=dBNsVsbpFdCJuATtoo3oAQ&start=90&sa=N
2015-12-12 12:31:26,955 DEBUG      Go to next page https://www.google.com.vn/search?q=site:mobifone.com.vn&hl=vi&gbv=2&prmd=ivns&ei=ehNsVqKkJ8OiugTNtLmACQ&start=100&sa=N
2015-12-12 12:31:32,794 INFO       Found: ochu.mobifone.com.vn
2015-12-12 12:31:33,113 DEBUG      Go to next page https://www.google.com.vn/search?q=site:mobifone.com.vn&hl=vi&gbv=2&prmd=ivns&ei=gBNsVrbDOdaTuAT93Y0o&start=110&sa=N
2015-12-12 12:31:39,141 INFO       Found: www.mobifone.com.vn
2015-12-12 12:31:39,403 DEBUG      Go to next page https://www.google.com.vn/search?q=site:mobifone.com.vn&hl=vi&gbv=2&prmd=ivns&ei=hxNsVqWJBsL0ugSF7IKYBA&start=120&sa=N
2015-12-12 12:31:45,694 DEBUG      Go to next page https://www.google.com.vn/search?q=site:mobifone.com.vn&hl=vi&gbv=2&prmd=ivns&ei=jRNsVpLhF4uEuwSuu43IDg&start=130&sa=N
2015-12-12 12:31:51,974 DEBUG      Go to next page https://www.google.com.vn/search?q=site:mobifone.com.vn&hl=vi&gbv=2&prmd=ivns&ei=kxNsVqLGKYOnuQTX8JuQCA&start=140&sa=N
2015-12-12 12:31:58,301 DEBUG      Go to next page https://www.google.com.vn/search?q=site:mobifone.com.vn&hl=vi&gbv=2&prmd=ivns&ei=mRNsVrnOOozluQS7qo2wCA&start=150&sa=N
2015-12-12 12:32:04,584 DEBUG      Go to next page https://www.google.com.vn/search?q=site:mobifone.com.vn&hl=vi&gbv=2&prmd=ivns&ei=oBNsVt7EEc6NuATOo7CoAg&start=160&sa=N
2015-12-12 12:32:10,571 INFO       Found: typhumuahe.mobifone.com.vn
2015-12-12 12:32:10,896 DEBUG      Go to next page https://www.google.com.vn/search?q=site:mobifone.com.vn&hl=vi&gbv=2&prmd=ivns&ei=phNsVoPnIo28ugS0jp7QDA&start=170&sa=N
2015-12-12 12:32:16,931 INFO       Found: 1contact.mobifone.com.vn
2015-12-12 12:32:17,233 DEBUG      Go to next page https://www.google.com.vn/search?q=site:mobifone.com.vn&hl=vi&gbv=2&prmd=ivns&ei=rBNsVrvsNZT_ugTVzpyIDQ&start=180&sa=N
2015-12-12 12:32:23,436 DEBUG      Go to next page https://www.google.com.vn/search?q=site:mobifone.com.vn&hl=vi&gbv=2&prmd=ivns&ei=sxNsVtOxDYi2uATIo4jwBA&start=190&sa=N
2015-12-12 12:32:29,732 DEBUG      Go to next page https://www.google.com.vn/search?q=site:mobifone.com.vn&hl=vi&gbv=2&prmd=ivns&ei=uRNsVqvlGcnHuAT2sJToBw&start=200&sa=N
2015-12-12 12:32:35,773 INFO       Found: ketnoidailau.mobifone.com.vn:8085
2015-12-12 12:32:36,117 DEBUG      Go to next page https://www.google.com.vn/search?q=site:mobifone.com.vn&hl=vi&gbv=2&prmd=ivns&ei=vxNsVt3rK8eeugT3i5HACw&start=210&sa=N
2015-12-12 12:32:42,432 DEBUG      Go to next page https://www.google.com.vn/search?q=site:mobifone.com.vn&hl=vi&gbv=2&prmd=ivns&ei=xhNsVoGnBoq8ugT4nrqgDQ&start=220&sa=N
2015-12-12 12:32:48,737 DEBUG      Go to next page https://www.google.com.vn/search?q=site:mobifone.com.vn&hl=vi&gbv=2&prmd=ivns&ei=zBNsVvLJGcagugTmyoQ4&start=230&sa=N
2015-12-12 12:32:55,014 DEBUG      Go to next page https://www.google.com.vn/search?q=site:mobifone.com.vn&hl=vi&gbv=2&prmd=ivns&ei=0hNsVvyQLI66uATQsbeYBA&start=240&sa=N
2015-12-12 12:33:01,146 INFO       Found: game.mobifone.com.vn
2015-12-12 12:33:01,347 DEBUG      Go to next page https://www.google.com.vn/search?q=site:mobifone.com.vn&hl=vi&gbv=2&prmd=ivns&ei=2BNsVviCPYO7uAT6nKuwBA&start=250&sa=N
2015-12-12 12:33:07,367 INFO       Found: portal.mobifone.com.vn
2015-12-12 12:33:07,650 DEBUG      Go to next page https://www.google.com.vn/search?q=site:mobifone.com.vn&hl=vi&gbv=2&prmd=ivns&ei=3xNsVtCtFMGOuAShire4Bw&start=260&sa=N
2015-12-12 12:33:13,938 DEBUG      Go to next page https://www.google.com.vn/search?q=site:mobifone.com.vn&hl=vi&gbv=2&prmd=ivns&ei=5RNsVpPoJoGJuwSYtbiYDg&start=270&sa=N
2015-12-12 12:33:20,207 DEBUG      Go to next page https://www.google.com.vn/search?q=site:mobifone.com.vn&hl=vi&gbv=2&prmd=ivns&ei=6xNsVsjlOJWpuwT-rZvADw&start=280&sa=N
2015-12-12 12:33:26,522 DEBUG      Go to next page https://www.google.com.vn/search?q=site:mobifone.com.vn&hl=vi&gbv=2&prmd=ivns&ei=8hNsVuDlC4yJuAS52L_IAg&start=290&sa=N
2015-12-12 12:33:32,556 INFO       Found: musiccity.mobifone.com.vn
2015-12-12 12:33:32,821 DEBUG      Go to next page https://www.google.com.vn/search?q=site:mobifone.com.vn&hl=vi&gbv=2&prmd=ivns&ei=-BNsVun-HsaGuASYkKuYBw&start=300&sa=N
2015-12-12 12:33:39,146 DEBUG      Go to next page https://www.google.com.vn/search?q=site:mobifone.com.vn&hl=vi&gbv=2&prmd=ivns&ei=_hNsVtyhMZCouwTtlpiABw&start=310&sa=N
2015-12-12 12:33:45,487 DEBUG      Go to next page https://www.google.com.vn/search?q=site:mobifone.com.vn&hl=vi&gbv=2&prmd=ivns&ei=BRRsVt-ICIPUuQSZ_pGoDA&start=320&sa=N
2015-12-12 12:33:51,815 DEBUG      Go to next page https://www.google.com.vn/search?q=site:mobifone.com.vn&hl=vi&gbv=2&prmd=ivns&ei=CxRsVpLzHJWVuATC0ZjYCw&start=330&sa=N
2015-12-12 12:33:58,136 DEBUG      Go to next page https://www.google.com.vn/search?q=site:mobifone.com.vn&hl=vi&gbv=2&prmd=ivns&ei=ERRsVr70MIq7uATUxrmADA&start=340&sa=N
2015-12-12 12:34:04,448 DEBUG      Go to next page https://www.google.com.vn/search?q=site:mobifone.com.vn&hl=vi&gbv=2&prmd=ivns&ei=GBRsVoy6B86WuATU2b3ADg&start=350&sa=N
2015-12-12 12:34:10,767 DEBUG      Go to next page https://www.google.com.vn/search?q=site:mobifone.com.vn&hl=vi&gbv=2&prmd=ivns&ei=HhRsVqO8GoyhugTTkYDYAg&start=360&sa=N
2015-12-12 12:34:17,074 DEBUG      Go to next page https://www.google.com.vn/search?q=site:mobifone.com.vn&hl=vi&gbv=2&prmd=ivns&ei=JBRsVrX6Lcm9uASNh4fwCg&start=370&sa=N
2015-12-12 12:34:23,538 DEBUG      Go to next page https://www.google.com.vn/search?q=site:mobifone.com.vn&hl=vi&gbv=2&prmd=ivns&ei=KxRsVrbXA5GwuATewqOABQ&start=380&sa=N
2015-12-12 12:34:29,851 DEBUG      Go to next page https://www.google.com.vn/search?q=site:mobifone.com.vn&hl=vi&gbv=2&prmd=ivns&ei=MRRsVs37H8u7uAT_0oHoDQ&start=390&sa=N
2015-12-12 12:34:35,902 INFO       Found: sms.mobifone.com.vn
2015-12-12 12:34:36,200 DEBUG      Go to next page https://www.google.com.vn/search?q=site:mobifone.com.vn&hl=vi&gbv=2&prmd=ivns&ei=NxRsVqmHM4ThuQTD7bbYAg&start=400&sa=N
2015-12-12 12:34:42,499 DEBUG      Go to next page https://www.google.com.vn/search?q=site:mobifone.com.vn&hl=vi&gbv=2&prmd=ivns&ei=PhRsVtumC42gugTg0JXoAQ&start=410&sa=N
2015-12-12 12:34:48,817 DEBUG      Go to next page https://www.google.com.vn/search?q=site:mobifone.com.vn&hl=vi&gbv=2&prmd=ivns&ei=RBRsVvfKHYePuATz74OwCQ&start=420&sa=N
2015-12-12 12:34:54,447 ERROR      Captcha found, exit now
2015-12-12 12:34:54,468 INFO       Finish load module: scanner/google_search_subdomain.
2015-12-12 12:45:48,696 DEBUG      Set Logging mode is True.
2015-12-12 12:45:48,698 INFO       Try to load: google_search_subdomain.
2015-12-12 12:45:49,725 DEBUG      Loading module: scanner/google_search_subdomain.
2015-12-12 12:45:49,726 DEBUG      Set DOMAIN to mobilfone.com.vn.
2015-12-12 12:45:49,726 WARNING    Started Module: Google Search Subdomain Module.
2015-12-12 12:45:49,726 DEBUG      Google Search Sub Domain: mobilfone.com.vn
2015-12-12 12:45:50,051 DEBUG      First Query: site:mobilfone.com.vn
2015-12-12 12:45:50,561 ERROR      Captcha found, exit now
2015-12-12 12:45:50,579 INFO       Finish load module: scanner/google_search_subdomain.
2015-12-12 12:49:32,771 DEBUG      Set Logging mode is True.
2015-12-12 12:49:32,771 INFO       Try to load: google_search_subdomain.
2015-12-12 12:49:33,800 DEBUG      Loading module: scanner/google_search_subdomain.
2015-12-12 12:49:33,800 DEBUG      Set DOMAIN to mobilfone.com.vn.
2015-12-12 12:49:33,801 WARNING    Started Module: Google Search Subdomain Module.
2015-12-12 12:49:33,801 DEBUG      Google Search Sub Domain: mobilfone.com.vn
2015-12-12 12:49:34,022 DEBUG      First Query: site:mobilfone.com.vn
2015-12-12 12:49:34,452 ERROR      Captcha found, exit now
2015-12-12 12:49:50,531 INFO       Finish load module: scanner/google_search_subdomain.
2015-12-12 12:50:31,513 DEBUG      Set Logging mode is True.
2015-12-12 12:50:31,513 INFO       Try to load: google_search_subdomain.
2015-12-12 12:50:32,542 DEBUG      Loading module: scanner/google_search_subdomain.
2015-12-12 12:50:32,542 DEBUG      Set DOMAIN to mobilfone.com.vn.
2015-12-12 12:50:32,542 WARNING    Started Module: Google Search Subdomain Module.
2015-12-12 12:50:32,543 DEBUG      Google Search Sub Domain: mobilfone.com.vn
2015-12-12 12:50:32,763 DEBUG      First Query: site:mobilfone.com.vn
2015-12-12 12:50:33,302 ERROR      Captcha found, exit now
2015-12-12 12:50:48,968 INFO       Finish load module: scanner/google_search_subdomain.
2015-12-12 12:51:26,427 DEBUG      Set Logging mode is True.
2015-12-12 12:51:26,429 INFO       Try to load: google_search_subdomain.
2015-12-12 12:51:27,456 DEBUG      Loading module: scanner/google_search_subdomain.
2015-12-12 12:51:27,456 DEBUG      Set DOMAIN to mobilfone.com.vn.
2015-12-12 12:51:27,456 WARNING    Started Module: Google Search Subdomain Module.
2015-12-12 12:51:27,457 DEBUG      Google Search Sub Domain: mobilfone.com.vn
2015-12-12 12:51:27,680 DEBUG      First Query: site:mobilfone.com.vn
2015-12-12 12:51:28,414 ERROR      Captcha found, exit now
2015-12-12 12:51:42,052 ERROR      Captcha found, exit now
2015-12-12 12:51:52,605 ERROR      Captcha found, exit now
2015-12-12 12:52:01,102 ERROR      Captcha found, exit now
2015-12-12 12:54:57,156 INFO       Finish load module: scanner/google_search_subdomain.
2015-12-12 12:55:25,751 DEBUG      Set Logging mode is True.
2015-12-12 12:55:25,751 INFO       Try to load: google_search_subdomain.
2015-12-12 12:55:26,780 DEBUG      Loading module: scanner/google_search_subdomain.
2015-12-12 12:55:26,780 DEBUG      Set DOMAIN to mobilfone.com.vn.
2015-12-12 12:55:26,780 WARNING    Started Module: Google Search Subdomain Module.
2015-12-12 12:55:26,780 DEBUG      Google Search Sub Domain: mobilfone.com.vn
2015-12-12 12:55:27,004 DEBUG      First Query: site:mobilfone.com.vn
2015-12-12 12:55:27,728 ERROR      Captcha found, exit now
2015-12-12 12:56:24,426 DEBUG      Go to next page 
2015-12-12 12:56:24,428 INFO       Finish load module: scanner/google_search_subdomain.
2015-12-12 12:56:57,473 DEBUG      Set Logging mode is True.
2015-12-12 12:56:57,473 INFO       Try to load: google_search_subdomain.
2015-12-12 12:56:58,501 DEBUG      Loading module: scanner/google_search_subdomain.
2015-12-12 12:56:58,502 DEBUG      Set DOMAIN to mobilfone.com.vn.
2015-12-12 12:56:58,502 WARNING    Started Module: Google Search Subdomain Module.
2015-12-12 12:56:58,502 DEBUG      Google Search Sub Domain: mobilfone.com.vn
2015-12-12 12:56:58,723 DEBUG      First Query: site:mobilfone.com.vn
2015-12-12 12:56:59,363 ERROR      Captcha found, exit now
2015-12-12 12:57:26,264 DEBUG      Go to next page 
2015-12-12 12:57:26,266 INFO       Finish load module: scanner/google_search_subdomain.
2015-12-12 12:59:20,414 DEBUG      Set Logging mode is True.
2015-12-12 12:59:20,414 INFO       Try to load: google_search_subdomain.
2015-12-12 12:59:21,442 DEBUG      Loading module: scanner/google_search_subdomain.
2015-12-12 12:59:21,443 DEBUG      Set DOMAIN to mobilfone.com.vn.
2015-12-12 12:59:21,443 WARNING    Started Module: Google Search Subdomain Module.
2015-12-12 12:59:21,443 DEBUG      Google Search Sub Domain: mobilfone.com.vn
2015-12-12 12:59:21,761 DEBUG      First Query: site:mobilfone.com.vn
2015-12-12 12:59:22,280 ERROR      Captcha found, exit now
2015-12-12 12:59:40,883 INFO       Not found any subdomain, finish now.
2015-12-12 12:59:40,887 INFO       Finish load module: scanner/google_search_subdomain.
2015-12-12 12:59:49,167 DEBUG      Set Logging mode is True.
2015-12-12 12:59:49,168 INFO       Try to load: google_search_subdomain.
2015-12-12 12:59:50,195 DEBUG      Loading module: scanner/google_search_subdomain.
2015-12-12 12:59:50,196 DEBUG      Set DOMAIN to mobifone.com.vn.
2015-12-12 12:59:50,196 WARNING    Started Module: Google Search Subdomain Module.
2015-12-12 12:59:50,196 DEBUG      Google Search Sub Domain: mobifone.com.vn
2015-12-12 12:59:50,523 DEBUG      First Query: site:mobifone.com.vn
2015-12-12 12:59:51,139 ERROR      Captcha found, exit now
2015-12-12 13:00:09,726 INFO       Found: alotv.mobifone.com.vn
2015-12-12 13:00:09,748 INFO       Found: chonso.mobifone.com.vn
2015-12-12 13:00:09,762 INFO       Found: mbaby.mobifone.com.vn
2015-12-12 13:00:09,776 INFO       Found: funquiz.mobifone.com.vn
2015-12-12 13:00:09,799 INFO       Found: bongda.mobifone.com.vn
2015-12-12 13:00:09,818 INFO       Found: dovuitrithuc.mobifone.com.vn
2015-12-12 13:00:09,834 INFO       Found: mbusiness.mobifone.com.vn
2015-12-12 13:00:09,847 INFO       Found: quatang.mobifone.com.vn
2015-12-12 13:00:09,860 INFO       Found: dautruongtrithuc.mobifone.com.vn
2015-12-12 13:00:09,875 INFO       Found: ketnoidailau.mobifone.com.vn
2015-12-12 13:00:10,012 DEBUG      Go to next page https://www.google.com.vn/search?q=site:mobifone.com.vn&hl=vi&gbv=2&prmd=ivns&ei=OhpsVubCLMKHuATs0bPgCA&start=10&sa=N
2015-12-12 13:00:15,990 INFO       Found: eva.mobifone.com.vn
2015-12-12 13:00:16,011 INFO       Found: tv.mobifone.com.vn
2015-12-12 13:00:16,034 INFO       Found: mshop.mobifone.com.vn
2015-12-12 13:00:16,054 INFO       Found: msocial.mobifone.com.vn
2015-12-12 13:00:16,091 INFO       Found: mwin.mobifone.com.vn
2015-12-12 13:00:16,107 INFO       Found: wap.mobifone.com.vn
2015-12-12 13:00:16,128 INFO       Found: vasday.mobifone.com.vn
2015-12-12 13:00:16,148 INFO       Found: atgt.mobifone.com.vn
2015-12-12 13:00:16,171 INFO       Found: halo.mobifone.com.vn
2015-12-12 13:00:16,319 DEBUG      Go to next page https://www.google.com.vn/search?q=site:mobifone.com.vn&hl=vi&gbv=2&prmd=ivns&ei=OxpsVoW4PMTvugSPsZO4Aw&start=20&sa=N
2015-12-12 13:00:22,177 INFO       Found: callbusy.mobifone.com.vn
2015-12-12 13:00:22,197 INFO       Found: naptien.mobifone.com.vn
2015-12-12 13:00:22,222 INFO       Found: eschool.mobifone.com.vn
2015-12-12 13:00:22,259 INFO       Found: dktt.mobifone.com.vn
2015-12-12 13:00:22,278 INFO       Found: smsplus.mobifone.com.vn
2015-12-12 13:00:22,301 INFO       Found: tvshow.mobifone.com.vn
2015-12-12 13:00:22,321 INFO       Found: funclass.mobifone.com.vn
2015-12-12 13:00:22,344 INFO       Found: allbarring.mobifone.com.vn
2015-12-12 13:00:22,363 INFO       Found: eset.mobifone.com.vn
2015-12-12 13:00:22,527 DEBUG      Go to next page https://www.google.com.vn/search?q=site:mobifone.com.vn&hl=vi&gbv=2&prmd=ivns&ei=QhpsVqOXEtChugS3_oHgCw&start=30&sa=N
2015-12-12 13:00:28,512 INFO       Found: opera.mobifone.com.vn
2015-12-12 13:00:28,532 INFO       Found: trithuc.mobifone.com.vn
2015-12-12 13:00:28,549 INFO       Found: estatus.mobifone.com.vn
2015-12-12 13:00:28,618 INFO       Found: mstatus.mobifone.com.vn
2015-12-12 13:00:28,642 INFO       Found: lehoi.mobifone.com.vn
2015-12-12 13:00:28,661 INFO       Found: 9999.mobifone.com.vn
2015-12-12 13:00:28,684 INFO       Found: sotai.mobifone.com.vn
2015-12-12 13:00:28,854 DEBUG      Go to next page https://www.google.com.vn/search?q=site:mobifone.com.vn&hl=vi&gbv=2&prmd=ivns&ei=SBpsVtfqHob1ugT_vbboCg&start=40&sa=N
2015-12-12 13:00:34,707 INFO       Found: msale.mobifone.com.vn
2015-12-12 13:00:34,720 INFO       Found: thethao.mobifone.com.vn
2015-12-12 13:00:34,735 INFO       Found: vas.mobifone.com.vn
2015-12-12 13:00:34,755 INFO       Found: baphi.mobifone.com.vn
2015-12-12 13:00:34,783 INFO       Found: thethaovua.mobifone.com.vn
2015-12-12 13:00:34,796 INFO       Found: kenh1.mobifone.com.vn
2015-12-12 13:00:34,809 INFO       Found: mfinder.mobifone.com.vn
2015-12-12 13:00:34,832 INFO       Found: dulich.mobifone.com.vn
2015-12-12 13:00:34,852 INFO       Found: thusangdonvang.mobifone.com.vn
2015-12-12 13:00:35,019 DEBUG      Go to next page https://www.google.com.vn/search?q=site:mobifone.com.vn&hl=vi&gbv=2&prmd=ivns&ei=ThpsVp7nMsa5uASmhIzoAg&start=50&sa=N
2015-12-12 13:00:40,981 INFO       Found: khuyenmai.mobifone.com.vn
2015-12-12 13:00:40,994 INFO       Found: mobicheck.mobifone.com.vn
2015-12-12 13:00:41,018 INFO       Found: onesms.mobifone.com.vn
2015-12-12 13:00:41,031 INFO       Found: tt2.mobifone.com.vn
2015-12-12 13:00:41,067 INFO       Found: tet.mobifone.com.vn
2015-12-12 13:00:41,104 INFO       Found: m.notifyme.mobifone.com.vn
2015-12-12 13:00:41,316 DEBUG      Go to next page https://www.google.com.vn/search?q=site:mobifone.com.vn&hl=vi&gbv=2&prmd=ivns&ei=VBpsVsnoPIOfugSuuKLgDA&start=60&sa=N
2015-12-12 13:00:47,340 INFO       Found: quasinhnhat.mobifone.com.vn
2015-12-12 13:00:47,654 DEBUG      Go to next page https://www.google.com.vn/search?q=site:mobifone.com.vn&hl=vi&gbv=2&prmd=ivns&ei=WxpsVqH4EcOfugT01oTwBA&start=70&sa=N
2015-12-12 13:00:53,754 INFO       Found: brazil2014.mobifone.com.vn
2015-12-12 13:00:53,954 DEBUG      Go to next page https://www.google.com.vn/search?q=site:mobifone.com.vn&hl=vi&gbv=2&prmd=ivns&ei=YRpsVujIJsziuQSo4rGIDA&start=80&sa=N
2015-12-12 13:01:00,083 INFO       Found: m.tvshow.mobifone.com.vn
2015-12-12 13:01:00,285 DEBUG      Go to next page https://www.google.com.vn/search?q=site:mobifone.com.vn&hl=vi&gbv=2&prmd=ivns&ei=ZxpsVuP0OMO8uAT4iLL4Ag&start=90&sa=N
2015-12-12 13:01:06,608 DEBUG      Go to next page https://www.google.com.vn/search?q=site:mobifone.com.vn&hl=vi&gbv=2&prmd=ivns&ei=bhpsVpCJEIuhuQSbw4GIBQ&start=100&sa=N
2015-12-12 13:01:12,567 INFO       Found: ochu.mobifone.com.vn
2015-12-12 13:01:12,901 DEBUG      Go to next page https://www.google.com.vn/search?q=site:mobifone.com.vn&hl=vi&gbv=2&prmd=ivns&ei=dBpsVtjjI4q8ugT4nrqgDQ&start=110&sa=N
2015-12-12 13:01:18,945 INFO       Found: www.mobifone.com.vn
2015-12-12 13:01:19,225 DEBUG      Go to next page https://www.google.com.vn/search?q=site:mobifone.com.vn&hl=vi&gbv=2&prmd=ivns&ei=ehpsVrvaNczJuATguKDADA&start=120&sa=N
2015-12-12 13:01:25,529 DEBUG      Go to next page https://www.google.com.vn/search?q=site:mobifone.com.vn&hl=vi&gbv=2&prmd=ivns&ei=gRpsVrOvDIT9uASXvqvoCg&start=130&sa=N
2015-12-12 13:01:31,914 DEBUG      Go to next page https://www.google.com.vn/search?q=site:mobifone.com.vn&hl=vi&gbv=2&prmd=ivns&ei=hxpsVtf5HpSfugSL3oboAw&start=140&sa=N
2015-12-12 13:01:38,279 DEBUG      Go to next page https://www.google.com.vn/search?q=site:mobifone.com.vn&hl=vi&gbv=2&prmd=ivns&ei=jRpsVvy6NpKRuATLwJOQCw&start=150&sa=N
2015-12-12 13:01:44,592 DEBUG      Go to next page https://www.google.com.vn/search?q=site:mobifone.com.vn&hl=vi&gbv=2&prmd=ivns&ei=lBpsVvvVD8m0uAStk5XICw&start=160&sa=N
2015-12-12 13:01:50,552 INFO       Found: typhumuahe.mobifone.com.vn
2015-12-12 13:01:50,898 DEBUG      Go to next page https://www.google.com.vn/search?q=site:mobifone.com.vn&hl=vi&gbv=2&prmd=ivns&ei=mhpsVrjiIoyeugTN9Sw&start=170&sa=N
2015-12-12 13:01:56,963 INFO       Found: 1contact.mobifone.com.vn
2015-12-12 13:01:57,273 DEBUG      Go to next page https://www.google.com.vn/search?q=site:mobifone.com.vn&hl=vi&gbv=2&prmd=ivns&ei=oBpsVsu8NdiMuASXmqqQDQ&start=180&sa=N
2015-12-12 13:02:03,612 DEBUG      Go to next page https://www.google.com.vn/search?q=site:mobifone.com.vn&hl=vi&gbv=2&prmd=ivns&ei=pxpsVu2wD9SKuASaxoqoBA&start=190&sa=N
2015-12-12 13:02:09,922 DEBUG      Go to next page https://www.google.com.vn/search?q=site:mobifone.com.vn&hl=vi&gbv=2&prmd=ivns&ei=rRpsVs7-I4y3uAT30IvoBw&start=200&sa=N
2015-12-12 13:02:15,926 INFO       Found: ketnoidailau.mobifone.com.vn:8085
2015-12-12 13:02:16,297 DEBUG      Go to next page https://www.google.com.vn/search?q=site:mobifone.com.vn&hl=vi&gbv=2&prmd=ivns&ei=sxpsVrb1No2tuQSa8qaYAQ&start=210&sa=N
2015-12-12 13:02:22,654 DEBUG      Go to next page https://www.google.com.vn/search?q=site:mobifone.com.vn&hl=vi&gbv=2&prmd=ivns&ei=uhpsVsHkEM6LuASUm7awBQ&start=220&sa=N
2015-12-12 13:02:29,013 DEBUG      Go to next page https://www.google.com.vn/search?q=site:mobifone.com.vn&hl=vi&gbv=2&prmd=ivns&ei=wBpsVufDJsG0uQTTlIzYCA&start=230&sa=N
2015-12-12 13:02:35,362 DEBUG      Go to next page https://www.google.com.vn/search?q=site:mobifone.com.vn&hl=vi&gbv=2&prmd=ivns&ei=xhpsVuO7PNGguQTa9q6YDQ&start=240&sa=N
2015-12-12 13:02:41,502 INFO       Found: game.mobifone.com.vn
2015-12-12 13:02:41,715 DEBUG      Go to next page https://www.google.com.vn/search?q=site:mobifone.com.vn&hl=vi&gbv=2&prmd=ivns&ei=zRpsVuneFNC5uAT2hLugDQ&start=250&sa=N
2015-12-12 13:02:47,723 INFO       Found: portal.mobifone.com.vn
2015-12-12 13:02:48,016 DEBUG      Go to next page https://www.google.com.vn/search?q=site:mobifone.com.vn&hl=vi&gbv=2&prmd=ivns&ei=0xpsVvOiKoTIuATGpLKQDw&start=260&sa=N
2015-12-12 13:02:54,334 DEBUG      Go to next page https://www.google.com.vn/search?q=site:mobifone.com.vn&hl=vi&gbv=2&prmd=ivns&ei=2RpsVt_SPNOzuATmiIGYAg&start=270&sa=N
2015-12-12 13:03:00,640 DEBUG      Go to next page https://www.google.com.vn/search?q=site:mobifone.com.vn&hl=vi&gbv=2&prmd=ivns&ei=4BpsVqqDE4XsugSuiIvYCA&start=280&sa=N
2015-12-12 13:03:06,984 DEBUG      Go to next page https://www.google.com.vn/search?q=site:mobifone.com.vn&hl=vi&gbv=2&prmd=ivns&ei=5hpsVuPXJYWLuASv0oyACg&start=290&sa=N
2015-12-12 13:03:13,087 INFO       Found: musiccity.mobifone.com.vn
2015-12-12 13:03:13,371 DEBUG      Go to next page https://www.google.com.vn/search?q=site:mobifone.com.vn&hl=vi&gbv=2&prmd=ivns&ei=7BpsVrjVOs67uAS_tInQBA&start=300&sa=N
2015-12-12 13:03:19,743 DEBUG      Go to next page https://www.google.com.vn/search?q=site:mobifone.com.vn&hl=vi&gbv=2&prmd=ivns&ei=8xpsVpijFcrHuATEjbC4Bg&start=310&sa=N
2015-12-12 13:03:26,073 DEBUG      Go to next page https://www.google.com.vn/search?q=site:mobifone.com.vn&hl=vi&gbv=2&prmd=ivns&ei=-RpsVr__K5ShugTnq7L4Cg&start=320&sa=N
2015-12-12 13:03:32,558 DEBUG      Go to next page https://www.google.com.vn/search?q=site:mobifone.com.vn&hl=vi&gbv=2&prmd=ivns&ei=ABtsVqWRA4XhuQTulLHoAQ&start=330&sa=N
2015-12-12 13:03:38,932 DEBUG      Go to next page https://www.google.com.vn/search?q=site:mobifone.com.vn&hl=vi&gbv=2&prmd=ivns&ei=BhtsVvbVIM6MuAS-163gCg&start=340&sa=N
2015-12-12 13:03:45,326 DEBUG      Go to next page https://www.google.com.vn/search?q=site:mobifone.com.vn&hl=vi&gbv=2&prmd=ivns&ei=DBtsVra9N8K9uAT7wLXQDA&start=350&sa=N
2015-12-12 13:03:51,684 DEBUG      Go to next page https://www.google.com.vn/search?q=site:mobifone.com.vn&hl=vi&gbv=2&prmd=ivns&ei=ExtsVpvBEtCdugS3_oBw&start=360&sa=N
2015-12-12 13:03:58,018 DEBUG      Go to next page https://www.google.com.vn/search?q=site:mobifone.com.vn&hl=vi&gbv=2&prmd=ivns&ei=GRtsVrivKNeouwTD0KSIBw&start=370&sa=N
2015-12-12 13:04:04,400 DEBUG      Go to next page https://www.google.com.vn/search?q=site:mobifone.com.vn&hl=vi&gbv=2&prmd=ivns&ei=HxtsVo_gPNSUuATy_oTQDA&start=380&sa=N
2015-12-12 13:04:10,707 DEBUG      Go to next page https://www.google.com.vn/search?q=site:mobifone.com.vn&hl=vi&gbv=2&prmd=ivns&ei=JhtsVryCF9SPuAThvLiIDw&start=390&sa=N
2015-12-12 13:04:16,942 INFO       Found: sms.mobifone.com.vn
2015-12-12 13:04:17,253 DEBUG      Go to next page https://www.google.com.vn/search?q=site:mobifone.com.vn&hl=vi&gbv=2&prmd=ivns&ei=LBtsVpLjKY6JuATG4oGgCw&start=400&sa=N
2015-12-12 13:04:23,571 DEBUG      Go to next page https://www.google.com.vn/search?q=site:mobifone.com.vn&hl=vi&gbv=2&prmd=ivns&ei=MxtsVsiEDoSwuASb166gAw&start=410&sa=N
2015-12-12 13:04:29,843 DEBUG      Go to next page https://www.google.com.vn/search?q=site:mobifone.com.vn&hl=vi&gbv=2&prmd=ivns&ei=ORtsVp7FIdG1uQTVoY_IAw&start=420&sa=N
2015-12-12 13:04:36,158 DEBUG      Go to next page https://www.google.com.vn/search?q=site:mobifone.com.vn&hl=vi&gbv=2&prmd=ivns&ei=PxtsVvqCMpSRuQTWtr-QCg&start=430&sa=N
2015-12-12 13:04:42,477 DEBUG      Go to next page https://www.google.com.vn/search?q=site:mobifone.com.vn&hl=vi&gbv=2&prmd=ivns&ei=RhtsVrCgCMfhuQSe4JWIDA&start=440&sa=N
2015-12-12 13:04:48,827 DEBUG      Go to next page https://www.google.com.vn/search?q=site:mobifone.com.vn&hl=vi&gbv=2&prmd=ivns&ei=TBtsVpXaG9fnuQSWkrLACQ&start=450&sa=N
2015-12-12 13:04:54,358 ERROR      Captcha found, exit now
2015-12-12 13:05:47,013 DEBUG      Go to next page https://www.google.com.vn/search?q=site:mobifone.com.vn&hl=vi&gbv=2&prmd=ivns&ei=ixtsVu6hKdKOuASUqpzQBQ&start=460&sa=N
2015-12-12 13:05:53,039 INFO       Not found any subdomain, finish now.
2015-12-12 13:05:53,044 INFO       Finish load module: scanner/google_search_subdomain.
2015-12-12 13:08:34,484 DEBUG      Set Logging mode is True.
2015-12-12 13:08:34,484 INFO       Try to load: google_search_subdomain.
2015-12-12 13:08:35,513 DEBUG      Loading module: scanner/google_search_subdomain.
2015-12-12 13:08:35,513 DEBUG      Set DOMAIN to tetcon.org.
2015-12-12 13:08:35,513 WARNING    Started Module: Google Search Subdomain Module.
2015-12-12 13:08:35,513 DEBUG      Google Search Sub Domain: tetcon.org
2015-12-12 13:08:35,737 DEBUG      First Query: site:tetcon.org
2015-12-12 13:08:36,161 ERROR      Captcha found, exit now
2015-12-12 13:08:59,114 DEBUG      Go to next page https://www.google.com.vn/search?q=site:tetcon.org&hl=vi&gbv=2&prmd=ivns&ei=SxxsVpieN8GFuwTCt52ICA&start=10&sa=N
2015-12-12 13:09:05,360 DEBUG      Go to next page https://www.google.com.vn/search?q=site:tetcon.org&hl=vi&gbv=2&prmd=ivns&ei=TRxsVrTABdOeugTq0pLwCw&start=20&sa=N
2015-12-12 13:09:11,613 DEBUG      Go to next page https://www.google.com.vn/search?q=site:tetcon.org&hl=vi&gbv=2&prmd=ivns&ei=UxxsVrjDFMqcugT486LoAw&start=30&sa=N
2015-12-12 13:09:17,845 DEBUG      Go to next page https://www.google.com.vn/search?q=site:tetcon.org&hl=vi&gbv=2&prmd=ivns&ei=WRxsVr35I5O3uQSSyJ_YCg&start=40&sa=N
2015-12-12 13:09:23,973 DEBUG      Go to next page https://www.google.com.vn/search?q=site:tetcon.org&hl=vi&gbv=2&prmd=ivns&ei=XxxsVsSRMouruQTljqqYBA&start=50&sa=N
2015-12-12 13:09:30,253 DEBUG      Go to next page https://www.google.com.vn/search?q=site:tetcon.org&hl=vi&gbv=2&prmd=ivns&ei=ZRxsVs3xOdG2uAS-4oWoBg&start=60&sa=N
2015-12-12 13:09:36,372 DEBUG      Go to next page https://www.google.com.vn/search?q=site:tetcon.org&hl=vi&gbv=2&prmd=ivns&ei=bBxsVrT8DYKkuQS84puwDA&start=70&sa=N
2015-12-12 13:09:42,701 DEBUG      Go to next page https://www.google.com.vn/search?q=site:tetcon.org&hl=vi&gbv=2&prmd=ivns&ei=chxsVr6cFZSuuQTeiZLADg&start=80&sa=N
2015-12-12 13:09:48,847 DEBUG      Go to next page https://www.google.com.vn/search?q=site:tetcon.org&hl=vi&gbv=2&prmd=ivns&ei=eBxsVuumKcyXuATMwZDgBw&start=90&sa=N
2015-12-12 13:09:54,917 INFO       Not found any subdomain, finish now.
2015-12-12 13:09:54,922 INFO       Finish load module: scanner/google_search_subdomain.
2015-12-12 13:13:56,212 DEBUG      Set Logging mode is True.
2015-12-12 13:13:56,212 INFO       Try to load: google_search_subdomain.
2015-12-12 13:13:57,240 DEBUG      Loading module: scanner/google_search_subdomain.
2015-12-12 13:13:57,240 DEBUG      Set DOMAIN to mobilfone.com.vn.
2015-12-12 13:13:57,240 WARNING    Started Module: Google Search Subdomain Module.
2015-12-12 13:13:57,240 DEBUG      Google Search Sub Domain: mobilfone.com.vn
2015-12-12 13:13:57,461 DEBUG      First Query: site:mobilfone.com.vn
2015-12-12 13:13:57,889 ERROR      Captcha found, exit now
2015-12-12 13:14:15,156 INFO       Finish load module: scanner/google_search_subdomain.
2015-12-12 13:14:47,898 DEBUG      Set Logging mode is True.
2015-12-12 13:14:47,899 INFO       Try to load: google_search_subdomain.
2015-12-12 13:14:48,928 DEBUG      Loading module: scanner/google_search_subdomain.
2015-12-12 13:14:48,928 DEBUG      Set DOMAIN to mobilfone.com.vn.
2015-12-12 13:14:48,928 WARNING    Started Module: Google Search Subdomain Module.
2015-12-12 13:14:48,928 DEBUG      Google Search Sub Domain: mobilfone.com.vn
2015-12-12 13:14:49,149 DEBUG      First Query: site:mobilfone.com.vn
2015-12-12 13:14:49,575 ERROR      Captcha found, exit now
2015-12-12 13:15:03,744 ERROR      Captcha found, exit now
2015-12-12 13:15:21,035 INFO       Not found any subdomain, finish now.
2015-12-12 13:15:21,036 INFO       Finish load module: scanner/google_search_subdomain.
2015-12-12 13:15:57,805 DEBUG      Set Logging mode is True.
2015-12-12 13:15:57,805 INFO       Try to load: google_search_subdomain.
2015-12-12 13:15:58,835 DEBUG      Loading module: scanner/google_search_subdomain.
2015-12-12 13:15:58,835 DEBUG      Set DOMAIN to mobilfone.com.vn.
2015-12-12 13:15:58,835 WARNING    Started Module: Google Search Subdomain Module.
2015-12-12 13:15:58,835 DEBUG      Google Search Sub Domain: mobilfone.com.vn
2015-12-12 13:15:59,056 DEBUG      First Query: site:mobilfone.com.vn
2015-12-12 13:15:59,592 ERROR      Captcha found, exit now
2015-12-12 13:16:12,301 INFO       Not found any subdomain, finish now.
2015-12-12 13:16:12,305 INFO       Finish load module: scanner/google_search_subdomain.
2015-12-12 13:16:20,760 DEBUG      Set Logging mode is True.
2015-12-12 13:16:20,760 INFO       Try to load: google_search_subdomain.
2015-12-12 13:16:21,788 DEBUG      Loading module: scanner/google_search_subdomain.
2015-12-12 13:16:21,789 DEBUG      Set DOMAIN to mobifone.com.vn.
2015-12-12 13:16:21,789 WARNING    Started Module: Google Search Subdomain Module.
2015-12-12 13:16:21,789 DEBUG      Google Search Sub Domain: mobifone.com.vn
2015-12-12 13:16:22,008 DEBUG      First Query: site:mobifone.com.vn
2015-12-12 13:16:22,643 ERROR      Captcha found, exit now
2015-12-12 13:16:34,743 INFO       Found: alotv.mobifone.com.vn
2015-12-12 13:16:34,765 INFO       Found: chonso.mobifone.com.vn
2015-12-12 13:16:34,778 INFO       Found: mbaby.mobifone.com.vn
2015-12-12 13:16:34,791 INFO       Found: funquiz.mobifone.com.vn
2015-12-12 13:16:34,813 INFO       Found: bongda.mobifone.com.vn
2015-12-12 13:16:34,832 INFO       Found: dovuitrithuc.mobifone.com.vn
2015-12-12 13:16:34,847 INFO       Found: mbusiness.mobifone.com.vn
2015-12-12 13:16:34,861 INFO       Found: quatang.mobifone.com.vn
2015-12-12 13:16:34,873 INFO       Found: dautruongtrithuc.mobifone.com.vn
2015-12-12 13:16:34,889 INFO       Found: ketnoidailau.mobifone.com.vn
2015-12-12 13:16:35,023 DEBUG      Go to next page https://www.google.com.vn/search?q=site:mobifone.com.vn&hl=vi&gbv=2&prmd=ivns&ei=Ex5sVr3KMIKHuASxloS4BQ&start=10&sa=N
2015-12-12 13:16:40,888 INFO       Found: eva.mobifone.com.vn
2015-12-12 13:16:40,909 INFO       Found: tv.mobifone.com.vn
2015-12-12 13:16:40,932 INFO       Found: mshop.mobifone.com.vn
2015-12-12 13:16:40,953 INFO       Found: msocial.mobifone.com.vn
2015-12-12 13:16:40,989 INFO       Found: mwin.mobifone.com.vn
2015-12-12 13:16:41,006 INFO       Found: wap.mobifone.com.vn
2015-12-12 13:16:41,026 INFO       Found: vasday.mobifone.com.vn
2015-12-12 13:16:41,047 INFO       Found: atgt.mobifone.com.vn
2015-12-12 13:16:41,071 INFO       Found: halo.mobifone.com.vn
2015-12-12 13:16:41,224 DEBUG      Go to next page https://www.google.com.vn/search?q=site:mobifone.com.vn&hl=vi&gbv=2&prmd=ivns&ei=FB5sVtzqPM-iugSt1bHwAQ&start=20&sa=N
2015-12-12 13:16:47,096 INFO       Found: callbusy.mobifone.com.vn
2015-12-12 13:16:47,116 INFO       Found: naptien.mobifone.com.vn
2015-12-12 13:16:47,138 INFO       Found: eschool.mobifone.com.vn
2015-12-12 13:16:47,174 INFO       Found: dktt.mobifone.com.vn
2015-12-12 13:16:47,194 INFO       Found: smsplus.mobifone.com.vn
2015-12-12 13:16:47,216 INFO       Found: tvshow.mobifone.com.vn
2015-12-12 13:16:47,237 INFO       Found: funclass.mobifone.com.vn
2015-12-12 13:16:47,260 INFO       Found: allbarring.mobifone.com.vn
2015-12-12 13:16:47,280 INFO       Found: eset.mobifone.com.vn
2015-12-12 13:16:47,444 DEBUG      Go to next page https://www.google.com.vn/search?q=site:mobifone.com.vn&hl=vi&gbv=2&prmd=ivns&ei=Gx5sVpCGDMO9ugS7ybeIDQ&start=30&sa=N
2015-12-12 13:16:53,418 INFO       Found: opera.mobifone.com.vn
2015-12-12 13:16:53,438 INFO       Found: trithuc.mobifone.com.vn
2015-12-12 13:16:53,454 INFO       Found: estatus.mobifone.com.vn
2015-12-12 13:16:53,522 INFO       Found: mstatus.mobifone.com.vn
2015-12-12 13:16:53,545 INFO       Found: lehoi.mobifone.com.vn
2015-12-12 13:16:53,566 INFO       Found: 9999.mobifone.com.vn
2015-12-12 13:16:53,589 INFO       Found: sotai.mobifone.com.vn
2015-12-12 13:16:53,755 DEBUG      Go to next page https://www.google.com.vn/search?q=site:mobifone.com.vn&hl=vi&gbv=2&prmd=ivns&ei=IR5sVqi5GYeVuASQxJWABQ&start=40&sa=N
2015-12-12 13:16:59,603 INFO       Found: msale.mobifone.com.vn
2015-12-12 13:16:59,616 INFO       Found: thethao.mobifone.com.vn
2015-12-12 13:16:59,632 INFO       Found: vas.mobifone.com.vn
2015-12-12 13:16:59,651 INFO       Found: baphi.mobifone.com.vn
2015-12-12 13:16:59,680 INFO       Found: thethaovua.mobifone.com.vn
2015-12-12 13:16:59,694 INFO       Found: kenh1.mobifone.com.vn
2015-12-12 13:16:59,707 INFO       Found: mfinder.mobifone.com.vn
2015-12-12 13:16:59,730 INFO       Found: dulich.mobifone.com.vn
2015-12-12 13:16:59,749 INFO       Found: thusangdonvang.mobifone.com.vn
2015-12-12 13:16:59,915 DEBUG      Go to next page https://www.google.com.vn/search?q=site:mobifone.com.vn&hl=vi&gbv=2&prmd=ivns&ei=Jx5sVua2LMa6uAStpoHgCQ&start=50&sa=N
2015-12-12 13:17:05,778 INFO       Found: khuyenmai.mobifone.com.vn
2015-12-12 13:17:05,791 INFO       Found: mobicheck.mobifone.com.vn
2015-12-12 13:17:05,815 INFO       Found: onesms.mobifone.com.vn
2015-12-12 13:17:05,829 INFO       Found: tt2.mobifone.com.vn
2015-12-12 13:17:05,868 INFO       Found: tet.mobifone.com.vn
2015-12-12 13:17:05,906 INFO       Found: m.notifyme.mobifone.com.vn
2015-12-12 13:17:06,113 DEBUG      Go to next page https://www.google.com.vn/search?q=site:mobifone.com.vn&hl=vi&gbv=2&prmd=ivns&ei=LR5sVqWaNoPhuQSsiqq4Dw&start=60&sa=N
2015-12-12 13:17:12,000 INFO       Found: quasinhnhat.mobifone.com.vn
2015-12-12 13:17:12,308 DEBUG      Go to next page https://www.google.com.vn/search?q=site:mobifone.com.vn&hl=vi&gbv=2&prmd=ivns&ei=NB5sVoOfBYOKuwSBqpWQBA&start=70&sa=N
2015-12-12 13:17:18,692 INFO       Found: brazil2014.mobifone.com.vn
2015-12-12 13:17:19,072 DEBUG      Go to next page https://www.google.com.vn/search?q=site:mobifone.com.vn&hl=vi&gbv=2&prmd=ivns&ei=Oh5sVoeUEY63uQTr24aYDQ&start=80&sa=N
2015-12-12 13:17:25,199 INFO       Found: m.tvshow.mobifone.com.vn
2015-12-12 13:17:25,401 DEBUG      Go to next page https://www.google.com.vn/search?q=site:mobifone.com.vn&hl=vi&gbv=2&prmd=ivns&ei=QR5sVqTdAsazuAT_u6xY&start=90&sa=N
2015-12-12 13:17:31,810 DEBUG      Go to next page https://www.google.com.vn/search?q=site:mobifone.com.vn&hl=vi&gbv=2&prmd=ivns&ei=Rx5sVonnFsOJuATJ9I2IBw&start=100&sa=N
2015-12-12 13:17:37,676 INFO       Found: ochu.mobifone.com.vn
2015-12-12 13:17:38,015 DEBUG      Go to next page https://www.google.com.vn/search?q=site:mobifone.com.vn&hl=vi&gbv=2&prmd=ivns&ei=TR5sVv3pL4TIuATGpLKQDw&start=110&sa=N
2015-12-12 13:17:43,955 INFO       Found: www.mobifone.com.vn
2015-12-12 13:17:44,233 DEBUG      Go to next page https://www.google.com.vn/search?q=site:mobifone.com.vn&hl=vi&gbv=2&prmd=ivns&ei=Ux5sVtWnPIuguQSohL-ACA&start=120&sa=N
2015-12-12 13:17:50,417 DEBUG      Go to next page https://www.google.com.vn/search?q=site:mobifone.com.vn&hl=vi&gbv=2&prmd=ivns&ei=Wh5sVuzGDMa3uATMiofwBA&start=130&sa=N
2015-12-12 13:17:56,714 DEBUG      Go to next page https://www.google.com.vn/search?q=site:mobifone.com.vn&hl=vi&gbv=2&prmd=ivns&ei=YB5sVqjlF8GFuwTCt52ICA&start=140&sa=N
2015-12-12 13:18:02,926 DEBUG      Go to next page https://www.google.com.vn/search?q=site:mobifone.com.vn&hl=vi&gbv=2&prmd=ivns&ei=Zh5sVt_zKdOSuAS2i5iIAg&start=150&sa=N
2015-12-12 13:18:09,237 DEBUG      Go to next page https://www.google.com.vn/search?q=site:mobifone.com.vn&hl=vi&gbv=2&prmd=ivns&ei=bB5sVvTyNoOpuQSf9LyoCw&start=160&sa=N
2015-12-12 13:18:15,213 INFO       Found: typhumuahe.mobifone.com.vn
2015-12-12 13:18:15,562 DEBUG      Go to next page https://www.google.com.vn/search?q=site:mobifone.com.vn&hl=vi&gbv=2&prmd=ivns&ei=cx5sVsrlDIeIuQTF7Z6oBA&start=170&sa=N
2015-12-12 13:18:21,597 INFO       Found: 1contact.mobifone.com.vn
2015-12-12 13:18:21,899 DEBUG      Go to next page https://www.google.com.vn/search?q=site:mobifone.com.vn&hl=vi&gbv=2&prmd=ivns&ei=eR5sVo7cIMqXuAT52aS4Cw&start=180&sa=N
2015-12-12 13:18:28,285 DEBUG      Go to next page https://www.google.com.vn/search?q=site:mobifone.com.vn&hl=vi&gbv=2&prmd=ivns&ei=fx5sVv-bNYKWuASpuJ-YCA&start=190&sa=N
2015-12-12 13:18:34,603 DEBUG      Go to next page https://www.google.com.vn/search?q=site:mobifone.com.vn&hl=vi&gbv=2&prmd=ivns&ei=hh5sVoz1D46puQTj4oLQBg&start=200&sa=N
2015-12-12 13:18:40,594 INFO       Found: ketnoidailau.mobifone.com.vn:8085
2015-12-12 13:18:40,935 DEBUG      Go to next page https://www.google.com.vn/search?q=site:mobifone.com.vn&hl=vi&gbv=2&prmd=ivns&ei=jB5sVuiOI8L0ugSF7IKYBA&start=210&sa=N
2015-12-12 13:18:47,284 DEBUG      Go to next page https://www.google.com.vn/search?q=site:mobifone.com.vn&hl=vi&gbv=2&prmd=ivns&ei=kh5sVri3N4iMuATAt6PYBw&start=220&sa=N
2015-12-12 13:18:53,629 DEBUG      Go to next page https://www.google.com.vn/search?q=site:mobifone.com.vn&hl=vi&gbv=2&prmd=ivns&ei=mR5sVp_RD5aJuATogb6gAg&start=230&sa=N
2015-12-12 13:18:59,941 DEBUG      Go to next page https://www.google.com.vn/search?q=site:mobifone.com.vn&hl=vi&gbv=2&prmd=ivns&ei=nx5sVsnZJMefugSfnpL4CQ&start=240&sa=N
2015-12-12 13:19:06,104 INFO       Found: game.mobifone.com.vn
2015-12-12 13:19:06,312 DEBUG      Go to next page https://www.google.com.vn/search?q=site:mobifone.com.vn&hl=vi&gbv=2&prmd=ivns&ei=pR5sVp3fN4i0uASBv7fADw&start=250&sa=N
2015-12-12 13:19:12,340 INFO       Found: portal.mobifone.com.vn
2015-12-12 13:19:12,635 DEBUG      Go to next page https://www.google.com.vn/search?q=site:mobifone.com.vn&hl=vi&gbv=2&prmd=ivns&ei=rB5sVumqEca8uASgg4foAQ&start=260&sa=N
2015-12-12 13:19:18,937 DEBUG      Go to next page https://www.google.com.vn/search?q=site:mobifone.com.vn&hl=vi&gbv=2&prmd=ivns&ei=sh5sVomLJc6yuAS66aXQCQ&start=270&sa=N
2015-12-12 13:19:25,287 DEBUG      Go to next page https://www.google.com.vn/search?q=site:mobifone.com.vn&hl=vi&gbv=2&prmd=ivns&ei=uB5sVt7CN8m9uASNh4fwCg&start=280&sa=N
2015-12-12 13:19:31,652 DEBUG      Go to next page https://www.google.com.vn/search?q=site:mobifone.com.vn&hl=vi&gbv=2&prmd=ivns&ei=vx5sVuPmD4OtuQTZ06TACQ&start=290&sa=N
2015-12-12 13:19:37,737 INFO       Found: musiccity.mobifone.com.vn
2015-12-12 13:19:38,014 DEBUG      Go to next page https://www.google.com.vn/search?q=site:mobifone.com.vn&hl=vi&gbv=2&prmd=ivns&ei=xR5sVp-KJo6huQTU3oLACw&start=300&sa=N
2015-12-12 13:19:44,367 DEBUG      Go to next page https://www.google.com.vn/search?q=site:mobifone.com.vn&hl=vi&gbv=2&prmd=ivns&ei=yx5sVtmbPMiXuASUhKw4&start=310&sa=N
2015-12-12 13:19:50,722 DEBUG      Go to next page https://www.google.com.vn/search?q=site:mobifone.com.vn&hl=vi&gbv=2&prmd=ivns&ei=0h5sVo7YFIT9uASXvqvoCg&start=320&sa=N
2015-12-12 13:19:57,081 DEBUG      Go to next page https://www.google.com.vn/search?q=site:mobifone.com.vn&hl=vi&gbv=2&prmd=ivns&ei=2B5sVv6tKsGGuAS36KXoCw&start=330&sa=N
2015-12-12 13:20:03,524 DEBUG      Go to next page https://www.google.com.vn/search?q=site:mobifone.com.vn&hl=vi&gbv=2&prmd=ivns&ei=3x5sVvqdA8mJuATfnqeABQ&start=340&sa=N
2015-12-12 13:20:09,873 DEBUG      Go to next page https://www.google.com.vn/search?q=site:mobifone.com.vn&hl=vi&gbv=2&prmd=ivns&ei=5R5sVq2kHs29ugSBq7L4AQ&start=350&sa=N
2015-12-12 13:20:16,203 DEBUG      Go to next page https://www.google.com.vn/search?q=site:mobifone.com.vn&hl=vi&gbv=2&prmd=ivns&ei=6x5sVtbIM5SJuwSY7Y-4Bg&start=360&sa=N
2015-12-12 13:20:22,538 DEBUG      Go to next page https://www.google.com.vn/search?q=site:mobifone.com.vn&hl=vi&gbv=2&prmd=ivns&ei=8h5sVvPUCo2gugTg0JXoAQ&start=370&sa=N
2015-12-12 13:20:28,876 DEBUG      Go to next page https://www.google.com.vn/search?q=site:mobifone.com.vn&hl=vi&gbv=2&prmd=ivns&ei=-B5sVruNH8GOuAShire4Bw&start=380&sa=N
2015-12-12 13:20:35,223 DEBUG      Go to next page https://www.google.com.vn/search?q=site:mobifone.com.vn&hl=vi&gbv=2&prmd=ivns&ei=_h5sVsDeM4GyuATlk4_wCQ&start=390&sa=N
2015-12-12 13:20:41,349 INFO       Found: sms.mobifone.com.vn
2015-12-12 13:20:41,653 DEBUG      Go to next page https://www.google.com.vn/search?q=site:mobifone.com.vn&hl=vi&gbv=2&prmd=ivns&ei=BR9sVsL0C9D8ugT0irCwAg&start=400&sa=N
2015-12-12 13:20:47,955 DEBUG      Go to next page https://www.google.com.vn/search?q=site:mobifone.com.vn&hl=vi&gbv=2&prmd=ivns&ei=Cx9sVsqQJpG3uQSSn7OoBA&start=410&sa=N
2015-12-12 13:20:54,353 DEBUG      Go to next page https://www.google.com.vn/search?q=site:mobifone.com.vn&hl=vi&gbv=2&prmd=ivns&ei=ER9sVtfLOIa8ugSZmLqoDg&start=420&sa=N
2015-12-12 13:21:00,656 DEBUG      Go to next page https://www.google.com.vn/search?q=site:mobifone.com.vn&hl=vi&gbv=2&prmd=ivns&ei=GB9sVrznE42MuATAmpTAAw&start=430&sa=N
2015-12-12 13:21:07,019 DEBUG      Go to next page https://www.google.com.vn/search?q=site:mobifone.com.vn&hl=vi&gbv=2&prmd=ivns&ei=Hh9sVrupJsa6uAStpoHgCQ&start=440&sa=N
2015-12-12 13:21:13,425 DEBUG      Go to next page https://www.google.com.vn/search?q=site:mobifone.com.vn&hl=vi&gbv=2&prmd=ivns&ei=JB9sVsi5PMacugTcs5SABw&start=450&sa=N
2015-12-12 13:21:18,955 ERROR      Captcha found, exit now
2015-12-12 13:22:06,004 DEBUG      Go to next page https://www.google.com.vn/search?q=site:mobifone.com.vn&hl=vi&gbv=2&prmd=ivns&ei=Xh9sVtv8KYOjugTQyryICA&start=460&sa=N
2015-12-12 13:22:12,039 INFO       Not found any subdomain, finish now.
2015-12-12 13:22:12,047 INFO       Finish load module: scanner/google_search_subdomain.
2015-12-12 13:24:38,649 DEBUG      Set Logging mode is True.
2015-12-12 13:24:38,649 INFO       Try to load: google_search_subdomain.
2015-12-12 13:24:39,677 DEBUG      Loading module: scanner/google_search_subdomain.
2015-12-12 13:24:39,678 DEBUG      Set DOMAIN to mbbank.com.vn.
2015-12-12 13:24:39,678 WARNING    Started Module: Google Search Subdomain Module.
2015-12-12 13:24:39,678 DEBUG      Google Search Sub Domain: mbbank.com.vn
2015-12-12 13:24:40,015 DEBUG      First Query: site:mbbank.com.vn
2015-12-12 13:24:40,630 ERROR      Captcha found, exit now
2015-12-12 13:24:57,295 ERROR      Captcha found, exit now
2015-12-12 13:25:08,953 INFO       Found: thongtinthitruong.mbbank.com.vn
2015-12-12 13:25:08,975 INFO       Found: www.mbbank.com.vn
2015-12-12 13:25:09,227 DEBUG      Go to next page https://www.google.com.vn/search?q=site:mbbank.com.vn&hl=vi&gbv=2&prmd=ivns&ei=FSBsVrvDKpO-uASFibuQBA&start=10&sa=N
2015-12-12 13:25:15,426 INFO       Found: moneytovietnam.mbbank.com.vn
2015-12-12 13:25:15,442 INFO       Found: emb.mbbank.com.vn
2015-12-12 13:25:15,455 INFO       Found: ebanking.mbbank.com.vn
2015-12-12 13:25:15,491 INFO       Found: crm.mbbank.com.vn
2015-12-12 13:25:15,693 DEBUG      Go to next page https://www.google.com.vn/search?q=site:mbbank.com.vn&hl=vi&gbv=2&prmd=ivns&ei=FyBsVq6MDNGeugTPhYGgBQ&start=20&sa=N
2015-12-12 13:25:22,136 DEBUG      Go to next page https://www.google.com.vn/search?q=site:mbbank.com.vn&hl=vi&gbv=2&prmd=ivns&ei=HSBsVq3dKNCduQTaqqTgBQ&start=30&sa=N
2015-12-12 13:25:28,633 DEBUG      Go to next page https://www.google.com.vn/search?q=site:mbbank.com.vn&hl=vi&gbv=2&prmd=ivns&ei=JCBsVv_bBo2MuATAmpTAAw&start=40&sa=N
2015-12-12 13:25:35,113 DEBUG      Go to next page https://www.google.com.vn/search?q=site:mbbank.com.vn&hl=vi&gbv=2&prmd=ivns&ei=KiBsVqTsJIyJuAS52L_IAg&start=50&sa=N
2015-12-12 13:25:41,496 DEBUG      Go to next page https://www.google.com.vn/search?q=site:mbbank.com.vn&hl=vi&gbv=2&prmd=ivns&ei=MSBsVruRBcGeuQSowrD4Cg&start=60&sa=N
2015-12-12 13:25:47,958 DEBUG      Go to next page https://www.google.com.vn/search?q=site:mbbank.com.vn&hl=vi&gbv=2&prmd=ivns&ei=NyBsVqO7HMWRuASojrjgAg&start=70&sa=N
2015-12-12 13:25:54,218 INFO       Found: moneytovietnam.mbbank.com.vn:86
2015-12-12 13:25:54,434 DEBUG      Go to next page https://www.google.com.vn/search?q=site:mbbank.com.vn&hl=vi&gbv=2&prmd=ivns&ei=PSBsVt7YOMLbuQS02o-4Dw&start=80&sa=N
2015-12-12 13:26:00,935 DEBUG      Go to next page https://www.google.com.vn/search?q=site:mbbank.com.vn&hl=vi&gbv=2&prmd=ivns&ei=RCBsVqfaGI2KuASp8I-QCg&start=90&sa=N
2015-12-12 13:26:07,012 INFO       Found: mbplus.mbbank.com.vn
2015-12-12 13:26:07,354 DEBUG      Go to next page https://www.google.com.vn/search?q=site:mbbank.com.vn&hl=vi&gbv=2&prmd=ivns&ei=SiBsVtijN5C8uASP_J-IBA&start=100&sa=N
2015-12-12 13:26:14,003 DEBUG      Go to next page https://www.google.com.vn/search?q=site:mbbank.com.vn&hl=vi&gbv=2&prmd=ivns&ei=USBsVuPqE4X9uATxo77IAw&start=110&sa=N
2015-12-12 13:26:20,512 DEBUG      Go to next page https://www.google.com.vn/search?q=site:mbbank.com.vn&hl=vi&gbv=2&prmd=ivns&ei=VyBsVs-5O9OJuASF7JvIBQ&start=120&sa=N
2015-12-12 13:26:27,077 DEBUG      Go to next page https://www.google.com.vn/search?q=site:mbbank.com.vn&hl=vi&gbv=2&prmd=ivns&ei=XiBsVoG6HdDjuQTk-LaABQ&start=130&sa=N
2015-12-12 13:26:33,592 DEBUG      Go to next page https://www.google.com.vn/search?q=site:mbbank.com.vn&hl=vi&gbv=2&prmd=ivns&ei=ZSBsVqH1AsGUuQTLg4WACw&start=140&sa=N
2015-12-12 13:26:40,143 DEBUG      Go to next page https://www.google.com.vn/search?q=site:mbbank.com.vn&hl=vi&gbv=2&prmd=ivns&ei=ayBsVoGqIsOuuQS0sqagAg&start=150&sa=N
2015-12-12 13:26:46,678 DEBUG      Go to next page https://www.google.com.vn/search?q=site:mbbank.com.vn&hl=vi&gbv=2&prmd=ivns&ei=ciBsVqP3BsbluQT8iJeoCA&start=160&sa=N
2015-12-12 13:26:53,176 DEBUG      Go to next page https://www.google.com.vn/search?q=site:mbbank.com.vn&hl=vi&gbv=2&prmd=ivns&ei=eCBsVsrPJ9O8ugTZq6qwCA&start=170&sa=N
2015-12-12 13:26:59,806 DEBUG      Go to next page https://www.google.com.vn/search?q=site:mbbank.com.vn&hl=vi&gbv=2&prmd=ivns&ei=fyBsVrf4CIG9ugSJjJfIDA&start=180&sa=N
2015-12-12 13:27:06,876 DEBUG      Go to next page https://www.google.com.vn/search?q=site:mbbank.com.vn&hl=vi&gbv=2&prmd=ivns&ei=hSBsVqmzL9OzuATmiIGYAg&start=190&sa=N
2015-12-12 13:27:13,483 DEBUG      Go to next page https://www.google.com.vn/search?q=site:mbbank.com.vn&hl=vi&gbv=2&prmd=ivns&ei=jCBsVu7TM4OKuwSBqpWQBA&start=200&sa=N
2015-12-12 13:27:20,091 DEBUG      Go to next page https://www.google.com.vn/search?q=site:mbbank.com.vn&hl=vi&gbv=2&prmd=ivns&ei=kyBsVu7YG86jugSNkoOwDA&start=210&sa=N
2015-12-12 13:27:26,705 DEBUG      Go to next page https://www.google.com.vn/search?q=site:mbbank.com.vn&hl=vi&gbv=2&prmd=ivns&ei=miBsVprbA9CzuATd-KlA&start=220&sa=N
2015-12-12 13:27:33,229 DEBUG      Go to next page https://www.google.com.vn/search?q=site:mbbank.com.vn&hl=vi&gbv=2&prmd=ivns&ei=oCBsVt2bKY63uQTr24aYDQ&start=230&sa=N
2015-12-12 13:27:39,780 DEBUG      Go to next page https://www.google.com.vn/search?q=site:mbbank.com.vn&hl=vi&gbv=2&prmd=ivns&ei=pyBsVomRDMOJuATJ9I2IBw&start=240&sa=N
2015-12-12 13:27:46,278 DEBUG      Go to next page https://www.google.com.vn/search?q=site:mbbank.com.vn&hl=vi&gbv=2&prmd=ivns&ei=rSBsVvznLYTkuQTx4abgAQ&start=250&sa=N
2015-12-12 13:27:52,810 DEBUG      Go to next page https://www.google.com.vn/search?q=site:mbbank.com.vn&hl=vi&gbv=2&prmd=ivns&ei=tCBsVruTD8LbuQS02o-4Dw&start=260&sa=N
2015-12-12 13:27:59,369 DEBUG      Go to next page https://www.google.com.vn/search?q=site:mbbank.com.vn&hl=vi&gbv=2&prmd=ivns&ei=uiBsVpDTL5SiugTKg4HQAg&start=270&sa=N
2015-12-12 13:28:05,889 DEBUG      Go to next page https://www.google.com.vn/search?q=site:mbbank.com.vn&hl=vi&gbv=2&prmd=ivns&ei=wSBsVoLbFIHhuQTOjYbACw&start=280&sa=N
2015-12-12 13:28:12,552 DEBUG      Go to next page https://www.google.com.vn/search?q=site:mbbank.com.vn&hl=vi&gbv=2&prmd=ivns&ei=xyBsVv6zNMLbuQS02o-4Dw&start=290&sa=N
2015-12-12 13:28:19,198 DEBUG      Go to next page https://www.google.com.vn/search?q=site:mbbank.com.vn&hl=vi&gbv=2&prmd=ivns&ei=ziBsVpXrH46VuASH372IDA&start=300&sa=N
2015-12-12 13:28:25,736 DEBUG      Go to next page https://www.google.com.vn/search?q=site:mbbank.com.vn&hl=vi&gbv=2&prmd=ivns&ei=1SBsVseZCsexuATM15TQAQ&start=310&sa=N
2015-12-12 13:28:32,575 DEBUG      Go to next page https://www.google.com.vn/search?q=site:mbbank.com.vn&hl=vi&gbv=2&prmd=ivns&ei=2yBsVqOHK8eouQT-5KDwCw&start=320&sa=N
2015-12-12 13:28:39,171 DEBUG      Go to next page https://www.google.com.vn/search?q=site:mbbank.com.vn&hl=vi&gbv=2&prmd=ivns&ei=4iBsVo-eIYu2uAT1tJToAg&start=330&sa=N
2015-12-12 13:28:45,787 DEBUG      Go to next page https://www.google.com.vn/search?q=site:mbbank.com.vn&hl=vi&gbv=2&prmd=ivns&ei=6SBsVtPTCIG0uQSP0Y64CQ&start=340&sa=N
2015-12-12 13:28:52,398 DEBUG      Go to next page https://www.google.com.vn/search?q=site:mbbank.com.vn&hl=vi&gbv=2&prmd=ivns&ei=7yBsVv-XLpeeugSP_6q4Aw&start=350&sa=N
2015-12-12 13:28:59,227 DEBUG      Go to next page https://www.google.com.vn/search?q=site:mbbank.com.vn&hl=vi&gbv=2&prmd=ivns&ei=9iBsVoK9Fo6JuATG4oGgCw&start=360&sa=N
2015-12-12 13:29:05,967 DEBUG      Go to next page https://www.google.com.vn/search?q=site:mbbank.com.vn&hl=vi&gbv=2&prmd=ivns&ei=_SBsVtf8C5GOuASJvKrgDw&start=370&sa=N
2015-12-12 13:29:12,517 DEBUG      Go to next page https://www.google.com.vn/search?q=site:mbbank.com.vn&hl=vi&gbv=2&prmd=ivns&ei=AyFsVvmWOcvjuQS2opaoBw&start=380&sa=N
2015-12-12 13:29:19,220 DEBUG      Go to next page https://www.google.com.vn/search?q=site:mbbank.com.vn&hl=vi&gbv=2&prmd=ivns&ei=CiFsVtXaHYGJuwSYtbiYDg&start=390&sa=N
2015-12-12 13:29:25,856 DEBUG      Go to next page https://www.google.com.vn/search?q=site:mbbank.com.vn&hl=vi&gbv=2&prmd=ivns&ei=ESFsVr7KC4GzuQS-iJpY&start=400&sa=N
2015-12-12 13:29:32,709 DEBUG      Go to next page https://www.google.com.vn/search?q=site:mbbank.com.vn&hl=vi&gbv=2&prmd=ivns&ei=FyFsVtq3MoPjuQSE4oSoAg&start=410&sa=N
2015-12-12 13:29:39,378 DEBUG      Go to next page https://www.google.com.vn/search?q=site:mbbank.com.vn&hl=vi&gbv=2&prmd=ivns&ei=HiFsVtG0KcmxuATIqb6YCA&start=420&sa=N
2015-12-12 13:29:46,119 DEBUG      Go to next page https://www.google.com.vn/search?q=site:mbbank.com.vn&hl=vi&gbv=2&prmd=ivns&ei=JSFsVvKhFYaIuQSCt5Rg&start=430&sa=N
2015-12-12 13:29:52,851 DEBUG      Go to next page https://www.google.com.vn/search?q=site:mbbank.com.vn&hl=vi&gbv=2&prmd=ivns&ei=LCFsVt23BdCdugS3_oBw&start=440&sa=N
2015-12-12 13:29:58,181 ERROR      Captcha found, exit now
2015-12-12 13:30:36,414 DEBUG      Go to next page https://www.google.com.vn/search?q=site:mbbank.com.vn&hl=vi&gbv=2&prmd=ivns&ei=XCFsVojhMsfJuAS6k4iYDg&start=450&sa=N
2015-12-12 13:30:43,133 DEBUG      Go to next page https://www.google.com.vn/search?q=site:mbbank.com.vn&hl=vi&gbv=2&prmd=ivns&ei=XiFsVqayF9GRuATbz7iACA&start=460&sa=N
2015-12-12 13:30:49,759 DEBUG      Go to next page https://www.google.com.vn/search?q=site:mbbank.com.vn&hl=vi&gbv=2&prmd=ivns&ei=ZSFsVvqgBtCfugTU05uoAQ&start=470&sa=N
2015-12-12 13:30:56,398 DEBUG      Go to next page https://www.google.com.vn/search?q=site:mbbank.com.vn&hl=vi&gbv=2&prmd=ivns&ei=ayFsVqK8LJO5uATpjr7YBw&start=480&sa=N
2015-12-12 13:31:03,010 DEBUG      Go to next page https://www.google.com.vn/search?q=site:mbbank.com.vn&hl=vi&gbv=2&prmd=ivns&ei=ciFsVpW1FsvJuAS0gJ-oDg&start=490&sa=N
2015-12-12 13:31:09,638 DEBUG      Go to next page https://www.google.com.vn/search?q=site:mbbank.com.vn&hl=vi&gbv=2&prmd=ivns&ei=eCFsVtfkO8y-uASwzq2gDA&start=500&sa=N
2015-12-12 13:31:16,234 DEBUG      Go to next page https://www.google.com.vn/search?q=site:mbbank.com.vn&hl=vi&gbv=2&prmd=ivns&ei=fyFsVrSHJcyvuQSZqqfgDA&start=510&sa=N
2015-12-12 13:31:22,792 DEBUG      Go to next page https://www.google.com.vn/search?q=site:mbbank.com.vn&hl=vi&gbv=2&prmd=ivns&ei=hiFsVsisDMKvuQSokLvIDw&start=520&sa=N
2015-12-12 13:31:29,320 DEBUG      Go to next page https://www.google.com.vn/search?q=site:mbbank.com.vn&hl=vi&gbv=2&prmd=ivns&ei=jCFsVqW4Loe4uATbyYn4DA&start=530&sa=N
2015-12-12 13:31:35,935 DEBUG      Go to next page https://www.google.com.vn/search?q=site:mbbank.com.vn&hl=vi&gbv=2&prmd=ivns&ei=kyFsVq3YEcOIuwSNwrm4Cg&start=540&sa=N
2015-12-12 13:31:42,456 DEBUG      Go to next page https://www.google.com.vn/search?q=site:mbbank.com.vn&hl=vi&gbv=2&prmd=ivns&ei=mSFsVoWXN8vhuQS6ma3YBQ&start=550&sa=N
2015-12-12 13:31:49,198 INFO       Not found any subdomain, finish now.
2015-12-12 13:31:49,203 INFO       Finish load module: scanner/google_search_subdomain.
2015-12-12 13:35:39,505 DEBUG      Set Logging mode is True.
2015-12-12 13:35:39,505 INFO       Try to load: google_search_subdomain.
2015-12-12 13:35:39,505 DEBUG      invalid syntax (google_search_subdomain.py, line 65)
2015-12-12 13:35:39,506 ERROR      Error while load module scanner/google_search_subdomain.
2015-12-12 13:35:39,506 INFO       Finish load module: scanner/google_search_subdomain.
2015-12-12 13:36:03,950 DEBUG      Set Logging mode is True.
2015-12-12 13:36:03,950 INFO       Try to load: google_search_subdomain.
2015-12-12 13:36:04,979 DEBUG      Loading module: scanner/google_search_subdomain.
2015-12-12 13:36:04,979 DEBUG      Set DOMAIN to mbbank.com.vn.
2015-12-12 13:36:04,979 WARNING    Started Module: Google Search Subdomain Module.
2015-12-12 13:36:04,979 DEBUG      Google Search Sub Domain: mbbank.com.vn
2015-12-12 13:36:05,298 DEBUG      First Query: site:mbbank.com.vn
2015-12-12 13:36:05,712 ERROR      Captcha found, exit now
2015-12-12 13:36:05,729 INFO       Finish load module: scanner/google_search_subdomain.
2015-12-12 13:36:32,811 DEBUG      Set Logging mode is True.
2015-12-12 13:36:32,812 INFO       Try to load: google_search_subdomain.
2015-12-12 13:36:33,840 DEBUG      Loading module: scanner/google_search_subdomain.
2015-12-12 13:36:33,841 DEBUG      Set DOMAIN to mbbank.com.vn.
2015-12-12 13:36:33,841 WARNING    Started Module: Google Search Subdomain Module.
2015-12-12 13:36:33,841 DEBUG      Google Search Sub Domain: mbbank.com.vn
2015-12-12 13:36:34,069 DEBUG      First Query: site:mbbank.com.vn
2015-12-12 13:36:34,593 ERROR      Captcha found, exit now
2015-12-12 13:36:34,610 INFO       Finish load module: scanner/google_search_subdomain.
2015-12-12 13:37:40,148 DEBUG      Set Logging mode is True.
2015-12-12 13:37:40,148 INFO       Try to load: google_search_subdomain.
2015-12-12 13:37:41,176 DEBUG      Loading module: scanner/google_search_subdomain.
2015-12-12 13:37:41,176 DEBUG      Set DOMAIN to mbbank.com.vn.
2015-12-12 13:37:41,176 WARNING    Started Module: Google Search Subdomain Module.
2015-12-12 13:37:41,177 DEBUG      Google Search Sub Domain: mbbank.com.vn
2015-12-12 13:37:41,398 DEBUG      First Query: site:mbbank.com.vn
2015-12-12 13:37:41,925 ERROR      Captcha found, exit now
2015-12-12 13:37:41,942 INFO       Finish load module: scanner/google_search_subdomain.
2015-12-12 13:38:27,858 DEBUG      Set Logging mode is True.
2015-12-12 13:38:27,858 INFO       Try to load: google_search_subdomain.
2015-12-12 13:38:28,886 DEBUG      Loading module: scanner/google_search_subdomain.
2015-12-12 13:38:28,886 DEBUG      Set DOMAIN to mbbank.com.vn.
2015-12-12 13:38:28,886 WARNING    Started Module: Google Search Subdomain Module.
2015-12-12 13:38:28,886 DEBUG      Google Search Sub Domain: mbbank.com.vn
2015-12-12 13:38:29,108 DEBUG      First Query: site:mbbank.com.vn
2015-12-12 13:38:29,733 ERROR      Captcha found, exit now
2015-12-12 13:38:29,750 INFO       Finish load module: scanner/google_search_subdomain.
2015-12-12 13:39:52,007 DEBUG      Set Logging mode is True.
2015-12-12 13:39:52,007 INFO       Try to load: google_search_subdomain.
2015-12-12 13:39:53,037 DEBUG      Loading module: scanner/google_search_subdomain.
2015-12-12 13:39:53,037 DEBUG      Set DOMAIN to mbbank.com.vn.
2015-12-12 13:39:53,037 WARNING    Started Module: Google Search Subdomain Module.
2015-12-12 13:39:53,038 DEBUG      Google Search Sub Domain: mbbank.com.vn
2015-12-12 13:39:53,266 DEBUG      First Query: site:mbbank.com.vn
2015-12-12 13:39:54,004 ERROR      Captcha found, exit now
2015-12-12 13:39:54,022 INFO       Finish load module: scanner/google_search_subdomain.
2015-12-12 13:40:42,519 DEBUG      Set Logging mode is True.
2015-12-12 13:40:42,519 INFO       Try to load: google_search_subdomain.
2015-12-12 13:40:43,548 DEBUG      Loading module: scanner/google_search_subdomain.
2015-12-12 13:40:43,548 DEBUG      Set DOMAIN to mbbank.com.vn.
2015-12-12 13:40:43,548 WARNING    Started Module: Google Search Subdomain Module.
2015-12-12 13:40:43,548 DEBUG      Google Search Sub Domain: mbbank.com.vn
2015-12-12 13:40:43,767 DEBUG      First Query: site:mbbank.com.vn
2015-12-12 13:40:44,303 ERROR      Captcha found, exit now
2015-12-12 13:41:01,614 INFO       Found: thongtinthitruong.mbbank.com.vn
2015-12-12 13:41:01,634 INFO       Found: www.mbbank.com.vn
2015-12-12 13:41:01,885 DEBUG      Go to next page https://www.google.com.vn/search?q=site:mbbank.com.vn&hl=vi&gbv=2&prmd=ivns&ei=ziNsVsSQG5SSuASZ6KzgBw&start=10&sa=N
2015-12-12 13:41:07,756 INFO       Found: moneytovietnam.mbbank.com.vn
2015-12-12 13:41:07,769 INFO       Found: emb.mbbank.com.vn
2015-12-12 13:41:07,785 INFO       Found: ebanking.mbbank.com.vn
2015-12-12 13:41:07,821 INFO       Found: crm.mbbank.com.vn
2015-12-12 13:41:08,022 DEBUG      Go to next page https://www.google.com.vn/search?q=site:mbbank.com.vn&hl=vi&gbv=2&prmd=ivns&ei=zyNsVqj1M4mQuASYibSABw&start=20&sa=N
2015-12-12 13:41:14,155 DEBUG      Go to next page https://www.google.com.vn/search?q=site:mbbank.com.vn&hl=vi&gbv=2&prmd=ivns&ei=1SNsVq-kPMLIuASHiLewDQ&start=30&sa=N
2015-12-12 13:41:20,440 DEBUG      Go to next page https://www.google.com.vn/search?q=site:mbbank.com.vn&hl=vi&gbv=2&prmd=ivns&ei=3CNsVsusB4qIuASN45WIAw&start=40&sa=N
2015-12-12 13:41:26,712 DEBUG      Go to next page https://www.google.com.vn/search?q=site:mbbank.com.vn&hl=vi&gbv=2&prmd=ivns&ei=4iNsVpXgGMK9uAT7wLXQDA&start=50&sa=N
2015-12-12 13:41:33,008 DEBUG      Go to next page https://www.google.com.vn/search?q=site:mbbank.com.vn&hl=vi&gbv=2&prmd=ivns&ei=6CNsVuSrKc6LuASUm7awBQ&start=60&sa=N
2015-12-12 13:41:39,174 DEBUG      Go to next page https://www.google.com.vn/search?q=site:mbbank.com.vn&hl=vi&gbv=2&prmd=ivns&ei=7iNsVpm3O8GOuAShire4Bw&start=70&sa=N
2015-12-12 13:41:45,259 INFO       Found: moneytovietnam.mbbank.com.vn:86
2015-12-12 13:41:45,478 DEBUG      Go to next page https://www.google.com.vn/search?q=site:mbbank.com.vn&hl=vi&gbv=2&prmd=ivns&ei=9SNsVri9CIymuQSJ8L2gCA&start=80&sa=N
2015-12-12 13:41:51,782 DEBUG      Go to next page https://www.google.com.vn/search?q=site:mbbank.com.vn&hl=vi&gbv=2&prmd=ivns&ei=-yNsVuWJG8O9ugS7ybeIDQ&start=90&sa=N
2015-12-12 13:41:57,769 INFO       Found: mbplus.mbbank.com.vn
2015-12-12 13:41:58,105 DEBUG      Go to next page https://www.google.com.vn/search?q=site:mbbank.com.vn&hl=vi&gbv=2&prmd=ivns&ei=ASRsVunTLYa6uATGjoA4&start=100&sa=N
2015-12-12 13:42:04,451 DEBUG      Go to next page https://www.google.com.vn/search?q=site:mbbank.com.vn&hl=vi&gbv=2&prmd=ivns&ei=CCRsVrGmBJePuASt9I7QAg&start=110&sa=N
2015-12-12 13:42:10,798 DEBUG      Go to next page https://www.google.com.vn/search?q=site:mbbank.com.vn&hl=vi&gbv=2&prmd=ivns&ei=DiRsVrO3GYuXuQTBioKgAg&start=120&sa=N
2015-12-12 13:42:17,900 DEBUG      Go to next page https://www.google.com.vn/search?q=site:mbbank.com.vn&hl=vi&gbv=2&prmd=ivns&ei=FCRsVrvRLpOdugTst4SwDQ&start=130&sa=N
2015-12-12 13:42:24,282 DEBUG      Go to next page https://www.google.com.vn/search?q=site:mbbank.com.vn&hl=vi&gbv=2&prmd=ivns&ei=GyRsVoTvNMyOuATdh6uoDQ&start=140&sa=N
2015-12-12 13:42:30,618 DEBUG      Go to next page https://www.google.com.vn/search?q=site:mbbank.com.vn&hl=vi&gbv=2&prmd=ivns&ei=IiRsVsKND5OjugSczqiwDw&start=150&sa=N
2015-12-12 13:42:36,924 DEBUG      Go to next page https://www.google.com.vn/search?q=site:mbbank.com.vn&hl=vi&gbv=2&prmd=ivns&ei=KCRsVuTQI87HuATAwa3gCA&start=160&sa=N
2015-12-12 13:42:43,239 DEBUG      Go to next page https://www.google.com.vn/search?q=site:mbbank.com.vn&hl=vi&gbv=2&prmd=ivns&ei=LiRsVoqiNojjuQSquL7QCw&start=170&sa=N
2015-12-12 13:42:49,567 DEBUG      Go to next page https://www.google.com.vn/search?q=site:mbbank.com.vn&hl=vi&gbv=2&prmd=ivns&ei=NSRsVr6_DJeNuASTpKPgAw&start=180&sa=N
2015-12-12 13:42:55,895 DEBUG      Go to next page https://www.google.com.vn/search?q=site:mbbank.com.vn&hl=vi&gbv=2&prmd=ivns&ei=OyRsVpO_INSJuASZspaQAQ&start=190&sa=N
2015-12-12 13:43:02,255 DEBUG      Go to next page https://www.google.com.vn/search?q=site:mbbank.com.vn&hl=vi&gbv=2&prmd=ivns&ei=QSRsVqnBNMjkuQSL1rSQBA&start=200&sa=N
2015-12-12 13:43:08,556 DEBUG      Go to next page https://www.google.com.vn/search?q=site:mbbank.com.vn&hl=vi&gbv=2&prmd=ivns&ei=SCRsVqS1EYyVuASNhpGICg&start=210&sa=N
2015-12-12 13:43:15,041 DEBUG      Go to next page https://www.google.com.vn/search?q=site:mbbank.com.vn&hl=vi&gbv=2&prmd=ivns&ei=TiRsVvPmH8L0ugSF7IKYBA&start=220&sa=N
2015-12-12 13:43:21,409 DEBUG      Go to next page https://www.google.com.vn/search?q=site:mbbank.com.vn&hl=vi&gbv=2&prmd=ivns&ei=VSRsVq84hu66BLq1negE&start=230&sa=N
2015-12-12 13:43:27,781 DEBUG      Go to next page https://www.google.com.vn/search?q=site:mbbank.com.vn&hl=vi&gbv=2&prmd=ivns&ei=WyRsVrvqFsa8uASgg4foAQ&start=240&sa=N
2015-12-12 13:43:34,133 DEBUG      Go to next page https://www.google.com.vn/search?q=site:mbbank.com.vn&hl=vi&gbv=2&prmd=ivns&ei=YSRsVsHDLZHGuAS-zq3ICA&start=250&sa=N
2015-12-12 13:43:40,489 DEBUG      Go to next page https://www.google.com.vn/search?q=site:mbbank.com.vn&hl=vi&gbv=2&prmd=ivns&ei=aCRsVoeFBpGcugTIwZDACg&start=260&sa=N
2015-12-12 13:43:46,819 DEBUG      Go to next page https://www.google.com.vn/search?q=site:mbbank.com.vn&hl=vi&gbv=2&prmd=ivns&ei=biRsVsvdG4m4uATnlKWwBQ&start=270&sa=N
2015-12-12 13:43:53,259 DEBUG      Go to next page https://www.google.com.vn/search?q=site:mbbank.com.vn&hl=vi&gbv=2&prmd=ivns&ei=dCRsVo3vL8PsugSC-IGIAw&start=280&sa=N
2015-12-12 13:43:59,580 DEBUG      Go to next page https://www.google.com.vn/search?q=site:mbbank.com.vn&hl=vi&gbv=2&prmd=ivns&ei=eyRsVuHXDY6puQTj4oLQBg&start=290&sa=N
2015-12-12 13:44:05,989 DEBUG      Go to next page https://www.google.com.vn/search?q=site:mbbank.com.vn&hl=vi&gbv=2&prmd=ivns&ei=gSRsVpanIZGTuAS_-q3ACQ&start=300&sa=N
2015-12-12 13:44:12,292 DEBUG      Go to next page https://www.google.com.vn/search?q=site:mbbank.com.vn&hl=vi&gbv=2&prmd=ivns&ei=hyRsVqmcOtOyuASUxb-IDA&start=310&sa=N
2015-12-12 13:44:18,604 DEBUG      Go to next page https://www.google.com.vn/search?q=site:mbbank.com.vn&hl=vi&gbv=2&prmd=ivns&ei=jiRsVrbXD8mgugT-qZf4Dg&start=320&sa=N
2015-12-12 13:44:24,946 DEBUG      Go to next page https://www.google.com.vn/search?q=site:mbbank.com.vn&hl=vi&gbv=2&prmd=ivns&ei=lCRsVqPfItD_ugS64aaYCA&start=330&sa=N
2015-12-12 13:44:31,295 DEBUG      Go to next page https://www.google.com.vn/search?q=site:mbbank.com.vn&hl=vi&gbv=2&prmd=ivns&ei=miRsVr3JN9i1uQSz06vQCw&start=340&sa=N
2015-12-12 13:44:37,651 DEBUG      Go to next page https://www.google.com.vn/search?q=site:mbbank.com.vn&hl=vi&gbv=2&prmd=ivns&ei=oSRsVobuD8yxuQTtp7aICw&start=350&sa=N
2015-12-12 13:44:44,016 DEBUG      Go to next page https://www.google.com.vn/search?q=site:mbbank.com.vn&hl=vi&gbv=2&prmd=ivns&ei=pyRsVonJJYGyuATlk4_wCQ&start=360&sa=N
2015-12-12 13:44:50,373 DEBUG      Go to next page https://www.google.com.vn/search?q=site:mbbank.com.vn&hl=vi&gbv=2&prmd=ivns&ei=rSRsVtnsO8yOuATdh6uoDQ&start=370&sa=N
2015-12-12 13:44:56,707 DEBUG      Go to next page https://www.google.com.vn/search?q=site:mbbank.com.vn&hl=vi&gbv=2&prmd=ivns&ei=tCRsVtjRFMe6uATzgKbIBg&start=380&sa=N
2015-12-12 13:45:03,060 DEBUG      Go to next page https://www.google.com.vn/search?q=site:mbbank.com.vn&hl=vi&gbv=2&prmd=ivns&ei=uiRsVq6KKYu8ugTzvpaoDg&start=390&sa=N
2015-12-12 13:45:09,392 DEBUG      Go to next page https://www.google.com.vn/search?q=site:mbbank.com.vn&hl=vi&gbv=2&prmd=ivns&ei=wSRsVtPDAcnjuQTg4hE&start=400&sa=N
2015-12-12 13:45:15,709 DEBUG      Go to next page https://www.google.com.vn/search?q=site:mbbank.com.vn&hl=vi&gbv=2&prmd=ivns&ei=xyRsVu7jFY-wuATDjau4Dg&start=410&sa=N
2015-12-12 13:45:22,069 DEBUG      Go to next page https://www.google.com.vn/search?q=site:mbbank.com.vn&hl=vi&gbv=2&prmd=ivns&ei=zSRsVuGOKcORuATonrfICw&start=420&sa=N
2015-12-12 13:45:28,502 DEBUG      Go to next page https://www.google.com.vn/search?q=site:mbbank.com.vn&hl=vi&gbv=2&prmd=ivns&ei=1CRsVuCLAsW9ugSrl5KwDA&start=430&sa=N
2015-12-12 13:45:34,925 DEBUG      Go to next page https://www.google.com.vn/search?q=site:mbbank.com.vn&hl=vi&gbv=2&prmd=ivns&ei=2iRsVta-HIOIuwSH95fwCg&start=440&sa=N
2015-12-12 13:45:41,253 DEBUG      Go to next page https://www.google.com.vn/search?q=site:mbbank.com.vn&hl=vi&gbv=2&prmd=ivns&ei=4CRsVtylNoqwuATf9JyQAQ&start=450&sa=N
2015-12-12 13:45:46,783 ERROR      Captcha found, exit now
2015-12-12 13:49:05,201 DEBUG      Go to next page https://www.google.com.vn/search?q=site:mbbank.com.vn&hl=vi&gbv=2&prmd=ivns&ei=sSVsVuuzK5TUuQTupJlg&start=460&sa=N
2015-12-12 13:49:11,719 DEBUG      Go to next page https://www.google.com.vn/search?q=site:mbbank.com.vn&hl=vi&gbv=2&prmd=ivns&ei=syVsVueACoWSuATjopmICg&start=470&sa=N
2015-12-12 13:49:18,048 DEBUG      Go to next page https://www.google.com.vn/search?q=site:mbbank.com.vn&hl=vi&gbv=2&prmd=ivns&ei=uSVsVsrPKdegugT69JqoCg&start=480&sa=N
2015-12-12 13:49:24,490 DEBUG      Go to next page https://www.google.com.vn/search?q=site:mbbank.com.vn&hl=vi&gbv=2&prmd=ivns&ei=wCVsVsdUkp26BKyQpdAF&start=490&sa=N
2015-12-12 13:49:30,904 DEBUG      Go to next page https://www.google.com.vn/search?q=site:mbbank.com.vn&hl=vi&gbv=2&prmd=ivns&ei=xiVsVpjTG46RuAS9hJG4DA&start=500&sa=N
2015-12-12 13:49:37,282 DEBUG      Go to next page https://www.google.com.vn/search?q=site:mbbank.com.vn&hl=vi&gbv=2&prmd=ivns&ei=zCVsVpv3NMaxuAT93r7wBg&start=510&sa=N
2015-12-12 13:49:43,859 DEBUG      Go to next page https://www.google.com.vn/search?q=site:mbbank.com.vn&hl=vi&gbv=2&prmd=ivns&ei=0yVsVq74Do--uASjh4PoCQ&start=520&sa=N
2015-12-12 13:49:50,170 DEBUG      Go to next page https://www.google.com.vn/search?q=site:mbbank.com.vn&hl=vi&gbv=2&prmd=ivns&ei=2SVsVq6YMtiiugTNqpSwDg&start=530&sa=N
2015-12-12 13:49:56,496 DEBUG      Go to next page https://www.google.com.vn/search?q=site:mbbank.com.vn&hl=vi&gbv=2&prmd=ivns&ei=4CVsVtyQCM68uATvloAo&start=540&sa=N
2015-12-12 13:50:02,864 DEBUG      Go to next page https://www.google.com.vn/search?q=site:mbbank.com.vn&hl=vi&gbv=2&prmd=ivns&ei=5iVsVpX-G9GYuQTcipPQBQ&start=550&sa=N
2015-12-12 13:50:08,984 INFO       Not found any subdomain, finish now.
2015-12-12 13:50:08,990 INFO       Finish load module: scanner/google_search_subdomain.
