2015-11-09 13:03:00,000 INFO       Try to load: a.
2015-11-09 13:03:00,000 WARNING    Started Module: Template Module.
2015-11-09 13:03:00,001 INFO       Finish load module: a.
2015-11-09 13:06:16,684 INFO       Try to load: a.
2015-11-09 13:06:16,685 WARNING    Started Module: Template Module.
2015-11-09 13:06:16,685 INFO       Finish load module: a.
2015-11-09 13:12:18,933 INFO       List Modules
2015-11-09 13:12:49,833 INFO       List Modules
2015-11-09 13:14:18,800 INFO       List Modules
2015-11-09 13:16:53,536 INFO       List Modules
2015-11-09 13:17:17,643 INFO       List Modules
2015-11-09 13:17:41,135 INFO       List Modules
2015-11-09 13:18:59,014 INFO       List Modules
2015-11-09 13:18:59,016 INFO       Loaded Module
2015-11-09 13:18:59,016 INFO       Loaded Module
2015-11-09 13:19:14,419 INFO       List Modules
2015-11-09 13:19:14,420 INFO       Loaded Module
2015-11-09 13:19:14,420 INFO       Loaded Module
2015-11-09 13:20:56,932 INFO       List Modules
2015-11-09 13:26:07,587 INFO       List Modules
2015-11-09 13:26:39,931 INFO       List Modules
2015-11-09 13:27:13,929 INFO       List Modules
2015-11-09 13:28:04,784 INFO       List Modules
2015-11-09 13:30:19,478 INFO       List Modules
2015-11-09 13:33:20,216 INFO       List Modules
2015-11-09 13:33:43,331 INFO       List Modules
2015-11-09 13:33:59,562 INFO       List Modules
2015-11-09 13:34:09,441 INFO       List Modules
2015-11-09 13:34:59,899 INFO       List Modules
2015-11-09 13:36:38,506 INFO       List Modules
2015-11-09 13:37:49,002 INFO       List Modules
2015-11-09 13:38:06,844 INFO       List Modules
2015-11-09 13:38:12,141 INFO       List Modules
2015-11-09 13:38:19,969 INFO       List Modules
2015-11-09 13:38:36,170 INFO       List Modules
2015-11-09 13:38:38,991 INFO       List Modules
2015-11-09 13:39:19,588 INFO       List Modules
2015-11-09 13:39:32,963 INFO       List Modules
2015-11-09 13:39:39,152 INFO       List Modules
2015-11-09 13:40:26,487 INFO       List Modules
2015-11-09 13:45:36,551 INFO       List Modules
2015-11-09 13:45:49,519 INFO       List Modules
2015-11-09 13:47:04,444 INFO       List Modules
2015-11-09 13:47:17,520 INFO       List Modules
2015-11-09 13:47:38,487 INFO       List Modules
2015-11-09 13:47:56,250 INFO       List Modules
2015-11-09 13:48:21,798 INFO       List Modules
2015-11-09 13:49:32,664 INFO       List Modules
2015-11-09 13:50:02,081 INFO       List Modules
2015-11-09 13:51:06,829 INFO       List Modules
2015-11-09 13:55:46,336 INFO       List Modules
2015-11-09 13:55:50,272 INFO       List Modules
2015-11-09 13:56:06,696 INFO       List Modules
2015-11-09 13:56:56,195 INFO       List Modules
2015-11-09 13:58:46,603 INFO       List Modules
2015-11-09 13:59:09,267 INFO       List Modules
2015-11-09 13:59:15,343 INFO       List Modules
2015-11-09 13:59:16,794 INFO       List Modules
2015-11-09 13:59:19,810 INFO       List Modules
2015-11-09 14:00:00,533 INFO       List Modules
2015-11-09 14:00:07,650 INFO       List Modules
2015-11-09 14:00:19,856 INFO       Try to load: a.
2015-11-09 14:00:19,856 ERROR      Option URL need configure.
2015-11-09 14:00:19,856 INFO       Finish load module: a.
2015-11-09 14:00:28,657 INFO       Try to load: blind_sql_injection.
2015-11-09 14:00:28,658 ERROR      Option URL need configure.
2015-11-09 14:00:28,658 INFO       Finish load module: exploit/sql_injection/blind_sql_injection.
2015-11-09 14:25:51,478 INFO       Try to load: blind_sql_injection.
2015-11-09 14:25:51,478 ERROR      Option URL need configure.
2015-11-09 14:25:51,479 INFO       Finish load module: exploit/sql_injection/blind_sql_injection.
2015-11-09 14:25:54,748 INFO       List Modules
2015-11-09 14:26:29,584 INFO       List Modules
2015-11-09 14:26:30,808 INFO       List Modules
2015-11-09 14:26:31,738 INFO       List Modules
2015-11-09 14:26:32,635 INFO       List Modules
2015-11-09 14:26:33,462 INFO       List Modules
2015-11-09 14:26:34,245 INFO       List Modules
2015-11-09 14:26:35,024 INFO       List Modules
2015-11-09 14:26:36,529 INFO       List Modules
2015-11-09 14:26:37,329 INFO       List Modules
2015-11-09 14:26:37,995 INFO       List Modules
2015-11-09 14:26:38,567 INFO       List Modules
2015-11-09 14:26:39,130 INFO       List Modules
2015-11-09 14:26:39,668 INFO       List Modules
2015-11-09 14:26:40,277 INFO       List Modules
2015-11-09 14:26:40,945 INFO       List Modules
2015-11-09 14:26:41,747 INFO       List Modules
2015-11-09 14:26:42,601 INFO       List Modules
2015-11-09 14:27:37,516 INFO       List Modules
2015-11-09 14:32:26,012 INFO       Try to load: ctf_bruteforce.
2015-11-09 14:32:26,013 ERROR      Option URL need configure.
2015-11-09 14:32:26,013 INFO       Finish load module: ctf_bruteforce.
2015-11-09 14:32:42,596 INFO       Try to load: ctf_bruteforce.
2015-11-09 14:32:42,597 ERROR      Option URL need configure.
2015-11-09 14:32:42,597 INFO       Finish load module: ctf_bruteforce.
2015-11-09 14:33:14,660 INFO       Try to load: ctf_bruteforce.
2015-11-09 14:33:14,662 ERROR      Option URL need configure.
2015-11-09 14:33:14,662 INFO       Finish load module: ctf_bruteforce.
2015-11-09 14:33:16,667 INFO       Try to load: ctf_bruteforce.
2015-11-09 14:33:16,667 ERROR      Option URL need configure.
2015-11-09 14:33:16,667 INFO       Finish load module: ctf_bruteforce.
2015-11-09 14:33:43,966 INFO       Try to load: ctf_bruteforce.
2015-11-09 14:33:43,967 ERROR      Option URL need configure.
2015-11-09 14:33:43,967 INFO       Finish load module: ctf_bruteforce.
2015-11-09 14:33:57,981 INFO       Try to load: ctf_bruteforce.
2015-11-09 14:33:57,981 WARNING    Started Module: CTF Brute Forcr Module.
2015-11-09 14:33:57,982 INFO       Finish load module: ctf_bruteforce.
2015-11-09 14:35:23,641 INFO       Try to load: ctf_bruteforce.
2015-11-09 14:35:23,642 WARNING    Started Module: CTF Brute Forcr Module.
2015-11-09 14:35:23,642 INFO       Finish load module: ctf_bruteforce.
2015-11-09 14:36:53,698 INFO       Try to load: ctf_bruteforce.
2015-11-09 14:36:53,700 WARNING    Started Module: CTF Brute Forcr Module.
2015-11-09 14:36:53,700 INFO       Finish load module: ctf_bruteforce.
2015-11-09 14:37:31,295 INFO       Try to load: ctf_bruteforce.
2015-11-09 14:37:31,297 WARNING    Started Module: CTF Brute Forcr Module.
2015-11-09 14:37:31,533 INFO       Finish load module: ctf_bruteforce.
2015-11-09 14:39:03,927 INFO       Try to load: ctf_bruteforce.
2015-11-09 14:39:03,928 WARNING    Started Module: CTF Brute Forcr Module.
2015-11-09 14:39:04,156 INFO       Finish load module: ctf_bruteforce.
2015-11-09 14:39:14,428 INFO       Try to load: ctf_bruteforce.
2015-11-09 14:39:14,430 WARNING    Started Module: CTF Brute Forcr Module.
2015-11-09 14:39:14,651 INFO       Finish load module: ctf_bruteforce.
2015-11-09 14:39:33,545 INFO       Try to load: ctf_bruteforce.
2015-11-09 14:39:33,546 WARNING    Started Module: CTF Brute Forcr Module.
2015-11-09 14:39:33,776 INFO       Finish load module: ctf_bruteforce.
2015-11-09 14:40:23,869 INFO       Try to load: ctf_bruteforce.
2015-11-09 14:40:23,870 WARNING    Started Module: CTF Brute Forcr Module.
2015-11-09 14:40:24,100 INFO       Finish load module: ctf_bruteforce.
2015-11-09 14:42:26,413 INFO       Try to load: ctf_bruteforce.
2015-11-09 14:42:26,414 WARNING    Started Module: CTF Brute Forcr Module.
2015-11-09 14:42:26,641 INFO       Finish load module: ctf_bruteforce.
2015-11-09 14:42:52,741 INFO       Try to load: ctf_bruteforce.
2015-11-09 14:42:52,742 WARNING    Started Module: CTF Brute Forcr Module.
2015-11-09 14:42:52,965 INFO       Finish load module: ctf_bruteforce.
2015-11-09 14:43:04,646 INFO       Try to load: ctf_bruteforce.
2015-11-09 14:43:04,649 WARNING    Started Module: CTF Brute Forcr Module.
2015-11-09 14:43:04,882 INFO       Finish load module: ctf_bruteforce.
2015-11-09 14:45:30,755 INFO       Try to load: ctf_bruteforce.
2015-11-09 14:45:30,756 WARNING    Started Module: CTF Brute Forcr Module.
2015-11-09 14:45:30,842 INFO       Finish load module: ctf_bruteforce.
2015-11-09 14:45:47,213 INFO       Try to load: ctf_bruteforce.
2015-11-09 14:45:47,214 WARNING    Started Module: CTF Brute Forcr Module.
2015-11-09 14:45:47,438 INFO       Finish load module: ctf_bruteforce.
2015-11-09 14:46:08,094 INFO       Try to load: ctf_bruteforce.
2015-11-09 14:46:08,096 WARNING    Started Module: CTF Brute Forcr Module.
2015-11-09 14:46:08,185 INFO       Finish load module: ctf_bruteforce.
2015-11-09 14:47:54,036 INFO       Try to load: ctf_bruteforce.
2015-11-09 14:47:54,037 WARNING    Started Module: CTF Brute Forcr Module.
2015-11-09 14:47:54,301 INFO       Finish load module: ctf_bruteforce.
2015-11-09 14:48:06,640 INFO       Try to load: ctf_bruteforce.
2015-11-09 14:48:06,641 WARNING    Started Module: CTF Brute Forcr Module.
2015-11-09 14:48:06,723 INFO       Finish load module: ctf_bruteforce.
2015-11-09 14:48:30,130 INFO       Try to load: ctf_bruteforce.
2015-11-09 14:48:30,131 WARNING    Started Module: CTF Brute Forcr Module.
2015-11-09 14:48:30,346 INFO       Finish load module: ctf_bruteforce.
2015-11-09 14:48:48,865 INFO       Try to load: ctf_bruteforce.
2015-11-09 14:48:48,866 WARNING    Started Module: CTF Brute Forcr Module.
2015-11-09 14:48:48,950 INFO       Finish load module: ctf_bruteforce.
2015-11-09 14:49:34,290 INFO       Try to load: ctf_bruteforce.
2015-11-09 14:49:34,291 WARNING    Started Module: CTF Brute Forcr Module.
2015-11-09 14:49:34,372 INFO       Finish load module: ctf_bruteforce.
2015-11-09 14:49:47,030 INFO       Try to load: ctf_bruteforce.
2015-11-09 14:49:47,031 WARNING    Started Module: CTF Brute Forcr Module.
2015-11-09 14:49:47,114 INFO       Finish load module: ctf_bruteforce.
2015-11-09 14:51:07,713 INFO       Try to load: ctf_bruteforce.
2015-11-09 14:51:07,714 WARNING    Started Module: CTF Brute Forcr Module.
2015-11-09 14:51:07,931 INFO       Finish load module: ctf_bruteforce.
2015-11-09 14:51:20,548 INFO       Try to load: ctf_bruteforce.
2015-11-09 14:51:20,549 WARNING    Started Module: CTF Brute Forcr Module.
2015-11-09 14:51:20,633 INFO       Finish load module: ctf_bruteforce.
2015-11-09 14:51:35,768 INFO       Try to load: ctf_bruteforce.
2015-11-09 14:51:35,769 WARNING    Started Module: CTF Brute Forcr Module.
2015-11-09 14:51:35,982 INFO       Finish load module: ctf_bruteforce.
2015-11-09 14:51:49,944 INFO       Try to load: ctf_bruteforce.
2015-11-09 14:51:49,944 WARNING    Started Module: CTF Brute Forcr Module.
2015-11-09 14:51:50,155 INFO       Finish load module: ctf_bruteforce.
2015-11-09 14:52:01,172 INFO       Try to load: ctf_bruteforce.
2015-11-09 14:52:01,173 WARNING    Started Module: CTF Brute Forcr Module.
2015-11-09 14:52:01,429 INFO       Finish load module: ctf_bruteforce.
2015-11-09 14:52:20,782 INFO       Try to load: ctf_bruteforce.
2015-11-09 14:52:20,783 WARNING    Started Module: CTF Brute Forcr Module.
2015-11-09 14:52:21,036 INFO       Finish load module: ctf_bruteforce.
2015-11-09 14:52:47,380 INFO       Try to load: ctf_bruteforce.
2015-11-09 14:52:47,381 WARNING    Started Module: CTF Brute Forcr Module.
2015-11-09 14:52:47,637 INFO       Finish load module: ctf_bruteforce.
2015-11-09 14:53:14,291 INFO       Try to load: ctf_bruteforce.
2015-11-09 14:53:14,292 WARNING    Started Module: CTF Brute Forcr Module.
2015-11-09 14:53:14,613 INFO       Finish load module: ctf_bruteforce.
2015-11-09 14:53:28,172 INFO       Try to load: ctf_bruteforce.
2015-11-09 14:53:28,173 WARNING    Started Module: CTF Brute Forcr Module.
2015-11-09 14:53:28,435 INFO       Finish load module: ctf_bruteforce.
2015-11-09 14:53:46,234 INFO       Try to load: ctf_bruteforce.
2015-11-09 14:53:46,235 WARNING    Started Module: CTF Brute Forcr Module.
2015-11-09 14:53:46,505 INFO       Finish load module: ctf_bruteforce.
2015-11-09 14:54:12,817 INFO       Try to load: ctf_bruteforce.
2015-11-09 14:54:12,818 WARNING    Started Module: CTF Brute Forcr Module.
2015-11-09 14:54:12,906 INFO       Finish load module: ctf_bruteforce.
2015-11-09 14:55:10,934 INFO       Try to load: ctf_bruteforce.
2015-11-09 14:55:10,935 WARNING    Started Module: CTF Brute Forcr Module.
2015-11-09 14:55:11,210 INFO       Finish load module: ctf_bruteforce.
2015-11-09 14:55:54,960 INFO       Try to load: ctf_bruteforce.
2015-11-09 14:55:54,962 WARNING    Started Module: CTF Brute Forcr Module.
2015-11-09 14:55:55,235 INFO       Finish load module: ctf_bruteforce.
2015-11-09 14:56:06,584 INFO       Try to load: ctf_bruteforce.
2015-11-09 14:56:06,586 WARNING    Started Module: CTF Brute Forcr Module.
2015-11-09 14:56:06,669 INFO       Finish load module: ctf_bruteforce.
2015-11-09 14:56:36,712 INFO       Try to load: ctf_bruteforce.
2015-11-09 14:56:36,712 WARNING    Started Module: CTF Brute Forcr Module.
2015-11-09 14:56:36,724 INFO       Finish load module: ctf_bruteforce.
2015-11-09 14:56:42,319 INFO       Try to load: ctf_bruteforce.
2015-11-09 14:56:42,320 WARNING    Started Module: CTF Brute Forcr Module.
2015-11-09 14:56:42,939 INFO       Finish load module: ctf_bruteforce.
2015-11-09 14:56:51,147 INFO       Try to load: ctf_bruteforce.
2015-11-09 14:56:51,147 WARNING    Started Module: CTF Brute Forcr Module.
2015-11-09 14:56:52,974 INFO       Finish load module: ctf_bruteforce.
2015-11-09 14:58:20,034 INFO       Try to load: ctf_bruteforce.
2015-11-09 14:58:20,035 WARNING    Started Module: CTF Brute Forcr Module.
2015-11-09 14:58:22,041 INFO       Finish load module: ctf_bruteforce.
2015-11-09 14:59:28,372 INFO       Try to load: ctf_bruteforce.
2015-11-09 14:59:28,373 WARNING    Started Module: CTF Brute Forcr Module.
2015-11-09 14:59:30,386 INFO       Finish load module: ctf_bruteforce.
2015-11-09 14:59:39,898 INFO       Try to load: ctf_bruteforce.
2015-11-09 14:59:39,899 WARNING    Started Module: CTF Brute Forcr Module.
2015-11-09 14:59:41,798 INFO       Finish load module: ctf_bruteforce.
2015-11-09 14:59:52,086 INFO       Try to load: ctf_bruteforce.
2015-11-09 14:59:52,087 WARNING    Started Module: CTF Brute Forcr Module.
2015-11-09 14:59:52,132 INFO       Finish load module: ctf_bruteforce.
2015-11-09 15:01:39,058 INFO       Try to load: ctf_bruteforce.
2015-11-09 15:01:39,060 WARNING    Started Module: CTF Brute Forcr Module.
2015-11-09 15:01:39,151 INFO       Finish load module: ctf_bruteforce.
2015-11-09 15:01:54,874 INFO       Try to load: ctf_bruteforce.
2015-11-09 15:01:54,875 WARNING    Started Module: CTF Brute Forcr Module.
2015-11-09 15:01:54,910 INFO       Finish load module: ctf_bruteforce.
2015-11-09 15:02:02,965 INFO       Try to load: ctf_bruteforce.
2015-11-09 15:02:02,966 WARNING    Started Module: CTF Brute Forcr Module.
2015-11-09 15:02:03,004 INFO       Finish load module: ctf_bruteforce.
2015-11-09 15:03:30,149 INFO       Try to load: ctf_bruteforce.
2015-11-09 15:03:30,149 WARNING    Started Module: CTF Brute Forcr Module.
2015-11-09 15:03:30,704 INFO       Finish load module: ctf_bruteforce.
2015-11-09 15:05:17,630 INFO       Try to load: ctf_bruteforce.
2015-11-09 15:05:17,632 WARNING    Started Module: CTF Brute Forcr Module.
2015-11-09 15:05:17,916 INFO       Finish load module: ctf_bruteforce.
2015-11-09 15:13:38,923 INFO       Try to load: ctf_bruteforce.
2015-11-09 15:13:38,927 WARNING    Started Module: CTF Brute Forcr Module.
2015-11-09 15:13:40,271 INFO       Finish load module: ctf_bruteforce.
